--------------- Build Started: 11/08/2017 12:08:44 Project: UART_to_BLE_peripheral_test, Configuration: ARM GCC 5.4-2016-q2-update Debug ---------------
cydsfit.exe -.appdatapath "C:\Users\7709\AppData\Local\Cypress Semiconductor\PSoC Creator\4.1" -.fdsnotice -.fdswarpdepfile=warp_dependencies.txt -.fdselabdepfile=elab_dependencies.txt -.fdsbldfile=generated_files.txt -.fdsreffile=referenced_files.txt -p C:\Users\7709\Documents\Projecto1BLE\bluetooth\UART_to_BLE_peripheral_test.cydsn\UART_to_BLE_peripheral_test.cyprj -d CY8C4247LQI-BL483 -s C:\Users\7709\Documents\Projecto1BLE\bluetooth\UART_to_BLE_peripheral_test.cydsn\Generated_Source\PSoC4 -- -yv2 -q10 -ygs -o2 -v3 -.fftcfgtype=LE
Elaborating Design...
HDL Generation...
Synthesis...
Tech Mapping...
Analog Placement...
Analog Routing...
Analog Code Generation...
Digital Placement...
Digital Routing...
Bitstream Generation...
Bitstream Verification...
Static timing analysis...
API Generation...
Dependency Generation...
Cleanup...
arm-none-eabi-gcc.exe -mcpu=cortex-m0 -mthumb -I. -IGenerated_Source\PSoC4 -Wa,-alh=.\CortexM0\ARM_GCC_541\Debug/main.lst -g -D DEBUG -Wall -ffunction-sections -ffat-lto-objects -O0 -c main.c -o .\CortexM0\ARM_GCC_541\Debug\main.o
main.c: In function 'sendtoble':
main.c:308:9: warning: unused variable 'i' [-Wunused-variable]
     int i=0;
         ^
main.c:303:13: warning: unused variable 'uartTxDataLength' [-Wunused-variable]
     uint16  uartTxDataLength;
             ^
main.c:301:13: warning: unused variable 'index' [-Wunused-variable]
     uint8   index=0;
             ^
arm-none-eabi-gcc.exe -mcpu=cortex-m0 -mthumb -I. -IGenerated_Source\PSoC4 -Wa,-alh=.\CortexM0\ARM_GCC_541\Debug/app_Ble.lst -g -D DEBUG -Wall -ffunction-sections -ffat-lto-objects -O0 -c app_Ble.c -o .\CortexM0\ARM_GCC_541\Debug\app_Ble.o
arm-none-eabi-gcc.exe -mcpu=cortex-m0 -mthumb -I. -IGenerated_Source\PSoC4 -Wa,-alh=.\CortexM0\ARM_GCC_541\Debug/app_UART.lst -g -D DEBUG -Wall -ffunction-sections -ffat-lto-objects -O0 -c app_UART.c -o .\CortexM0\ARM_GCC_541\Debug\app_UART.o
arm-none-eabi-gcc.exe -mcpu=cortex-m0 -mthumb -I. -IGenerated_Source\PSoC4 -Wa,-alh=.\CortexM0\ARM_GCC_541\Debug/app_LED.lst -g -D DEBUG -Wall -ffunction-sections -ffat-lto-objects -O0 -c app_LED.c -o .\CortexM0\ARM_GCC_541\Debug\app_LED.o
app_LED.c: In function 'HandleLeds':
app_LED.c:34:25: warning: unused variable 'advLedTimer' [-Wunused-variable]
     static uint32       advLedTimer     = ADV_LED_TIMEOUT;   
                         ^
arm-none-eabi-gcc.exe -mcpu=cortex-m0 -mthumb -I. -IGenerated_Source\PSoC4 -Wa,-alh=.\CortexM0\ARM_GCC_541\Debug/HTU21D.lst -g -D DEBUG -Wall -ffunction-sections -ffat-lto-objects -O0 -c HTU21D.c -o .\CortexM0\ARM_GCC_541\Debug\HTU21D.o
HTU21D.c: In function 'getTemp':
HTU21D.c:17:18: warning: unused variable 'SetReadAddressBuffer' [-Wunused-variable]
     static uint8 SetReadAddressBuffer[0x01] = {0x40}; //Register address from which the data is read
                  ^
HTU21D.c:14:18: warning: unused variable 'softreset' [-Wunused-variable]
     static uint8 softreset[0x01]={0xfe}; // Soft reset code
                  ^
HTU21D.c: In function 'getHum':
HTU21D.c:45:18: warning: unused variable 'SetReadAddressBuffer' [-Wunused-variable]
     static uint8 SetReadAddressBuffer[0x01] = {0x40}; //Register address from which the data is read
                  ^
arm-none-eabi-gcc.exe -mcpu=cortex-m0 -mthumb -I. -IGenerated_Source\PSoC4 -Wa,-alh=.\CortexM0\ARM_GCC_541\Debug/bme280.lst -g -D DEBUG -Wall -ffunction-sections -ffat-lto-objects -O0 -c bme280.c -o .\CortexM0\ARM_GCC_541\Debug\bme280.o
bme280.c: In function 'gettemp280':
bme280.c:33:18: warning: unused variable 'SetReadAddressBufferT' [-Wunused-variable]
     static uint8 SetReadAddressBufferT[0x01] = {0xF6}; //Register address from which the data is read
                  ^
arm-none-eabi-gcc.exe -mcpu=cortex-m0 -mthumb -I. -IGenerated_Source\PSoC4 -Wa,-alh=.\CortexM0\ARM_GCC_541\Debug/I2C_1.lst -g -D DEBUG -Wall -ffunction-sections -ffat-lto-objects -O0 -c Generated_Source\PSoC4\I2C_1.c -o .\CortexM0\ARM_GCC_541\Debug\I2C_1.o
arm-none-eabi-gcc.exe -mcpu=cortex-m0 -mthumb -I. -IGenerated_Source\PSoC4 -Wa,-alh=.\CortexM0\ARM_GCC_541\Debug/I2C_1_I2C_INT.lst -g -D DEBUG -Wall -ffunction-sections -ffat-lto-objects -O0 -c Generated_Source\PSoC4\I2C_1_I2C_INT.c -o .\CortexM0\ARM_GCC_541\Debug\I2C_1_I2C_INT.o
arm-none-eabi-gcc.exe -mcpu=cortex-m0 -mthumb -I. -IGenerated_Source\PSoC4 -Wa,-alh=.\CortexM0\ARM_GCC_541\Debug/I2C_1_I2C.lst -g -D DEBUG -Wall -ffunction-sections -ffat-lto-objects -O0 -c Generated_Source\PSoC4\I2C_1_I2C.c -o .\CortexM0\ARM_GCC_541\Debug\I2C_1_I2C.o
arm-none-eabi-gcc.exe -mcpu=cortex-m0 -mthumb -I. -IGenerated_Source\PSoC4 -Wa,-alh=.\CortexM0\ARM_GCC_541\Debug/I2C_1_I2C_BOOT.lst -g -D DEBUG -Wall -ffunction-sections -ffat-lto-objects -O0 -c Generated_Source\PSoC4\I2C_1_I2C_BOOT.c -o .\CortexM0\ARM_GCC_541\Debug\I2C_1_I2C_BOOT.o
arm-none-eabi-gcc.exe -mcpu=cortex-m0 -mthumb -I. -IGenerated_Source\PSoC4 -Wa,-alh=.\CortexM0\ARM_GCC_541\Debug/I2C_1_I2C_MASTER.lst -g -D DEBUG -Wall -ffunction-sections -ffat-lto-objects -O0 -c Generated_Source\PSoC4\I2C_1_I2C_MASTER.c -o .\CortexM0\ARM_GCC_541\Debug\I2C_1_I2C_MASTER.o
arm-none-eabi-gcc.exe -mcpu=cortex-m0 -mthumb -I. -IGenerated_Source\PSoC4 -Wa,-alh=.\CortexM0\ARM_GCC_541\Debug/I2C_1_PM.lst -g -D DEBUG -Wall -ffunction-sections -ffat-lto-objects -O0 -c Generated_Source\PSoC4\I2C_1_PM.c -o .\CortexM0\ARM_GCC_541\Debug\I2C_1_PM.o
arm-none-eabi-gcc.exe -mcpu=cortex-m0 -mthumb -I. -IGenerated_Source\PSoC4 -Wa,-alh=.\CortexM0\ARM_GCC_541\Debug/I2C_1_BOOT.lst -g -D DEBUG -Wall -ffunction-sections -ffat-lto-objects -O0 -c Generated_Source\PSoC4\I2C_1_BOOT.c -o .\CortexM0\ARM_GCC_541\Debug\I2C_1_BOOT.o
arm-none-eabi-ar.exe -rs .\CortexM0\ARM_GCC_541\Debug\UART_to_BLE_peripheral_test.a .\CortexM0\ARM_GCC_541\Debug\BLE.o .\CortexM0\ARM_GCC_541\Debug\BLE_gatt.o .\CortexM0\ARM_GCC_541\Debug\BLE_eventHandler.o .\CortexM0\ARM_GCC_541\Debug\BLE_HAL_INT.o .\CortexM0\ARM_GCC_541\Debug\BLE_HAL_PVT.o .\CortexM0\ARM_GCC_541\Debug\BLE_custom.o .\CortexM0\ARM_GCC_541\Debug\Conn_LED.o .\CortexM0\ARM_GCC_541\Debug\Conn_LED_PM.o .\CortexM0\ARM_GCC_541\Debug\UART.o .\CortexM0\ARM_GCC_541\Debug\UART_SPI_UART.o .\CortexM0\ARM_GCC_541\Debug\UART_SPI_UART_INT.o .\CortexM0\ARM_GCC_541\Debug\UART_PM.o .\CortexM0\ARM_GCC_541\Debug\UART_UART.o .\CortexM0\ARM_GCC_541\Debug\UART_BOOT.o .\CortexM0\ARM_GCC_541\Debug\UART_UART_BOOT.o .\CortexM0\ARM_GCC_541\Debug\BLE_bless_isr.o .\CortexM0\ARM_GCC_541\Debug\UART_SCBCLK.o .\CortexM0\ARM_GCC_541\Debug\UART_tx.o .\CortexM0\ARM_GCC_541\Debug\UART_tx_PM.o .\CortexM0\ARM_GCC_541\Debug\UART_SCB_IRQ.o .\CortexM0\ARM_GCC_541\Debug\UART_rx.o .\CortexM0\ARM_GCC_541\Debug\UART_rx_PM.o .\CortexM0\ARM_GCC_541\Debug\CyFlash.o .\CortexM0\ARM_GCC_541\Debug\CyLib.o .\CortexM0\ARM_GCC_541\Debug\cyPm.o .\CortexM0\ARM_GCC_541\Debug\cyutils.o .\CortexM0\ARM_GCC_541\Debug\CyLFClk.o .\CortexM0\ARM_GCC_541\Debug\I2C_1.o .\CortexM0\ARM_GCC_541\Debug\I2C_1_I2C_INT.o .\CortexM0\ARM_GCC_541\Debug\I2C_1_I2C.o .\CortexM0\ARM_GCC_541\Debug\I2C_1_I2C_BOOT.o .\CortexM0\ARM_GCC_541\Debug\I2C_1_I2C_MASTER.o .\CortexM0\ARM_GCC_541\Debug\I2C_1_PM.o .\CortexM0\ARM_GCC_541\Debug\I2C_1_BOOT.o .\CortexM0\ARM_GCC_541\Debug\I2C_1_SCBCLK.o .\CortexM0\ARM_GCC_541\Debug\I2C_1_sda.o .\CortexM0\ARM_GCC_541\Debug\I2C_1_sda_PM.o .\CortexM0\ARM_GCC_541\Debug\I2C_1_scl.o .\CortexM0\ARM_GCC_541\Debug\I2C_1_scl_PM.o .\CortexM0\ARM_GCC_541\Debug\I2C_1_SCB_IRQ.o .\CortexM0\ARM_GCC_541\Debug\CyBootAsmGnu.o
arm-none-eabi-ar.exe: creating .\CortexM0\ARM_GCC_541\Debug\UART_to_BLE_peripheral_test.a
arm-none-eabi-gcc.exe -Wl,--start-group -o C:\Users\7709\Documents\Projecto1BLE\bluetooth\UART_to_BLE_peripheral_test.cydsn\CortexM0\ARM_GCC_541\Debug\UART_to_BLE_peripheral_test.elf .\CortexM0\ARM_GCC_541\Debug\main.o .\CortexM0\ARM_GCC_541\Debug\app_Ble.o .\CortexM0\ARM_GCC_541\Debug\app_UART.o .\CortexM0\ARM_GCC_541\Debug\app_LED.o .\CortexM0\ARM_GCC_541\Debug\teste.o .\CortexM0\ARM_GCC_541\Debug\HTU21D.o .\CortexM0\ARM_GCC_541\Debug\sleep.o .\CortexM0\ARM_GCC_541\Debug\bme280.o .\CortexM0\ARM_GCC_541\Debug\cyfitter_cfg.o .\CortexM0\ARM_GCC_541\Debug\cymetadata.o .\CortexM0\ARM_GCC_541\Debug\Cm0Start.o .\CortexM0\ARM_GCC_541\Debug\UART_to_BLE_peripheral_test.a "..\..\..\PSoC Creator\4.1\Downloads ( 4.1).cylib\BLE_v3_40\Library\gccCyBLEStack_BLE_SOC_PERIPHERAL.a" "C:\Program Files (x86)\Cypress\PSoC Creator\4.1\PSoC Creator\psoc\content\cycomponentlibrary\CyComponentLibrary.cylib\CortexM0\ARM_GCC_541\Debug\CyComponentLibrary.a" -mcpu=cortex-m0 -mthumb -L Generated_Source\PSoC4 -Wl,-Map,.\CortexM0\ARM_GCC_541\Debug/UART_to_BLE_peripheral_test.map -T Generated_Source\PSoC4\cm0gcc.ld -specs=nano.specs -Wl,--gc-sections -g -ffunction-sections -O0 -ffat-lto-objects -Wl,--end-group
cyelftool.exe -C C:\Users\7709\Documents\Projecto1BLE\bluetooth\UART_to_BLE_peripheral_test.cydsn\CortexM0\ARM_GCC_541\Debug\UART_to_BLE_peripheral_test.elf --flash_row_size 128 --flash_size 131072 --flash_offset 0x00000000
cyelftool.exe -S C:\Users\7709\Documents\Projecto1BLE\bluetooth\UART_to_BLE_peripheral_test.cydsn\CortexM0\ARM_GCC_541\Debug\UART_to_BLE_peripheral_test.elf
Flash used: 86831 of 131072 bytes (66,2%).
SRAM used: 15176 of 16384 bytes (92,6%). Stack: 2048 bytes. Heap: 128 bytes.
--------------- Build Succeeded: 11/08/2017 12:09:03 ---------------
