ARM GAS  C:\Users\Daniela\AppData\Local\Temp\ccyPayfh.s 			page 1


   1              		.syntax unified
   2              		.cpu cortex-m0
   3              		.fpu softvfp
   4              		.eabi_attribute 20, 1
   5              		.eabi_attribute 21, 1
   6              		.eabi_attribute 23, 3
   7              		.eabi_attribute 24, 1
   8              		.eabi_attribute 25, 1
   9              		.eabi_attribute 26, 1
  10              		.eabi_attribute 30, 6
  11              		.eabi_attribute 34, 0
  12              		.eabi_attribute 18, 4
  13              		.thumb
  14              		.syntax unified
  15              		.file	"app_UART.c"
  16              		.text
  17              	.Ltext0:
  18              		.cfi_sections	.debug_frame
  19              		.comm	bleApiResult,2,2
  20              		.bss
  21              	peerDeviceFound:
  22 0000 00       		.space	1
  23              	notificationEnabled:
  24 0001 00       		.space	1
  25              		.comm	attrHandleRange,4,4
  26              		.comm	charDescHandleRange,4,4
  27              		.section	.text.HandleUartRxTraffic,"ax",%progbits
  28              		.align	2
  29              		.global	HandleUartRxTraffic
  30              		.code	16
  31              		.thumb_func
  32              		.type	HandleUartRxTraffic, %function
  33              	HandleUartRxTraffic:
  34              	.LFB35:
  35              		.file 1 "app_UART.c"
   1:app_UART.c    **** /*******************************************************************************
   2:app_UART.c    **** * File Name: app_UART.c
   3:app_UART.c    **** *
   4:app_UART.c    **** * Description:
   5:app_UART.c    **** *  Common BLE application code for client devices.
   6:app_UART.c    **** *
   7:app_UART.c    **** *******************************************************************************
   8:app_UART.c    **** * Copyright 2015, Cypress Semiconductor Corporation.  All rights reserved.
   9:app_UART.c    **** * You may use this file only in accordance with the license, terms, conditions,
  10:app_UART.c    **** * disclaimers, and limitations in the end user license agreement accompanying
  11:app_UART.c    **** * the software package with which this file was provided.
  12:app_UART.c    **** *******************************************************************************/
  13:app_UART.c    **** 
  14:app_UART.c    **** #include "app_UART.h"
  15:app_UART.c    **** 
  16:app_UART.c    **** /*******************************************************************************
  17:app_UART.c    **** *                        Function Name: HandleUartRxTraffic
  18:app_UART.c    **** ********************************************************************************
  19:app_UART.c    **** *
  20:app_UART.c    **** * Summary:
  21:app_UART.c    **** *  This function takes data from received notfications and pushes it to the 
  22:app_UART.c    **** *  UART TX buffer. 
ARM GAS  C:\Users\Daniela\AppData\Local\Temp\ccyPayfh.s 			page 2


  23:app_UART.c    **** *
  24:app_UART.c    **** * Parameters:
  25:app_UART.c    **** *  CYBLE_GATTC_HANDLE_VALUE_NTF_PARAM_T * - the notification parameter as  
  26:app_UART.c    **** *                                           recieved by the BLE stack
  27:app_UART.c    **** *
  28:app_UART.c    **** * Return:
  29:app_UART.c    **** *   None.
  30:app_UART.c    **** *
  31:app_UART.c    **** *******************************************************************************/
  32:app_UART.c    **** void HandleUartRxTraffic(CYBLE_GATTC_HANDLE_VALUE_NTF_PARAM_T *uartRxDataNotification)
  33:app_UART.c    **** {
  36              		.loc 1 33 0
  37              		.cfi_startproc
  38              		@ args = 0, pretend = 0, frame = 8
  39              		@ frame_needed = 1, uses_anonymous_args = 0
  40 0000 80B5     		push	{r7, lr}
  41              		.cfi_def_cfa_offset 8
  42              		.cfi_offset 7, -8
  43              		.cfi_offset 14, -4
  44 0002 82B0     		sub	sp, sp, #8
  45              		.cfi_def_cfa_offset 16
  46 0004 00AF     		add	r7, sp, #0
  47              		.cfi_def_cfa_register 7
  48 0006 7860     		str	r0, [r7, #4]
  34:app_UART.c    ****     if(uartRxDataNotification->handleValPair.attrHandle == txCharHandle)
  49              		.loc 1 34 0
  50 0008 7B68     		ldr	r3, [r7, #4]
  51 000a 9A89     		ldrh	r2, [r3, #12]
  52 000c 074B     		ldr	r3, .L4
  53 000e 1B88     		ldrh	r3, [r3]
  54 0010 9A42     		cmp	r2, r3
  55 0012 07D1     		bne	.L3
  35:app_UART.c    ****     {
  36:app_UART.c    ****         UART_SpiUartPutArray(uartRxDataNotification->handleValPair.value.val, \
  56              		.loc 1 36 0
  57 0014 7B68     		ldr	r3, [r7, #4]
  58 0016 5A68     		ldr	r2, [r3, #4]
  37:app_UART.c    ****             (uint32) uartRxDataNotification->handleValPair.value.len);
  59              		.loc 1 37 0
  60 0018 7B68     		ldr	r3, [r7, #4]
  61 001a 1B89     		ldrh	r3, [r3, #8]
  36:app_UART.c    ****             (uint32) uartRxDataNotification->handleValPair.value.len);
  62              		.loc 1 36 0
  63 001c 1900     		movs	r1, r3
  64 001e 1000     		movs	r0, r2
  65 0020 FFF7FEFF 		bl	UART_SpiUartPutArray
  66              	.L3:
  38:app_UART.c    ****     }
  39:app_UART.c    **** }
  67              		.loc 1 39 0
  68 0024 C046     		nop
  69 0026 BD46     		mov	sp, r7
  70 0028 02B0     		add	sp, sp, #8
  71              		@ sp needed
  72 002a 80BD     		pop	{r7, pc}
  73              	.L5:
  74              		.align	2
ARM GAS  C:\Users\Daniela\AppData\Local\Temp\ccyPayfh.s 			page 3


  75              	.L4:
  76 002c 00000000 		.word	txCharHandle
  77              		.cfi_endproc
  78              	.LFE35:
  79              		.size	HandleUartRxTraffic, .-HandleUartRxTraffic
  80              		.section	.text.HandleUartTxTraffic,"ax",%progbits
  81              		.align	2
  82              		.global	HandleUartTxTraffic
  83              		.code	16
  84              		.thumb_func
  85              		.type	HandleUartTxTraffic, %function
  86              	HandleUartTxTraffic:
  87              	.LFB36:
  40:app_UART.c    **** 
  41:app_UART.c    **** /*******************************************************************************
  42:app_UART.c    **** * Function Name: HandleUartTxTraffic
  43:app_UART.c    **** ********************************************************************************
  44:app_UART.c    **** *
  45:app_UART.c    **** * Summary:
  46:app_UART.c    **** *  This function takes data from UART RX buffer and pushes it to the server 
  47:app_UART.c    **** *  as Write Without Response command.
  48:app_UART.c    **** *
  49:app_UART.c    **** * Parameters:
  50:app_UART.c    **** *  None.
  51:app_UART.c    **** *
  52:app_UART.c    **** * Return:
  53:app_UART.c    **** *   None.
  54:app_UART.c    **** *
  55:app_UART.c    **** *******************************************************************************/
  56:app_UART.c    **** void HandleUartTxTraffic(void)
  57:app_UART.c    **** {
  88              		.loc 1 57 0
  89              		.cfi_startproc
  90              		@ args = 0, pretend = 0, frame = 56
  91              		@ frame_needed = 1, uses_anonymous_args = 0
  92 0000 F0B5     		push	{r4, r5, r6, r7, lr}
  93              		.cfi_def_cfa_offset 20
  94              		.cfi_offset 4, -20
  95              		.cfi_offset 5, -16
  96              		.cfi_offset 6, -12
  97              		.cfi_offset 7, -8
  98              		.cfi_offset 14, -4
  99 0002 8FB0     		sub	sp, sp, #60
 100              		.cfi_def_cfa_offset 80
 101 0004 00AF     		add	r7, sp, #0
 102              		.cfi_def_cfa_register 7
 103              		.loc 1 57 0
 104 0006 6846     		mov	r0, sp
 105 0008 7860     		str	r0, [r7, #4]
  58:app_UART.c    ****     uint8   index;
  59:app_UART.c    ****     uint8   uartTxData[mtuSize - 3];
 106              		.loc 1 59 0
 107 000a 6F48     		ldr	r0, .L13
 108 000c 0088     		ldrh	r0, [r0]
 109 000e 0338     		subs	r0, r0, #3
 110 0010 431E     		subs	r3, r0, #1
 111 0012 9C46     		mov	ip, r3
ARM GAS  C:\Users\Daniela\AppData\Local\Temp\ccyPayfh.s 			page 4


 112 0014 6346     		mov	r3, ip
 113 0016 3B63     		str	r3, [r7, #48]
 114 0018 0300     		movs	r3, r0
 115 001a 3B61     		str	r3, [r7, #16]
 116 001c 0023     		movs	r3, #0
 117 001e 7B61     		str	r3, [r7, #20]
 118 0020 3B69     		ldr	r3, [r7, #16]
 119 0022 5B0F     		lsrs	r3, r3, #29
 120 0024 9C46     		mov	ip, r3
 121 0026 7B69     		ldr	r3, [r7, #20]
 122 0028 DA00     		lsls	r2, r3, #3
 123 002a 6346     		mov	r3, ip
 124 002c 1A43     		orrs	r2, r3
 125 002e 3B69     		ldr	r3, [r7, #16]
 126 0030 D900     		lsls	r1, r3, #3
 127 0032 0200     		movs	r2, r0
 128 0034 1500     		movs	r5, r2
 129 0036 0022     		movs	r2, #0
 130 0038 1600     		movs	r6, r2
 131 003a 6A0F     		lsrs	r2, r5, #29
 132 003c F300     		lsls	r3, r6, #3
 133 003e FB60     		str	r3, [r7, #12]
 134 0040 FB68     		ldr	r3, [r7, #12]
 135 0042 1343     		orrs	r3, r2
 136 0044 FB60     		str	r3, [r7, #12]
 137 0046 EB00     		lsls	r3, r5, #3
 138 0048 BB60     		str	r3, [r7, #8]
 139 004a 0300     		movs	r3, r0
 140 004c 0733     		adds	r3, r3, #7
 141 004e DB08     		lsrs	r3, r3, #3
 142 0050 DB00     		lsls	r3, r3, #3
 143 0052 6A46     		mov	r2, sp
 144 0054 D31A     		subs	r3, r2, r3
 145 0056 9D46     		mov	sp, r3
 146 0058 6B46     		mov	r3, sp
 147 005a 0033     		adds	r3, r3, #0
 148 005c FB62     		str	r3, [r7, #44]
  60:app_UART.c    ****     uint16  uartTxDataLength;
  61:app_UART.c    ****     
  62:app_UART.c    ****     static uint16 uartIdleCount = UART_IDLE_TIMEOUT;
  63:app_UART.c    ****     
  64:app_UART.c    ****     CYBLE_API_RESULT_T              bleApiResult;
  65:app_UART.c    ****     CYBLE_GATTC_WRITE_CMD_REQ_T     uartTxDataWriteCmd;
  66:app_UART.c    ****     
  67:app_UART.c    ****     uartTxDataLength = UART_SpiUartGetRxBufferSize();
 149              		.loc 1 67 0
 150 005e FFF7FEFF 		bl	UART_SpiUartGetRxBufferSize
 151 0062 0200     		movs	r2, r0
 152 0064 1C23     		movs	r3, #28
 153 0066 1821     		movs	r1, #24
 154 0068 8C46     		mov	ip, r1
 155 006a BC44     		add	ip, ip, r7
 156 006c 6344     		add	r3, r3, ip
 157 006e 1A80     		strh	r2, [r3]
  68:app_UART.c    ****     
  69:app_UART.c    ****     #ifdef FLOW_CONTROL
  70:app_UART.c    ****         if(uartTxDataLength >= (UART_UART_RX_BUFFER_SIZE - (UART_UART_RX_BUFFER_SIZE/2)))
ARM GAS  C:\Users\Daniela\AppData\Local\Temp\ccyPayfh.s 			page 5


  71:app_UART.c    ****         {
  72:app_UART.c    ****             DisableUartRxInt();
  73:app_UART.c    ****         }
  74:app_UART.c    ****         else
  75:app_UART.c    ****         {
  76:app_UART.c    ****             EnableUartRxInt();
  77:app_UART.c    ****         }
  78:app_UART.c    ****     #endif
  79:app_UART.c    ****     
  80:app_UART.c    ****     if((uartTxDataLength != 0))
 158              		.loc 1 80 0
 159 0070 1C23     		movs	r3, #28
 160 0072 1822     		movs	r2, #24
 161 0074 9446     		mov	ip, r2
 162 0076 BC44     		add	ip, ip, r7
 163 0078 6344     		add	r3, r3, ip
 164 007a 1B88     		ldrh	r3, [r3]
 165 007c 002B     		cmp	r3, #0
 166 007e 00D1     		bne	.LCB124
 167 0080 9BE0     		b	.L7	@long jump
 168              	.LCB124:
  81:app_UART.c    ****     {
  82:app_UART.c    ****         if(uartTxDataLength >= (mtuSize - 3))
 169              		.loc 1 82 0
 170 0082 1C23     		movs	r3, #28
 171 0084 1822     		movs	r2, #24
 172 0086 9446     		mov	ip, r2
 173 0088 BC44     		add	ip, ip, r7
 174 008a 6344     		add	r3, r3, ip
 175 008c 1A88     		ldrh	r2, [r3]
 176 008e 4E4B     		ldr	r3, .L13
 177 0090 1B88     		ldrh	r3, [r3]
 178 0092 033B     		subs	r3, r3, #3
 179 0094 9A42     		cmp	r2, r3
 180 0096 0DDB     		blt	.L8
  83:app_UART.c    ****         {
  84:app_UART.c    ****             uartIdleCount       = UART_IDLE_TIMEOUT;
 181              		.loc 1 84 0
 182 0098 4C4B     		ldr	r3, .L13+4
 183 009a FA22     		movs	r2, #250
 184 009c 9200     		lsls	r2, r2, #2
 185 009e 1A80     		strh	r2, [r3]
  85:app_UART.c    ****             uartTxDataLength    = mtuSize - 3;
 186              		.loc 1 85 0
 187 00a0 494B     		ldr	r3, .L13
 188 00a2 1A88     		ldrh	r2, [r3]
 189 00a4 1C23     		movs	r3, #28
 190 00a6 1821     		movs	r1, #24
 191 00a8 8C46     		mov	ip, r1
 192 00aa BC44     		add	ip, ip, r7
 193 00ac 6344     		add	r3, r3, ip
 194 00ae 033A     		subs	r2, r2, #3
 195 00b0 1A80     		strh	r2, [r3]
 196 00b2 10E0     		b	.L9
 197              	.L8:
  86:app_UART.c    ****         }
  87:app_UART.c    ****         else
ARM GAS  C:\Users\Daniela\AppData\Local\Temp\ccyPayfh.s 			page 6


  88:app_UART.c    ****         {
  89:app_UART.c    ****             if(--uartIdleCount == 0)
 198              		.loc 1 89 0
 199 00b4 454B     		ldr	r3, .L13+4
 200 00b6 1B88     		ldrh	r3, [r3]
 201 00b8 013B     		subs	r3, r3, #1
 202 00ba 9AB2     		uxth	r2, r3
 203 00bc 434B     		ldr	r3, .L13+4
 204 00be 1A80     		strh	r2, [r3]
 205 00c0 424B     		ldr	r3, .L13+4
 206 00c2 1B88     		ldrh	r3, [r3]
 207 00c4 002B     		cmp	r3, #0
 208 00c6 06D0     		beq	.L9
  90:app_UART.c    ****             {
  91:app_UART.c    ****                 /*uartTxDataLength remains unchanged */;
  92:app_UART.c    ****             }
  93:app_UART.c    ****             else
  94:app_UART.c    ****             {
  95:app_UART.c    ****                 uartTxDataLength = 0;
 209              		.loc 1 95 0
 210 00c8 1C23     		movs	r3, #28
 211 00ca 1822     		movs	r2, #24
 212 00cc 9446     		mov	ip, r2
 213 00ce BC44     		add	ip, ip, r7
 214 00d0 6344     		add	r3, r3, ip
 215 00d2 0022     		movs	r2, #0
 216 00d4 1A80     		strh	r2, [r3]
 217              	.L9:
  96:app_UART.c    ****             }
  97:app_UART.c    ****         }
  98:app_UART.c    ****         
  99:app_UART.c    ****         if(0 != uartTxDataLength)
 218              		.loc 1 99 0
 219 00d6 1C23     		movs	r3, #28
 220 00d8 1822     		movs	r2, #24
 221 00da 9446     		mov	ip, r2
 222 00dc BC44     		add	ip, ip, r7
 223 00de 6344     		add	r3, r3, ip
 224 00e0 1B88     		ldrh	r3, [r3]
 225 00e2 002B     		cmp	r3, #0
 226 00e4 69D0     		beq	.L7
 100:app_UART.c    ****         {
 101:app_UART.c    ****             uartIdleCount       = UART_IDLE_TIMEOUT;
 227              		.loc 1 101 0
 228 00e6 394B     		ldr	r3, .L13+4
 229 00e8 FA22     		movs	r2, #250
 230 00ea 9200     		lsls	r2, r2, #2
 231 00ec 1A80     		strh	r2, [r3]
 102:app_UART.c    ****             
 103:app_UART.c    ****             for(index = 0; index < uartTxDataLength; index++)
 232              		.loc 1 103 0
 233 00ee 1F23     		movs	r3, #31
 234 00f0 1822     		movs	r2, #24
 235 00f2 9446     		mov	ip, r2
 236 00f4 BC44     		add	ip, ip, r7
 237 00f6 6344     		add	r3, r3, ip
 238 00f8 0022     		movs	r2, #0
ARM GAS  C:\Users\Daniela\AppData\Local\Temp\ccyPayfh.s 			page 7


 239 00fa 1A70     		strb	r2, [r3]
 240 00fc 18E0     		b	.L10
 241              	.L11:
 104:app_UART.c    ****             {
 105:app_UART.c    ****                 uartTxData[index] = (uint8) UART_UartGetByte();
 242              		.loc 1 105 0 discriminator 3
 243 00fe 1F23     		movs	r3, #31
 244 0100 1822     		movs	r2, #24
 245 0102 9446     		mov	ip, r2
 246 0104 BC44     		add	ip, ip, r7
 247 0106 6344     		add	r3, r3, ip
 248 0108 1C78     		ldrb	r4, [r3]
 249 010a FFF7FEFF 		bl	UART_UartGetByte
 250 010e 0300     		movs	r3, r0
 251 0110 DAB2     		uxtb	r2, r3
 252 0112 FB6A     		ldr	r3, [r7, #44]
 253 0114 1A55     		strb	r2, [r3, r4]
 103:app_UART.c    ****             {
 254              		.loc 1 103 0 discriminator 3
 255 0116 1F23     		movs	r3, #31
 256 0118 1822     		movs	r2, #24
 257 011a 9446     		mov	ip, r2
 258 011c BC44     		add	ip, ip, r7
 259 011e 6344     		add	r3, r3, ip
 260 0120 1A78     		ldrb	r2, [r3]
 261 0122 1F23     		movs	r3, #31
 262 0124 1821     		movs	r1, #24
 263 0126 8C46     		mov	ip, r1
 264 0128 BC44     		add	ip, ip, r7
 265 012a 6344     		add	r3, r3, ip
 266 012c 0132     		adds	r2, r2, #1
 267 012e 1A70     		strb	r2, [r3]
 268              	.L10:
 103:app_UART.c    ****             {
 269              		.loc 1 103 0 is_stmt 0 discriminator 1
 270 0130 1F23     		movs	r3, #31
 271 0132 1822     		movs	r2, #24
 272 0134 9446     		mov	ip, r2
 273 0136 BC44     		add	ip, ip, r7
 274 0138 6344     		add	r3, r3, ip
 275 013a 1B78     		ldrb	r3, [r3]
 276 013c 9BB2     		uxth	r3, r3
 277 013e 1C22     		movs	r2, #28
 278 0140 1821     		movs	r1, #24
 279 0142 8C46     		mov	ip, r1
 280 0144 BC44     		add	ip, ip, r7
 281 0146 6244     		add	r2, r2, ip
 282 0148 1288     		ldrh	r2, [r2]
 283 014a 9A42     		cmp	r2, r3
 284 014c D7D8     		bhi	.L11
 106:app_UART.c    ****             }
 107:app_UART.c    ****             
 108:app_UART.c    ****             uartTxDataWriteCmd.attrHandle = rxCharHandle;
 285              		.loc 1 108 0 is_stmt 1
 286 014e 204B     		ldr	r3, .L13+8
 287 0150 1A88     		ldrh	r2, [r3]
 288 0152 1C23     		movs	r3, #28
ARM GAS  C:\Users\Daniela\AppData\Local\Temp\ccyPayfh.s 			page 8


 289 0154 FB18     		adds	r3, r7, r3
 290 0156 1A81     		strh	r2, [r3, #8]
 109:app_UART.c    ****             uartTxDataWriteCmd.value.len  = uartTxDataLength;
 291              		.loc 1 109 0
 292 0158 1C23     		movs	r3, #28
 293 015a FB18     		adds	r3, r7, r3
 294 015c 1C22     		movs	r2, #28
 295 015e 1821     		movs	r1, #24
 296 0160 8C46     		mov	ip, r1
 297 0162 BC44     		add	ip, ip, r7
 298 0164 6244     		add	r2, r2, ip
 299 0166 1288     		ldrh	r2, [r2]
 300 0168 9A80     		strh	r2, [r3, #4]
 110:app_UART.c    ****             uartTxDataWriteCmd.value.val  = uartTxData;           
 301              		.loc 1 110 0
 302 016a FA6A     		ldr	r2, [r7, #44]
 303 016c 1C23     		movs	r3, #28
 304 016e FB18     		adds	r3, r7, r3
 305 0170 1A60     		str	r2, [r3]
 306              	.L12:
 111:app_UART.c    ****             
 112:app_UART.c    ****             #ifdef FLOW_CONTROL
 113:app_UART.c    ****                 DisableUartRxInt();
 114:app_UART.c    ****             #endif
 115:app_UART.c    ****             
 116:app_UART.c    ****             do
 117:app_UART.c    ****             {
 118:app_UART.c    ****                 bleApiResult = CyBle_GattcWriteWithoutResponse(cyBle_connHandle, &uartTxDataWriteCm
 307              		.loc 1 118 0 discriminator 2
 308 0172 1223     		movs	r3, #18
 309 0174 1822     		movs	r2, #24
 310 0176 BA18     		adds	r2, r7, r2
 311 0178 D418     		adds	r4, r2, r3
 312 017a 1C23     		movs	r3, #28
 313 017c F918     		adds	r1, r7, r3
 314 017e 154B     		ldr	r3, .L13+12
 315 0180 1A78     		ldrb	r2, [r3]
 316 0182 5B78     		ldrb	r3, [r3, #1]
 317 0184 1B02     		lsls	r3, r3, #8
 318 0186 1A43     		orrs	r2, r3
 319 0188 0023     		movs	r3, #0
 320 018a 1204     		lsls	r2, r2, #16
 321 018c 120C     		lsrs	r2, r2, #16
 322 018e 1B0C     		lsrs	r3, r3, #16
 323 0190 1B04     		lsls	r3, r3, #16
 324 0192 1343     		orrs	r3, r2
 325 0194 1800     		movs	r0, r3
 326 0196 FFF7FEFF 		bl	CyBle_GattcWriteWithoutResponse
 327 019a 0300     		movs	r3, r0
 328 019c 2380     		strh	r3, [r4]
 119:app_UART.c    ****                 CyBle_ProcessEvents();
 329              		.loc 1 119 0 discriminator 2
 330 019e FFF7FEFF 		bl	CyBle_ProcessEvents
 120:app_UART.c    ****             }
 121:app_UART.c    ****             while((CYBLE_ERROR_OK != bleApiResult) && (CYBLE_STATE_CONNECTED == cyBle_state));
 331              		.loc 1 121 0 discriminator 2
 332 01a2 1223     		movs	r3, #18
ARM GAS  C:\Users\Daniela\AppData\Local\Temp\ccyPayfh.s 			page 9


 333 01a4 1822     		movs	r2, #24
 334 01a6 9446     		mov	ip, r2
 335 01a8 BC44     		add	ip, ip, r7
 336 01aa 6344     		add	r3, r3, ip
 337 01ac 1B88     		ldrh	r3, [r3]
 338 01ae 002B     		cmp	r3, #0
 339 01b0 03D0     		beq	.L7
 340              		.loc 1 121 0 is_stmt 0 discriminator 1
 341 01b2 094B     		ldr	r3, .L13+16
 342 01b4 1B78     		ldrb	r3, [r3]
 343 01b6 022B     		cmp	r3, #2
 344 01b8 DBD0     		beq	.L12
 345              	.L7:
 346 01ba 7B68     		ldr	r3, [r7, #4]
 347 01bc 9D46     		mov	sp, r3
 122:app_UART.c    ****             
 123:app_UART.c    ****         }
 124:app_UART.c    ****     }
 125:app_UART.c    **** }
 348              		.loc 1 125 0 is_stmt 1
 349 01be C046     		nop
 350 01c0 BD46     		mov	sp, r7
 351 01c2 0FB0     		add	sp, sp, #60
 352              		@ sp needed
 353 01c4 F0BD     		pop	{r4, r5, r6, r7, pc}
 354              	.L14:
 355 01c6 C046     		.align	2
 356              	.L13:
 357 01c8 00000000 		.word	mtuSize
 358 01cc 00000000 		.word	uartIdleCount.7322
 359 01d0 00000000 		.word	rxCharHandle
 360 01d4 00000000 		.word	cyBle_connHandle
 361 01d8 00000000 		.word	cyBle_state
 362              		.cfi_endproc
 363              	.LFE36:
 364              		.size	HandleUartTxTraffic, .-HandleUartTxTraffic
 365              		.section	.text.DisableUartRxInt,"ax",%progbits
 366              		.align	2
 367              		.global	DisableUartRxInt
 368              		.code	16
 369              		.thumb_func
 370              		.type	DisableUartRxInt, %function
 371              	DisableUartRxInt:
 372              	.LFB37:
 126:app_UART.c    **** 
 127:app_UART.c    **** /*****************************************************************************************
 128:app_UART.c    **** * Function Name: DisableUartRxInt
 129:app_UART.c    **** ******************************************************************************************
 130:app_UART.c    **** *
 131:app_UART.c    **** * Summary:
 132:app_UART.c    **** *  This function disables the UART RX interrupt.
 133:app_UART.c    **** *
 134:app_UART.c    **** * Parameters:
 135:app_UART.c    **** *   None.
 136:app_UART.c    **** *
 137:app_UART.c    **** * Return:
 138:app_UART.c    **** *   None.
ARM GAS  C:\Users\Daniela\AppData\Local\Temp\ccyPayfh.s 			page 10


 139:app_UART.c    **** *
 140:app_UART.c    **** *****************************************************************************************/
 141:app_UART.c    **** void DisableUartRxInt(void)
 142:app_UART.c    **** {
 373              		.loc 1 142 0
 374              		.cfi_startproc
 375              		@ args = 0, pretend = 0, frame = 0
 376              		@ frame_needed = 1, uses_anonymous_args = 0
 377 0000 80B5     		push	{r7, lr}
 378              		.cfi_def_cfa_offset 8
 379              		.cfi_offset 7, -8
 380              		.cfi_offset 14, -4
 381 0002 00AF     		add	r7, sp, #0
 382              		.cfi_def_cfa_register 7
 143:app_UART.c    ****     UART_INTR_RX_MASK_REG &= ~UART_RX_INTR_MASK;  
 383              		.loc 1 143 0
 384 0004 044B     		ldr	r3, .L16
 385 0006 044A     		ldr	r2, .L16
 386 0008 1268     		ldr	r2, [r2]
 387 000a 0421     		movs	r1, #4
 388 000c 8A43     		bics	r2, r1
 389 000e 1A60     		str	r2, [r3]
 144:app_UART.c    **** }
 390              		.loc 1 144 0
 391 0010 C046     		nop
 392 0012 BD46     		mov	sp, r7
 393              		@ sp needed
 394 0014 80BD     		pop	{r7, pc}
 395              	.L17:
 396 0016 C046     		.align	2
 397              	.L16:
 398 0018 C80F2440 		.word	1076105160
 399              		.cfi_endproc
 400              	.LFE37:
 401              		.size	DisableUartRxInt, .-DisableUartRxInt
 402              		.section	.text.EnableUartRxInt,"ax",%progbits
 403              		.align	2
 404              		.global	EnableUartRxInt
 405              		.code	16
 406              		.thumb_func
 407              		.type	EnableUartRxInt, %function
 408              	EnableUartRxInt:
 409              	.LFB38:
 145:app_UART.c    **** 
 146:app_UART.c    **** /*****************************************************************************************
 147:app_UART.c    **** * Function Name: EnableUartRxInt
 148:app_UART.c    **** ******************************************************************************************
 149:app_UART.c    **** *
 150:app_UART.c    **** * Summary:
 151:app_UART.c    **** *  This function enables the UART RX interrupt.
 152:app_UART.c    **** *
 153:app_UART.c    **** * Parameters:
 154:app_UART.c    **** *   None.
 155:app_UART.c    **** *
 156:app_UART.c    **** * Return:
 157:app_UART.c    **** *   None.
 158:app_UART.c    **** *
ARM GAS  C:\Users\Daniela\AppData\Local\Temp\ccyPayfh.s 			page 11


 159:app_UART.c    **** *****************************************************************************************/
 160:app_UART.c    **** void EnableUartRxInt(void)
 161:app_UART.c    **** {
 410              		.loc 1 161 0
 411              		.cfi_startproc
 412              		@ args = 0, pretend = 0, frame = 0
 413              		@ frame_needed = 1, uses_anonymous_args = 0
 414 0000 80B5     		push	{r7, lr}
 415              		.cfi_def_cfa_offset 8
 416              		.cfi_offset 7, -8
 417              		.cfi_offset 14, -4
 418 0002 00AF     		add	r7, sp, #0
 419              		.cfi_def_cfa_register 7
 162:app_UART.c    ****     UART_INTR_RX_MASK_REG |= UART_RX_INTR_MASK;  
 420              		.loc 1 162 0
 421 0004 044B     		ldr	r3, .L19
 422 0006 044A     		ldr	r2, .L19
 423 0008 1268     		ldr	r2, [r2]
 424 000a 0421     		movs	r1, #4
 425 000c 0A43     		orrs	r2, r1
 426 000e 1A60     		str	r2, [r3]
 163:app_UART.c    **** }
 427              		.loc 1 163 0
 428 0010 C046     		nop
 429 0012 BD46     		mov	sp, r7
 430              		@ sp needed
 431 0014 80BD     		pop	{r7, pc}
 432              	.L20:
 433 0016 C046     		.align	2
 434              	.L19:
 435 0018 C80F2440 		.word	1076105160
 436              		.cfi_endproc
 437              	.LFE38:
 438              		.size	EnableUartRxInt, .-EnableUartRxInt
 439              		.data
 440              		.align	1
 441              		.type	uartIdleCount.7322, %object
 442              		.size	uartIdleCount.7322, 2
 443              	uartIdleCount.7322:
 444 0000 E803     		.short	1000
 445              		.text
 446              	.Letext0:
 447              		.file 2 "Generated_Source\\PSoC4/cytypes.h"
 448              		.file 3 "Generated_Source\\PSoC4/BLE_Stack.h"
 449              		.file 4 "Generated_Source\\PSoC4/BLE_StackGatt.h"
 450              		.file 5 "Generated_Source\\PSoC4/BLE_StackGattClient.h"
 451              		.file 6 "Generated_Source\\PSoC4/BLE_eventHandler.h"
 452              		.file 7 "main.h"
 453              		.file 8 "app_UART.h"
 454              		.section	.debug_info,"",%progbits
 455              	.Ldebug_info0:
 456 0000 61060000 		.4byte	0x661
 457 0004 0400     		.2byte	0x4
 458 0006 00000000 		.4byte	.Ldebug_abbrev0
 459 000a 04       		.byte	0x4
 460 000b 01       		.uleb128 0x1
 461 000c 3B080000 		.4byte	.LASF175
ARM GAS  C:\Users\Daniela\AppData\Local\Temp\ccyPayfh.s 			page 12


 462 0010 0C       		.byte	0xc
 463 0011 F9050000 		.4byte	.LASF176
 464 0015 D40C0000 		.4byte	.LASF177
 465 0019 00000000 		.4byte	.Ldebug_ranges0+0
 466 001d 00000000 		.4byte	0
 467 0021 00000000 		.4byte	.Ldebug_line0
 468 0025 02       		.uleb128 0x2
 469 0026 01       		.byte	0x1
 470 0027 06       		.byte	0x6
 471 0028 38030000 		.4byte	.LASF0
 472 002c 02       		.uleb128 0x2
 473 002d 01       		.byte	0x1
 474 002e 08       		.byte	0x8
 475 002f E40B0000 		.4byte	.LASF1
 476 0033 02       		.uleb128 0x2
 477 0034 02       		.byte	0x2
 478 0035 05       		.byte	0x5
 479 0036 340C0000 		.4byte	.LASF2
 480 003a 02       		.uleb128 0x2
 481 003b 02       		.byte	0x2
 482 003c 07       		.byte	0x7
 483 003d 930F0000 		.4byte	.LASF3
 484 0041 02       		.uleb128 0x2
 485 0042 04       		.byte	0x4
 486 0043 05       		.byte	0x5
 487 0044 E9010000 		.4byte	.LASF4
 488 0048 02       		.uleb128 0x2
 489 0049 04       		.byte	0x4
 490 004a 07       		.byte	0x7
 491 004b 5C060000 		.4byte	.LASF5
 492 004f 02       		.uleb128 0x2
 493 0050 08       		.byte	0x8
 494 0051 05       		.byte	0x5
 495 0052 2A030000 		.4byte	.LASF6
 496 0056 02       		.uleb128 0x2
 497 0057 08       		.byte	0x8
 498 0058 07       		.byte	0x7
 499 0059 BA050000 		.4byte	.LASF7
 500 005d 03       		.uleb128 0x3
 501 005e 04       		.byte	0x4
 502 005f 05       		.byte	0x5
 503 0060 696E7400 		.ascii	"int\000"
 504 0064 02       		.uleb128 0x2
 505 0065 04       		.byte	0x4
 506 0066 07       		.byte	0x7
 507 0067 5B0E0000 		.4byte	.LASF8
 508 006b 04       		.uleb128 0x4
 509 006c 94040000 		.4byte	.LASF9
 510 0070 02       		.byte	0x2
 511 0071 D201     		.2byte	0x1d2
 512 0073 2C000000 		.4byte	0x2c
 513 0077 04       		.uleb128 0x4
 514 0078 F20B0000 		.4byte	.LASF10
 515 007c 02       		.byte	0x2
 516 007d D301     		.2byte	0x1d3
 517 007f 3A000000 		.4byte	0x3a
 518 0083 04       		.uleb128 0x4
ARM GAS  C:\Users\Daniela\AppData\Local\Temp\ccyPayfh.s 			page 13


 519 0084 16050000 		.4byte	.LASF11
 520 0088 02       		.byte	0x2
 521 0089 D401     		.2byte	0x1d4
 522 008b 48000000 		.4byte	0x48
 523 008f 02       		.uleb128 0x2
 524 0090 04       		.byte	0x4
 525 0091 04       		.byte	0x4
 526 0092 930B0000 		.4byte	.LASF12
 527 0096 02       		.uleb128 0x2
 528 0097 08       		.byte	0x8
 529 0098 04       		.byte	0x4
 530 0099 B9040000 		.4byte	.LASF13
 531 009d 02       		.uleb128 0x2
 532 009e 01       		.byte	0x1
 533 009f 08       		.byte	0x8
 534 00a0 010E0000 		.4byte	.LASF14
 535 00a4 04       		.uleb128 0x4
 536 00a5 06090000 		.4byte	.LASF15
 537 00a9 02       		.byte	0x2
 538 00aa 7E02     		.2byte	0x27e
 539 00ac B0000000 		.4byte	0xb0
 540 00b0 05       		.uleb128 0x5
 541 00b1 83000000 		.4byte	0x83
 542 00b5 02       		.uleb128 0x2
 543 00b6 08       		.byte	0x8
 544 00b7 04       		.byte	0x4
 545 00b8 F50D0000 		.4byte	.LASF16
 546 00bc 02       		.uleb128 0x2
 547 00bd 04       		.byte	0x4
 548 00be 07       		.byte	0x7
 549 00bf D5090000 		.4byte	.LASF17
 550 00c3 06       		.uleb128 0x6
 551 00c4 01       		.byte	0x1
 552 00c5 2C000000 		.4byte	0x2c
 553 00c9 03       		.byte	0x3
 554 00ca 3501     		.2byte	0x135
 555 00cc 81020000 		.4byte	0x281
 556 00d0 07       		.uleb128 0x7
 557 00d1 56070000 		.4byte	.LASF18
 558 00d5 00       		.byte	0
 559 00d6 07       		.uleb128 0x7
 560 00d7 44030000 		.4byte	.LASF19
 561 00db 01       		.byte	0x1
 562 00dc 07       		.uleb128 0x7
 563 00dd D7010000 		.4byte	.LASF20
 564 00e1 02       		.byte	0x2
 565 00e2 07       		.uleb128 0x7
 566 00e3 7A0F0000 		.4byte	.LASF21
 567 00e7 03       		.byte	0x3
 568 00e8 07       		.uleb128 0x7
 569 00e9 47020000 		.4byte	.LASF22
 570 00ed 04       		.byte	0x4
 571 00ee 07       		.uleb128 0x7
 572 00ef 23000000 		.4byte	.LASF23
 573 00f3 05       		.byte	0x5
 574 00f4 07       		.uleb128 0x7
 575 00f5 8B070000 		.4byte	.LASF24
ARM GAS  C:\Users\Daniela\AppData\Local\Temp\ccyPayfh.s 			page 14


 576 00f9 06       		.byte	0x6
 577 00fa 07       		.uleb128 0x7
 578 00fb 0C090000 		.4byte	.LASF25
 579 00ff 20       		.byte	0x20
 580 0100 07       		.uleb128 0x7
 581 0101 B4030000 		.4byte	.LASF26
 582 0105 21       		.byte	0x21
 583 0106 07       		.uleb128 0x7
 584 0107 A4070000 		.4byte	.LASF27
 585 010b 22       		.byte	0x22
 586 010c 07       		.uleb128 0x7
 587 010d 540F0000 		.4byte	.LASF28
 588 0111 23       		.byte	0x23
 589 0112 07       		.uleb128 0x7
 590 0113 9B0A0000 		.4byte	.LASF29
 591 0117 24       		.byte	0x24
 592 0118 07       		.uleb128 0x7
 593 0119 F7090000 		.4byte	.LASF30
 594 011d 25       		.byte	0x25
 595 011e 07       		.uleb128 0x7
 596 011f 49040000 		.4byte	.LASF31
 597 0123 26       		.byte	0x26
 598 0124 07       		.uleb128 0x7
 599 0125 C8070000 		.4byte	.LASF32
 600 0129 27       		.byte	0x27
 601 012a 07       		.uleb128 0x7
 602 012b 390E0000 		.4byte	.LASF33
 603 012f 28       		.byte	0x28
 604 0130 07       		.uleb128 0x7
 605 0131 CC020000 		.4byte	.LASF34
 606 0135 29       		.byte	0x29
 607 0136 07       		.uleb128 0x7
 608 0137 B6000000 		.4byte	.LASF35
 609 013b 2A       		.byte	0x2a
 610 013c 07       		.uleb128 0x7
 611 013d 33010000 		.4byte	.LASF36
 612 0141 2B       		.byte	0x2b
 613 0142 07       		.uleb128 0x7
 614 0143 3F110000 		.4byte	.LASF37
 615 0147 2C       		.byte	0x2c
 616 0148 07       		.uleb128 0x7
 617 0149 E9020000 		.4byte	.LASF38
 618 014d 2D       		.byte	0x2d
 619 014e 07       		.uleb128 0x7
 620 014f F90B0000 		.4byte	.LASF39
 621 0153 2E       		.byte	0x2e
 622 0154 07       		.uleb128 0x7
 623 0155 52010000 		.4byte	.LASF40
 624 0159 2F       		.byte	0x2f
 625 015a 07       		.uleb128 0x7
 626 015b 5D0A0000 		.4byte	.LASF41
 627 015f 30       		.byte	0x30
 628 0160 07       		.uleb128 0x7
 629 0161 92110000 		.4byte	.LASF42
 630 0165 31       		.byte	0x31
 631 0166 07       		.uleb128 0x7
 632 0167 3C0A0000 		.4byte	.LASF43
ARM GAS  C:\Users\Daniela\AppData\Local\Temp\ccyPayfh.s 			page 15


 633 016b 32       		.byte	0x32
 634 016c 07       		.uleb128 0x7
 635 016d 6C0D0000 		.4byte	.LASF44
 636 0171 33       		.byte	0x33
 637 0172 07       		.uleb128 0x7
 638 0173 6E060000 		.4byte	.LASF45
 639 0177 34       		.byte	0x34
 640 0178 07       		.uleb128 0x7
 641 0179 7E0A0000 		.4byte	.LASF46
 642 017d 35       		.byte	0x35
 643 017e 07       		.uleb128 0x7
 644 017f 0E080000 		.4byte	.LASF47
 645 0183 36       		.byte	0x36
 646 0184 07       		.uleb128 0x7
 647 0185 43090000 		.4byte	.LASF48
 648 0189 37       		.byte	0x37
 649 018a 07       		.uleb128 0x7
 650 018b 3A050000 		.4byte	.LASF49
 651 018f 40       		.byte	0x40
 652 0190 07       		.uleb128 0x7
 653 0191 C9080000 		.4byte	.LASF50
 654 0195 41       		.byte	0x41
 655 0196 07       		.uleb128 0x7
 656 0197 DF110000 		.4byte	.LASF51
 657 019b 42       		.byte	0x42
 658 019c 07       		.uleb128 0x7
 659 019d FB0F0000 		.4byte	.LASF52
 660 01a1 43       		.byte	0x43
 661 01a2 07       		.uleb128 0x7
 662 01a3 A0060000 		.4byte	.LASF53
 663 01a7 44       		.byte	0x44
 664 01a8 07       		.uleb128 0x7
 665 01a9 6C0B0000 		.4byte	.LASF54
 666 01ad 45       		.byte	0x45
 667 01ae 07       		.uleb128 0x7
 668 01af A0090000 		.4byte	.LASF55
 669 01b3 46       		.byte	0x46
 670 01b4 07       		.uleb128 0x7
 671 01b5 6D070000 		.4byte	.LASF56
 672 01b9 47       		.byte	0x47
 673 01ba 07       		.uleb128 0x7
 674 01bb 03110000 		.4byte	.LASF57
 675 01bf 48       		.byte	0x48
 676 01c0 07       		.uleb128 0x7
 677 01c1 CB030000 		.4byte	.LASF58
 678 01c5 49       		.byte	0x49
 679 01c6 07       		.uleb128 0x7
 680 01c7 4A100000 		.4byte	.LASF59
 681 01cb 4A       		.byte	0x4a
 682 01cc 07       		.uleb128 0x7
 683 01cd 7B010000 		.4byte	.LASF60
 684 01d1 4B       		.byte	0x4b
 685 01d2 07       		.uleb128 0x7
 686 01d3 86060000 		.4byte	.LASF61
 687 01d7 4C       		.byte	0x4c
 688 01d8 07       		.uleb128 0x7
 689 01d9 220A0000 		.4byte	.LASF62
ARM GAS  C:\Users\Daniela\AppData\Local\Temp\ccyPayfh.s 			page 16


 690 01dd 4D       		.byte	0x4d
 691 01de 07       		.uleb128 0x7
 692 01df FE030000 		.4byte	.LASF63
 693 01e3 4E       		.byte	0x4e
 694 01e4 07       		.uleb128 0x7
 695 01e5 8B0C0000 		.4byte	.LASF64
 696 01e9 4F       		.byte	0x4f
 697 01ea 07       		.uleb128 0x7
 698 01eb 9A010000 		.4byte	.LASF65
 699 01ef 50       		.byte	0x50
 700 01f0 07       		.uleb128 0x7
 701 01f1 9A040000 		.4byte	.LASF66
 702 01f5 51       		.byte	0x51
 703 01f6 07       		.uleb128 0x7
 704 01f7 D70A0000 		.4byte	.LASF67
 705 01fb 52       		.byte	0x52
 706 01fc 07       		.uleb128 0x7
 707 01fd 3E0C0000 		.4byte	.LASF68
 708 0201 53       		.byte	0x53
 709 0202 07       		.uleb128 0x7
 710 0203 2D0D0000 		.4byte	.LASF69
 711 0207 54       		.byte	0x54
 712 0208 07       		.uleb128 0x7
 713 0209 BE060000 		.4byte	.LASF70
 714 020d 55       		.byte	0x55
 715 020e 07       		.uleb128 0x7
 716 020f D7050000 		.4byte	.LASF71
 717 0213 56       		.byte	0x56
 718 0214 07       		.uleb128 0x7
 719 0215 840E0000 		.4byte	.LASF72
 720 0219 57       		.byte	0x57
 721 021a 07       		.uleb128 0x7
 722 021b E2060000 		.4byte	.LASF73
 723 021f 58       		.byte	0x58
 724 0220 07       		.uleb128 0x7
 725 0221 54050000 		.4byte	.LASF74
 726 0225 70       		.byte	0x70
 727 0226 07       		.uleb128 0x7
 728 0227 6C110000 		.4byte	.LASF75
 729 022b 71       		.byte	0x71
 730 022c 07       		.uleb128 0x7
 731 022d EA080000 		.4byte	.LASF76
 732 0231 72       		.byte	0x72
 733 0232 07       		.uleb128 0x7
 734 0233 B9010000 		.4byte	.LASF77
 735 0237 73       		.byte	0x73
 736 0238 07       		.uleb128 0x7
 737 0239 4E0B0000 		.4byte	.LASF78
 738 023d 74       		.byte	0x74
 739 023e 07       		.uleb128 0x7
 740 023f C0040000 		.4byte	.LASF79
 741 0243 75       		.byte	0x75
 742 0244 07       		.uleb128 0x7
 743 0245 DF000000 		.4byte	.LASF80
 744 0249 76       		.byte	0x76
 745 024a 07       		.uleb128 0x7
 746 024b 53000000 		.4byte	.LASF81
ARM GAS  C:\Users\Daniela\AppData\Local\Temp\ccyPayfh.s 			page 17


 747 024f 77       		.byte	0x77
 748 0250 07       		.uleb128 0x7
 749 0251 00000000 		.4byte	.LASF82
 750 0255 78       		.byte	0x78
 751 0256 07       		.uleb128 0x7
 752 0257 CF0E0000 		.4byte	.LASF83
 753 025b 79       		.byte	0x79
 754 025c 07       		.uleb128 0x7
 755 025d 7A050000 		.4byte	.LASF84
 756 0261 7A       		.byte	0x7a
 757 0262 07       		.uleb128 0x7
 758 0263 5C020000 		.4byte	.LASF85
 759 0267 FA       		.byte	0xfa
 760 0268 07       		.uleb128 0x7
 761 0269 14060000 		.4byte	.LASF86
 762 026d FB       		.byte	0xfb
 763 026e 07       		.uleb128 0x7
 764 026f 5F0C0000 		.4byte	.LASF87
 765 0273 FC       		.byte	0xfc
 766 0274 07       		.uleb128 0x7
 767 0275 25120000 		.4byte	.LASF88
 768 0279 FD       		.byte	0xfd
 769 027a 07       		.uleb128 0x7
 770 027b 1D050000 		.4byte	.LASF89
 771 027f FF       		.byte	0xff
 772 0280 00       		.byte	0
 773 0281 06       		.uleb128 0x6
 774 0282 02       		.byte	0x2
 775 0283 3A000000 		.4byte	0x3a
 776 0287 03       		.byte	0x3
 777 0288 EA03     		.2byte	0x3ea
 778 028a 60030000 		.4byte	0x360
 779 028e 07       		.uleb128 0x7
 780 028f 2B050000 		.4byte	.LASF90
 781 0293 00       		.byte	0
 782 0294 07       		.uleb128 0x7
 783 0295 F8040000 		.4byte	.LASF91
 784 0299 01       		.byte	0x1
 785 029a 07       		.uleb128 0x7
 786 029b DD0F0000 		.4byte	.LASF92
 787 029f 02       		.byte	0x2
 788 02a0 07       		.uleb128 0x7
 789 02a1 91000000 		.4byte	.LASF93
 790 02a5 03       		.byte	0x3
 791 02a6 07       		.uleb128 0x7
 792 02a7 19100000 		.4byte	.LASF94
 793 02ab 04       		.byte	0x4
 794 02ac 07       		.uleb128 0x7
 795 02ad 300B0000 		.4byte	.LASF95
 796 02b1 05       		.byte	0x5
 797 02b2 07       		.uleb128 0x7
 798 02b3 710C0000 		.4byte	.LASF96
 799 02b7 06       		.byte	0x6
 800 02b8 07       		.uleb128 0x7
 801 02b9 79030000 		.4byte	.LASF97
 802 02bd 07       		.byte	0x7
 803 02be 07       		.uleb128 0x7
ARM GAS  C:\Users\Daniela\AppData\Local\Temp\ccyPayfh.s 			page 18


 804 02bf 4E0D0000 		.4byte	.LASF98
 805 02c3 08       		.byte	0x8
 806 02c4 07       		.uleb128 0x7
 807 02c5 2A110000 		.4byte	.LASF99
 808 02c9 09       		.byte	0x9
 809 02ca 07       		.uleb128 0x7
 810 02cb A10B0000 		.4byte	.LASF100
 811 02cf 0A       		.byte	0xa
 812 02d0 07       		.uleb128 0x7
 813 02d1 060E0000 		.4byte	.LASF101
 814 02d5 0B       		.byte	0xb
 815 02d6 07       		.uleb128 0x7
 816 02d7 B5020000 		.4byte	.LASF102
 817 02db 0C       		.byte	0xc
 818 02dc 07       		.uleb128 0x7
 819 02dd 0F020000 		.4byte	.LASF103
 820 02e1 0D       		.byte	0xd
 821 02e2 07       		.uleb128 0x7
 822 02e3 33060000 		.4byte	.LASF104
 823 02e7 0E       		.byte	0xe
 824 02e8 07       		.uleb128 0x7
 825 02e9 B8100000 		.4byte	.LASF105
 826 02ed 0F       		.byte	0xf
 827 02ee 07       		.uleb128 0x7
 828 02ef 260F0000 		.4byte	.LASF106
 829 02f3 10       		.byte	0x10
 830 02f4 07       		.uleb128 0x7
 831 02f5 19070000 		.4byte	.LASF107
 832 02f9 11       		.byte	0x11
 833 02fa 07       		.uleb128 0x7
 834 02fb 71040000 		.4byte	.LASF108
 835 02ff 12       		.byte	0x12
 836 0300 07       		.uleb128 0x7
 837 0301 FD110000 		.4byte	.LASF109
 838 0305 13       		.byte	0x13
 839 0306 07       		.uleb128 0x7
 840 0307 57030000 		.4byte	.LASF110
 841 030b 27       		.byte	0x27
 842 030c 07       		.uleb128 0x7
 843 030d 010F0000 		.4byte	.LASF111
 844 0311 28       		.byte	0x28
 845 0312 07       		.uleb128 0x7
 846 0313 91100000 		.4byte	.LASF112
 847 0317 29       		.byte	0x29
 848 0318 07       		.uleb128 0x7
 849 0319 F2010000 		.4byte	.LASF113
 850 031d 2A       		.byte	0x2a
 851 031e 07       		.uleb128 0x7
 852 031f 00010000 		.4byte	.LASF114
 853 0323 2B       		.byte	0x2b
 854 0324 07       		.uleb128 0x7
 855 0325 88090000 		.4byte	.LASF115
 856 0329 2C       		.byte	0x2c
 857 032a 07       		.uleb128 0x7
 858 032b AA0C0000 		.4byte	.LASF116
 859 032f 2D       		.byte	0x2d
 860 0330 07       		.uleb128 0x7
ARM GAS  C:\Users\Daniela\AppData\Local\Temp\ccyPayfh.s 			page 19


 861 0331 68100000 		.4byte	.LASF117
 862 0335 FE       		.byte	0xfe
 863 0336 07       		.uleb128 0x7
 864 0337 78090000 		.4byte	.LASF118
 865 033b FF       		.byte	0xff
 866 033c 08       		.uleb128 0x8
 867 033d 3D070000 		.4byte	.LASF119
 868 0341 0001     		.2byte	0x100
 869 0343 08       		.uleb128 0x8
 870 0344 F80A0000 		.4byte	.LASF120
 871 0348 0101     		.2byte	0x101
 872 034a 08       		.uleb128 0x8
 873 034b BB0B0000 		.4byte	.LASF121
 874 034f 0201     		.2byte	0x102
 875 0351 08       		.uleb128 0x8
 876 0352 E4030000 		.4byte	.LASF122
 877 0356 0301     		.2byte	0x103
 878 0358 08       		.uleb128 0x8
 879 0359 DE0D0000 		.4byte	.LASF123
 880 035d 0401     		.2byte	0x104
 881 035f 00       		.byte	0
 882 0360 04       		.uleb128 0x4
 883 0361 C40A0000 		.4byte	.LASF124
 884 0365 03       		.byte	0x3
 885 0366 5C04     		.2byte	0x45c
 886 0368 81020000 		.4byte	0x281
 887 036c 09       		.uleb128 0x9
 888 036d 04       		.byte	0x4
 889 036e 6B000000 		.4byte	0x6b
 890 0372 04       		.uleb128 0x4
 891 0373 B6110000 		.4byte	.LASF125
 892 0377 04       		.byte	0x4
 893 0378 8901     		.2byte	0x189
 894 037a 77000000 		.4byte	0x77
 895 037e 0A       		.uleb128 0xa
 896 037f 02       		.byte	0x2
 897 0380 04       		.byte	0x4
 898 0381 9301     		.2byte	0x193
 899 0383 A2030000 		.4byte	0x3a2
 900 0387 0B       		.uleb128 0xb
 901 0388 63110000 		.4byte	.LASF126
 902 038c 04       		.byte	0x4
 903 038d 9A01     		.2byte	0x19a
 904 038f 6B000000 		.4byte	0x6b
 905 0393 00       		.byte	0
 906 0394 0B       		.uleb128 0xb
 907 0395 E4080000 		.4byte	.LASF127
 908 0399 04       		.byte	0x4
 909 039a A001     		.2byte	0x1a0
 910 039c 6B000000 		.4byte	0x6b
 911 03a0 01       		.byte	0x1
 912 03a1 00       		.byte	0
 913 03a2 04       		.uleb128 0x4
 914 03a3 72000000 		.4byte	.LASF128
 915 03a7 04       		.byte	0x4
 916 03a8 A201     		.2byte	0x1a2
 917 03aa 7E030000 		.4byte	0x37e
ARM GAS  C:\Users\Daniela\AppData\Local\Temp\ccyPayfh.s 			page 20


 918 03ae 0A       		.uleb128 0xa
 919 03af 08       		.byte	0x8
 920 03b0 04       		.byte	0x4
 921 03b1 BE01     		.2byte	0x1be
 922 03b3 DF030000 		.4byte	0x3df
 923 03b7 0C       		.uleb128 0xc
 924 03b8 76616C00 		.ascii	"val\000"
 925 03bc 04       		.byte	0x4
 926 03bd C101     		.2byte	0x1c1
 927 03bf 6C030000 		.4byte	0x36c
 928 03c3 00       		.byte	0
 929 03c4 0C       		.uleb128 0xc
 930 03c5 6C656E00 		.ascii	"len\000"
 931 03c9 04       		.byte	0x4
 932 03ca C401     		.2byte	0x1c4
 933 03cc 77000000 		.4byte	0x77
 934 03d0 04       		.byte	0x4
 935 03d1 0B       		.uleb128 0xb
 936 03d2 AA030000 		.4byte	.LASF129
 937 03d6 04       		.byte	0x4
 938 03d7 CB01     		.2byte	0x1cb
 939 03d9 77000000 		.4byte	0x77
 940 03dd 06       		.byte	0x6
 941 03de 00       		.byte	0
 942 03df 04       		.uleb128 0x4
 943 03e0 34020000 		.4byte	.LASF130
 944 03e4 04       		.byte	0x4
 945 03e5 CD01     		.2byte	0x1cd
 946 03e7 AE030000 		.4byte	0x3ae
 947 03eb 0A       		.uleb128 0xa
 948 03ec 0C       		.byte	0xc
 949 03ed 04       		.byte	0x4
 950 03ee D001     		.2byte	0x1d0
 951 03f0 0F040000 		.4byte	0x40f
 952 03f4 0B       		.uleb128 0xb
 953 03f5 D1050000 		.4byte	.LASF131
 954 03f9 04       		.byte	0x4
 955 03fa D301     		.2byte	0x1d3
 956 03fc DF030000 		.4byte	0x3df
 957 0400 00       		.byte	0
 958 0401 0B       		.uleb128 0xb
 959 0402 AF050000 		.4byte	.LASF132
 960 0406 04       		.byte	0x4
 961 0407 D601     		.2byte	0x1d6
 962 0409 72030000 		.4byte	0x372
 963 040d 08       		.byte	0x8
 964 040e 00       		.byte	0
 965 040f 04       		.uleb128 0x4
 966 0410 110B0000 		.4byte	.LASF133
 967 0414 04       		.byte	0x4
 968 0415 D801     		.2byte	0x1d8
 969 0417 EB030000 		.4byte	0x3eb
 970 041b 0A       		.uleb128 0xa
 971 041c 04       		.byte	0x4
 972 041d 04       		.byte	0x4
 973 041e DB01     		.2byte	0x1db
 974 0420 3F040000 		.4byte	0x43f
ARM GAS  C:\Users\Daniela\AppData\Local\Temp\ccyPayfh.s 			page 21


 975 0424 0B       		.uleb128 0xb
 976 0425 680E0000 		.4byte	.LASF134
 977 0429 04       		.byte	0x4
 978 042a DE01     		.2byte	0x1de
 979 042c 72030000 		.4byte	0x372
 980 0430 00       		.byte	0
 981 0431 0B       		.uleb128 0xb
 982 0432 A60F0000 		.4byte	.LASF135
 983 0436 04       		.byte	0x4
 984 0437 E101     		.2byte	0x1e1
 985 0439 72030000 		.4byte	0x372
 986 043d 02       		.byte	0x2
 987 043e 00       		.byte	0
 988 043f 04       		.uleb128 0x4
 989 0440 B00F0000 		.4byte	.LASF136
 990 0444 04       		.byte	0x4
 991 0445 E301     		.2byte	0x1e3
 992 0447 1B040000 		.4byte	0x41b
 993 044b 0D       		.uleb128 0xd
 994 044c 99020000 		.4byte	.LASF137
 995 0450 05       		.byte	0x5
 996 0451 52       		.byte	0x52
 997 0452 3F040000 		.4byte	0x43f
 998 0456 0D       		.uleb128 0xd
 999 0457 B30E0000 		.4byte	.LASF138
 1000 045b 05       		.byte	0x5
 1001 045c 77       		.byte	0x77
 1002 045d 0F040000 		.4byte	0x40f
 1003 0461 0E       		.uleb128 0xe
 1004 0462 10       		.byte	0x10
 1005 0463 05       		.byte	0x5
 1006 0464 8B       		.byte	0x8b
 1007 0465 82040000 		.4byte	0x482
 1008 0469 0F       		.uleb128 0xf
 1009 046a 86000000 		.4byte	.LASF139
 1010 046e 05       		.byte	0x5
 1011 046f 8E       		.byte	0x8e
 1012 0470 A2030000 		.4byte	0x3a2
 1013 0474 00       		.byte	0
 1014 0475 0F       		.uleb128 0xf
 1015 0476 CF0F0000 		.4byte	.LASF140
 1016 047a 05       		.byte	0x5
 1017 047b 91       		.byte	0x91
 1018 047c 0F040000 		.4byte	0x40f
 1019 0480 04       		.byte	0x4
 1020 0481 00       		.byte	0
 1021 0482 0D       		.uleb128 0xd
 1022 0483 B90D0000 		.4byte	.LASF141
 1023 0487 05       		.byte	0x5
 1024 0488 93       		.byte	0x93
 1025 0489 61040000 		.4byte	0x461
 1026 048d 06       		.uleb128 0x6
 1027 048e 01       		.byte	0x1
 1028 048f 2C000000 		.4byte	0x2c
 1029 0493 06       		.byte	0x6
 1030 0494 5A08     		.2byte	0x85a
 1031 0496 C5040000 		.4byte	0x4c5
ARM GAS  C:\Users\Daniela\AppData\Local\Temp\ccyPayfh.s 			page 22


 1032 049a 07       		.uleb128 0x7
 1033 049b 3F000000 		.4byte	.LASF142
 1034 049f 00       		.byte	0
 1035 04a0 07       		.uleb128 0x7
 1036 04a1 DE090000 		.4byte	.LASF143
 1037 04a5 01       		.byte	0x1
 1038 04a6 07       		.uleb128 0x7
 1039 04a7 DD100000 		.4byte	.LASF144
 1040 04ab 02       		.byte	0x2
 1041 04ac 07       		.uleb128 0x7
 1042 04ad 12030000 		.4byte	.LASF145
 1043 04b1 03       		.byte	0x3
 1044 04b2 07       		.uleb128 0x7
 1045 04b3 A40D0000 		.4byte	.LASF146
 1046 04b7 04       		.byte	0x4
 1047 04b8 07       		.uleb128 0x7
 1048 04b9 1D0C0000 		.4byte	.LASF147
 1049 04bd 05       		.byte	0x5
 1050 04be 07       		.uleb128 0x7
 1051 04bf 30040000 		.4byte	.LASF148
 1052 04c3 06       		.byte	0x6
 1053 04c4 00       		.byte	0
 1054 04c5 04       		.uleb128 0x4
 1055 04c6 3C100000 		.4byte	.LASF149
 1056 04ca 06       		.byte	0x6
 1057 04cb 6808     		.2byte	0x868
 1058 04cd 8D040000 		.4byte	0x48d
 1059 04d1 06       		.uleb128 0x6
 1060 04d2 01       		.byte	0x1
 1061 04d3 2C000000 		.4byte	0x2c
 1062 04d7 06       		.byte	0x6
 1063 04d8 9D08     		.2byte	0x89d
 1064 04da FD040000 		.4byte	0x4fd
 1065 04de 07       		.uleb128 0x7
 1066 04df F20E0000 		.4byte	.LASF150
 1067 04e3 00       		.byte	0
 1068 04e4 07       		.uleb128 0x7
 1069 04e5 740E0000 		.4byte	.LASF151
 1070 04e9 01       		.byte	0x1
 1071 04ea 07       		.uleb128 0x7
 1072 04eb 260E0000 		.4byte	.LASF152
 1073 04ef 02       		.byte	0x2
 1074 04f0 07       		.uleb128 0x7
 1075 04f1 E1040000 		.4byte	.LASF153
 1076 04f5 02       		.byte	0x2
 1077 04f6 07       		.uleb128 0x7
 1078 04f7 930D0000 		.4byte	.LASF154
 1079 04fb 03       		.byte	0x3
 1080 04fc 00       		.byte	0
 1081 04fd 10       		.uleb128 0x10
 1082 04fe 1C040000 		.4byte	.LASF155
 1083 0502 01       		.byte	0x1
 1084 0503 20       		.byte	0x20
 1085 0504 00000000 		.4byte	.LFB35
 1086 0508 30000000 		.4byte	.LFE35-.LFB35
 1087 050c 01       		.uleb128 0x1
 1088 050d 9C       		.byte	0x9c
ARM GAS  C:\Users\Daniela\AppData\Local\Temp\ccyPayfh.s 			page 23


 1089 050e 21050000 		.4byte	0x521
 1090 0512 11       		.uleb128 0x11
 1091 0513 F7070000 		.4byte	.LASF178
 1092 0517 01       		.byte	0x1
 1093 0518 20       		.byte	0x20
 1094 0519 21050000 		.4byte	0x521
 1095 051d 02       		.uleb128 0x2
 1096 051e 91       		.byte	0x91
 1097 051f 74       		.sleb128 -12
 1098 0520 00       		.byte	0
 1099 0521 09       		.uleb128 0x9
 1100 0522 04       		.byte	0x4
 1101 0523 82040000 		.4byte	0x482
 1102 0527 10       		.uleb128 0x10
 1103 0528 C1090000 		.4byte	.LASF156
 1104 052c 01       		.byte	0x1
 1105 052d 38       		.byte	0x38
 1106 052e 00000000 		.4byte	.LFB36
 1107 0532 DC010000 		.4byte	.LFE36-.LFB36
 1108 0536 01       		.uleb128 0x1
 1109 0537 9C       		.byte	0x9c
 1110 0538 95050000 		.4byte	0x595
 1111 053c 12       		.uleb128 0x12
 1112 053d AD0E0000 		.4byte	.LASF157
 1113 0541 01       		.byte	0x1
 1114 0542 3A       		.byte	0x3a
 1115 0543 6B000000 		.4byte	0x6b
 1116 0547 02       		.uleb128 0x2
 1117 0548 91       		.byte	0x91
 1118 0549 67       		.sleb128 -25
 1119 054a 12       		.uleb128 0x12
 1120 054b AD100000 		.4byte	.LASF158
 1121 054f 01       		.byte	0x1
 1122 0550 3B       		.byte	0x3b
 1123 0551 95050000 		.4byte	0x595
 1124 0555 03       		.uleb128 0x3
 1125 0556 91       		.byte	0x91
 1126 0557 5C       		.sleb128 -36
 1127 0558 06       		.byte	0x6
 1128 0559 12       		.uleb128 0x12
 1129 055a 9E050000 		.4byte	.LASF159
 1130 055e 01       		.byte	0x1
 1131 055f 3C       		.byte	0x3c
 1132 0560 77000000 		.4byte	0x77
 1133 0564 02       		.uleb128 0x2
 1134 0565 91       		.byte	0x91
 1135 0566 64       		.sleb128 -28
 1136 0567 12       		.uleb128 0x12
 1137 0568 7A020000 		.4byte	.LASF160
 1138 056c 01       		.byte	0x1
 1139 056d 3E       		.byte	0x3e
 1140 056e 77000000 		.4byte	0x77
 1141 0572 05       		.uleb128 0x5
 1142 0573 03       		.byte	0x3
 1143 0574 00000000 		.4byte	uartIdleCount.7322
 1144 0578 12       		.uleb128 0x12
 1145 0579 84100000 		.4byte	.LASF161
ARM GAS  C:\Users\Daniela\AppData\Local\Temp\ccyPayfh.s 			page 24


 1146 057d 01       		.byte	0x1
 1147 057e 40       		.byte	0x40
 1148 057f 60030000 		.4byte	0x360
 1149 0583 02       		.uleb128 0x2
 1150 0584 91       		.byte	0x91
 1151 0585 5A       		.sleb128 -38
 1152 0586 12       		.uleb128 0x12
 1153 0587 30090000 		.4byte	.LASF162
 1154 058b 01       		.byte	0x1
 1155 058c 41       		.byte	0x41
 1156 058d 56040000 		.4byte	0x456
 1157 0591 02       		.uleb128 0x2
 1158 0592 91       		.byte	0x91
 1159 0593 4C       		.sleb128 -52
 1160 0594 00       		.byte	0
 1161 0595 13       		.uleb128 0x13
 1162 0596 6B000000 		.4byte	0x6b
 1163 059a A8050000 		.4byte	0x5a8
 1164 059e 14       		.uleb128 0x14
 1165 059f BC000000 		.4byte	0xbc
 1166 05a3 03       		.uleb128 0x3
 1167 05a4 91       		.byte	0x91
 1168 05a5 60       		.sleb128 -32
 1169 05a6 06       		.byte	0x6
 1170 05a7 00       		.byte	0
 1171 05a8 15       		.uleb128 0x15
 1172 05a9 88020000 		.4byte	.LASF163
 1173 05ad 01       		.byte	0x1
 1174 05ae 8D       		.byte	0x8d
 1175 05af 00000000 		.4byte	.LFB37
 1176 05b3 1C000000 		.4byte	.LFE37-.LFB37
 1177 05b7 01       		.uleb128 0x1
 1178 05b8 9C       		.byte	0x9c
 1179 05b9 15       		.uleb128 0x15
 1180 05ba 04060000 		.4byte	.LASF164
 1181 05be 01       		.byte	0x1
 1182 05bf A0       		.byte	0xa0
 1183 05c0 00000000 		.4byte	.LFB38
 1184 05c4 1C000000 		.4byte	.LFE38-.LFB38
 1185 05c8 01       		.uleb128 0x1
 1186 05c9 9C       		.byte	0x9c
 1187 05ca 12       		.uleb128 0x12
 1188 05cb E7070000 		.4byte	.LASF165
 1189 05cf 07       		.byte	0x7
 1190 05d0 21       		.byte	0x21
 1191 05d1 E2050000 		.4byte	0x5e2
 1192 05d5 05       		.uleb128 0x5
 1193 05d6 03       		.byte	0x3
 1194 05d7 00000000 		.4byte	peerDeviceFound
 1195 05db 02       		.uleb128 0x2
 1196 05dc 01       		.byte	0x1
 1197 05dd 02       		.byte	0x2
 1198 05de DE0B0000 		.4byte	.LASF166
 1199 05e2 05       		.uleb128 0x5
 1200 05e3 DB050000 		.4byte	0x5db
 1201 05e7 12       		.uleb128 0x12
 1202 05e8 05070000 		.4byte	.LASF167
ARM GAS  C:\Users\Daniela\AppData\Local\Temp\ccyPayfh.s 			page 25


 1203 05ec 07       		.byte	0x7
 1204 05ed 22       		.byte	0x22
 1205 05ee E2050000 		.4byte	0x5e2
 1206 05f2 05       		.uleb128 0x5
 1207 05f3 03       		.byte	0x3
 1208 05f4 01000000 		.4byte	notificationEnabled
 1209 05f8 16       		.uleb128 0x16
 1210 05f9 2F080000 		.4byte	.LASF168
 1211 05fd 06       		.byte	0x6
 1212 05fe B30A     		.2byte	0xab3
 1213 0600 C5040000 		.4byte	0x4c5
 1214 0604 16       		.uleb128 0x16
 1215 0605 110A0000 		.4byte	.LASF169
 1216 0609 06       		.byte	0x6
 1217 060a B40A     		.2byte	0xab4
 1218 060c A2030000 		.4byte	0x3a2
 1219 0610 17       		.uleb128 0x17
 1220 0611 84100000 		.4byte	.LASF161
 1221 0615 07       		.byte	0x7
 1222 0616 1E       		.byte	0x1e
 1223 0617 60030000 		.4byte	0x360
 1224 061b 05       		.uleb128 0x5
 1225 061c 03       		.byte	0x3
 1226 061d 00000000 		.4byte	bleApiResult
 1227 0621 17       		.uleb128 0x17
 1228 0622 F3100000 		.4byte	.LASF170
 1229 0626 07       		.byte	0x7
 1230 0627 25       		.byte	0x25
 1231 0628 3F040000 		.4byte	0x43f
 1232 062c 05       		.uleb128 0x5
 1233 062d 03       		.byte	0x3
 1234 062e 00000000 		.4byte	attrHandleRange
 1235 0632 17       		.uleb128 0x17
 1236 0633 96030000 		.4byte	.LASF171
 1237 0637 07       		.byte	0x7
 1238 0638 26       		.byte	0x26
 1239 0639 4B040000 		.4byte	0x44b
 1240 063d 05       		.uleb128 0x5
 1241 063e 03       		.byte	0x3
 1242 063f 00000000 		.4byte	charDescHandleRange
 1243 0643 18       		.uleb128 0x18
 1244 0644 990B0000 		.4byte	.LASF172
 1245 0648 08       		.byte	0x8
 1246 0649 20       		.byte	0x20
 1247 064a 77000000 		.4byte	0x77
 1248 064e 18       		.uleb128 0x18
 1249 064f D2110000 		.4byte	.LASF173
 1250 0653 08       		.byte	0x8
 1251 0654 21       		.byte	0x21
 1252 0655 77000000 		.4byte	0x77
 1253 0659 18       		.uleb128 0x18
 1254 065a B70A0000 		.4byte	.LASF174
 1255 065e 08       		.byte	0x8
 1256 065f 22       		.byte	0x22
 1257 0660 77000000 		.4byte	0x77
 1258 0664 00       		.byte	0
 1259              		.section	.debug_abbrev,"",%progbits
ARM GAS  C:\Users\Daniela\AppData\Local\Temp\ccyPayfh.s 			page 26


 1260              	.Ldebug_abbrev0:
 1261 0000 01       		.uleb128 0x1
 1262 0001 11       		.uleb128 0x11
 1263 0002 01       		.byte	0x1
 1264 0003 25       		.uleb128 0x25
 1265 0004 0E       		.uleb128 0xe
 1266 0005 13       		.uleb128 0x13
 1267 0006 0B       		.uleb128 0xb
 1268 0007 03       		.uleb128 0x3
 1269 0008 0E       		.uleb128 0xe
 1270 0009 1B       		.uleb128 0x1b
 1271 000a 0E       		.uleb128 0xe
 1272 000b 55       		.uleb128 0x55
 1273 000c 17       		.uleb128 0x17
 1274 000d 11       		.uleb128 0x11
 1275 000e 01       		.uleb128 0x1
 1276 000f 10       		.uleb128 0x10
 1277 0010 17       		.uleb128 0x17
 1278 0011 00       		.byte	0
 1279 0012 00       		.byte	0
 1280 0013 02       		.uleb128 0x2
 1281 0014 24       		.uleb128 0x24
 1282 0015 00       		.byte	0
 1283 0016 0B       		.uleb128 0xb
 1284 0017 0B       		.uleb128 0xb
 1285 0018 3E       		.uleb128 0x3e
 1286 0019 0B       		.uleb128 0xb
 1287 001a 03       		.uleb128 0x3
 1288 001b 0E       		.uleb128 0xe
 1289 001c 00       		.byte	0
 1290 001d 00       		.byte	0
 1291 001e 03       		.uleb128 0x3
 1292 001f 24       		.uleb128 0x24
 1293 0020 00       		.byte	0
 1294 0021 0B       		.uleb128 0xb
 1295 0022 0B       		.uleb128 0xb
 1296 0023 3E       		.uleb128 0x3e
 1297 0024 0B       		.uleb128 0xb
 1298 0025 03       		.uleb128 0x3
 1299 0026 08       		.uleb128 0x8
 1300 0027 00       		.byte	0
 1301 0028 00       		.byte	0
 1302 0029 04       		.uleb128 0x4
 1303 002a 16       		.uleb128 0x16
 1304 002b 00       		.byte	0
 1305 002c 03       		.uleb128 0x3
 1306 002d 0E       		.uleb128 0xe
 1307 002e 3A       		.uleb128 0x3a
 1308 002f 0B       		.uleb128 0xb
 1309 0030 3B       		.uleb128 0x3b
 1310 0031 05       		.uleb128 0x5
 1311 0032 49       		.uleb128 0x49
 1312 0033 13       		.uleb128 0x13
 1313 0034 00       		.byte	0
 1314 0035 00       		.byte	0
 1315 0036 05       		.uleb128 0x5
 1316 0037 35       		.uleb128 0x35
ARM GAS  C:\Users\Daniela\AppData\Local\Temp\ccyPayfh.s 			page 27


 1317 0038 00       		.byte	0
 1318 0039 49       		.uleb128 0x49
 1319 003a 13       		.uleb128 0x13
 1320 003b 00       		.byte	0
 1321 003c 00       		.byte	0
 1322 003d 06       		.uleb128 0x6
 1323 003e 04       		.uleb128 0x4
 1324 003f 01       		.byte	0x1
 1325 0040 0B       		.uleb128 0xb
 1326 0041 0B       		.uleb128 0xb
 1327 0042 49       		.uleb128 0x49
 1328 0043 13       		.uleb128 0x13
 1329 0044 3A       		.uleb128 0x3a
 1330 0045 0B       		.uleb128 0xb
 1331 0046 3B       		.uleb128 0x3b
 1332 0047 05       		.uleb128 0x5
 1333 0048 01       		.uleb128 0x1
 1334 0049 13       		.uleb128 0x13
 1335 004a 00       		.byte	0
 1336 004b 00       		.byte	0
 1337 004c 07       		.uleb128 0x7
 1338 004d 28       		.uleb128 0x28
 1339 004e 00       		.byte	0
 1340 004f 03       		.uleb128 0x3
 1341 0050 0E       		.uleb128 0xe
 1342 0051 1C       		.uleb128 0x1c
 1343 0052 0B       		.uleb128 0xb
 1344 0053 00       		.byte	0
 1345 0054 00       		.byte	0
 1346 0055 08       		.uleb128 0x8
 1347 0056 28       		.uleb128 0x28
 1348 0057 00       		.byte	0
 1349 0058 03       		.uleb128 0x3
 1350 0059 0E       		.uleb128 0xe
 1351 005a 1C       		.uleb128 0x1c
 1352 005b 05       		.uleb128 0x5
 1353 005c 00       		.byte	0
 1354 005d 00       		.byte	0
 1355 005e 09       		.uleb128 0x9
 1356 005f 0F       		.uleb128 0xf
 1357 0060 00       		.byte	0
 1358 0061 0B       		.uleb128 0xb
 1359 0062 0B       		.uleb128 0xb
 1360 0063 49       		.uleb128 0x49
 1361 0064 13       		.uleb128 0x13
 1362 0065 00       		.byte	0
 1363 0066 00       		.byte	0
 1364 0067 0A       		.uleb128 0xa
 1365 0068 13       		.uleb128 0x13
 1366 0069 01       		.byte	0x1
 1367 006a 0B       		.uleb128 0xb
 1368 006b 0B       		.uleb128 0xb
 1369 006c 3A       		.uleb128 0x3a
 1370 006d 0B       		.uleb128 0xb
 1371 006e 3B       		.uleb128 0x3b
 1372 006f 05       		.uleb128 0x5
 1373 0070 01       		.uleb128 0x1
ARM GAS  C:\Users\Daniela\AppData\Local\Temp\ccyPayfh.s 			page 28


 1374 0071 13       		.uleb128 0x13
 1375 0072 00       		.byte	0
 1376 0073 00       		.byte	0
 1377 0074 0B       		.uleb128 0xb
 1378 0075 0D       		.uleb128 0xd
 1379 0076 00       		.byte	0
 1380 0077 03       		.uleb128 0x3
 1381 0078 0E       		.uleb128 0xe
 1382 0079 3A       		.uleb128 0x3a
 1383 007a 0B       		.uleb128 0xb
 1384 007b 3B       		.uleb128 0x3b
 1385 007c 05       		.uleb128 0x5
 1386 007d 49       		.uleb128 0x49
 1387 007e 13       		.uleb128 0x13
 1388 007f 38       		.uleb128 0x38
 1389 0080 0B       		.uleb128 0xb
 1390 0081 00       		.byte	0
 1391 0082 00       		.byte	0
 1392 0083 0C       		.uleb128 0xc
 1393 0084 0D       		.uleb128 0xd
 1394 0085 00       		.byte	0
 1395 0086 03       		.uleb128 0x3
 1396 0087 08       		.uleb128 0x8
 1397 0088 3A       		.uleb128 0x3a
 1398 0089 0B       		.uleb128 0xb
 1399 008a 3B       		.uleb128 0x3b
 1400 008b 05       		.uleb128 0x5
 1401 008c 49       		.uleb128 0x49
 1402 008d 13       		.uleb128 0x13
 1403 008e 38       		.uleb128 0x38
 1404 008f 0B       		.uleb128 0xb
 1405 0090 00       		.byte	0
 1406 0091 00       		.byte	0
 1407 0092 0D       		.uleb128 0xd
 1408 0093 16       		.uleb128 0x16
 1409 0094 00       		.byte	0
 1410 0095 03       		.uleb128 0x3
 1411 0096 0E       		.uleb128 0xe
 1412 0097 3A       		.uleb128 0x3a
 1413 0098 0B       		.uleb128 0xb
 1414 0099 3B       		.uleb128 0x3b
 1415 009a 0B       		.uleb128 0xb
 1416 009b 49       		.uleb128 0x49
 1417 009c 13       		.uleb128 0x13
 1418 009d 00       		.byte	0
 1419 009e 00       		.byte	0
 1420 009f 0E       		.uleb128 0xe
 1421 00a0 13       		.uleb128 0x13
 1422 00a1 01       		.byte	0x1
 1423 00a2 0B       		.uleb128 0xb
 1424 00a3 0B       		.uleb128 0xb
 1425 00a4 3A       		.uleb128 0x3a
 1426 00a5 0B       		.uleb128 0xb
 1427 00a6 3B       		.uleb128 0x3b
 1428 00a7 0B       		.uleb128 0xb
 1429 00a8 01       		.uleb128 0x1
 1430 00a9 13       		.uleb128 0x13
ARM GAS  C:\Users\Daniela\AppData\Local\Temp\ccyPayfh.s 			page 29


 1431 00aa 00       		.byte	0
 1432 00ab 00       		.byte	0
 1433 00ac 0F       		.uleb128 0xf
 1434 00ad 0D       		.uleb128 0xd
 1435 00ae 00       		.byte	0
 1436 00af 03       		.uleb128 0x3
 1437 00b0 0E       		.uleb128 0xe
 1438 00b1 3A       		.uleb128 0x3a
 1439 00b2 0B       		.uleb128 0xb
 1440 00b3 3B       		.uleb128 0x3b
 1441 00b4 0B       		.uleb128 0xb
 1442 00b5 49       		.uleb128 0x49
 1443 00b6 13       		.uleb128 0x13
 1444 00b7 38       		.uleb128 0x38
 1445 00b8 0B       		.uleb128 0xb
 1446 00b9 00       		.byte	0
 1447 00ba 00       		.byte	0
 1448 00bb 10       		.uleb128 0x10
 1449 00bc 2E       		.uleb128 0x2e
 1450 00bd 01       		.byte	0x1
 1451 00be 3F       		.uleb128 0x3f
 1452 00bf 19       		.uleb128 0x19
 1453 00c0 03       		.uleb128 0x3
 1454 00c1 0E       		.uleb128 0xe
 1455 00c2 3A       		.uleb128 0x3a
 1456 00c3 0B       		.uleb128 0xb
 1457 00c4 3B       		.uleb128 0x3b
 1458 00c5 0B       		.uleb128 0xb
 1459 00c6 27       		.uleb128 0x27
 1460 00c7 19       		.uleb128 0x19
 1461 00c8 11       		.uleb128 0x11
 1462 00c9 01       		.uleb128 0x1
 1463 00ca 12       		.uleb128 0x12
 1464 00cb 06       		.uleb128 0x6
 1465 00cc 40       		.uleb128 0x40
 1466 00cd 18       		.uleb128 0x18
 1467 00ce 9642     		.uleb128 0x2116
 1468 00d0 19       		.uleb128 0x19
 1469 00d1 01       		.uleb128 0x1
 1470 00d2 13       		.uleb128 0x13
 1471 00d3 00       		.byte	0
 1472 00d4 00       		.byte	0
 1473 00d5 11       		.uleb128 0x11
 1474 00d6 05       		.uleb128 0x5
 1475 00d7 00       		.byte	0
 1476 00d8 03       		.uleb128 0x3
 1477 00d9 0E       		.uleb128 0xe
 1478 00da 3A       		.uleb128 0x3a
 1479 00db 0B       		.uleb128 0xb
 1480 00dc 3B       		.uleb128 0x3b
 1481 00dd 0B       		.uleb128 0xb
 1482 00de 49       		.uleb128 0x49
 1483 00df 13       		.uleb128 0x13
 1484 00e0 02       		.uleb128 0x2
 1485 00e1 18       		.uleb128 0x18
 1486 00e2 00       		.byte	0
 1487 00e3 00       		.byte	0
ARM GAS  C:\Users\Daniela\AppData\Local\Temp\ccyPayfh.s 			page 30


 1488 00e4 12       		.uleb128 0x12
 1489 00e5 34       		.uleb128 0x34
 1490 00e6 00       		.byte	0
 1491 00e7 03       		.uleb128 0x3
 1492 00e8 0E       		.uleb128 0xe
 1493 00e9 3A       		.uleb128 0x3a
 1494 00ea 0B       		.uleb128 0xb
 1495 00eb 3B       		.uleb128 0x3b
 1496 00ec 0B       		.uleb128 0xb
 1497 00ed 49       		.uleb128 0x49
 1498 00ee 13       		.uleb128 0x13
 1499 00ef 02       		.uleb128 0x2
 1500 00f0 18       		.uleb128 0x18
 1501 00f1 00       		.byte	0
 1502 00f2 00       		.byte	0
 1503 00f3 13       		.uleb128 0x13
 1504 00f4 01       		.uleb128 0x1
 1505 00f5 01       		.byte	0x1
 1506 00f6 49       		.uleb128 0x49
 1507 00f7 13       		.uleb128 0x13
 1508 00f8 01       		.uleb128 0x1
 1509 00f9 13       		.uleb128 0x13
 1510 00fa 00       		.byte	0
 1511 00fb 00       		.byte	0
 1512 00fc 14       		.uleb128 0x14
 1513 00fd 21       		.uleb128 0x21
 1514 00fe 00       		.byte	0
 1515 00ff 49       		.uleb128 0x49
 1516 0100 13       		.uleb128 0x13
 1517 0101 2F       		.uleb128 0x2f
 1518 0102 18       		.uleb128 0x18
 1519 0103 00       		.byte	0
 1520 0104 00       		.byte	0
 1521 0105 15       		.uleb128 0x15
 1522 0106 2E       		.uleb128 0x2e
 1523 0107 00       		.byte	0
 1524 0108 3F       		.uleb128 0x3f
 1525 0109 19       		.uleb128 0x19
 1526 010a 03       		.uleb128 0x3
 1527 010b 0E       		.uleb128 0xe
 1528 010c 3A       		.uleb128 0x3a
 1529 010d 0B       		.uleb128 0xb
 1530 010e 3B       		.uleb128 0x3b
 1531 010f 0B       		.uleb128 0xb
 1532 0110 27       		.uleb128 0x27
 1533 0111 19       		.uleb128 0x19
 1534 0112 11       		.uleb128 0x11
 1535 0113 01       		.uleb128 0x1
 1536 0114 12       		.uleb128 0x12
 1537 0115 06       		.uleb128 0x6
 1538 0116 40       		.uleb128 0x40
 1539 0117 18       		.uleb128 0x18
 1540 0118 9742     		.uleb128 0x2117
 1541 011a 19       		.uleb128 0x19
 1542 011b 00       		.byte	0
 1543 011c 00       		.byte	0
 1544 011d 16       		.uleb128 0x16
ARM GAS  C:\Users\Daniela\AppData\Local\Temp\ccyPayfh.s 			page 31


 1545 011e 34       		.uleb128 0x34
 1546 011f 00       		.byte	0
 1547 0120 03       		.uleb128 0x3
 1548 0121 0E       		.uleb128 0xe
 1549 0122 3A       		.uleb128 0x3a
 1550 0123 0B       		.uleb128 0xb
 1551 0124 3B       		.uleb128 0x3b
 1552 0125 05       		.uleb128 0x5
 1553 0126 49       		.uleb128 0x49
 1554 0127 13       		.uleb128 0x13
 1555 0128 3F       		.uleb128 0x3f
 1556 0129 19       		.uleb128 0x19
 1557 012a 3C       		.uleb128 0x3c
 1558 012b 19       		.uleb128 0x19
 1559 012c 00       		.byte	0
 1560 012d 00       		.byte	0
 1561 012e 17       		.uleb128 0x17
 1562 012f 34       		.uleb128 0x34
 1563 0130 00       		.byte	0
 1564 0131 03       		.uleb128 0x3
 1565 0132 0E       		.uleb128 0xe
 1566 0133 3A       		.uleb128 0x3a
 1567 0134 0B       		.uleb128 0xb
 1568 0135 3B       		.uleb128 0x3b
 1569 0136 0B       		.uleb128 0xb
 1570 0137 49       		.uleb128 0x49
 1571 0138 13       		.uleb128 0x13
 1572 0139 3F       		.uleb128 0x3f
 1573 013a 19       		.uleb128 0x19
 1574 013b 02       		.uleb128 0x2
 1575 013c 18       		.uleb128 0x18
 1576 013d 00       		.byte	0
 1577 013e 00       		.byte	0
 1578 013f 18       		.uleb128 0x18
 1579 0140 34       		.uleb128 0x34
 1580 0141 00       		.byte	0
 1581 0142 03       		.uleb128 0x3
 1582 0143 0E       		.uleb128 0xe
 1583 0144 3A       		.uleb128 0x3a
 1584 0145 0B       		.uleb128 0xb
 1585 0146 3B       		.uleb128 0x3b
 1586 0147 0B       		.uleb128 0xb
 1587 0148 49       		.uleb128 0x49
 1588 0149 13       		.uleb128 0x13
 1589 014a 3F       		.uleb128 0x3f
 1590 014b 19       		.uleb128 0x19
 1591 014c 3C       		.uleb128 0x3c
 1592 014d 19       		.uleb128 0x19
 1593 014e 00       		.byte	0
 1594 014f 00       		.byte	0
 1595 0150 00       		.byte	0
 1596              		.section	.debug_aranges,"",%progbits
 1597 0000 34000000 		.4byte	0x34
 1598 0004 0200     		.2byte	0x2
 1599 0006 00000000 		.4byte	.Ldebug_info0
 1600 000a 04       		.byte	0x4
 1601 000b 00       		.byte	0
ARM GAS  C:\Users\Daniela\AppData\Local\Temp\ccyPayfh.s 			page 32


 1602 000c 0000     		.2byte	0
 1603 000e 0000     		.2byte	0
 1604 0010 00000000 		.4byte	.LFB35
 1605 0014 30000000 		.4byte	.LFE35-.LFB35
 1606 0018 00000000 		.4byte	.LFB36
 1607 001c DC010000 		.4byte	.LFE36-.LFB36
 1608 0020 00000000 		.4byte	.LFB37
 1609 0024 1C000000 		.4byte	.LFE37-.LFB37
 1610 0028 00000000 		.4byte	.LFB38
 1611 002c 1C000000 		.4byte	.LFE38-.LFB38
 1612 0030 00000000 		.4byte	0
 1613 0034 00000000 		.4byte	0
 1614              		.section	.debug_ranges,"",%progbits
 1615              	.Ldebug_ranges0:
 1616 0000 00000000 		.4byte	.LFB35
 1617 0004 30000000 		.4byte	.LFE35
 1618 0008 00000000 		.4byte	.LFB36
 1619 000c DC010000 		.4byte	.LFE36
 1620 0010 00000000 		.4byte	.LFB37
 1621 0014 1C000000 		.4byte	.LFE37
 1622 0018 00000000 		.4byte	.LFB38
 1623 001c 1C000000 		.4byte	.LFE38
 1624 0020 00000000 		.4byte	0
 1625 0024 00000000 		.4byte	0
 1626              		.section	.debug_line,"",%progbits
 1627              	.Ldebug_line0:
 1628 0000 37010000 		.section	.debug_str,"MS",%progbits,1
 1628      0200AE00 
 1628      00000201 
 1628      FB0E0D00 
 1628      01010101 
 1629              	.LASF82:
 1630 0000 4359424C 		.ascii	"CYBLE_EVT_L2CAP_CBFC_RX_CREDIT_IND\000"
 1630      455F4556 
 1630      545F4C32 
 1630      4341505F 
 1630      43424643 
 1631              	.LASF23:
 1632 0023 4359424C 		.ascii	"CYBLE_EVT_STACK_BUSY_STATUS\000"
 1632      455F4556 
 1632      545F5354 
 1632      41434B5F 
 1632      42555359 
 1633              	.LASF142:
 1634 003f 4359424C 		.ascii	"CYBLE_STATE_STOPPED\000"
 1634      455F5354 
 1634      4154455F 
 1634      53544F50 
 1634      50454400 
 1635              	.LASF81:
 1636 0053 4359424C 		.ascii	"CYBLE_EVT_L2CAP_CBFC_DATA_READ\000"
 1636      455F4556 
 1636      545F4C32 
 1636      4341505F 
 1636      43424643 
 1637              	.LASF128:
 1638 0072 4359424C 		.ascii	"CYBLE_CONN_HANDLE_T\000"
ARM GAS  C:\Users\Daniela\AppData\Local\Temp\ccyPayfh.s 			page 33


 1638      455F434F 
 1638      4E4E5F48 
 1638      414E444C 
 1638      455F5400 
 1639              	.LASF139:
 1640 0086 636F6E6E 		.ascii	"connHandle\000"
 1640      48616E64 
 1640      6C6500
 1641              	.LASF93:
 1642 0091 4359424C 		.ascii	"CYBLE_ERROR_MEMORY_ALLOCATION_FAILED\000"
 1642      455F4552 
 1642      524F525F 
 1642      4D454D4F 
 1642      52595F41 
 1643              	.LASF35:
 1644 00b6 4359424C 		.ascii	"CYBLE_EVT_GAP_CONNECTION_UPDATE_COMPLETE\000"
 1644      455F4556 
 1644      545F4741 
 1644      505F434F 
 1644      4E4E4543 
 1645              	.LASF80:
 1646 00df 4359424C 		.ascii	"CYBLE_EVT_L2CAP_CBFC_DISCONN_CNF\000"
 1646      455F4556 
 1646      545F4C32 
 1646      4341505F 
 1646      43424643 
 1647              	.LASF114:
 1648 0100 4359424C 		.ascii	"CYBLE_ERROR_UNSUPPORTED_FEATURE_OR_PARAMETER_VALUE\000"
 1648      455F4552 
 1648      524F525F 
 1648      554E5355 
 1648      50504F52 
 1649              	.LASF36:
 1650 0133 4359424C 		.ascii	"CYBLE_EVT_GAPC_SCAN_START_STOP\000"
 1650      455F4556 
 1650      545F4741 
 1650      50435F53 
 1650      43414E5F 
 1651              	.LASF40:
 1652 0152 4359424C 		.ascii	"CYBLE_EVT_GAP_OOB_GENERATED_NOTIFICATION\000"
 1652      455F4556 
 1652      545F4741 
 1652      505F4F4F 
 1652      425F4745 
 1653              	.LASF60:
 1654 017b 4359424C 		.ascii	"CYBLE_EVT_GATTC_READ_MULTI_RSP\000"
 1654      455F4556 
 1654      545F4741 
 1654      5454435F 
 1654      52454144 
 1655              	.LASF65:
 1656 019a 4359424C 		.ascii	"CYBLE_EVT_GATTS_EXEC_WRITE_REQ\000"
 1656      455F4556 
 1656      545F4741 
 1656      5454535F 
 1656      45584543 
 1657              	.LASF77:
ARM GAS  C:\Users\Daniela\AppData\Local\Temp\ccyPayfh.s 			page 34


 1658 01b9 4359424C 		.ascii	"CYBLE_EVT_L2CAP_CBFC_CONN_IND\000"
 1658      455F4556 
 1658      545F4C32 
 1658      4341505F 
 1658      43424643 
 1659              	.LASF20:
 1660 01d7 4359424C 		.ascii	"CYBLE_EVT_TIMEOUT\000"
 1660      455F4556 
 1660      545F5449 
 1660      4D454F55 
 1660      5400
 1661              	.LASF4:
 1662 01e9 6C6F6E67 		.ascii	"long int\000"
 1662      20696E74 
 1662      00
 1663              	.LASF113:
 1664 01f2 4359424C 		.ascii	"CYBLE_ERROR_HARDWARE_FAILURE\000"
 1664      455F4552 
 1664      524F525F 
 1664      48415244 
 1664      57415245 
 1665              	.LASF103:
 1666 020f 4359424C 		.ascii	"CYBLE_ERROR_L2CAP_PSM_WRONG_ENCODING\000"
 1666      455F4552 
 1666      524F525F 
 1666      4C324341 
 1666      505F5053 
 1667              	.LASF130:
 1668 0234 4359424C 		.ascii	"CYBLE_GATT_VALUE_T\000"
 1668      455F4741 
 1668      54545F56 
 1668      414C5545 
 1668      5F5400
 1669              	.LASF22:
 1670 0247 4359424C 		.ascii	"CYBLE_EVT_HCI_STATUS\000"
 1670      455F4556 
 1670      545F4843 
 1670      495F5354 
 1670      41545553 
 1671              	.LASF85:
 1672 025c 4359424C 		.ascii	"CYBLE_EVT_PENDING_FLASH_WRITE\000"
 1672      455F4556 
 1672      545F5045 
 1672      4E44494E 
 1672      475F464C 
 1673              	.LASF160:
 1674 027a 75617274 		.ascii	"uartIdleCount\000"
 1674      49646C65 
 1674      436F756E 
 1674      7400
 1675              	.LASF163:
 1676 0288 44697361 		.ascii	"DisableUartRxInt\000"
 1676      626C6555 
 1676      61727452 
 1676      78496E74 
 1676      00
 1677              	.LASF137:
ARM GAS  C:\Users\Daniela\AppData\Local\Temp\ccyPayfh.s 			page 35


 1678 0299 4359424C 		.ascii	"CYBLE_GATTC_FIND_INFO_REQ_T\000"
 1678      455F4741 
 1678      5454435F 
 1678      46494E44 
 1678      5F494E46 
 1679              	.LASF102:
 1680 02b5 4359424C 		.ascii	"CYBLE_ERROR_SEC_FAILED\000"
 1680      455F4552 
 1680      524F525F 
 1680      5345435F 
 1680      4641494C 
 1681              	.LASF34:
 1682 02cc 4359424C 		.ascii	"CYBLE_EVT_GAP_ENCRYPT_CHANGE\000"
 1682      455F4556 
 1682      545F4741 
 1682      505F454E 
 1682      43525950 
 1683              	.LASF38:
 1684 02e9 4359424C 		.ascii	"CYBLE_EVT_GAP_NUMERIC_COMPARISON_REQUEST\000"
 1684      455F4556 
 1684      545F4741 
 1684      505F4E55 
 1684      4D455249 
 1685              	.LASF145:
 1686 0312 4359424C 		.ascii	"CYBLE_STATE_ADVERTISING\000"
 1686      455F5354 
 1686      4154455F 
 1686      41445645 
 1686      52544953 
 1687              	.LASF6:
 1688 032a 6C6F6E67 		.ascii	"long long int\000"
 1688      206C6F6E 
 1688      6720696E 
 1688      7400
 1689              	.LASF0:
 1690 0338 7369676E 		.ascii	"signed char\000"
 1690      65642063 
 1690      68617200 
 1691              	.LASF19:
 1692 0344 4359424C 		.ascii	"CYBLE_EVT_STACK_ON\000"
 1692      455F4556 
 1692      545F5354 
 1692      41434B5F 
 1692      4F4E00
 1693              	.LASF110:
 1694 0357 4359424C 		.ascii	"CYBLE_ERROR_DEVICE_ALREADY_EXISTS\000"
 1694      455F4552 
 1694      524F525F 
 1694      44455649 
 1694      43455F41 
 1695              	.LASF97:
 1696 0379 4359424C 		.ascii	"CYBLE_ERROR_NO_DEVICE_ENTITY\000"
 1696      455F4552 
 1696      524F525F 
 1696      4E4F5F44 
 1696      45564943 
 1697              	.LASF171:
ARM GAS  C:\Users\Daniela\AppData\Local\Temp\ccyPayfh.s 			page 36


 1698 0396 63686172 		.ascii	"charDescHandleRange\000"
 1698      44657363 
 1698      48616E64 
 1698      6C655261 
 1698      6E676500 
 1699              	.LASF129:
 1700 03aa 61637475 		.ascii	"actualLen\000"
 1700      616C4C65 
 1700      6E00
 1701              	.LASF26:
 1702 03b4 4359424C 		.ascii	"CYBLE_EVT_GAP_AUTH_REQ\000"
 1702      455F4556 
 1702      545F4741 
 1702      505F4155 
 1702      54485F52 
 1703              	.LASF58:
 1704 03cb 4359424C 		.ascii	"CYBLE_EVT_GATTC_READ_RSP\000"
 1704      455F4556 
 1704      545F4741 
 1704      5454435F 
 1704      52454144 
 1705              	.LASF122:
 1706 03e4 4359424C 		.ascii	"CYBLE_ERROR_INVALID_STATE\000"
 1706      455F4552 
 1706      524F525F 
 1706      494E5641 
 1706      4C49445F 
 1707              	.LASF63:
 1708 03fe 4359424C 		.ascii	"CYBLE_EVT_GATTS_WRITE_CMD_REQ\000"
 1708      455F4556 
 1708      545F4741 
 1708      5454535F 
 1708      57524954 
 1709              	.LASF155:
 1710 041c 48616E64 		.ascii	"HandleUartRxTraffic\000"
 1710      6C655561 
 1710      72745278 
 1710      54726166 
 1710      66696300 
 1711              	.LASF148:
 1712 0430 4359424C 		.ascii	"CYBLE_STATE_DISCONNECTED\000"
 1712      455F5354 
 1712      4154455F 
 1712      44495343 
 1712      4F4E4E45 
 1713              	.LASF31:
 1714 0449 4359424C 		.ascii	"CYBLE_EVT_GAPP_ADVERTISEMENT_START_STOP\000"
 1714      455F4556 
 1714      545F4741 
 1714      50505F41 
 1714      44564552 
 1715              	.LASF108:
 1716 0471 4359424C 		.ascii	"CYBLE_ERROR_L2CAP_PSM_NOT_IN_RANGE\000"
 1716      455F4552 
 1716      524F525F 
 1716      4C324341 
 1716      505F5053 
ARM GAS  C:\Users\Daniela\AppData\Local\Temp\ccyPayfh.s 			page 37


 1717              	.LASF9:
 1718 0494 75696E74 		.ascii	"uint8\000"
 1718      3800
 1719              	.LASF66:
 1720 049a 4359424C 		.ascii	"CYBLE_EVT_GATTC_EXEC_WRITE_RSP\000"
 1720      455F4556 
 1720      545F4741 
 1720      5454435F 
 1720      45584543 
 1721              	.LASF13:
 1722 04b9 646F7562 		.ascii	"double\000"
 1722      6C6500
 1723              	.LASF79:
 1724 04c0 4359424C 		.ascii	"CYBLE_EVT_L2CAP_CBFC_DISCONN_IND\000"
 1724      455F4556 
 1724      545F4C32 
 1724      4341505F 
 1724      43424643 
 1725              	.LASF153:
 1726 04e1 4359424C 		.ascii	"CYBLE_SRVI_CUSTOMS_END\000"
 1726      455F5352 
 1726      56495F43 
 1726      5553544F 
 1726      4D535F45 
 1727              	.LASF91:
 1728 04f8 4359424C 		.ascii	"CYBLE_ERROR_INVALID_PARAMETER\000"
 1728      455F4552 
 1728      524F525F 
 1728      494E5641 
 1728      4C49445F 
 1729              	.LASF11:
 1730 0516 75696E74 		.ascii	"uint32\000"
 1730      333200
 1731              	.LASF89:
 1732 051d 4359424C 		.ascii	"CYBLE_EVT_MAX\000"
 1732      455F4556 
 1732      545F4D41 
 1732      5800
 1733              	.LASF90:
 1734 052b 4359424C 		.ascii	"CYBLE_ERROR_OK\000"
 1734      455F4552 
 1734      524F525F 
 1734      4F4B00
 1735              	.LASF49:
 1736 053a 4359424C 		.ascii	"CYBLE_EVT_GATTC_ERROR_RSP\000"
 1736      455F4556 
 1736      545F4741 
 1736      5454435F 
 1736      4552524F 
 1737              	.LASF74:
 1738 0554 4359424C 		.ascii	"CYBLE_EVT_L2CAP_CONN_PARAM_UPDATE_REQ\000"
 1738      455F4556 
 1738      545F4C32 
 1738      4341505F 
 1738      434F4E4E 
 1739              	.LASF84:
 1740 057a 4359424C 		.ascii	"CYBLE_EVT_L2CAP_CBFC_DATA_WRITE_IND\000"
ARM GAS  C:\Users\Daniela\AppData\Local\Temp\ccyPayfh.s 			page 38


 1740      455F4556 
 1740      545F4C32 
 1740      4341505F 
 1740      43424643 
 1741              	.LASF159:
 1742 059e 75617274 		.ascii	"uartTxDataLength\000"
 1742      54784461 
 1742      74614C65 
 1742      6E677468 
 1742      00
 1743              	.LASF132:
 1744 05af 61747472 		.ascii	"attrHandle\000"
 1744      48616E64 
 1744      6C6500
 1745              	.LASF7:
 1746 05ba 6C6F6E67 		.ascii	"long long unsigned int\000"
 1746      206C6F6E 
 1746      6720756E 
 1746      7369676E 
 1746      65642069 
 1747              	.LASF131:
 1748 05d1 76616C75 		.ascii	"value\000"
 1748      6500
 1749              	.LASF71:
 1750 05d7 4359424C 		.ascii	"CYBLE_EVT_GATTC_STOP_CMD_COMPLETE\000"
 1750      455F4556 
 1750      545F4741 
 1750      5454435F 
 1750      53544F50 
 1751              	.LASF176:
 1752 05f9 6170705F 		.ascii	"app_UART.c\000"
 1752      55415254 
 1752      2E6300
 1753              	.LASF164:
 1754 0604 456E6162 		.ascii	"EnableUartRxInt\000"
 1754      6C655561 
 1754      72745278 
 1754      496E7400 
 1755              	.LASF86:
 1756 0614 4359424C 		.ascii	"CYBLE_EVT_LE_PING_AUTH_TIMEOUT\000"
 1756      455F4556 
 1756      545F4C45 
 1756      5F50494E 
 1756      475F4155 
 1757              	.LASF104:
 1758 0633 4359424C 		.ascii	"CYBLE_ERROR_L2CAP_PSM_ALREADY_REGISTERED\000"
 1758      455F4552 
 1758      524F525F 
 1758      4C324341 
 1758      505F5053 
 1759              	.LASF5:
 1760 065c 6C6F6E67 		.ascii	"long unsigned int\000"
 1760      20756E73 
 1760      69676E65 
 1760      6420696E 
 1760      7400
 1761              	.LASF45:
ARM GAS  C:\Users\Daniela\AppData\Local\Temp\ccyPayfh.s 			page 39


 1762 066e 4359424C 		.ascii	"CYBLE_EVT_GAP_CONN_ESTB\000"
 1762      455F4556 
 1762      545F4741 
 1762      505F434F 
 1762      4E4E5F45 
 1763              	.LASF61:
 1764 0686 4359424C 		.ascii	"CYBLE_EVT_GATTS_WRITE_REQ\000"
 1764      455F4556 
 1764      545F4741 
 1764      5454535F 
 1764      57524954 
 1765              	.LASF53:
 1766 06a0 4359424C 		.ascii	"CYBLE_EVT_GATTC_XCHNG_MTU_RSP\000"
 1766      455F4556 
 1766      545F4741 
 1766      5454435F 
 1766      5843484E 
 1767              	.LASF70:
 1768 06be 4359424C 		.ascii	"CYBLE_EVT_GATTS_DATA_SIGNED_CMD_REQ\000"
 1768      455F4556 
 1768      545F4741 
 1768      5454535F 
 1768      44415441 
 1769              	.LASF73:
 1770 06e2 4359424C 		.ascii	"CYBLE_EVT_GATTC_LONG_PROCEDURE_END\000"
 1770      455F4556 
 1770      545F4741 
 1770      5454435F 
 1770      4C4F4E47 
 1771              	.LASF167:
 1772 0705 6E6F7469 		.ascii	"notificationEnabled\000"
 1772      66696361 
 1772      74696F6E 
 1772      456E6162 
 1772      6C656400 
 1773              	.LASF107:
 1774 0719 4359424C 		.ascii	"CYBLE_ERROR_L2CAP_CHANNEL_NOT_FOUND\000"
 1774      455F4552 
 1774      524F525F 
 1774      4C324341 
 1774      505F4348 
 1775              	.LASF119:
 1776 073d 4359424C 		.ascii	"CYBLE_ERROR_NTF_DISABLED\000"
 1776      455F4552 
 1776      524F525F 
 1776      4E54465F 
 1776      44495341 
 1777              	.LASF18:
 1778 0756 4359424C 		.ascii	"CYBLE_EVT_HOST_INVALID\000"
 1778      455F4556 
 1778      545F484F 
 1778      53545F49 
 1778      4E56414C 
 1779              	.LASF56:
 1780 076d 4359424C 		.ascii	"CYBLE_EVT_GATTC_FIND_INFO_RSP\000"
 1780      455F4556 
 1780      545F4741 
ARM GAS  C:\Users\Daniela\AppData\Local\Temp\ccyPayfh.s 			page 40


 1780      5454435F 
 1780      46494E44 
 1781              	.LASF24:
 1782 078b 4359424C 		.ascii	"CYBLE_EVT_MEMORY_REQUEST\000"
 1782      455F4556 
 1782      545F4D45 
 1782      4D4F5259 
 1782      5F524551 
 1783              	.LASF27:
 1784 07a4 4359424C 		.ascii	"CYBLE_EVT_GAP_PASSKEY_ENTRY_REQUEST\000"
 1784      455F4556 
 1784      545F4741 
 1784      505F5041 
 1784      53534B45 
 1785              	.LASF32:
 1786 07c8 4359424C 		.ascii	"CYBLE_EVT_GAP_DEVICE_CONNECTED\000"
 1786      455F4556 
 1786      545F4741 
 1786      505F4445 
 1786      56494345 
 1787              	.LASF165:
 1788 07e7 70656572 		.ascii	"peerDeviceFound\000"
 1788      44657669 
 1788      6365466F 
 1788      756E6400 
 1789              	.LASF178:
 1790 07f7 75617274 		.ascii	"uartRxDataNotification\000"
 1790      52784461 
 1790      74614E6F 
 1790      74696669 
 1790      63617469 
 1791              	.LASF47:
 1792 080e 4359424C 		.ascii	"CYBLE_EVT_GAP_AUTH_REQ_REPLY_ERR\000"
 1792      455F4556 
 1792      545F4741 
 1792      505F4155 
 1792      54485F52 
 1793              	.LASF168:
 1794 082f 6379426C 		.ascii	"cyBle_state\000"
 1794      655F7374 
 1794      61746500 
 1795              	.LASF175:
 1796 083b 474E5520 		.ascii	"GNU C11 5.4.1 20160609 (release) [ARM/embedded-5-br"
 1796      43313120 
 1796      352E342E 
 1796      31203230 
 1796      31363036 
 1797 086e 616E6368 		.ascii	"anch revision 237715] -mcpu=cortex-m0 -mthumb -g -O"
 1797      20726576 
 1797      6973696F 
 1797      6E203233 
 1797      37373135 
 1798 08a1 30202D66 		.ascii	"0 -ffunction-sections -ffat-lto-objects\000"
 1798      66756E63 
 1798      74696F6E 
 1798      2D736563 
 1798      74696F6E 
ARM GAS  C:\Users\Daniela\AppData\Local\Temp\ccyPayfh.s 			page 41


 1799              	.LASF50:
 1800 08c9 4359424C 		.ascii	"CYBLE_EVT_GATT_CONNECT_IND\000"
 1800      455F4556 
 1800      545F4741 
 1800      54545F43 
 1800      4F4E4E45 
 1801              	.LASF127:
 1802 08e4 61747449 		.ascii	"attId\000"
 1802      6400
 1803              	.LASF76:
 1804 08ea 4359424C 		.ascii	"CYBLE_EVT_L2CAP_COMMAND_REJ\000"
 1804      455F4556 
 1804      545F4C32 
 1804      4341505F 
 1804      434F4D4D 
 1805              	.LASF15:
 1806 0906 72656733 		.ascii	"reg32\000"
 1806      3200
 1807              	.LASF25:
 1808 090c 4359424C 		.ascii	"CYBLE_EVT_GAPC_SCAN_PROGRESS_RESULT\000"
 1808      455F4556 
 1808      545F4741 
 1808      50435F53 
 1808      43414E5F 
 1809              	.LASF162:
 1810 0930 75617274 		.ascii	"uartTxDataWriteCmd\000"
 1810      54784461 
 1810      74615772 
 1810      69746543 
 1810      6D6400
 1811              	.LASF48:
 1812 0943 4359424C 		.ascii	"CYBLE_EVT_GAP_SMP_LOC_P256_KEYS_GEN_AND_SET_COMPLET"
 1812      455F4556 
 1812      545F4741 
 1812      505F534D 
 1812      505F4C4F 
 1813 0976 4500     		.ascii	"E\000"
 1814              	.LASF118:
 1815 0978 4359424C 		.ascii	"CYBLE_ERROR_MAX\000"
 1815      455F4552 
 1815      524F525F 
 1815      4D415800 
 1816              	.LASF115:
 1817 0988 4359424C 		.ascii	"CYBLE_ERROR_FLASH_WRITE\000"
 1817      455F4552 
 1817      524F525F 
 1817      464C4153 
 1817      485F5752 
 1818              	.LASF55:
 1819 09a0 4359424C 		.ascii	"CYBLE_EVT_GATTC_READ_BY_TYPE_RSP\000"
 1819      455F4556 
 1819      545F4741 
 1819      5454435F 
 1819      52454144 
 1820              	.LASF156:
 1821 09c1 48616E64 		.ascii	"HandleUartTxTraffic\000"
 1821      6C655561 
ARM GAS  C:\Users\Daniela\AppData\Local\Temp\ccyPayfh.s 			page 42


 1821      72745478 
 1821      54726166 
 1821      66696300 
 1822              	.LASF17:
 1823 09d5 73697A65 		.ascii	"sizetype\000"
 1823      74797065 
 1823      00
 1824              	.LASF143:
 1825 09de 4359424C 		.ascii	"CYBLE_STATE_INITIALIZING\000"
 1825      455F5354 
 1825      4154455F 
 1825      494E4954 
 1825      49414C49 
 1826              	.LASF30:
 1827 09f7 4359424C 		.ascii	"CYBLE_EVT_GAP_AUTH_FAILED\000"
 1827      455F4556 
 1827      545F4741 
 1827      505F4155 
 1827      54485F46 
 1828              	.LASF169:
 1829 0a11 6379426C 		.ascii	"cyBle_connHandle\000"
 1829      655F636F 
 1829      6E6E4861 
 1829      6E646C65 
 1829      00
 1830              	.LASF62:
 1831 0a22 4359424C 		.ascii	"CYBLE_EVT_GATTC_WRITE_RSP\000"
 1831      455F4556 
 1831      545F4741 
 1831      5454435F 
 1831      57524954 
 1832              	.LASF43:
 1833 0a3c 4359424C 		.ascii	"CYBLE_EVT_GAPC_DIRECT_ADV_REPORT\000"
 1833      455F4556 
 1833      545F4741 
 1833      50435F44 
 1833      49524543 
 1834              	.LASF41:
 1835 0a5d 4359424C 		.ascii	"CYBLE_EVT_GAP_DATA_LENGTH_CHANGE\000"
 1835      455F4556 
 1835      545F4741 
 1835      505F4441 
 1835      54415F4C 
 1836              	.LASF46:
 1837 0a7e 4359424C 		.ascii	"CYBLE_EVT_GAP_SCAN_REQ_RECVD\000"
 1837      455F4556 
 1837      545F4741 
 1837      505F5343 
 1837      414E5F52 
 1838              	.LASF29:
 1839 0a9b 4359424C 		.ascii	"CYBLE_EVT_GAP_AUTH_COMPLETE\000"
 1839      455F4556 
 1839      545F4741 
 1839      505F4155 
 1839      54485F43 
 1840              	.LASF174:
 1841 0ab7 72784368 		.ascii	"rxCharHandle\000"
ARM GAS  C:\Users\Daniela\AppData\Local\Temp\ccyPayfh.s 			page 43


 1841      61724861 
 1841      6E646C65 
 1841      00
 1842              	.LASF124:
 1843 0ac4 4359424C 		.ascii	"CYBLE_API_RESULT_T\000"
 1843      455F4150 
 1843      495F5245 
 1843      53554C54 
 1843      5F5400
 1844              	.LASF67:
 1845 0ad7 4359424C 		.ascii	"CYBLE_EVT_GATTC_HANDLE_VALUE_NTF\000"
 1845      455F4556 
 1845      545F4741 
 1845      5454435F 
 1845      48414E44 
 1846              	.LASF120:
 1847 0af8 4359424C 		.ascii	"CYBLE_ERROR_IND_DISABLED\000"
 1847      455F4552 
 1847      524F525F 
 1847      494E445F 
 1847      44495341 
 1848              	.LASF133:
 1849 0b11 4359424C 		.ascii	"CYBLE_GATT_HANDLE_VALUE_PAIR_T\000"
 1849      455F4741 
 1849      54545F48 
 1849      414E444C 
 1849      455F5641 
 1850              	.LASF95:
 1851 0b30 4359424C 		.ascii	"CYBLE_ERROR_OOB_NOT_AVAILABLE\000"
 1851      455F4552 
 1851      524F525F 
 1851      4F4F425F 
 1851      4E4F545F 
 1852              	.LASF78:
 1853 0b4e 4359424C 		.ascii	"CYBLE_EVT_L2CAP_CBFC_CONN_CNF\000"
 1853      455F4556 
 1853      545F4C32 
 1853      4341505F 
 1853      43424643 
 1854              	.LASF54:
 1855 0b6c 4359424C 		.ascii	"CYBLE_EVT_GATTC_READ_BY_GROUP_TYPE_RSP\000"
 1855      455F4556 
 1855      545F4741 
 1855      5454435F 
 1855      52454144 
 1856              	.LASF12:
 1857 0b93 666C6F61 		.ascii	"float\000"
 1857      7400
 1858              	.LASF172:
 1859 0b99 6D747553 		.ascii	"mtuSize\000"
 1859      697A6500 
 1860              	.LASF100:
 1861 0ba1 4359424C 		.ascii	"CYBLE_ERROR_TX_POWER_READ\000"
 1861      455F4552 
 1861      524F525F 
 1861      54585F50 
 1861      4F574552 
ARM GAS  C:\Users\Daniela\AppData\Local\Temp\ccyPayfh.s 			page 44


 1862              	.LASF121:
 1863 0bbb 4359424C 		.ascii	"CYBLE_ERROR_CHAR_IS_NOT_DISCOVERED\000"
 1863      455F4552 
 1863      524F525F 
 1863      43484152 
 1863      5F49535F 
 1864              	.LASF166:
 1865 0bde 5F426F6F 		.ascii	"_Bool\000"
 1865      6C00
 1866              	.LASF1:
 1867 0be4 756E7369 		.ascii	"unsigned char\000"
 1867      676E6564 
 1867      20636861 
 1867      7200
 1868              	.LASF10:
 1869 0bf2 75696E74 		.ascii	"uint16\000"
 1869      313600
 1870              	.LASF39:
 1871 0bf9 4359424C 		.ascii	"CYBLE_EVT_GAP_KEYPRESS_NOTIFICATION\000"
 1871      455F4556 
 1871      545F4741 
 1871      505F4B45 
 1871      59505245 
 1872              	.LASF147:
 1873 0c1d 4359424C 		.ascii	"CYBLE_STATE_CONNECTING\000"
 1873      455F5354 
 1873      4154455F 
 1873      434F4E4E 
 1873      45435449 
 1874              	.LASF2:
 1875 0c34 73686F72 		.ascii	"short int\000"
 1875      7420696E 
 1875      7400
 1876              	.LASF68:
 1877 0c3e 4359424C 		.ascii	"CYBLE_EVT_GATTC_HANDLE_VALUE_IND\000"
 1877      455F4556 
 1877      545F4741 
 1877      5454435F 
 1877      48414E44 
 1878              	.LASF87:
 1879 0c5f 4359424C 		.ascii	"CYBLE_EVT_HCI_PKT\000"
 1879      455F4556 
 1879      545F4843 
 1879      495F504B 
 1879      5400
 1880              	.LASF96:
 1881 0c71 4359424C 		.ascii	"CYBLE_ERROR_NO_CONNECTION\000"
 1881      455F4552 
 1881      524F525F 
 1881      4E4F5F43 
 1881      4F4E4E45 
 1882              	.LASF64:
 1883 0c8b 4359424C 		.ascii	"CYBLE_EVT_GATTS_PREP_WRITE_REQ\000"
 1883      455F4556 
 1883      545F4741 
 1883      5454535F 
 1883      50524550 
ARM GAS  C:\Users\Daniela\AppData\Local\Temp\ccyPayfh.s 			page 45


 1884              	.LASF116:
 1885 0caa 4359424C 		.ascii	"CYBLE_ERROR_LL_SAME_TRANSACTION_COLLISION\000"
 1885      455F4552 
 1885      524F525F 
 1885      4C4C5F53 
 1885      414D455F 
 1886              	.LASF177:
 1887 0cd4 433A5C55 		.ascii	"C:\\Users\\Daniela\\Desktop\\Bluetooth_Project\\UAR"
 1887      73657273 
 1887      5C44616E 
 1887      69656C61 
 1887      5C446573 
 1888 0d02 545F746F 		.ascii	"T_to_BLE_central\\UART_to_BLE_central.cydsn\000"
 1888      5F424C45 
 1888      5F63656E 
 1888      7472616C 
 1888      5C554152 
 1889              	.LASF69:
 1890 0d2d 4359424C 		.ascii	"CYBLE_EVT_GATTS_HANDLE_VALUE_CNF\000"
 1890      455F4556 
 1890      545F4741 
 1890      5454535F 
 1890      48414E44 
 1891              	.LASF98:
 1892 0d4e 4359424C 		.ascii	"CYBLE_ERROR_REPEATED_ATTEMPTS\000"
 1892      455F4552 
 1892      524F525F 
 1892      52455045 
 1892      41544544 
 1893              	.LASF44:
 1894 0d6c 4359424C 		.ascii	"CYBLE_EVT_GAP_SMP_NEGOTIATED_AUTH_INFO\000"
 1894      455F4556 
 1894      545F4741 
 1894      505F534D 
 1894      505F4E45 
 1895              	.LASF154:
 1896 0d93 4359424C 		.ascii	"CYBLE_SRVI_COUNT\000"
 1896      455F5352 
 1896      56495F43 
 1896      4F554E54 
 1896      00
 1897              	.LASF146:
 1898 0da4 4359424C 		.ascii	"CYBLE_STATE_SCANNING\000"
 1898      455F5354 
 1898      4154455F 
 1898      5343414E 
 1898      4E494E47 
 1899              	.LASF141:
 1900 0db9 4359424C 		.ascii	"CYBLE_GATTC_HANDLE_VALUE_NTF_PARAM_T\000"
 1900      455F4741 
 1900      5454435F 
 1900      48414E44 
 1900      4C455F56 
 1901              	.LASF123:
 1902 0dde 4359424C 		.ascii	"CYBLE_ERROR_STACK_BUSY\000"
 1902      455F4552 
 1902      524F525F 
ARM GAS  C:\Users\Daniela\AppData\Local\Temp\ccyPayfh.s 			page 46


 1902      53544143 
 1902      4B5F4255 
 1903              	.LASF16:
 1904 0df5 6C6F6E67 		.ascii	"long double\000"
 1904      20646F75 
 1904      626C6500 
 1905              	.LASF14:
 1906 0e01 63686172 		.ascii	"char\000"
 1906      00
 1907              	.LASF101:
 1908 0e06 4359424C 		.ascii	"CYBLE_ERROR_BT_ON_NOT_COMPLETED\000"
 1908      455F4552 
 1908      524F525F 
 1908      42545F4F 
 1908      4E5F4E4F 
 1909              	.LASF152:
 1910 0e26 4359424C 		.ascii	"CYBLE_SRVI_CUSTOMS\000"
 1910      455F5352 
 1910      56495F43 
 1910      5553544F 
 1910      4D5300
 1911              	.LASF33:
 1912 0e39 4359424C 		.ascii	"CYBLE_EVT_GAP_DEVICE_DISCONNECTED\000"
 1912      455F4556 
 1912      545F4741 
 1912      505F4445 
 1912      56494345 
 1913              	.LASF8:
 1914 0e5b 756E7369 		.ascii	"unsigned int\000"
 1914      676E6564 
 1914      20696E74 
 1914      00
 1915              	.LASF134:
 1916 0e68 73746172 		.ascii	"startHandle\000"
 1916      7448616E 
 1916      646C6500 
 1917              	.LASF151:
 1918 0e74 4359424C 		.ascii	"CYBLE_SRVI_GATT\000"
 1918      455F5352 
 1918      56495F47 
 1918      41545400 
 1919              	.LASF72:
 1920 0e84 4359424C 		.ascii	"CYBLE_EVT_GATTS_READ_CHAR_VAL_ACCESS_REQ\000"
 1920      455F4556 
 1920      545F4741 
 1920      5454535F 
 1920      52454144 
 1921              	.LASF157:
 1922 0ead 696E6465 		.ascii	"index\000"
 1922      7800
 1923              	.LASF138:
 1924 0eb3 4359424C 		.ascii	"CYBLE_GATTC_WRITE_CMD_REQ_T\000"
 1924      455F4741 
 1924      5454435F 
 1924      57524954 
 1924      455F434D 
 1925              	.LASF83:
ARM GAS  C:\Users\Daniela\AppData\Local\Temp\ccyPayfh.s 			page 47


 1926 0ecf 4359424C 		.ascii	"CYBLE_EVT_L2CAP_CBFC_TX_CREDIT_IND\000"
 1926      455F4556 
 1926      545F4C32 
 1926      4341505F 
 1926      43424643 
 1927              	.LASF150:
 1928 0ef2 4359424C 		.ascii	"CYBLE_SRVI_GAP\000"
 1928      455F5352 
 1928      56495F47 
 1928      415000
 1929              	.LASF111:
 1930 0f01 4359424C 		.ascii	"CYBLE_ERROR_FLASH_WRITE_NOT_PERMITED\000"
 1930      455F4552 
 1930      524F525F 
 1930      464C4153 
 1930      485F5752 
 1931              	.LASF106:
 1932 0f26 4359424C 		.ascii	"CYBLE_ERROR_L2CAP_CONNECTION_ENTITY_NOT_FOUND\000"
 1932      455F4552 
 1932      524F525F 
 1932      4C324341 
 1932      505F434F 
 1933              	.LASF28:
 1934 0f54 4359424C 		.ascii	"CYBLE_EVT_GAP_PASSKEY_DISPLAY_REQUEST\000"
 1934      455F4556 
 1934      545F4741 
 1934      505F5041 
 1934      53534B45 
 1935              	.LASF21:
 1936 0f7a 4359424C 		.ascii	"CYBLE_EVT_HARDWARE_ERROR\000"
 1936      455F4556 
 1936      545F4841 
 1936      52445741 
 1936      52455F45 
 1937              	.LASF3:
 1938 0f93 73686F72 		.ascii	"short unsigned int\000"
 1938      7420756E 
 1938      7369676E 
 1938      65642069 
 1938      6E7400
 1939              	.LASF135:
 1940 0fa6 656E6448 		.ascii	"endHandle\000"
 1940      616E646C 
 1940      6500
 1941              	.LASF136:
 1942 0fb0 4359424C 		.ascii	"CYBLE_GATT_ATTR_HANDLE_RANGE_T\000"
 1942      455F4741 
 1942      54545F41 
 1942      5454525F 
 1942      48414E44 
 1943              	.LASF140:
 1944 0fcf 68616E64 		.ascii	"handleValPair\000"
 1944      6C655661 
 1944      6C506169 
 1944      7200
 1945              	.LASF92:
 1946 0fdd 4359424C 		.ascii	"CYBLE_ERROR_INVALID_OPERATION\000"
ARM GAS  C:\Users\Daniela\AppData\Local\Temp\ccyPayfh.s 			page 48


 1946      455F4552 
 1946      524F525F 
 1946      494E5641 
 1946      4C49445F 
 1947              	.LASF52:
 1948 0ffb 4359424C 		.ascii	"CYBLE_EVT_GATTS_XCNHG_MTU_REQ\000"
 1948      455F4556 
 1948      545F4741 
 1948      5454535F 
 1948      58434E48 
 1949              	.LASF94:
 1950 1019 4359424C 		.ascii	"CYBLE_ERROR_INSUFFICIENT_RESOURCES\000"
 1950      455F4552 
 1950      524F525F 
 1950      494E5355 
 1950      46464943 
 1951              	.LASF149:
 1952 103c 4359424C 		.ascii	"CYBLE_STATE_T\000"
 1952      455F5354 
 1952      4154455F 
 1952      5400
 1953              	.LASF59:
 1954 104a 4359424C 		.ascii	"CYBLE_EVT_GATTC_READ_BLOB_RSP\000"
 1954      455F4556 
 1954      545F4741 
 1954      5454435F 
 1954      52454144 
 1955              	.LASF117:
 1956 1068 4359424C 		.ascii	"CYBLE_ERROR_CONTROLLER_BUSY\000"
 1956      455F4552 
 1956      524F525F 
 1956      434F4E54 
 1956      524F4C4C 
 1957              	.LASF161:
 1958 1084 626C6541 		.ascii	"bleApiResult\000"
 1958      70695265 
 1958      73756C74 
 1958      00
 1959              	.LASF112:
 1960 1091 4359424C 		.ascii	"CYBLE_ERROR_MIC_AUTH_FAILED\000"
 1960      455F4552 
 1960      524F525F 
 1960      4D49435F 
 1960      41555448 
 1961              	.LASF158:
 1962 10ad 75617274 		.ascii	"uartTxData\000"
 1962      54784461 
 1962      746100
 1963              	.LASF105:
 1964 10b8 4359424C 		.ascii	"CYBLE_ERROR_L2CAP_PSM_NOT_REGISTERED\000"
 1964      455F4552 
 1964      524F525F 
 1964      4C324341 
 1964      505F5053 
 1965              	.LASF144:
 1966 10dd 4359424C 		.ascii	"CYBLE_STATE_CONNECTED\000"
 1966      455F5354 
ARM GAS  C:\Users\Daniela\AppData\Local\Temp\ccyPayfh.s 			page 49


 1966      4154455F 
 1966      434F4E4E 
 1966      45435445 
 1967              	.LASF170:
 1968 10f3 61747472 		.ascii	"attrHandleRange\000"
 1968      48616E64 
 1968      6C655261 
 1968      6E676500 
 1969              	.LASF57:
 1970 1103 4359424C 		.ascii	"CYBLE_EVT_GATTC_FIND_BY_TYPE_VALUE_RSP\000"
 1970      455F4556 
 1970      545F4741 
 1970      5454435F 
 1970      46494E44 
 1971              	.LASF99:
 1972 112a 4359424C 		.ascii	"CYBLE_ERROR_GAP_ROLE\000"
 1972      455F4552 
 1972      524F525F 
 1972      4741505F 
 1972      524F4C45 
 1973              	.LASF37:
 1974 113f 4359424C 		.ascii	"CYBLE_EVT_GAP_KEYINFO_EXCHNGE_CMPLT\000"
 1974      455F4556 
 1974      545F4741 
 1974      505F4B45 
 1974      59494E46 
 1975              	.LASF126:
 1976 1163 62644861 		.ascii	"bdHandle\000"
 1976      6E646C65 
 1976      00
 1977              	.LASF75:
 1978 116c 4359424C 		.ascii	"CYBLE_EVT_L2CAP_CONN_PARAM_UPDATE_RSP\000"
 1978      455F4556 
 1978      545F4C32 
 1978      4341505F 
 1978      434F4E4E 
 1979              	.LASF42:
 1980 1192 4359424C 		.ascii	"CYBLE_EVT_GAP_ENHANCE_CONN_COMPLETE\000"
 1980      455F4556 
 1980      545F4741 
 1980      505F454E 
 1980      48414E43 
 1981              	.LASF125:
 1982 11b6 4359424C 		.ascii	"CYBLE_GATT_DB_ATTR_HANDLE_T\000"
 1982      455F4741 
 1982      54545F44 
 1982      425F4154 
 1982      54525F48 
 1983              	.LASF173:
 1984 11d2 74784368 		.ascii	"txCharHandle\000"
 1984      61724861 
 1984      6E646C65 
 1984      00
 1985              	.LASF51:
 1986 11df 4359424C 		.ascii	"CYBLE_EVT_GATT_DISCONNECT_IND\000"
 1986      455F4556 
 1986      545F4741 
ARM GAS  C:\Users\Daniela\AppData\Local\Temp\ccyPayfh.s 			page 50


 1986      54545F44 
 1986      4953434F 
 1987              	.LASF109:
 1988 11fd 4359424C 		.ascii	"CYBLE_ERROR_GATT_DB_INVALID_ATTR_HANDLE\000"
 1988      455F4552 
 1988      524F525F 
 1988      47415454 
 1988      5F44425F 
 1989              	.LASF88:
 1990 1225 4359424C 		.ascii	"CYBLE_EVT_FLASH_CORRUPT\000"
 1990      455F4556 
 1990      545F464C 
 1990      4153485F 
 1990      434F5252 
 1991              		.ident	"GCC: (GNU Tools for ARM Embedded Processors) 5.4.1 20160609 (release) [ARM/embedded-5-bran
