ARM GAS  C:\Users\Daniela\AppData\Local\Temp\ccVxjfvz.s 			page 1


   1              		.syntax unified
   2              		.cpu cortex-m0
   3              		.fpu softvfp
   4              		.eabi_attribute 20, 1
   5              		.eabi_attribute 21, 1
   6              		.eabi_attribute 23, 3
   7              		.eabi_attribute 24, 1
   8              		.eabi_attribute 25, 1
   9              		.eabi_attribute 26, 1
  10              		.eabi_attribute 30, 6
  11              		.eabi_attribute 34, 0
  12              		.eabi_attribute 18, 4
  13              		.thumb
  14              		.syntax unified
  15              		.file	"main.c"
  16              		.text
  17              	.Ltext0:
  18              		.cfi_sections	.debug_frame
  19              		.section	.rodata
  20              		.align	2
  21              	.LC1:
  22 0000 0A0D2044 		.ascii	"\012\015 DEBBUG\000"
  22      45424255 
  22      4700
  23 000a 0000     		.align	2
  24              	.LC3:
  25 000c 0A0D2A2A 		.ascii	"\012\015*******************************************"
  25      2A2A2A2A 
  25      2A2A2A2A 
  25      2A2A2A2A 
  25      2A2A2A2A 
  26 0039 2A2A2A2A 		.ascii	"*****************\000"
  26      2A2A2A2A 
  26      2A2A2A2A 
  26      2A2A2A2A 
  26      2A00
  27 004b 00       		.align	2
  28              	.LC5:
  29 004c 0A0D2A2A 		.ascii	"\012\015***************** BLE UART example project "
  29      2A2A2A2A 
  29      2A2A2A2A 
  29      2A2A2A2A 
  29      2A2A2A20 
  30 0079 2A2A2A2A 		.ascii	"*****************\000"
  30      2A2A2A2A 
  30      2A2A2A2A 
  30      2A2A2A2A 
  30      2A00
  31 008b 00       		.align	2
  32              	.LC7:
  33 008c 0A0D2A2A 		.ascii	"\012\015*******************************************"
  33      2A2A2A2A 
  33      2A2A2A2A 
  33      2A2A2A2A 
  33      2A2A2A2A 
  34 00b9 2A2A2A2A 		.ascii	"*****************\012\015\000"
  34      2A2A2A2A 
ARM GAS  C:\Users\Daniela\AppData\Local\Temp\ccVxjfvz.s 			page 2


  34      2A2A2A2A 
  34      2A2A2A2A 
  34      2A0A0D00 
  35 00cd 000000   		.align	2
  36              	.LC9:
  37 00d0 0A0D4465 		.ascii	"\012\015Device role \011: CENTRAL\000"
  37      76696365 
  37      20726F6C 
  37      6520093A 
  37      2043454E 
  38 00e9 000000   		.align	2
  39              	.LC11:
  40 00ec 0A0D4C6F 		.ascii	"\012\015Low Power Mode \011: DISABLED\000"
  40      7720506F 
  40      77657220 
  40      4D6F6465 
  40      20093A20 
  41 0109 000000   		.align	2
  42              	.LC13:
  43 010c 0A0D466C 		.ascii	"\012\015Flow Control \011: DISABLED\000"
  43      6F772043 
  43      6F6E7472 
  43      6F6C2009 
  43      3A204449 
  44 0127 00       		.align	2
  45              	.LC15:
  46 0128 0A0D0909 		.ascii	"\012\015\011\011CyBle stack initilization FAILED!!!"
  46      4379426C 
  46      65207374 
  46      61636B20 
  46      696E6974 
  47 014f 200A0D20 		.ascii	" \012\015 \000"
  47      00
  48              		.align	2
  49              	.LC17:
  50 0154 0A0D2042 		.ascii	"\012\015 Before processEvents1 \000"
  50      65666F72 
  50      65207072 
  50      6F636573 
  50      73457665 
  51 016e 0000     		.align	2
  52              	.LC19:
  53 0170 0A0D2041 		.ascii	"\012\015 After processEvents1 \000"
  53      66746572 
  53      2070726F 
  53      63657373 
  53      4576656E 
  54              		.section	.text.main,"ax",%progbits
  55              		.align	2
  56              		.global	main
  57              		.code	16
  58              		.thumb_func
  59              		.type	main, %function
  60              	main:
  61              	.LFB35:
  62              		.file 1 "main.c"
   1:main.c        **** /*******************************************************************************
ARM GAS  C:\Users\Daniela\AppData\Local\Temp\ccVxjfvz.s 			page 3


   2:main.c        **** * File Name: main.c
   3:main.c        **** *
   4:main.c        **** * Version: 1.0
   5:main.c        **** *
   6:main.c        **** * Description:
   7:main.c        **** *  BLE example project that works as a BLE to UART bridge, using 
   8:main.c        **** *  Cypress's BLE component APIs and application layer callback. 
   9:main.c        **** *  This project demostrates a custom service usage for BLE to UART  
  10:main.c        **** *  bridge in a CENTRAL role.
  11:main.c        **** *
  12:main.c        **** * References:
  13:main.c        **** *  BLUETOOTH SPECIFICATION Version 4.1
  14:main.c        **** *
  15:main.c        **** * Hardware Dependency:
  16:main.c        **** *  (1) CY8CKIT-042 BLE
  17:main.c        **** *  (2) An external UART transciever (if flow control is enabled) 
  18:main.c        **** *
  19:main.c        **** ********************************************************************************
  20:main.c        **** * Copyright 2015, Cypress Semiconductor Corporation.  All rights reserved.
  21:main.c        **** * You may use this file only in accordance with the license, terms, conditions,
  22:main.c        **** * disclaimers, and limitations in the end user license agreement accompanying
  23:main.c        **** * the software package with which this file was provided.
  24:main.c        **** *******************************************************************************/
  25:main.c        **** 
  26:main.c        **** #include "main.h"
  27:main.c        **** #include "teste.h"
  28:main.c        **** int main()
  29:main.c        **** {
  63              		.loc 1 29 0
  64              		.cfi_startproc
  65              		@ args = 0, pretend = 0, frame = 8
  66              		@ frame_needed = 1, uses_anonymous_args = 0
  67 0000 90B5     		push	{r4, r7, lr}
  68              		.cfi_def_cfa_offset 12
  69              		.cfi_offset 4, -12
  70              		.cfi_offset 7, -8
  71              		.cfi_offset 14, -4
  72 0002 83B0     		sub	sp, sp, #12
  73              		.cfi_def_cfa_offset 24
  74 0004 00AF     		add	r7, sp, #0
  75              		.cfi_def_cfa_register 7
  30:main.c        ****     #ifdef LOW_POWER_MODE    
  31:main.c        ****         CYBLE_LP_MODE_T         lpMode;
  32:main.c        ****         CYBLE_BLESS_STATE_T     blessState;
  33:main.c        ****     #endif
  34:main.c        ****     
  35:main.c        ****     CYBLE_API_RESULT_T      bleApiResult;
  36:main.c        ****    
  37:main.c        ****     CyGlobalIntEnable; 
  76              		.loc 1 37 0
  77              		.syntax divided
  78              	@ 37 "main.c" 1
  79 0006 62B6     		CPSIE   i
  80              	@ 0 "" 2
  38:main.c        ****  
  39:main.c        ****     /* Start UART and BLE component and display project information */
  40:main.c        ****     UART_Start();   
ARM GAS  C:\Users\Daniela\AppData\Local\Temp\ccVxjfvz.s 			page 4


  81              		.loc 1 40 0
  82              		.thumb
  83              		.syntax unified
  84 0008 FFF7FEFF 		bl	UART_Start
  41:main.c        ****     bleApiResult = CyBle_Start(AppCallBack); 
  85              		.loc 1 41 0
  86 000c BC1D     		adds	r4, r7, #6
  87 000e 1E4B     		ldr	r3, .L6
  88 0010 1800     		movs	r0, r3
  89 0012 FFF7FEFF 		bl	CyBle_Start
  90 0016 0300     		movs	r3, r0
  91 0018 2380     		strh	r3, [r4]
  42:main.c        ****     UART_UartPutString("\n\r DEBBUG");
  92              		.loc 1 42 0
  93 001a 1C4B     		ldr	r3, .L6+4
  94 001c 1800     		movs	r0, r3
  95 001e FFF7FEFF 		bl	UART_UartPutString
  43:main.c        ****     if(bleApiResult == CYBLE_ERROR_OK)
  96              		.loc 1 43 0
  97 0022 BB1D     		adds	r3, r7, #6
  98 0024 1B88     		ldrh	r3, [r3]
  99 0026 002B     		cmp	r3, #0
 100 0028 22D1     		bne	.L2
  44:main.c        ****     {
  45:main.c        ****         #ifdef PRINT_MESSAGE_LOG
  46:main.c        ****             UART_UartPutString("\n\r************************************************************");
 101              		.loc 1 46 0
 102 002a 194B     		ldr	r3, .L6+8
 103 002c 1800     		movs	r0, r3
 104 002e FFF7FEFF 		bl	UART_UartPutString
  47:main.c        ****             UART_UartPutString("\n\r***************** BLE UART example project *****************");
 105              		.loc 1 47 0
 106 0032 184B     		ldr	r3, .L6+12
 107 0034 1800     		movs	r0, r3
 108 0036 FFF7FEFF 		bl	UART_UartPutString
  48:main.c        ****             UART_UartPutString("\n\r************************************************************\n\
 109              		.loc 1 48 0
 110 003a 174B     		ldr	r3, .L6+16
 111 003c 1800     		movs	r0, r3
 112 003e FFF7FEFF 		bl	UART_UartPutString
  49:main.c        ****             UART_UartPutString("\n\rDevice role \t: CENTRAL");
 113              		.loc 1 49 0
 114 0042 164B     		ldr	r3, .L6+20
 115 0044 1800     		movs	r0, r3
 116 0046 FFF7FEFF 		bl	UART_UartPutString
  50:main.c        ****             
  51:main.c        ****             #ifdef LOW_POWER_MODE
  52:main.c        ****                 UART_UartPutString("\n\rLow Power Mode \t: ENABLED");
  53:main.c        ****             #else
  54:main.c        ****                 UART_UartPutString("\n\rLow Power Mode \t: DISABLED");
 117              		.loc 1 54 0
 118 004a 154B     		ldr	r3, .L6+24
 119 004c 1800     		movs	r0, r3
 120 004e FFF7FEFF 		bl	UART_UartPutString
  55:main.c        ****             #endif
  56:main.c        ****             
  57:main.c        ****             #ifdef FLOW_CONTROL
ARM GAS  C:\Users\Daniela\AppData\Local\Temp\ccVxjfvz.s 			page 5


  58:main.c        ****                 UART_UartPutString("\n\rFlow Control \t: ENABLED");  
  59:main.c        ****             #else
  60:main.c        ****                 UART_UartPutString("\n\rFlow Control \t: DISABLED");
 121              		.loc 1 60 0
 122 0052 144B     		ldr	r3, .L6+28
 123 0054 1800     		movs	r0, r3
 124 0056 FFF7FEFF 		bl	UART_UartPutString
  61:main.c        ****             #endif
  62:main.c        ****             
  63:main.c        ****         #endif
  64:main.c        ****     }
  65:main.c        ****     else
  66:main.c        ****     {
  67:main.c        ****         #ifdef PRINT_MESSAGE_LOG   
  68:main.c        ****             UART_UartPutString("\n\r\t\tCyBle stack initilization FAILED!!! \n\r ");
  69:main.c        ****         #endif
  70:main.c        ****         
  71:main.c        ****         /* Enter infinite loop */
  72:main.c        ****         while(1);
  73:main.c        ****     }
  74:main.c        ****     UART_UartPutString("\n\r Before processEvents1 ");
 125              		.loc 1 74 0
 126 005a 134B     		ldr	r3, .L6+32
 127 005c 1800     		movs	r0, r3
 128 005e FFF7FEFF 		bl	UART_UartPutString
  75:main.c        ****     CyBle_ProcessEvents();
 129              		.loc 1 75 0
 130 0062 FFF7FEFF 		bl	CyBle_ProcessEvents
  76:main.c        ****     UART_UartPutString("\n\r After processEvents1 ");
 131              		.loc 1 76 0
 132 0066 114B     		ldr	r3, .L6+36
 133 0068 1800     		movs	r0, r3
 134 006a FFF7FEFF 		bl	UART_UartPutString
 135 006e 04E0     		b	.L5
 136              	.L2:
  68:main.c        ****         #endif
 137              		.loc 1 68 0
 138 0070 0F4B     		ldr	r3, .L6+40
 139 0072 1800     		movs	r0, r3
 140 0074 FFF7FEFF 		bl	UART_UartPutString
 141              	.L4:
  72:main.c        ****     }
 142              		.loc 1 72 0 discriminator 1
 143 0078 FEE7     		b	.L4
 144              	.L5:
  77:main.c        ****     /***************************************************************************
  78:main.c        ****     * Main polling loop
  79:main.c        ****     ***************************************************************************/
  80:main.c        ****     while(1)
  81:main.c        ****     {               
  82:main.c        ****         #ifdef LOW_POWER_MODE
  83:main.c        ****             
  84:main.c        ****             if((CyBle_GetState() != CYBLE_STATE_INITIALIZING) && (CyBle_GetState() != CYBLE_STATE_D
  85:main.c        ****             {
  86:main.c        ****                 /* Enter DeepSleep mode between connection intervals */
  87:main.c        ****                 
  88:main.c        ****                 lpMode = CyBle_EnterLPM(CYBLE_BLESS_DEEPSLEEP);
ARM GAS  C:\Users\Daniela\AppData\Local\Temp\ccVxjfvz.s 			page 6


  89:main.c        ****                 CyGlobalIntDisable;
  90:main.c        ****                 blessState = CyBle_GetBleSsState();
  91:main.c        **** 
  92:main.c        ****                 if(lpMode == CYBLE_BLESS_DEEPSLEEP) 
  93:main.c        ****                 {   
  94:main.c        ****                     if((blessState == CYBLE_BLESS_STATE_ECO_ON || blessState == CYBLE_BLESS_STATE_D
  95:main.c        ****                             (UART_SpiUartGetTxBufferSize() + UART_GET_TX_FIFO_SR_VALID) == 0u)
  96:main.c        ****                     {
  97:main.c        ****                         EnableUartRxInt();
  98:main.c        ****                         CySysPmSleep();
  99:main.c        ****                         DisableUartRxInt();
 100:main.c        ****                     }
 101:main.c        ****                 }
 102:main.c        ****                 else
 103:main.c        ****                 {
 104:main.c        ****                     if((blessState != CYBLE_BLESS_STATE_EVENT_CLOSE) && \
 105:main.c        ****                             (UART_SpiUartGetTxBufferSize() + UART_GET_TX_FIFO_SR_VALID) == 0u)
 106:main.c        ****                     {
 107:main.c        ****                         EnableUartRxInt();
 108:main.c        ****                         CySysPmSleep();
 109:main.c        ****                         DisableUartRxInt();
 110:main.c        ****                     }
 111:main.c        ****                 }
 112:main.c        ****                 CyGlobalIntEnable;
 113:main.c        ****                 
 114:main.c        ****                 /* Handle advertising led blinking */
 115:main.c        ****                 HandleLeds();
 116:main.c        ****             }
 117:main.c        ****             
 118:main.c        ****         #else
 119:main.c        ****             HandleLeds();
 145              		.loc 1 119 0 discriminator 1
 146 007a FFF7FEFF 		bl	HandleLeds
 120:main.c        ****         #endif
 121:main.c        ****         
 122:main.c        ****         /*******************************************************************
 123:main.c        ****         *  Process all pending BLE events in the stack
 124:main.c        ****         *******************************************************************/      
 125:main.c        ****       // UART_UartPutString("\n\r Before handleBLE ");
 126:main.c        ****         HandleBleProcessing();
 147              		.loc 1 126 0 discriminator 1
 148 007e FFF7FEFF 		bl	HandleBleProcessing
 127:main.c        ****         //UART_UartPutString(ultoa(CyBle_GetState()));
 128:main.c        ****       //  UART_UartPutString("\n\r after handleBLE ");
 129:main.c        ****         //UART_UartPutString("\n\r\t\ entre handle e cyble ");
 130:main.c        ****         CyBle_ProcessEvents();
 149              		.loc 1 130 0 discriminator 1
 150 0082 FFF7FEFF 		bl	CyBle_ProcessEvents
 131:main.c        ****     }
 151              		.loc 1 131 0 discriminator 1
 152 0086 F8E7     		b	.L5
 153              	.L7:
 154              		.align	2
 155              	.L6:
 156 0088 00000000 		.word	AppCallBack
 157 008c 00000000 		.word	.LC1
 158 0090 0C000000 		.word	.LC3
ARM GAS  C:\Users\Daniela\AppData\Local\Temp\ccVxjfvz.s 			page 7


 159 0094 4C000000 		.word	.LC5
 160 0098 8C000000 		.word	.LC7
 161 009c D0000000 		.word	.LC9
 162 00a0 EC000000 		.word	.LC11
 163 00a4 0C010000 		.word	.LC13
 164 00a8 54010000 		.word	.LC17
 165 00ac 70010000 		.word	.LC19
 166 00b0 28010000 		.word	.LC15
 167              		.cfi_endproc
 168              	.LFE35:
 169              		.size	main, .-main
 170              		.text
 171              	.Letext0:
 172              		.file 2 "Generated_Source\\PSoC4/BLE_Stack.h"
 173              		.section	.debug_info,"",%progbits
 174              	.Ldebug_info0:
 175 0000 9A010000 		.4byte	0x19a
 176 0004 0400     		.2byte	0x4
 177 0006 00000000 		.4byte	.Ldebug_abbrev0
 178 000a 04       		.byte	0x4
 179 000b 01       		.uleb128 0x1
 180 000c 8E020000 		.4byte	.LASF48
 181 0010 0C       		.byte	0xc
 182 0011 DE040000 		.4byte	.LASF49
 183 0015 88050000 		.4byte	.LASF50
 184 0019 00000000 		.4byte	.Ldebug_ranges0+0
 185 001d 00000000 		.4byte	0
 186 0021 00000000 		.4byte	.Ldebug_line0
 187 0025 02       		.uleb128 0x2
 188 0026 01       		.byte	0x1
 189 0027 06       		.byte	0x6
 190 0028 67050000 		.4byte	.LASF0
 191 002c 02       		.uleb128 0x2
 192 002d 01       		.byte	0x1
 193 002e 08       		.byte	0x8
 194 002f FF010000 		.4byte	.LASF1
 195 0033 02       		.uleb128 0x2
 196 0034 02       		.byte	0x2
 197 0035 05       		.byte	0x5
 198 0036 12050000 		.4byte	.LASF2
 199 003a 02       		.uleb128 0x2
 200 003b 02       		.byte	0x2
 201 003c 07       		.byte	0x7
 202 003d 7B020000 		.4byte	.LASF3
 203 0041 02       		.uleb128 0x2
 204 0042 04       		.byte	0x4
 205 0043 05       		.byte	0x5
 206 0044 3F050000 		.4byte	.LASF4
 207 0048 02       		.uleb128 0x2
 208 0049 04       		.byte	0x4
 209 004a 07       		.byte	0x7
 210 004b 4F020000 		.4byte	.LASF5
 211 004f 02       		.uleb128 0x2
 212 0050 08       		.byte	0x8
 213 0051 05       		.byte	0x5
 214 0052 D0040000 		.4byte	.LASF6
 215 0056 02       		.uleb128 0x2
ARM GAS  C:\Users\Daniela\AppData\Local\Temp\ccVxjfvz.s 			page 8


 216 0057 08       		.byte	0x8
 217 0058 07       		.byte	0x7
 218 0059 E8010000 		.4byte	.LASF7
 219 005d 03       		.uleb128 0x3
 220 005e 04       		.byte	0x4
 221 005f 05       		.byte	0x5
 222 0060 696E7400 		.ascii	"int\000"
 223 0064 02       		.uleb128 0x2
 224 0065 04       		.byte	0x4
 225 0066 07       		.byte	0x7
 226 0067 01040000 		.4byte	.LASF8
 227 006b 02       		.uleb128 0x2
 228 006c 04       		.byte	0x4
 229 006d 04       		.byte	0x4
 230 006e 87000000 		.4byte	.LASF9
 231 0072 02       		.uleb128 0x2
 232 0073 08       		.byte	0x8
 233 0074 04       		.byte	0x4
 234 0075 92030000 		.4byte	.LASF10
 235 0079 02       		.uleb128 0x2
 236 007a 01       		.byte	0x1
 237 007b 08       		.byte	0x8
 238 007c 51040000 		.4byte	.LASF11
 239 0080 02       		.uleb128 0x2
 240 0081 08       		.byte	0x8
 241 0082 04       		.byte	0x4
 242 0083 5B050000 		.4byte	.LASF12
 243 0087 02       		.uleb128 0x2
 244 0088 04       		.byte	0x4
 245 0089 07       		.byte	0x7
 246 008a C7040000 		.4byte	.LASF13
 247 008e 04       		.uleb128 0x4
 248 008f 02       		.byte	0x2
 249 0090 3A000000 		.4byte	0x3a
 250 0094 02       		.byte	0x2
 251 0095 EA03     		.2byte	0x3ea
 252 0097 6D010000 		.4byte	0x16d
 253 009b 05       		.uleb128 0x5
 254 009c 5F010000 		.4byte	.LASF14
 255 00a0 00       		.byte	0
 256 00a1 05       		.uleb128 0x5
 257 00a2 56040000 		.4byte	.LASF15
 258 00a6 01       		.byte	0x1
 259 00a7 05       		.uleb128 0x5
 260 00a8 A1010000 		.4byte	.LASF16
 261 00ac 02       		.byte	0x2
 262 00ad 05       		.uleb128 0x5
 263 00ae 1A000000 		.4byte	.LASF17
 264 00b2 03       		.byte	0x3
 265 00b3 05       		.uleb128 0x5
 266 00b4 1C050000 		.4byte	.LASF18
 267 00b8 04       		.byte	0x4
 268 00b9 05       		.uleb128 0x5
 269 00ba BE030000 		.4byte	.LASF19
 270 00be 05       		.byte	0x5
 271 00bf 05       		.uleb128 0x5
 272 00c0 61020000 		.4byte	.LASF20
ARM GAS  C:\Users\Daniela\AppData\Local\Temp\ccVxjfvz.s 			page 9


 273 00c4 06       		.byte	0x6
 274 00c5 05       		.uleb128 0x5
 275 00c6 F5040000 		.4byte	.LASF21
 276 00ca 07       		.byte	0x7
 277 00cb 05       		.uleb128 0x5
 278 00cc 74040000 		.4byte	.LASF22
 279 00d0 08       		.byte	0x8
 280 00d1 05       		.uleb128 0x5
 281 00d2 73050000 		.4byte	.LASF23
 282 00d6 09       		.byte	0x9
 283 00d7 05       		.uleb128 0x5
 284 00d8 00000000 		.4byte	.LASF24
 285 00dc 0A       		.byte	0xa
 286 00dd 05       		.uleb128 0x5
 287 00de 99030000 		.4byte	.LASF25
 288 00e2 0B       		.byte	0xb
 289 00e3 05       		.uleb128 0x5
 290 00e4 2B010000 		.4byte	.LASF26
 291 00e8 0C       		.byte	0xc
 292 00e9 05       		.uleb128 0x5
 293 00ea DC030000 		.4byte	.LASF27
 294 00ee 0D       		.byte	0xd
 295 00ef 05       		.uleb128 0x5
 296 00f0 BF010000 		.4byte	.LASF28
 297 00f4 0E       		.byte	0xe
 298 00f5 05       		.uleb128 0x5
 299 00f6 D2000000 		.4byte	.LASF29
 300 00fa 0F       		.byte	0xf
 301 00fb 05       		.uleb128 0x5
 302 00fc 64030000 		.4byte	.LASF30
 303 0100 10       		.byte	0x10
 304 0101 05       		.uleb128 0x5
 305 0102 3F000000 		.4byte	.LASF31
 306 0106 11       		.byte	0x11
 307 0107 05       		.uleb128 0x5
 308 0108 AF000000 		.4byte	.LASF32
 309 010c 12       		.byte	0x12
 310 010d 05       		.uleb128 0x5
 311 010e 0D020000 		.4byte	.LASF33
 312 0112 13       		.byte	0x13
 313 0113 05       		.uleb128 0x5
 314 0114 8D000000 		.4byte	.LASF34
 315 0118 27       		.byte	0x27
 316 0119 05       		.uleb128 0x5
 317 011a 1C030000 		.4byte	.LASF35
 318 011e 28       		.byte	0x28
 319 011f 05       		.uleb128 0x5
 320 0120 0F010000 		.4byte	.LASF36
 321 0124 29       		.byte	0x29
 322 0125 05       		.uleb128 0x5
 323 0126 42010000 		.4byte	.LASF37
 324 012a 2A       		.byte	0x2a
 325 012b 05       		.uleb128 0x5
 326 012c 6E010000 		.4byte	.LASF38
 327 0130 2B       		.byte	0x2b
 328 0131 05       		.uleb128 0x5
 329 0132 F7000000 		.4byte	.LASF39
ARM GAS  C:\Users\Daniela\AppData\Local\Temp\ccVxjfvz.s 			page 10


 330 0136 2C       		.byte	0x2c
 331 0137 05       		.uleb128 0x5
 332 0138 0E040000 		.4byte	.LASF40
 333 013c 2D       		.byte	0x2d
 334 013d 05       		.uleb128 0x5
 335 013e 92040000 		.4byte	.LASF41
 336 0142 FE       		.byte	0xfe
 337 0143 05       		.uleb128 0x5
 338 0144 E5040000 		.4byte	.LASF42
 339 0148 FF       		.byte	0xff
 340 0149 06       		.uleb128 0x6
 341 014a 38040000 		.4byte	.LASF43
 342 014e 0001     		.2byte	0x100
 343 0150 06       		.uleb128 0x6
 344 0151 AE040000 		.4byte	.LASF44
 345 0155 0101     		.2byte	0x101
 346 0157 06       		.uleb128 0x6
 347 0158 41030000 		.4byte	.LASF45
 348 015c 0201     		.2byte	0x102
 349 015e 06       		.uleb128 0x6
 350 015f 35020000 		.4byte	.LASF46
 351 0163 0301     		.2byte	0x103
 352 0165 06       		.uleb128 0x6
 353 0166 70000000 		.4byte	.LASF47
 354 016a 0401     		.2byte	0x104
 355 016c 00       		.byte	0
 356 016d 07       		.uleb128 0x7
 357 016e 48050000 		.4byte	.LASF51
 358 0172 02       		.byte	0x2
 359 0173 5C04     		.2byte	0x45c
 360 0175 8E000000 		.4byte	0x8e
 361 0179 08       		.uleb128 0x8
 362 017a B9030000 		.4byte	.LASF52
 363 017e 01       		.byte	0x1
 364 017f 1C       		.byte	0x1c
 365 0180 5D000000 		.4byte	0x5d
 366 0184 00000000 		.4byte	.LFB35
 367 0188 B4000000 		.4byte	.LFE35-.LFB35
 368 018c 01       		.uleb128 0x1
 369 018d 9C       		.byte	0x9c
 370 018e 09       		.uleb128 0x9
 371 018f 63000000 		.4byte	.LASF53
 372 0193 01       		.byte	0x1
 373 0194 23       		.byte	0x23
 374 0195 6D010000 		.4byte	0x16d
 375 0199 02       		.uleb128 0x2
 376 019a 91       		.byte	0x91
 377 019b 6E       		.sleb128 -18
 378 019c 00       		.byte	0
 379 019d 00       		.byte	0
 380              		.section	.debug_abbrev,"",%progbits
 381              	.Ldebug_abbrev0:
 382 0000 01       		.uleb128 0x1
 383 0001 11       		.uleb128 0x11
 384 0002 01       		.byte	0x1
 385 0003 25       		.uleb128 0x25
 386 0004 0E       		.uleb128 0xe
ARM GAS  C:\Users\Daniela\AppData\Local\Temp\ccVxjfvz.s 			page 11


 387 0005 13       		.uleb128 0x13
 388 0006 0B       		.uleb128 0xb
 389 0007 03       		.uleb128 0x3
 390 0008 0E       		.uleb128 0xe
 391 0009 1B       		.uleb128 0x1b
 392 000a 0E       		.uleb128 0xe
 393 000b 55       		.uleb128 0x55
 394 000c 17       		.uleb128 0x17
 395 000d 11       		.uleb128 0x11
 396 000e 01       		.uleb128 0x1
 397 000f 10       		.uleb128 0x10
 398 0010 17       		.uleb128 0x17
 399 0011 00       		.byte	0
 400 0012 00       		.byte	0
 401 0013 02       		.uleb128 0x2
 402 0014 24       		.uleb128 0x24
 403 0015 00       		.byte	0
 404 0016 0B       		.uleb128 0xb
 405 0017 0B       		.uleb128 0xb
 406 0018 3E       		.uleb128 0x3e
 407 0019 0B       		.uleb128 0xb
 408 001a 03       		.uleb128 0x3
 409 001b 0E       		.uleb128 0xe
 410 001c 00       		.byte	0
 411 001d 00       		.byte	0
 412 001e 03       		.uleb128 0x3
 413 001f 24       		.uleb128 0x24
 414 0020 00       		.byte	0
 415 0021 0B       		.uleb128 0xb
 416 0022 0B       		.uleb128 0xb
 417 0023 3E       		.uleb128 0x3e
 418 0024 0B       		.uleb128 0xb
 419 0025 03       		.uleb128 0x3
 420 0026 08       		.uleb128 0x8
 421 0027 00       		.byte	0
 422 0028 00       		.byte	0
 423 0029 04       		.uleb128 0x4
 424 002a 04       		.uleb128 0x4
 425 002b 01       		.byte	0x1
 426 002c 0B       		.uleb128 0xb
 427 002d 0B       		.uleb128 0xb
 428 002e 49       		.uleb128 0x49
 429 002f 13       		.uleb128 0x13
 430 0030 3A       		.uleb128 0x3a
 431 0031 0B       		.uleb128 0xb
 432 0032 3B       		.uleb128 0x3b
 433 0033 05       		.uleb128 0x5
 434 0034 01       		.uleb128 0x1
 435 0035 13       		.uleb128 0x13
 436 0036 00       		.byte	0
 437 0037 00       		.byte	0
 438 0038 05       		.uleb128 0x5
 439 0039 28       		.uleb128 0x28
 440 003a 00       		.byte	0
 441 003b 03       		.uleb128 0x3
 442 003c 0E       		.uleb128 0xe
 443 003d 1C       		.uleb128 0x1c
ARM GAS  C:\Users\Daniela\AppData\Local\Temp\ccVxjfvz.s 			page 12


 444 003e 0B       		.uleb128 0xb
 445 003f 00       		.byte	0
 446 0040 00       		.byte	0
 447 0041 06       		.uleb128 0x6
 448 0042 28       		.uleb128 0x28
 449 0043 00       		.byte	0
 450 0044 03       		.uleb128 0x3
 451 0045 0E       		.uleb128 0xe
 452 0046 1C       		.uleb128 0x1c
 453 0047 05       		.uleb128 0x5
 454 0048 00       		.byte	0
 455 0049 00       		.byte	0
 456 004a 07       		.uleb128 0x7
 457 004b 16       		.uleb128 0x16
 458 004c 00       		.byte	0
 459 004d 03       		.uleb128 0x3
 460 004e 0E       		.uleb128 0xe
 461 004f 3A       		.uleb128 0x3a
 462 0050 0B       		.uleb128 0xb
 463 0051 3B       		.uleb128 0x3b
 464 0052 05       		.uleb128 0x5
 465 0053 49       		.uleb128 0x49
 466 0054 13       		.uleb128 0x13
 467 0055 00       		.byte	0
 468 0056 00       		.byte	0
 469 0057 08       		.uleb128 0x8
 470 0058 2E       		.uleb128 0x2e
 471 0059 01       		.byte	0x1
 472 005a 3F       		.uleb128 0x3f
 473 005b 19       		.uleb128 0x19
 474 005c 03       		.uleb128 0x3
 475 005d 0E       		.uleb128 0xe
 476 005e 3A       		.uleb128 0x3a
 477 005f 0B       		.uleb128 0xb
 478 0060 3B       		.uleb128 0x3b
 479 0061 0B       		.uleb128 0xb
 480 0062 49       		.uleb128 0x49
 481 0063 13       		.uleb128 0x13
 482 0064 11       		.uleb128 0x11
 483 0065 01       		.uleb128 0x1
 484 0066 12       		.uleb128 0x12
 485 0067 06       		.uleb128 0x6
 486 0068 40       		.uleb128 0x40
 487 0069 18       		.uleb128 0x18
 488 006a 9642     		.uleb128 0x2116
 489 006c 19       		.uleb128 0x19
 490 006d 00       		.byte	0
 491 006e 00       		.byte	0
 492 006f 09       		.uleb128 0x9
 493 0070 34       		.uleb128 0x34
 494 0071 00       		.byte	0
 495 0072 03       		.uleb128 0x3
 496 0073 0E       		.uleb128 0xe
 497 0074 3A       		.uleb128 0x3a
 498 0075 0B       		.uleb128 0xb
 499 0076 3B       		.uleb128 0x3b
 500 0077 0B       		.uleb128 0xb
ARM GAS  C:\Users\Daniela\AppData\Local\Temp\ccVxjfvz.s 			page 13


 501 0078 49       		.uleb128 0x49
 502 0079 13       		.uleb128 0x13
 503 007a 02       		.uleb128 0x2
 504 007b 18       		.uleb128 0x18
 505 007c 00       		.byte	0
 506 007d 00       		.byte	0
 507 007e 00       		.byte	0
 508              		.section	.debug_aranges,"",%progbits
 509 0000 1C000000 		.4byte	0x1c
 510 0004 0200     		.2byte	0x2
 511 0006 00000000 		.4byte	.Ldebug_info0
 512 000a 04       		.byte	0x4
 513 000b 00       		.byte	0
 514 000c 0000     		.2byte	0
 515 000e 0000     		.2byte	0
 516 0010 00000000 		.4byte	.LFB35
 517 0014 B4000000 		.4byte	.LFE35-.LFB35
 518 0018 00000000 		.4byte	0
 519 001c 00000000 		.4byte	0
 520              		.section	.debug_ranges,"",%progbits
 521              	.Ldebug_ranges0:
 522 0000 00000000 		.4byte	.LFB35
 523 0004 B4000000 		.4byte	.LFE35
 524 0008 00000000 		.4byte	0
 525 000c 00000000 		.4byte	0
 526              		.section	.debug_line,"",%progbits
 527              	.Ldebug_line0:
 528 0000 86000000 		.section	.debug_str,"MS",%progbits,1
 528      02004300 
 528      00000201 
 528      FB0E0D00 
 528      01010101 
 529              	.LASF24:
 530 0000 4359424C 		.ascii	"CYBLE_ERROR_TX_POWER_READ\000"
 530      455F4552 
 530      524F525F 
 530      54585F50 
 530      4F574552 
 531              	.LASF17:
 532 001a 4359424C 		.ascii	"CYBLE_ERROR_MEMORY_ALLOCATION_FAILED\000"
 532      455F4552 
 532      524F525F 
 532      4D454D4F 
 532      52595F41 
 533              	.LASF31:
 534 003f 4359424C 		.ascii	"CYBLE_ERROR_L2CAP_CHANNEL_NOT_FOUND\000"
 534      455F4552 
 534      524F525F 
 534      4C324341 
 534      505F4348 
 535              	.LASF53:
 536 0063 626C6541 		.ascii	"bleApiResult\000"
 536      70695265 
 536      73756C74 
 536      00
 537              	.LASF47:
 538 0070 4359424C 		.ascii	"CYBLE_ERROR_STACK_BUSY\000"
ARM GAS  C:\Users\Daniela\AppData\Local\Temp\ccVxjfvz.s 			page 14


 538      455F4552 
 538      524F525F 
 538      53544143 
 538      4B5F4255 
 539              	.LASF9:
 540 0087 666C6F61 		.ascii	"float\000"
 540      7400
 541              	.LASF34:
 542 008d 4359424C 		.ascii	"CYBLE_ERROR_DEVICE_ALREADY_EXISTS\000"
 542      455F4552 
 542      524F525F 
 542      44455649 
 542      43455F41 
 543              	.LASF32:
 544 00af 4359424C 		.ascii	"CYBLE_ERROR_L2CAP_PSM_NOT_IN_RANGE\000"
 544      455F4552 
 544      524F525F 
 544      4C324341 
 544      505F5053 
 545              	.LASF29:
 546 00d2 4359424C 		.ascii	"CYBLE_ERROR_L2CAP_PSM_NOT_REGISTERED\000"
 546      455F4552 
 546      524F525F 
 546      4C324341 
 546      505F5053 
 547              	.LASF39:
 548 00f7 4359424C 		.ascii	"CYBLE_ERROR_FLASH_WRITE\000"
 548      455F4552 
 548      524F525F 
 548      464C4153 
 548      485F5752 
 549              	.LASF36:
 550 010f 4359424C 		.ascii	"CYBLE_ERROR_MIC_AUTH_FAILED\000"
 550      455F4552 
 550      524F525F 
 550      4D49435F 
 550      41555448 
 551              	.LASF26:
 552 012b 4359424C 		.ascii	"CYBLE_ERROR_SEC_FAILED\000"
 552      455F4552 
 552      524F525F 
 552      5345435F 
 552      4641494C 
 553              	.LASF37:
 554 0142 4359424C 		.ascii	"CYBLE_ERROR_HARDWARE_FAILURE\000"
 554      455F4552 
 554      524F525F 
 554      48415244 
 554      57415245 
 555              	.LASF14:
 556 015f 4359424C 		.ascii	"CYBLE_ERROR_OK\000"
 556      455F4552 
 556      524F525F 
 556      4F4B00
 557              	.LASF38:
 558 016e 4359424C 		.ascii	"CYBLE_ERROR_UNSUPPORTED_FEATURE_OR_PARAMETER_VALUE\000"
 558      455F4552 
ARM GAS  C:\Users\Daniela\AppData\Local\Temp\ccVxjfvz.s 			page 15


 558      524F525F 
 558      554E5355 
 558      50504F52 
 559              	.LASF16:
 560 01a1 4359424C 		.ascii	"CYBLE_ERROR_INVALID_OPERATION\000"
 560      455F4552 
 560      524F525F 
 560      494E5641 
 560      4C49445F 
 561              	.LASF28:
 562 01bf 4359424C 		.ascii	"CYBLE_ERROR_L2CAP_PSM_ALREADY_REGISTERED\000"
 562      455F4552 
 562      524F525F 
 562      4C324341 
 562      505F5053 
 563              	.LASF7:
 564 01e8 6C6F6E67 		.ascii	"long long unsigned int\000"
 564      206C6F6E 
 564      6720756E 
 564      7369676E 
 564      65642069 
 565              	.LASF1:
 566 01ff 756E7369 		.ascii	"unsigned char\000"
 566      676E6564 
 566      20636861 
 566      7200
 567              	.LASF33:
 568 020d 4359424C 		.ascii	"CYBLE_ERROR_GATT_DB_INVALID_ATTR_HANDLE\000"
 568      455F4552 
 568      524F525F 
 568      47415454 
 568      5F44425F 
 569              	.LASF46:
 570 0235 4359424C 		.ascii	"CYBLE_ERROR_INVALID_STATE\000"
 570      455F4552 
 570      524F525F 
 570      494E5641 
 570      4C49445F 
 571              	.LASF5:
 572 024f 6C6F6E67 		.ascii	"long unsigned int\000"
 572      20756E73 
 572      69676E65 
 572      6420696E 
 572      7400
 573              	.LASF20:
 574 0261 4359424C 		.ascii	"CYBLE_ERROR_NO_CONNECTION\000"
 574      455F4552 
 574      524F525F 
 574      4E4F5F43 
 574      4F4E4E45 
 575              	.LASF3:
 576 027b 73686F72 		.ascii	"short unsigned int\000"
 576      7420756E 
 576      7369676E 
 576      65642069 
 576      6E7400
 577              	.LASF48:
ARM GAS  C:\Users\Daniela\AppData\Local\Temp\ccVxjfvz.s 			page 16


 578 028e 474E5520 		.ascii	"GNU C11 5.4.1 20160609 (release) [ARM/embedded-5-br"
 578      43313120 
 578      352E342E 
 578      31203230 
 578      31363036 
 579 02c1 616E6368 		.ascii	"anch revision 237715] -mcpu=cortex-m0 -mthumb -g -O"
 579      20726576 
 579      6973696F 
 579      6E203233 
 579      37373135 
 580 02f4 30202D66 		.ascii	"0 -ffunction-sections -ffat-lto-objects\000"
 580      66756E63 
 580      74696F6E 
 580      2D736563 
 580      74696F6E 
 581              	.LASF35:
 582 031c 4359424C 		.ascii	"CYBLE_ERROR_FLASH_WRITE_NOT_PERMITED\000"
 582      455F4552 
 582      524F525F 
 582      464C4153 
 582      485F5752 
 583              	.LASF45:
 584 0341 4359424C 		.ascii	"CYBLE_ERROR_CHAR_IS_NOT_DISCOVERED\000"
 584      455F4552 
 584      524F525F 
 584      43484152 
 584      5F49535F 
 585              	.LASF30:
 586 0364 4359424C 		.ascii	"CYBLE_ERROR_L2CAP_CONNECTION_ENTITY_NOT_FOUND\000"
 586      455F4552 
 586      524F525F 
 586      4C324341 
 586      505F434F 
 587              	.LASF10:
 588 0392 646F7562 		.ascii	"double\000"
 588      6C6500
 589              	.LASF25:
 590 0399 4359424C 		.ascii	"CYBLE_ERROR_BT_ON_NOT_COMPLETED\000"
 590      455F4552 
 590      524F525F 
 590      42545F4F 
 590      4E5F4E4F 
 591              	.LASF52:
 592 03b9 6D61696E 		.ascii	"main\000"
 592      00
 593              	.LASF19:
 594 03be 4359424C 		.ascii	"CYBLE_ERROR_OOB_NOT_AVAILABLE\000"
 594      455F4552 
 594      524F525F 
 594      4F4F425F 
 594      4E4F545F 
 595              	.LASF27:
 596 03dc 4359424C 		.ascii	"CYBLE_ERROR_L2CAP_PSM_WRONG_ENCODING\000"
 596      455F4552 
 596      524F525F 
 596      4C324341 
 596      505F5053 
ARM GAS  C:\Users\Daniela\AppData\Local\Temp\ccVxjfvz.s 			page 17


 597              	.LASF8:
 598 0401 756E7369 		.ascii	"unsigned int\000"
 598      676E6564 
 598      20696E74 
 598      00
 599              	.LASF40:
 600 040e 4359424C 		.ascii	"CYBLE_ERROR_LL_SAME_TRANSACTION_COLLISION\000"
 600      455F4552 
 600      524F525F 
 600      4C4C5F53 
 600      414D455F 
 601              	.LASF43:
 602 0438 4359424C 		.ascii	"CYBLE_ERROR_NTF_DISABLED\000"
 602      455F4552 
 602      524F525F 
 602      4E54465F 
 602      44495341 
 603              	.LASF11:
 604 0451 63686172 		.ascii	"char\000"
 604      00
 605              	.LASF15:
 606 0456 4359424C 		.ascii	"CYBLE_ERROR_INVALID_PARAMETER\000"
 606      455F4552 
 606      524F525F 
 606      494E5641 
 606      4C49445F 
 607              	.LASF22:
 608 0474 4359424C 		.ascii	"CYBLE_ERROR_REPEATED_ATTEMPTS\000"
 608      455F4552 
 608      524F525F 
 608      52455045 
 608      41544544 
 609              	.LASF41:
 610 0492 4359424C 		.ascii	"CYBLE_ERROR_CONTROLLER_BUSY\000"
 610      455F4552 
 610      524F525F 
 610      434F4E54 
 610      524F4C4C 
 611              	.LASF44:
 612 04ae 4359424C 		.ascii	"CYBLE_ERROR_IND_DISABLED\000"
 612      455F4552 
 612      524F525F 
 612      494E445F 
 612      44495341 
 613              	.LASF13:
 614 04c7 73697A65 		.ascii	"sizetype\000"
 614      74797065 
 614      00
 615              	.LASF6:
 616 04d0 6C6F6E67 		.ascii	"long long int\000"
 616      206C6F6E 
 616      6720696E 
 616      7400
 617              	.LASF49:
 618 04de 6D61696E 		.ascii	"main.c\000"
 618      2E6300
 619              	.LASF42:
ARM GAS  C:\Users\Daniela\AppData\Local\Temp\ccVxjfvz.s 			page 18


 620 04e5 4359424C 		.ascii	"CYBLE_ERROR_MAX\000"
 620      455F4552 
 620      524F525F 
 620      4D415800 
 621              	.LASF21:
 622 04f5 4359424C 		.ascii	"CYBLE_ERROR_NO_DEVICE_ENTITY\000"
 622      455F4552 
 622      524F525F 
 622      4E4F5F44 
 622      45564943 
 623              	.LASF2:
 624 0512 73686F72 		.ascii	"short int\000"
 624      7420696E 
 624      7400
 625              	.LASF18:
 626 051c 4359424C 		.ascii	"CYBLE_ERROR_INSUFFICIENT_RESOURCES\000"
 626      455F4552 
 626      524F525F 
 626      494E5355 
 626      46464943 
 627              	.LASF4:
 628 053f 6C6F6E67 		.ascii	"long int\000"
 628      20696E74 
 628      00
 629              	.LASF51:
 630 0548 4359424C 		.ascii	"CYBLE_API_RESULT_T\000"
 630      455F4150 
 630      495F5245 
 630      53554C54 
 630      5F5400
 631              	.LASF12:
 632 055b 6C6F6E67 		.ascii	"long double\000"
 632      20646F75 
 632      626C6500 
 633              	.LASF0:
 634 0567 7369676E 		.ascii	"signed char\000"
 634      65642063 
 634      68617200 
 635              	.LASF23:
 636 0573 4359424C 		.ascii	"CYBLE_ERROR_GAP_ROLE\000"
 636      455F4552 
 636      524F525F 
 636      4741505F 
 636      524F4C45 
 637              	.LASF50:
 638 0588 433A5C55 		.ascii	"C:\\Users\\Daniela\\Desktop\\Bluetooth_Project\\UAR"
 638      73657273 
 638      5C44616E 
 638      69656C61 
 638      5C446573 
 639 05b6 545F746F 		.ascii	"T_to_BLE_central\\UART_to_BLE_central.cydsn\000"
 639      5F424C45 
 639      5F63656E 
 639      7472616C 
 639      5C554152 
 640              		.ident	"GCC: (GNU Tools for ARM Embedded Processors) 5.4.1 20160609 (release) [ARM/embedded-5-bran
