ARM GAS  C:\Users\Daniela\AppData\Local\Temp\ccgZMFGy.s 			page 1


   1              		.syntax unified
   2              		.cpu cortex-m0
   3              		.fpu softvfp
   4              		.eabi_attribute 20, 1
   5              		.eabi_attribute 21, 1
   6              		.eabi_attribute 23, 3
   7              		.eabi_attribute 24, 1
   8              		.eabi_attribute 25, 1
   9              		.eabi_attribute 26, 1
  10              		.eabi_attribute 30, 2
  11              		.eabi_attribute 34, 0
  12              		.eabi_attribute 18, 4
  13              		.thumb
  14              		.syntax unified
  15              		.file	"cyutils.c"
  16              		.text
  17              	.Ltext0:
  18              		.section	.gnu.lto_.profile.58ebe465,"",%progbits
  19 0000 789C6361 		.ascii	"x\234ca`d`a`\000\222\002|\000\000\230\000)"
  19      60646061 
  19      60009202 
  19      7C000098 
  19      0029
  20              		.text
  21              		.section	.gnu.lto_.icf.58ebe465,"",%progbits
  22 0000 789C6361 		.ascii	"x\234ca`d\000\001>\006\004`b\230\177cy\037\027\343\346"
  22      60640001 
  22      3E060460 
  22      62987F63 
  22      791F17E3 
  23 0015 ED3BAEB3 		.ascii	"\355;\256\2631\000\000,\037\005\314"
  23      3100002C 
  23      1F05CC
  24              		.text
  25              		.section	.gnu.lto_.jmpfuncs.58ebe465,"",%progbits
  26 0000 789C6361 		.ascii	"x\234ca`d\000\001>\006\004`b`bdd\256\257g\004\202z\006"
  26      60640001 
  26      3E060460 
  26      62606264 
  26      64AEAF67 
  27 0018 000B1B01 		.ascii	"\000\013\033\001\236"
  27      9E
  28              		.text
  29              		.section	.gnu.lto_.inline.58ebe465,"",%progbits
  30 0000 789C6361 		.ascii	"x\234ca`d\000\001g\006\004`b`\340`gddT\000J13\357\020"
  30      60640001 
  30      67060460 
  30      6260E060 
  30      67646454 
  31 001a 67E0BC61 		.ascii	"g\340\274a\306\304\300\262@\236\005$\313\310\300\305"
  31      C6C4C0B2 
  31      409E0524 
  31      CBC8C0C5 
  32 002a C9C8C8C0 		.ascii	"\311\310\310\300\301\310\300\314\300\3025\301\217\201"
  32      C1C8C0CC 
  32      C0C235C1 
  32      8F81
ARM GAS  C:\Users\Daniela\AppData\Local\Temp\ccgZMFGy.s 			page 2


  33 0038 E3831E13 		.ascii	"\343\203\036\023\003\343\013v\026\010\0116\002\000\353"
  33      03E30B76 
  33      16080936 
  33      0200EB
  34 0047 050753   		.ascii	"\005\007S"
  35              		.text
  36              		.section	.gnu.lto_.pureconst.58ebe465,"",%progbits
  37 0000 789C6361 		.ascii	"x\234ca`d`e```b\220b\224\002\000\000\355\000B"
  37      60646065 
  37      60606062 
  37      90629402 
  37      0000ED00 
  38              		.text
  39              		.section	.gnu.lto_CySetReg24.58ebe465,"",%progbits
  40 0000 789C6591 		.ascii	"x\234e\221Mh\023A\024\307\347?\223\315f\243-^\352\305"
  40      4D681341 
  40      14C7E73F 
  40      93CD66A3 
  40      2D5EEAC5 
  41 0014 1E225842 		.ascii	"\036\"XB.z\021\357\342\301\253\332kAB\262\007\241Z\211"
  41      2E7A11EF 
  41      E2C1ABDA 
  41      6B4142B2 
  41      07A15A89 
  42 0028 89E0A993 		.ascii	"\211\340\251\223\217m\016\212U\324J\213%\212\224~hM"
  42      8F6D0E8A 
  42      55D44A8B 
  42      258A947E 
  42      684D
  43 003a 63AD1FB4 		.ascii	"c\255\037\264\340\022D0\324\212_\207\334l\265U<HR\242"
  43      E0124430 
  43      D48A5F87 
  43      DC6CB555 
  43      3C4852A2 
  44 004e 17B5F1CD 		.ascii	"\027\265\361\315l=\244\035vw\336{\374\377\357\267\363"
  44      6C3DA41D 
  44      7677DE7B 
  44      FCFFEFB7 
  44      F3
  45 005f C6C7C0D4 		.ascii	"\306\307\300\324z\305\031;D\373\036z!\030\370\225%\306"
  45      7AC5193B 
  45      44FB1E7A 
  45      2118F895 
  45      25C6
  46 0071 D2010EA8 		.ascii	"\322\001\016\250@\006\300\3729\372\361\223\377\345("
  46      4006C0FA 
  46      39FAF193 
  46      FFE528
  47 0080 E7D79EF1 		.ascii	"\347\327\236\361\310\270\244\365iu\260MN\270p\004cM"
  47      C8B8A4F5 
  47      6975B04D 
  47      4EB87004 
  47      634D
  48 0092 AE3B318C 		.ascii	"\256;1\214#B\252\267\271\231[\242\301\035\001\370(\255"
  48      2342AAB7 
  48      B9995BA2 
  48      C11D01F8 
ARM GAS  C:\Users\Daniela\AppData\Local\Temp\ccgZMFGy.s 			page 3


  48      28AD
  49 00a4 BF1EF9DC 		.ascii	"\277\036\371\334\256R\216\020\245\327g\247\035K\354"
  49      AE528E10 
  49      A5D767A7 
  49      1D4BEC
  50 00b3 03A378A9 		.ascii	"\003\243x\251\372r\240=<&eF\312\202--G\010LAP?L\242"
  50      FA72A03D 
  50      3C266546 
  50      CA822D2D 
  50      47084C41 
  51 00cb 1313E864 		.ascii	"\023\023\350dTb\270\2070\251\277.\344?@D\264\263T\274"
  51      5462B887 
  51      30A9BF2E 
  51      E43F4044 
  51      B4B354BC 
  52 00df 7C9B6F3A 		.ascii	"|\233o:\253\332\351\303\375\255N\037\3034\302J>?U\375"
  52      ABDAE9C3 
  52      FDAD4E1F 
  52      C334C24A 
  52      3E3F55FD 
  53 00f3 688903DA 		.ascii	"h\211\003\332\372\242\236\251\030]w\225\325\275\266"
  53      FAA29EA9 
  53      185D7795 
  53      D5BDB6
  54 0102 8A61E9E6 		.ascii	"\212a\351\346B\2160\360\240\325\256\026\251WJ\0337\332"
  54      428E30F0 
  54      A0D5AE16 
  54      A9574A1B 
  54      37DA
  55 0114 FC3975E4 		.ascii	"\3749u\344\020\212\350\362\016\213\031\370\325\370\212"
  55      108AE8F2 
  55      0E8B19F8 
  55      D5F88A
  56 0123 275CD96C 		.ascii	"'\\\331lf\245{\265c\231\357\004\324\237\322\344\210"
  56      66A57BB5 
  56      6399EF04 
  56      D49FD2E4 
  56      88
  57 0134 2A88EFF7 		.ascii	"*\210\357\367\323\3074Ud\251(\250\"\306j\324A\315\266"
  57      D3C73455 
  57      64A928A8 
  57      22C66AD4 
  57      41CDB6
  58 0147 CEB9DAC5 		.ascii	"\316\271\332\305\0122\356\3151\350\236D\310\012\260"
  58      0A32EECD 
  58      31E89E44 
  58      C80AB0
  59 0156 3564D6F3 		.ascii	"5d\326\363?\032\206\252e\205\310\012N\245\362\320\362"
  59      3F1A86AA 
  59      6585C80A 
  59      4EA5F2D0 
  59      F2
  60 0167 6E55A0BF 		.ascii	"nU\240\277\032r\312oL5SC\037\351N}xP\0240\232\316\245"
  60      1A72CA6F 
  60      4C355343 
  60      1FE94E7D 
  60      78501430 
ARM GAS  C:\Users\Daniela\AppData\Local\Temp\ccgZMFGy.s 			page 4


  61 017e A53C4E94 		.ascii	"\245<N\224\0005AI\235\002\017Q\000\265 \177v}\340\327"
  61      00354149 
  61      9D020F51 
  61      00B5207F 
  61      767DE0D7 
  62 0192 17CB6B49 		.ascii	"\027\313kI\217\272\320\221\371F\305P},\0040Kz\015\376"
  62      8FBAD091 
  62      F946C550 
  62      7D2C0430 
  62      4B7A0DFE 
  63 01a6 C33D9149 		.ascii	"\303=\221I\272V\356\\~\261\024\364\270\240\364\233\363"
  63      BA56EE5C 
  63      7EB114F4 
  63      B8A0F49B 
  63      F3
  64 01b7 3ECFB771 		.ascii	">\317\267q\037i\356\234\346\232\036w\343?\327\362\270"
  64      1F69EE9C 
  64      E69A1E77 
  64      E33FD7F2 
  64      B8
  65 01c8 EF6A8BA3 		.ascii	"\357j\213\243;<\356.<\336\312\015\222\256\225\273P\270"
  65      3B3CEE2E 
  65      3CDECA0D 
  65      92AE95BB 
  65      50B8
  66 01da 34B9C955 		.ascii	"4\271\311U\366\347\027+\277\255m\334'\232\373Ts\203"
  66      F6E7172B 
  66      BFAD6DDC 
  66      279AFB54 
  66      7383
  67 01ec EC3B4DB5 		.ascii	"\354;M\265\324\241\374\372*k\034j\3304\372\275G\355"
  67      D4A1FCFA 
  67      2A6B1C6A 
  67      D834FABD 
  67      47ED
  68 01fe 3376229A 		.ascii	"3v\"\232\264\343'\273\373R\211\230\335s\254\273\357"
  68      B4E327BB 
  68      FB528998 
  68      DD73ACBB 
  68      EF
  69 020f C8C19ED8 		.ascii	"\310\301\236\330\205T\362T\357\271\3751\346\213\306"
  69      8554F254 
  69      EFB9FD31 
  69      E68BC6
  70 021e E309E37C 		.ascii	"\343\011\343|\2647e\233\311\323g\017S\366\017\315\350"
  70      B437659B 
  70      C9D3670F 
  70      53F60FCD 
  70      E8
  71 022f FA4A     		.ascii	"\372J"
  72              		.text
  73              		.section	.gnu.lto_CyGetReg24.58ebe465,"",%progbits
  74 0000 789C6D52 		.ascii	"x\234mRMh\023A\024\236ofw\263\233\244\305\2037{\210"
  74      4D681341 
  74      149E6F66 
  74      77B39BA4 
  74      C583377B 
ARM GAS  C:\Users\Daniela\AppData\Local\Temp\ccgZMFGy.s 			page 5


  75 0015 6028B9E8 		.ascii	"`(\271\350E<+\036\274\212\275\026\244$9\010\325Jm\005"
  75      453C2B1E 
  75      BC8ABD16 
  75      A4243908 
  75      D54A6D05 
  76 0029 4FDD26D9 		.ascii	"O\335&\331\006\177@\017Z\222j\033D\244?\032\333X\253"
  76      067F400F 
  76      5A926A1B 
  76      44A43F1A 
  76      DB58AB
  77 003c 428BC622 		.ascii	"B\213\306\"=\204Z\261*Z\360 \265\250xJ\264\245b\265"
  77      3D845AB1 
  77      2A5AF020 
  77      B5A8784A 
  77      B4A562B5 
  78 0050 F1BDDD50 		.ascii	"\361\275\335P\214:\2603\363\276}\337\367\276\2317\232"
  78      8C3AB033 
  78      F3BE7DDF 
  78      F7BE9937 
  78      9A
  79 0061 80E0B15F 		.ascii	"\200\340\261_\011\261\217\326\035\364A\011\310K\013"
  79      09B18FD6 
  79      1DF44109 
  79      C84B0B
  80 0070 42F49A12 		.ascii	"B\364\232\022\340\215mB\364H\364`M\376\222x\221\232"
  80      E08D6D42 
  80      F448F460 
  80      4DFE9278 
  80      919A
  81 0082 B8A656A5 		.ascii	"\270\246V\245Ci\032\205\225g\003\037\0329\004B\024^"
  81      43691A85 
  81      9567031F 
  81      1A390442 
  81      145E
  82 0094 B517CFFA 		.ascii	"\265\027\317\372\"\303\266\235\260\337;C\333\263#E\315"
  82      22C3B69D 
  82      B0DF3B43 
  82      DBB32345 
  82      CD
  83 00a5 515254A5 		.ascii	"QRT\245\300\010\2320\214&.1\212\010\345^\236\314;\226"
  83      C0089A30 
  83      8C262E31 
  83      8A08E55E 
  83      9ECC3B96 
  84 00b9 DA0541FB 		.ascii	"\332\005A\373\205\245\271\276\306\346\233\314\263\337"
  84      85A5B9BE 
  84      C6E69BCC 
  84      B3DF
  85 00c7 C46DCB51 		.ascii	"\304m\313Q\012cP\177\362\010\022\270\205fN\3774\223"
  85      0A63507F 
  85      F20812B8 
  85      85664EFF 
  85      3493
  86 00d9 7E051571 		.ascii	"~\005\025q\251S\217\336f\374\341\033L-\256\027\220\265"
  86      A9538FDE 
  86      66FCE11B 
  86      4C2DAE17 
ARM GAS  C:\Users\Daniela\AppData\Local\Temp\ccgZMFGy.s 			page 6


  86      90B5
  87 00eb 8BA910D5 		.ascii	"\213\251\020\325\304\355z:\017\312\236\036[zm\251=."
  87      C4ED7A3A 
  87      0FCA9E1E 
  87      5B7A6DA9 
  87      3D2E
  88 00fd F3692551 		.ascii	"\363i%Q\322k\314\265\274\25415\334\371/s\271\260y\245"
  88      D26BCCB5 
  88      BCAC3135 
  88      DCF92F73 
  88      B9B079A5 
  89 0111 C148D934 		.ascii	"\301H\3314B\030G\030y\204\371`t\236\011\030t\221`d\374"
  89      42184718 
  89      7984F960 
  89      749E0918 
  89      74916064 
  90 0126 48D1AE56 		.ascii	"H\321\256V\223v\361[\370I\306h\000\330\262\"\363\272"
  90      9376F15B 
  90      F849C668 
  90      00D8B222 
  90      F3BA
  91 0138 26F8BFCE 		.ascii	"&\370\277\316[\203&\303\307\223\351\202\026\203~\216"
  91      5B8326C3 
  91      C793E982 
  91      16837E8E 
  92 0148 033C055D 		.ascii	"\003<\005]P\2102\211s\003*R\362\252\226\221(nL\301-"
  92      50883289 
  92      73032A52 
  92      F2AA9691 
  92      286E4CC1 
  93 015d 4706920A 		.ascii	"G\006\222\012\342#f\177\234\333\\\267\030K*E6\373\235"
  93      E223667F 
  93      9CDB5CB7 
  93      184B2A45 
  93      36FB9D
  94 0170 D9E73E6E 		.ascii	"\331\347>n\210\346\236\361z%{Q\3450\330\233\202\243"
  94      88E69EF1 
  94      7A257B51 
  94      E530D89B 
  94      82A3
  95 0182 7C444181 		.ascii	"|DA\201\217\204\273\3101;\3615\275\"=\262F|\261\014"
  95      8F84BBC8 
  95      313BF135 
  95      BD223DB2 
  95      467CB10C 
  96 0196 37E2FA84 		.ascii	"7\342\372\204x\362s\231!x):_wz\276\340\367\364A\341"
  96      78F27399 
  96      2178293A 
  96      5F777ABE 
  96      E0F7F441 
  97 01ab 67E7655A 		.ascii	"g\347eZ\326\351O\272\372\367\266\364\177\326\364\231"
  97      D6E94FBA 
  97      FAF7B6F4 
  97      7FD6F499 
  98 01bb 4F48B2DC 		.ascii	"OH\262\334\267\242{\010\245\033$10\275Z\322Y\321\204"
  98      B7A27B08 
  98      A51B2431 
ARM GAS  C:\Users\Daniela\AppData\Local\Temp\ccgZMFGy.s 			page 7


  98      30BD5AD2 
  98      59D184
  99 01ce 89296253 		.ascii	"\211)bS\322\367\276w5\232\351:\363\325;3=g\013[\316"
  99      D2F7BE77 
  99      359AE93A 
  99      F3D53B33 
  99      3D670B5B 
 100 01e3 2CD299C9 		.ascii	",\322\231\311]\030\2559\343\207\372\370|i\303\252sv"
 100      5D18AD39 
 100      E387FAF8 
 100      7C69C3AA 
 100      7376
 101 01f5 DF75F6E0 		.ascii	"\337u\366\340\037g~\342\327;\013\020H\022\213\345\371"
 101      1F677EE2 
 101      D73B0B10 
 101      48128BE5 
 101      F9
 102 0206 C180E76C 		.ascii	"\301\200\347l\033\036\376\355,\350\232\013\324;\013"
 102      1B1EFEED 
 102      2CE89A0B 
 102      D43B0B
 103 0215 8A2FD4A5 		.ascii	"\212/\324\245~\243\226\302o\247,\301\355\243f\356<\024"
 103      7EA396C2 
 103      6FA72CC1 
 103      EDA366EE 
 103      3C14
 104 0227 3F11EF6C 		.ascii	"?\021\357l\353\212\307\216\266ttwF\343\255\207[:\016"
 104      EB8AC78E 
 104      B6747477 
 104      46E3AD87 
 104      5B3A0E
 105 023a EE6D8D9E 		.ascii	"\356m\215\236\351\356:\326~jwThm\261X\247~\272\255\275"
 105      E9EE3AD6 
 105      7E6A7754 
 105      686DB158 
 105      A77EBAAD 
 106 024f 3BEEEB3A 		.ascii	";\356\353:~\362\000E\277\001\275\253\025\317"
 106      7EF20045 
 106      BF01BDAB 
 106      15CF
 107              		.text
 108              		.section	.gnu.lto_.symbol_nodes.58ebe465,"",%progbits
 109 0000 789C6361 		.ascii	"x\234ca`dPa\000\002&\206z\006\206\011\347\030@\324\256"
 109      60645061 
 109      00022686 
 109      7A068609 
 109      E71840D4 
 110 0015 0645A000 		.ascii	"\006E\240\000c=#\212\000\003\000\217\325\007\236"
 110      633D238A 
 110      0003008F 
 110      D5079E
 111              		.text
 112              		.section	.gnu.lto_.refs.58ebe465,"",%progbits
 113 0000 789C6361 		.ascii	"x\234ca`\004B \000\000\0009\000\007"
 113      60044220 
 113      00000039 
 113      0007
ARM GAS  C:\Users\Daniela\AppData\Local\Temp\ccgZMFGy.s 			page 8


 114              		.text
 115              		.section	.gnu.lto_.decls.58ebe465,"",%progbits
 116 0000 789C8D52 		.ascii	"x\234\215R]H\024Q\024\276gf\375\033w5D\304\207\0116"
 116      5D481451 
 116      14BE6766 
 116      FD1B7735 
 116      44C48709 
 117 0015 5FF469C9 		.ascii	"_\364i\311\237\207^z\022\362\255?\311'!\314\226\024"
 117      9F875E7A 
 117      12F2AD3F 
 117      C92721CC 
 117      9614
 118 0027 444B771F 		.ascii	"DKw\037|\273\270\012\025=\254\020\245b\250\375\256i"
 118      7CBBB80A 
 118      153DAC10 
 118      A562A8FD 
 118      AE69
 119 0039 EDAAB5B6 		.ascii	"\355\252\265\266j\266\376\201ZB\262\"\324j\032*\375"
 119      6AB6FE81 
 119      5A42B222 
 119      D46A1A2A 
 119      FD
 120 004a 90A52985 		.ascii	"\220\245)\205\210\331\271wfvv\255\310\303|s\357=s\316"
 120      88D9B977 
 120      667676AD 
 120      C8C37C73 
 120      EF3D73CE 
 121 005e 77CF77E6 		.ascii	"w\317w\346\030\010\020f\023\006B.\341\352G\354\242\211"
 121      18081066 
 121      1306422E 
 121      E1EA47EC 
 121      A289
 122 0070 B81610DD 		.ascii	"\270\026\020\335\004\204\0271@\3764\346\227\324\370"
 122      04841731 
 122      40FE34E6 
 122      97D4F8
 123 007f 244432A2 		.ascii	"$D2\242\007\341F\214 dD:b\030qB\315\0015o\2571\376\270"
 123      07E1468C 
 123      2064443A 
 123      62187142 
 123      CD01356F 
 124 0097 301EC6E1 		.ascii	"0\036\306\341C\214\205\361\214\356\341\371[M;\002\270"
 124      438C85F1 
 124      8CEEE1F9 
 124      5B4D3B02 
 124      B8
 125 00a8 021B540A 		.ascii	"\002\033T\012\302\033\020\211*\222\000(o\340 \012\370"
 125      C21B1089 
 125      2A920028 
 125      6FE0200A 
 125      F8
 126 00b9 11370251 		.ascii	"\0217\002Q6\232+d\004\224/\202\352%:\031\177\324|\330"
 126      369A2B64 
 126      04942F82 
 126      EA253A19 
 126      7FD47CD8 
 127 00cd D58C93E8 		.ascii	"\325\214\223\350\354\240&A\250\002\376YI\202\020\253"
ARM GAS  C:\Users\Daniela\AppData\Local\Temp\ccgZMFGy.s 			page 9


 127      ECA02641 
 127      A802FE59 
 127      498210AB 
 128 00dd B2087A46 		.ascii	"\262\010zF\030\337\236\212\264\232\265k\370\357\341"
 128      18DF9E8A 
 128      B49AB56B 
 128      F8EFE1
 129 00ec A2AFD7DC 		.ascii	"\242\257\327\334\252\213\023\005`\373\205-\3271K'Es"
 129      AA8B1305 
 129      60FB852D 
 129      D7314B27 
 129      4573
 130 00fe 522A1CD4 		.ascii	"R*\034\324;3?\336\336!n\012\220.\361\232\023\321\345"
 130      3B333FDE 
 130      DE216E0A 
 130      902EF19A 
 130      13D1E5
 131 0111 FEE2DB32 		.ascii	"\376\342\3332).\0261\271\260\362=NL\341\373\351ZO3\213"
 131      292E1631 
 131      B9B0F23D 
 131      4E4CE1FB 
 131      E95A4F33 
 132 0126 4E92C080 		.ascii	"N\222\300\200\307\365\251\246\245\004<&K`\336\021\004"
 132      C7F5A9A6 
 132      A5043C26 
 132      4B60DE11 
 132      04
 133 0137 EF9D968D 		.ascii	"\357\235\226\215(\2202.SZC\235\016\2324\236@\3401\310"
 133      2890322E 
 133      535A439D 
 133      0E9A349E 
 133      40E031C8 
 134 014b F0086402 		.ascii	"\360\010d\002\036\310`\224\355`!\320\201\316\207\350"
 134      1EC86094 
 134      ED6021D0 
 134      81CE87E8 
 135 015b BCCF2A5A 		.ascii	"\274\317*Z\334\366\034\365Qz\000\334 A'\210<\004\345"
 135      DCF61CF5 
 135      517A00DC 
 135      20412788 
 135      3C04E5
 136 016e A44B4A89 		.ascii	"\244KJ\211\253\337Z\246b\014(\213\007\23430__\247\273"
 136      ABDF5AA6 
 136      620C288B 
 136      079C3330 
 136      5F5FA7BB 
 137 0182 4194F022 		.ascii	"A\224\360\"\307\376.\302\024g\333\366\307D\343U\275"
 137      C7FE2EC2 
 137      1467DBF6 
 137      C744E355 
 137      BD
 138 0193 36E8463A 		.ascii	"6\350F:-\213@\017\030\325\236\004\257\274\236\214\342"
 138      2D8B400F 
 138      18D59E04 
 138      AFBC9E8C 
 138      E2
 139 01a4 17A20FBA 		.ascii	"\027\242\017\272\200\337x\267i\350\2461\365\006o\241"
ARM GAS  C:\Users\Daniela\AppData\Local\Temp\ccgZMFGy.s 			page 10


 139      80DF78B7 
 139      69E8A631 
 139      F5066FA1 
 140 01b4 839A0D50 		.ascii	"\203\232\015P\220\022\226\374\024R\361\375\004C9\303"
 140      901296FC 
 140      1452F1FD 
 140      044339C3 
 141 01c4 E7E6E044 		.ascii	"\347\346\340D|Z+m\365\320\305\335\235S\365\016:\216"
 141      7C5A2B6D 
 141      F5D0C5DD 
 141      9D53F50E 
 141      3A8E
 142 01d6 79661606 		.ascii	"yf\026\006.]\241\213\315#\201\007\020\304\177\347\205"
 142      2E5DA18B 
 142      CD238107 
 142      10C47FE7 
 142      85
 143 01e7 34CCF4FE 		.ascii	"4\314\364\376x{\317(\026\361n\317\257\2545\304h\"\235"
 143      787BCF28 
 143      16F16ECF 
 143      AFAC35C4 
 143      68229D
 144 01fa FB1219E8 		.ascii	"\373\022\031\350z\377\301\024!\362Y\204H_Hd[\177c\011"
 144      7AFFC114 
 144      21F25984 
 144      485F4864 
 144      5B7F6309 
 145 020e D7882EB5 		.ascii	"\327\210.\265\251s\327Z\003\246p\211\356\210\334~\256"
 145      A973D75A 
 145      03A67089 
 145      EE88DC7E 
 145      AE
 146 021f B14FD3F8 		.ascii	"\261O\323\370\256{u\316\244h\364\257\267A#\365\327b"
 146      AE7B75CE 
 146      A468F4AF 
 146      B74123F5 
 146      D762
 147 0231 A2C0C2A0 		.ascii	"\242\300\302\240W\327\330\033\256q\200kt\327-\267\307"
 147      57D7D81B 
 147      AE71806B 
 147      74D72DB7 
 147      C7
 148 0242 E2D8C838 		.ascii	"\342\330\3108s\0206p\2622p\215\365K\277\342\3052\266"
 148      73103670 
 148      B232708D 
 148      F54BBFE2 
 148      C532B6
 149 0255 17024B1D 		.ascii	"\027\002K\035\237\014\220!\251\203\342R\006e\010\353"
 149      9F0C9021 
 149      A983E252 
 149      066508EB 
 150 0265 7AA15F21 		.ascii	"z\241_!\263A\341C\267v\233F\247\022\310\226\3410\366"
 150      B341E143 
 150      B7769B46 
 150      A712C896 
 150      E130F6
 151 0278 C88F3D92 		.ascii	"\310\217=\222\325\036\015\242\214\347J\2176k7f\243\225"
ARM GAS  C:\Users\Daniela\AppData\Local\Temp\ccgZMFGy.s 			page 11


 151      D51E0DA2 
 151      8CE74A8F 
 151      366B3766 
 151      A395
 152 028a B6EE2BFE 		.ascii	"\266\356+\376\325\314\313\301\230\210\236\016G\364e"
 152      D5CCCBC1 
 152      98889E0E 
 152      47F465
 153 0299 44E9295B 		.ascii	"D\351)[1\3323\263\334\020\253\261;\377\317\376\363\353"
 153      31DA33B3 
 153      DC10ABB1 
 153      3BFFCFFE 
 153      F3EB
 154 02ab ECB43182 		.ascii	"\354\2641\202}4\202}Leg\253\224[\235o\265\235\266^\310"
 154      7D34827D 
 154      4C6567AB 
 154      945B9D6F 
 154      B59DB65E 
 155 02c0 CA89CD3B 		.ascii	"\312\211\315;~\306\234\233\231I\242\355\245\345\266"
 155      7EC69C9B 
 155      9949A2ED 
 155      A5E5B6
 156 02cf ECAC4379 		.ascii	"\354\254Cy\326rke\221\315z\376l~\205\275\262\330Zx2"
 156      D6726B65 
 156      91CD7AFE 
 156      6C7E85BD 
 156      B2D85A78 
 157 02e4 BF2237A7 		.ascii	"\277\"7\247\260\270\332V}\321Ze)!\377\216\260\333J\313"
 157      B0B8DA56 
 157      7DD15A65 
 157      2921FF8E 
 157      B0DB4ACB 
 158 02f8 AA2CC58C 		.ascii	"\252,\305\214>O\245\217b\254G~\003\312\372u\304"
 158      3E4FA58F 
 158      62AC477E 
 158      03CAFA75 
 158      C4
 159              		.text
 160              		.section	.gnu.lto_.symtab.58ebe465,"",%progbits
 161 0000 43795365 		.ascii	"CySetReg24\000"
 161      74526567 
 161      323400
 162 000b 00       		.ascii	"\000"
 163 000c 00       		.ascii	"\000"
 164 000d 00       		.ascii	"\000"
 165 000e 00000000 		.ascii	"\000\000\000\000\000\000\000\000"
 165      00000000 
 166 0016 B6000000 		.ascii	"\266\000\000\000"
 167 001a 43794765 		.ascii	"CyGetReg24\000"
 167      74526567 
 167      323400
 168 0025 00       		.ascii	"\000"
 169 0026 00       		.ascii	"\000"
 170 0027 00       		.ascii	"\000"
 171 0028 00000000 		.ascii	"\000\000\000\000\000\000\000\000"
 171      00000000 
 172 0030 BC000000 		.ascii	"\274\000\000\000"
ARM GAS  C:\Users\Daniela\AppData\Local\Temp\ccgZMFGy.s 			page 12


 173              		.text
 174              		.section	.gnu.lto_.opts,"",%progbits
 175 0000 272D666D 		.ascii	"'-fmath-errno' '-fsigned-zeros' '-ftrapping-math' '"
 175      6174682D 
 175      6572726E 
 175      6F272027 
 175      2D667369 
 176 0033 2D666E6F 		.ascii	"-fno-trapv' '-fno-openmp' '-fno-openacc' '-mcpu=cor"
 176      2D747261 
 176      70762720 
 176      272D666E 
 176      6F2D6F70 
 177 0066 7465782D 		.ascii	"tex-m0' '-mthumb' '-g' '-O3' '-ffunction-sections' "
 177      6D302720 
 177      272D6D74 
 177      68756D62 
 177      2720272D 
 178 0099 272D6666 		.ascii	"'-ffat-lto-objects' '-finline-functions' '-flto'\000"
 178      61742D6C 
 178      746F2D6F 
 178      626A6563 
 178      74732720 
 179              		.text
 180              		.cfi_sections	.debug_frame
 181              		.section	.text.CySetReg24,"ax",%progbits
 182              		.align	2
 183              		.global	CySetReg24
 184              		.code	16
 185              		.thumb_func
 186              		.type	CySetReg24, %function
 187              	CySetReg24:
 188              	.LFB0:
 189              		.file 1 "Generated_Source\\PSoC4\\cyutils.c"
   1:Generated_Source\PSoC4/cyutils.c **** /***************************************************************************//**
   2:Generated_Source\PSoC4/cyutils.c **** * \file cyutils.c
   3:Generated_Source\PSoC4/cyutils.c **** * \version 5.60
   4:Generated_Source\PSoC4/cyutils.c **** *
   5:Generated_Source\PSoC4/cyutils.c **** * \brief Provides a function to handle 24-bit value writes.
   6:Generated_Source\PSoC4/cyutils.c **** *
   7:Generated_Source\PSoC4/cyutils.c **** ********************************************************************************
   8:Generated_Source\PSoC4/cyutils.c **** * \copyright
   9:Generated_Source\PSoC4/cyutils.c **** * Copyright 2008-2017, Cypress Semiconductor Corporation.  All rights reserved.
  10:Generated_Source\PSoC4/cyutils.c **** * You may use this file only in accordance with the license, terms, conditions,
  11:Generated_Source\PSoC4/cyutils.c **** * disclaimers, and limitations in the end user license agreement accompanying
  12:Generated_Source\PSoC4/cyutils.c **** * the software package with which this file was provided.
  13:Generated_Source\PSoC4/cyutils.c **** *******************************************************************************/
  14:Generated_Source\PSoC4/cyutils.c **** 
  15:Generated_Source\PSoC4/cyutils.c **** #include "cytypes.h"
  16:Generated_Source\PSoC4/cyutils.c **** 
  17:Generated_Source\PSoC4/cyutils.c **** #if (!CY_PSOC3)
  18:Generated_Source\PSoC4/cyutils.c **** 
  19:Generated_Source\PSoC4/cyutils.c ****     /***************************************************************************
  20:Generated_Source\PSoC4/cyutils.c ****     * Function Name: CySetReg24
  21:Generated_Source\PSoC4/cyutils.c ****     ************************************************************************//**
  22:Generated_Source\PSoC4/cyutils.c ****     *
  23:Generated_Source\PSoC4/cyutils.c ****     * Writes a 24-bit value to the specified register.
  24:Generated_Source\PSoC4/cyutils.c ****     *
ARM GAS  C:\Users\Daniela\AppData\Local\Temp\ccgZMFGy.s 			page 13


  25:Generated_Source\PSoC4/cyutils.c ****     * \param addr The address where data must be written.
  26:Generated_Source\PSoC4/cyutils.c ****     * \param value The data that must be written.
  27:Generated_Source\PSoC4/cyutils.c ****     *
  28:Generated_Source\PSoC4/cyutils.c ****     * \reentrant No
  29:Generated_Source\PSoC4/cyutils.c ****     *
  30:Generated_Source\PSoC4/cyutils.c ****     ***************************************************************************/
  31:Generated_Source\PSoC4/cyutils.c ****     void CySetReg24(uint32 volatile * addr, uint32 value)
  32:Generated_Source\PSoC4/cyutils.c ****     {
 190              		.loc 1 32 0
 191              		.cfi_startproc
 192              		@ args = 0, pretend = 0, frame = 0
 193              		@ frame_needed = 0, uses_anonymous_args = 0
 194              		@ link register save eliminated.
 195              	.LVL0:
  33:Generated_Source\PSoC4/cyutils.c ****         uint8 volatile *tmpAddr;
  34:Generated_Source\PSoC4/cyutils.c **** 
  35:Generated_Source\PSoC4/cyutils.c ****         tmpAddr = (uint8 volatile *) addr;
  36:Generated_Source\PSoC4/cyutils.c **** 
  37:Generated_Source\PSoC4/cyutils.c ****         tmpAddr[0u] = (uint8) value;
 196              		.loc 1 37 0
 197 0000 CBB2     		uxtb	r3, r1
 198 0002 0370     		strb	r3, [r0]
  38:Generated_Source\PSoC4/cyutils.c ****         tmpAddr[1u] = (uint8) (value >> 8u);
 199              		.loc 1 38 0
 200 0004 0B0A     		lsrs	r3, r1, #8
  39:Generated_Source\PSoC4/cyutils.c ****         tmpAddr[2u] = (uint8) (value >> 16u);
 201              		.loc 1 39 0
 202 0006 090C     		lsrs	r1, r1, #16
 203              	.LVL1:
  38:Generated_Source\PSoC4/cyutils.c ****         tmpAddr[1u] = (uint8) (value >> 8u);
 204              		.loc 1 38 0
 205 0008 DBB2     		uxtb	r3, r3
 206              		.loc 1 39 0
 207 000a C9B2     		uxtb	r1, r1
  38:Generated_Source\PSoC4/cyutils.c ****         tmpAddr[1u] = (uint8) (value >> 8u);
 208              		.loc 1 38 0
 209 000c 4370     		strb	r3, [r0, #1]
  40:Generated_Source\PSoC4/cyutils.c ****     }
 210              		.loc 1 40 0
 211              		@ sp needed
  39:Generated_Source\PSoC4/cyutils.c ****         tmpAddr[2u] = (uint8) (value >> 16u);
 212              		.loc 1 39 0
 213 000e 8170     		strb	r1, [r0, #2]
 214              		.loc 1 40 0
 215 0010 7047     		bx	lr
 216              		.cfi_endproc
 217              	.LFE0:
 218              		.size	CySetReg24, .-CySetReg24
 219 0012 C046     		.section	.text.CyGetReg24,"ax",%progbits
 220              		.align	2
 221              		.global	CyGetReg24
 222              		.code	16
 223              		.thumb_func
 224              		.type	CyGetReg24, %function
 225              	CyGetReg24:
 226              	.LFB1:
  41:Generated_Source\PSoC4/cyutils.c **** 
ARM GAS  C:\Users\Daniela\AppData\Local\Temp\ccgZMFGy.s 			page 14


  42:Generated_Source\PSoC4/cyutils.c **** 
  43:Generated_Source\PSoC4/cyutils.c ****     #if(CY_PSOC4)
  44:Generated_Source\PSoC4/cyutils.c **** 
  45:Generated_Source\PSoC4/cyutils.c ****         /***************************************************************************
  46:Generated_Source\PSoC4/cyutils.c ****         * Function Name: CyGetReg24
  47:Generated_Source\PSoC4/cyutils.c ****         ************************************************************************//**
  48:Generated_Source\PSoC4/cyutils.c ****         *
  49:Generated_Source\PSoC4/cyutils.c ****         * Reads the 24-bit value from the specified register.
  50:Generated_Source\PSoC4/cyutils.c ****         *
  51:Generated_Source\PSoC4/cyutils.c ****         * \param addr The address where data must be read.
  52:Generated_Source\PSoC4/cyutils.c ****         *
  53:Generated_Source\PSoC4/cyutils.c ****         * \reentrant No
  54:Generated_Source\PSoC4/cyutils.c ****         *
  55:Generated_Source\PSoC4/cyutils.c ****         ***************************************************************************/
  56:Generated_Source\PSoC4/cyutils.c ****         uint32 CyGetReg24(uint32 const volatile * addr)
  57:Generated_Source\PSoC4/cyutils.c ****         {
 227              		.loc 1 57 0
 228              		.cfi_startproc
 229              		@ args = 0, pretend = 0, frame = 0
 230              		@ frame_needed = 0, uses_anonymous_args = 0
 231              		@ link register save eliminated.
 232              	.LVL2:
 233              		.loc 1 57 0
 234 0000 0300     		movs	r3, r0
  58:Generated_Source\PSoC4/cyutils.c ****             uint8 const volatile *tmpAddr;
  59:Generated_Source\PSoC4/cyutils.c ****             uint32 value;
  60:Generated_Source\PSoC4/cyutils.c **** 
  61:Generated_Source\PSoC4/cyutils.c ****             tmpAddr = (uint8 const volatile *) addr;
  62:Generated_Source\PSoC4/cyutils.c **** 
  63:Generated_Source\PSoC4/cyutils.c ****             value  =  (uint32) tmpAddr[0u];
 235              		.loc 1 63 0
 236 0002 0278     		ldrb	r2, [r0]
 237              	.LVL3:
  64:Generated_Source\PSoC4/cyutils.c ****             value |= ((uint32) tmpAddr[1u] << 8u );
 238              		.loc 1 64 0
 239 0004 4078     		ldrb	r0, [r0, #1]
 240              	.LVL4:
  65:Generated_Source\PSoC4/cyutils.c ****             value |= ((uint32) tmpAddr[2u] << 16u);
 241              		.loc 1 65 0
 242 0006 9B78     		ldrb	r3, [r3, #2]
 243              	.LVL5:
  66:Generated_Source\PSoC4/cyutils.c **** 
  67:Generated_Source\PSoC4/cyutils.c ****             return(value);
 244              		.loc 1 67 0
 245 0008 0002     		lsls	r0, r0, #8
 246              	.LVL6:
 247 000a 1B04     		lsls	r3, r3, #16
 248 000c 1843     		orrs	r0, r3
 249 000e 1043     		orrs	r0, r2
  68:Generated_Source\PSoC4/cyutils.c ****         }
 250              		.loc 1 68 0
 251              		@ sp needed
 252 0010 7047     		bx	lr
 253              		.cfi_endproc
 254              	.LFE1:
 255              		.size	CyGetReg24, .-CyGetReg24
 256 0012 C046     		.text
ARM GAS  C:\Users\Daniela\AppData\Local\Temp\ccgZMFGy.s 			page 15


 257              	.Letext0:
 258              		.file 2 "Generated_Source\\PSoC4\\cytypes.h"
 259              		.section	.debug_info,"",%progbits
 260              	.Ldebug_info0:
 261 0000 47010000 		.4byte	0x147
 262 0004 0400     		.2byte	0x4
 263 0006 00000000 		.4byte	.Ldebug_abbrev0
 264 000a 04       		.byte	0x4
 265 000b 01       		.uleb128 0x1
 266 000c 62000000 		.4byte	.LASF17
 267 0010 0C       		.byte	0xc
 268 0011 99010000 		.4byte	.LASF18
 269 0015 3B010000 		.4byte	.LASF19
 270 0019 00000000 		.4byte	.Ldebug_ranges0+0
 271 001d 00000000 		.4byte	0
 272 0021 00000000 		.4byte	.Ldebug_line0
 273 0025 02       		.uleb128 0x2
 274 0026 01       		.byte	0x1
 275 0027 06       		.byte	0x6
 276 0028 E6010000 		.4byte	.LASF0
 277 002c 02       		.uleb128 0x2
 278 002d 01       		.byte	0x1
 279 002e 08       		.byte	0x8
 280 002f 27000000 		.4byte	.LASF1
 281 0033 02       		.uleb128 0x2
 282 0034 02       		.byte	0x2
 283 0035 05       		.byte	0x5
 284 0036 CD010000 		.4byte	.LASF2
 285 003a 02       		.uleb128 0x2
 286 003b 02       		.byte	0x2
 287 003c 07       		.byte	0x7
 288 003d 4F000000 		.4byte	.LASF3
 289 0041 02       		.uleb128 0x2
 290 0042 04       		.byte	0x4
 291 0043 05       		.byte	0x5
 292 0044 DD010000 		.4byte	.LASF4
 293 0048 02       		.uleb128 0x2
 294 0049 04       		.byte	0x4
 295 004a 07       		.byte	0x7
 296 004b 3D000000 		.4byte	.LASF5
 297 004f 02       		.uleb128 0x2
 298 0050 08       		.byte	0x8
 299 0051 05       		.byte	0x5
 300 0052 BA010000 		.4byte	.LASF6
 301 0056 02       		.uleb128 0x2
 302 0057 08       		.byte	0x8
 303 0058 07       		.byte	0x7
 304 0059 24010000 		.4byte	.LASF7
 305 005d 03       		.uleb128 0x3
 306 005e 04       		.byte	0x4
 307 005f 05       		.byte	0x5
 308 0060 696E7400 		.ascii	"int\000"
 309 0064 02       		.uleb128 0x2
 310 0065 04       		.byte	0x4
 311 0066 07       		.byte	0x7
 312 0067 17010000 		.4byte	.LASF8
 313 006b 04       		.uleb128 0x4
ARM GAS  C:\Users\Daniela\AppData\Local\Temp\ccgZMFGy.s 			page 16


 314 006c D7010000 		.4byte	.LASF9
 315 0070 02       		.byte	0x2
 316 0071 D201     		.2byte	0x1d2
 317 0073 2C000000 		.4byte	0x2c
 318 0077 04       		.uleb128 0x4
 319 0078 10010000 		.4byte	.LASF10
 320 007c 02       		.byte	0x2
 321 007d D401     		.2byte	0x1d4
 322 007f 48000000 		.4byte	0x48
 323 0083 02       		.uleb128 0x2
 324 0084 04       		.byte	0x4
 325 0085 04       		.byte	0x4
 326 0086 21000000 		.4byte	.LASF11
 327 008a 02       		.uleb128 0x2
 328 008b 08       		.byte	0x8
 329 008c 04       		.byte	0x4
 330 008d 09010000 		.4byte	.LASF12
 331 0091 02       		.uleb128 0x2
 332 0092 01       		.byte	0x1
 333 0093 08       		.byte	0x8
 334 0094 C8010000 		.4byte	.LASF13
 335 0098 05       		.uleb128 0x5
 336 0099 6B000000 		.4byte	0x6b
 337 009d 05       		.uleb128 0x5
 338 009e 77000000 		.4byte	0x77
 339 00a2 06       		.uleb128 0x6
 340 00a3 11000000 		.4byte	.LASF20
 341 00a7 01       		.byte	0x1
 342 00a8 1F       		.byte	0x1f
 343 00a9 00000000 		.4byte	.LFB0
 344 00ad 12000000 		.4byte	.LFE0-.LFB0
 345 00b1 01       		.uleb128 0x1
 346 00b2 9C       		.byte	0x9c
 347 00b3 E1000000 		.4byte	0xe1
 348 00b7 07       		.uleb128 0x7
 349 00b8 1C000000 		.4byte	.LASF14
 350 00bc 01       		.byte	0x1
 351 00bd 1F       		.byte	0x1f
 352 00be E1000000 		.4byte	0xe1
 353 00c2 01       		.uleb128 0x1
 354 00c3 50       		.byte	0x50
 355 00c4 08       		.uleb128 0x8
 356 00c5 00000000 		.4byte	.LASF15
 357 00c9 01       		.byte	0x1
 358 00ca 1F       		.byte	0x1f
 359 00cb 77000000 		.4byte	0x77
 360 00cf 00000000 		.4byte	.LLST0
 361 00d3 09       		.uleb128 0x9
 362 00d4 35000000 		.4byte	.LASF16
 363 00d8 01       		.byte	0x1
 364 00d9 21       		.byte	0x21
 365 00da E7000000 		.4byte	0xe7
 366 00de 01       		.uleb128 0x1
 367 00df 50       		.byte	0x50
 368 00e0 00       		.byte	0
 369 00e1 0A       		.uleb128 0xa
 370 00e2 04       		.byte	0x4
ARM GAS  C:\Users\Daniela\AppData\Local\Temp\ccgZMFGy.s 			page 17


 371 00e3 9D000000 		.4byte	0x9d
 372 00e7 0A       		.uleb128 0xa
 373 00e8 04       		.byte	0x4
 374 00e9 98000000 		.4byte	0x98
 375 00ed 0B       		.uleb128 0xb
 376 00ee 06000000 		.4byte	.LASF21
 377 00f2 01       		.byte	0x1
 378 00f3 38       		.byte	0x38
 379 00f4 77000000 		.4byte	0x77
 380 00f8 00000000 		.4byte	.LFB1
 381 00fc 12000000 		.4byte	.LFE1-.LFB1
 382 0100 01       		.uleb128 0x1
 383 0101 9C       		.byte	0x9c
 384 0102 34010000 		.4byte	0x134
 385 0106 08       		.uleb128 0x8
 386 0107 1C000000 		.4byte	.LASF14
 387 010b 01       		.byte	0x1
 388 010c 38       		.byte	0x38
 389 010d 34010000 		.4byte	0x134
 390 0111 21000000 		.4byte	.LLST1
 391 0115 0C       		.uleb128 0xc
 392 0116 35000000 		.4byte	.LASF16
 393 011a 01       		.byte	0x1
 394 011b 3A       		.byte	0x3a
 395 011c 3F010000 		.4byte	0x13f
 396 0120 4D000000 		.4byte	.LLST2
 397 0124 0C       		.uleb128 0xc
 398 0125 00000000 		.4byte	.LASF15
 399 0129 01       		.byte	0x1
 400 012a 3B       		.byte	0x3b
 401 012b 77000000 		.4byte	0x77
 402 012f 79000000 		.4byte	.LLST3
 403 0133 00       		.byte	0
 404 0134 0A       		.uleb128 0xa
 405 0135 04       		.byte	0x4
 406 0136 3A010000 		.4byte	0x13a
 407 013a 0D       		.uleb128 0xd
 408 013b 9D000000 		.4byte	0x9d
 409 013f 0A       		.uleb128 0xa
 410 0140 04       		.byte	0x4
 411 0141 45010000 		.4byte	0x145
 412 0145 0D       		.uleb128 0xd
 413 0146 98000000 		.4byte	0x98
 414 014a 00       		.byte	0
 415              		.section	.debug_abbrev,"",%progbits
 416              	.Ldebug_abbrev0:
 417 0000 01       		.uleb128 0x1
 418 0001 11       		.uleb128 0x11
 419 0002 01       		.byte	0x1
 420 0003 25       		.uleb128 0x25
 421 0004 0E       		.uleb128 0xe
 422 0005 13       		.uleb128 0x13
 423 0006 0B       		.uleb128 0xb
 424 0007 03       		.uleb128 0x3
 425 0008 0E       		.uleb128 0xe
 426 0009 1B       		.uleb128 0x1b
 427 000a 0E       		.uleb128 0xe
ARM GAS  C:\Users\Daniela\AppData\Local\Temp\ccgZMFGy.s 			page 18


 428 000b 55       		.uleb128 0x55
 429 000c 17       		.uleb128 0x17
 430 000d 11       		.uleb128 0x11
 431 000e 01       		.uleb128 0x1
 432 000f 10       		.uleb128 0x10
 433 0010 17       		.uleb128 0x17
 434 0011 00       		.byte	0
 435 0012 00       		.byte	0
 436 0013 02       		.uleb128 0x2
 437 0014 24       		.uleb128 0x24
 438 0015 00       		.byte	0
 439 0016 0B       		.uleb128 0xb
 440 0017 0B       		.uleb128 0xb
 441 0018 3E       		.uleb128 0x3e
 442 0019 0B       		.uleb128 0xb
 443 001a 03       		.uleb128 0x3
 444 001b 0E       		.uleb128 0xe
 445 001c 00       		.byte	0
 446 001d 00       		.byte	0
 447 001e 03       		.uleb128 0x3
 448 001f 24       		.uleb128 0x24
 449 0020 00       		.byte	0
 450 0021 0B       		.uleb128 0xb
 451 0022 0B       		.uleb128 0xb
 452 0023 3E       		.uleb128 0x3e
 453 0024 0B       		.uleb128 0xb
 454 0025 03       		.uleb128 0x3
 455 0026 08       		.uleb128 0x8
 456 0027 00       		.byte	0
 457 0028 00       		.byte	0
 458 0029 04       		.uleb128 0x4
 459 002a 16       		.uleb128 0x16
 460 002b 00       		.byte	0
 461 002c 03       		.uleb128 0x3
 462 002d 0E       		.uleb128 0xe
 463 002e 3A       		.uleb128 0x3a
 464 002f 0B       		.uleb128 0xb
 465 0030 3B       		.uleb128 0x3b
 466 0031 05       		.uleb128 0x5
 467 0032 49       		.uleb128 0x49
 468 0033 13       		.uleb128 0x13
 469 0034 00       		.byte	0
 470 0035 00       		.byte	0
 471 0036 05       		.uleb128 0x5
 472 0037 35       		.uleb128 0x35
 473 0038 00       		.byte	0
 474 0039 49       		.uleb128 0x49
 475 003a 13       		.uleb128 0x13
 476 003b 00       		.byte	0
 477 003c 00       		.byte	0
 478 003d 06       		.uleb128 0x6
 479 003e 2E       		.uleb128 0x2e
 480 003f 01       		.byte	0x1
 481 0040 3F       		.uleb128 0x3f
 482 0041 19       		.uleb128 0x19
 483 0042 03       		.uleb128 0x3
 484 0043 0E       		.uleb128 0xe
ARM GAS  C:\Users\Daniela\AppData\Local\Temp\ccgZMFGy.s 			page 19


 485 0044 3A       		.uleb128 0x3a
 486 0045 0B       		.uleb128 0xb
 487 0046 3B       		.uleb128 0x3b
 488 0047 0B       		.uleb128 0xb
 489 0048 27       		.uleb128 0x27
 490 0049 19       		.uleb128 0x19
 491 004a 11       		.uleb128 0x11
 492 004b 01       		.uleb128 0x1
 493 004c 12       		.uleb128 0x12
 494 004d 06       		.uleb128 0x6
 495 004e 40       		.uleb128 0x40
 496 004f 18       		.uleb128 0x18
 497 0050 9742     		.uleb128 0x2117
 498 0052 19       		.uleb128 0x19
 499 0053 01       		.uleb128 0x1
 500 0054 13       		.uleb128 0x13
 501 0055 00       		.byte	0
 502 0056 00       		.byte	0
 503 0057 07       		.uleb128 0x7
 504 0058 05       		.uleb128 0x5
 505 0059 00       		.byte	0
 506 005a 03       		.uleb128 0x3
 507 005b 0E       		.uleb128 0xe
 508 005c 3A       		.uleb128 0x3a
 509 005d 0B       		.uleb128 0xb
 510 005e 3B       		.uleb128 0x3b
 511 005f 0B       		.uleb128 0xb
 512 0060 49       		.uleb128 0x49
 513 0061 13       		.uleb128 0x13
 514 0062 02       		.uleb128 0x2
 515 0063 18       		.uleb128 0x18
 516 0064 00       		.byte	0
 517 0065 00       		.byte	0
 518 0066 08       		.uleb128 0x8
 519 0067 05       		.uleb128 0x5
 520 0068 00       		.byte	0
 521 0069 03       		.uleb128 0x3
 522 006a 0E       		.uleb128 0xe
 523 006b 3A       		.uleb128 0x3a
 524 006c 0B       		.uleb128 0xb
 525 006d 3B       		.uleb128 0x3b
 526 006e 0B       		.uleb128 0xb
 527 006f 49       		.uleb128 0x49
 528 0070 13       		.uleb128 0x13
 529 0071 02       		.uleb128 0x2
 530 0072 17       		.uleb128 0x17
 531 0073 00       		.byte	0
 532 0074 00       		.byte	0
 533 0075 09       		.uleb128 0x9
 534 0076 34       		.uleb128 0x34
 535 0077 00       		.byte	0
 536 0078 03       		.uleb128 0x3
 537 0079 0E       		.uleb128 0xe
 538 007a 3A       		.uleb128 0x3a
 539 007b 0B       		.uleb128 0xb
 540 007c 3B       		.uleb128 0x3b
 541 007d 0B       		.uleb128 0xb
ARM GAS  C:\Users\Daniela\AppData\Local\Temp\ccgZMFGy.s 			page 20


 542 007e 49       		.uleb128 0x49
 543 007f 13       		.uleb128 0x13
 544 0080 02       		.uleb128 0x2
 545 0081 18       		.uleb128 0x18
 546 0082 00       		.byte	0
 547 0083 00       		.byte	0
 548 0084 0A       		.uleb128 0xa
 549 0085 0F       		.uleb128 0xf
 550 0086 00       		.byte	0
 551 0087 0B       		.uleb128 0xb
 552 0088 0B       		.uleb128 0xb
 553 0089 49       		.uleb128 0x49
 554 008a 13       		.uleb128 0x13
 555 008b 00       		.byte	0
 556 008c 00       		.byte	0
 557 008d 0B       		.uleb128 0xb
 558 008e 2E       		.uleb128 0x2e
 559 008f 01       		.byte	0x1
 560 0090 3F       		.uleb128 0x3f
 561 0091 19       		.uleb128 0x19
 562 0092 03       		.uleb128 0x3
 563 0093 0E       		.uleb128 0xe
 564 0094 3A       		.uleb128 0x3a
 565 0095 0B       		.uleb128 0xb
 566 0096 3B       		.uleb128 0x3b
 567 0097 0B       		.uleb128 0xb
 568 0098 27       		.uleb128 0x27
 569 0099 19       		.uleb128 0x19
 570 009a 49       		.uleb128 0x49
 571 009b 13       		.uleb128 0x13
 572 009c 11       		.uleb128 0x11
 573 009d 01       		.uleb128 0x1
 574 009e 12       		.uleb128 0x12
 575 009f 06       		.uleb128 0x6
 576 00a0 40       		.uleb128 0x40
 577 00a1 18       		.uleb128 0x18
 578 00a2 9742     		.uleb128 0x2117
 579 00a4 19       		.uleb128 0x19
 580 00a5 01       		.uleb128 0x1
 581 00a6 13       		.uleb128 0x13
 582 00a7 00       		.byte	0
 583 00a8 00       		.byte	0
 584 00a9 0C       		.uleb128 0xc
 585 00aa 34       		.uleb128 0x34
 586 00ab 00       		.byte	0
 587 00ac 03       		.uleb128 0x3
 588 00ad 0E       		.uleb128 0xe
 589 00ae 3A       		.uleb128 0x3a
 590 00af 0B       		.uleb128 0xb
 591 00b0 3B       		.uleb128 0x3b
 592 00b1 0B       		.uleb128 0xb
 593 00b2 49       		.uleb128 0x49
 594 00b3 13       		.uleb128 0x13
 595 00b4 02       		.uleb128 0x2
 596 00b5 17       		.uleb128 0x17
 597 00b6 00       		.byte	0
 598 00b7 00       		.byte	0
ARM GAS  C:\Users\Daniela\AppData\Local\Temp\ccgZMFGy.s 			page 21


 599 00b8 0D       		.uleb128 0xd
 600 00b9 26       		.uleb128 0x26
 601 00ba 00       		.byte	0
 602 00bb 49       		.uleb128 0x49
 603 00bc 13       		.uleb128 0x13
 604 00bd 00       		.byte	0
 605 00be 00       		.byte	0
 606 00bf 00       		.byte	0
 607              		.section	.debug_loc,"",%progbits
 608              	.Ldebug_loc0:
 609              	.LLST0:
 610 0000 00000000 		.4byte	.LVL0
 611 0004 08000000 		.4byte	.LVL1
 612 0008 0100     		.2byte	0x1
 613 000a 51       		.byte	0x51
 614 000b 08000000 		.4byte	.LVL1
 615 000f 12000000 		.4byte	.LFE0
 616 0013 0400     		.2byte	0x4
 617 0015 F3       		.byte	0xf3
 618 0016 01       		.uleb128 0x1
 619 0017 51       		.byte	0x51
 620 0018 9F       		.byte	0x9f
 621 0019 00000000 		.4byte	0
 622 001d 00000000 		.4byte	0
 623              	.LLST1:
 624 0021 00000000 		.4byte	.LVL2
 625 0025 06000000 		.4byte	.LVL4
 626 0029 0100     		.2byte	0x1
 627 002b 50       		.byte	0x50
 628 002c 06000000 		.4byte	.LVL4
 629 0030 08000000 		.4byte	.LVL5
 630 0034 0100     		.2byte	0x1
 631 0036 53       		.byte	0x53
 632 0037 08000000 		.4byte	.LVL5
 633 003b 12000000 		.4byte	.LFE1
 634 003f 0400     		.2byte	0x4
 635 0041 F3       		.byte	0xf3
 636 0042 01       		.uleb128 0x1
 637 0043 50       		.byte	0x50
 638 0044 9F       		.byte	0x9f
 639 0045 00000000 		.4byte	0
 640 0049 00000000 		.4byte	0
 641              	.LLST2:
 642 004d 00000000 		.4byte	.LVL2
 643 0051 06000000 		.4byte	.LVL4
 644 0055 0100     		.2byte	0x1
 645 0057 50       		.byte	0x50
 646 0058 06000000 		.4byte	.LVL4
 647 005c 08000000 		.4byte	.LVL5
 648 0060 0100     		.2byte	0x1
 649 0062 53       		.byte	0x53
 650 0063 08000000 		.4byte	.LVL5
 651 0067 12000000 		.4byte	.LFE1
 652 006b 0400     		.2byte	0x4
 653 006d F3       		.byte	0xf3
 654 006e 01       		.uleb128 0x1
 655 006f 50       		.byte	0x50
ARM GAS  C:\Users\Daniela\AppData\Local\Temp\ccgZMFGy.s 			page 22


 656 0070 9F       		.byte	0x9f
 657 0071 00000000 		.4byte	0
 658 0075 00000000 		.4byte	0
 659              	.LLST3:
 660 0079 04000000 		.4byte	.LVL3
 661 007d 06000000 		.4byte	.LVL4
 662 0081 0100     		.2byte	0x1
 663 0083 52       		.byte	0x52
 664 0084 06000000 		.4byte	.LVL4
 665 0088 08000000 		.4byte	.LVL5
 666 008c 0800     		.2byte	0x8
 667 008e 70       		.byte	0x70
 668 008f 00       		.sleb128 0
 669 0090 38       		.byte	0x38
 670 0091 24       		.byte	0x24
 671 0092 72       		.byte	0x72
 672 0093 00       		.sleb128 0
 673 0094 21       		.byte	0x21
 674 0095 9F       		.byte	0x9f
 675 0096 08000000 		.4byte	.LVL5
 676 009a 0A000000 		.4byte	.LVL6
 677 009e 1300     		.2byte	0x13
 678 00a0 70       		.byte	0x70
 679 00a1 00       		.sleb128 0
 680 00a2 08       		.byte	0x8
 681 00a3 FF       		.byte	0xff
 682 00a4 1A       		.byte	0x1a
 683 00a5 38       		.byte	0x38
 684 00a6 24       		.byte	0x24
 685 00a7 73       		.byte	0x73
 686 00a8 00       		.sleb128 0
 687 00a9 08       		.byte	0x8
 688 00aa FF       		.byte	0xff
 689 00ab 1A       		.byte	0x1a
 690 00ac 40       		.byte	0x40
 691 00ad 24       		.byte	0x24
 692 00ae 21       		.byte	0x21
 693 00af 72       		.byte	0x72
 694 00b0 00       		.sleb128 0
 695 00b1 21       		.byte	0x21
 696 00b2 9F       		.byte	0x9f
 697 00b3 00000000 		.4byte	0
 698 00b7 00000000 		.4byte	0
 699              		.section	.debug_aranges,"",%progbits
 700 0000 24000000 		.4byte	0x24
 701 0004 0200     		.2byte	0x2
 702 0006 00000000 		.4byte	.Ldebug_info0
 703 000a 04       		.byte	0x4
 704 000b 00       		.byte	0
 705 000c 0000     		.2byte	0
 706 000e 0000     		.2byte	0
 707 0010 00000000 		.4byte	.LFB0
 708 0014 12000000 		.4byte	.LFE0-.LFB0
 709 0018 00000000 		.4byte	.LFB1
 710 001c 12000000 		.4byte	.LFE1-.LFB1
 711 0020 00000000 		.4byte	0
 712 0024 00000000 		.4byte	0
ARM GAS  C:\Users\Daniela\AppData\Local\Temp\ccgZMFGy.s 			page 23


 713              		.section	.debug_ranges,"",%progbits
 714              	.Ldebug_ranges0:
 715 0000 00000000 		.4byte	.LFB0
 716 0004 12000000 		.4byte	.LFE0
 717 0008 00000000 		.4byte	.LFB1
 718 000c 12000000 		.4byte	.LFE1
 719 0010 00000000 		.4byte	0
 720 0014 00000000 		.4byte	0
 721              		.section	.debug_line,"",%progbits
 722              	.Ldebug_line0:
 723 0000 77000000 		.section	.debug_str,"MS",%progbits,1
 723      02004400 
 723      00000201 
 723      FB0E0D00 
 723      01010101 
 724              	.LASF15:
 725 0000 76616C75 		.ascii	"value\000"
 725      6500
 726              	.LASF21:
 727 0006 43794765 		.ascii	"CyGetReg24\000"
 727      74526567 
 727      323400
 728              	.LASF20:
 729 0011 43795365 		.ascii	"CySetReg24\000"
 729      74526567 
 729      323400
 730              	.LASF14:
 731 001c 61646472 		.ascii	"addr\000"
 731      00
 732              	.LASF11:
 733 0021 666C6F61 		.ascii	"float\000"
 733      7400
 734              	.LASF1:
 735 0027 756E7369 		.ascii	"unsigned char\000"
 735      676E6564 
 735      20636861 
 735      7200
 736              	.LASF16:
 737 0035 746D7041 		.ascii	"tmpAddr\000"
 737      64647200 
 738              	.LASF5:
 739 003d 6C6F6E67 		.ascii	"long unsigned int\000"
 739      20756E73 
 739      69676E65 
 739      6420696E 
 739      7400
 740              	.LASF3:
 741 004f 73686F72 		.ascii	"short unsigned int\000"
 741      7420756E 
 741      7369676E 
 741      65642069 
 741      6E7400
 742              	.LASF17:
 743 0062 474E5520 		.ascii	"GNU C11 5.4.1 20160609 (release) [ARM/embedded-5-br"
 743      43313120 
 743      352E342E 
 743      31203230 
ARM GAS  C:\Users\Daniela\AppData\Local\Temp\ccgZMFGy.s 			page 24


 743      31363036 
 744 0095 616E6368 		.ascii	"anch revision 237715] -mcpu=cortex-m0 -mthumb -g -O"
 744      20726576 
 744      6973696F 
 744      6E203233 
 744      37373135 
 745 00c8 33202D66 		.ascii	"3 -ffunction-sections -ffat-lto-objects -finline-fu"
 745      66756E63 
 745      74696F6E 
 745      2D736563 
 745      74696F6E 
 746 00fb 6E637469 		.ascii	"nctions -flto\000"
 746      6F6E7320 
 746      2D666C74 
 746      6F00
 747              	.LASF12:
 748 0109 646F7562 		.ascii	"double\000"
 748      6C6500
 749              	.LASF10:
 750 0110 75696E74 		.ascii	"uint32\000"
 750      333200
 751              	.LASF8:
 752 0117 756E7369 		.ascii	"unsigned int\000"
 752      676E6564 
 752      20696E74 
 752      00
 753              	.LASF7:
 754 0124 6C6F6E67 		.ascii	"long long unsigned int\000"
 754      206C6F6E 
 754      6720756E 
 754      7369676E 
 754      65642069 
 755              	.LASF19:
 756 013b 433A5C55 		.ascii	"C:\\Users\\Daniela\\Desktop\\Bluetooth_Project\\Thr"
 756      73657273 
 756      5C44616E 
 756      69656C61 
 756      5C446573 
 757 0169 6F756768 		.ascii	"oughput\\GATT Notification - Data Outgoing.cydsn\000"
 757      7075745C 
 757      47415454 
 757      204E6F74 
 757      69666963 
 758              	.LASF18:
 759 0199 47656E65 		.ascii	"Generated_Source\\PSoC4\\cyutils.c\000"
 759      72617465 
 759      645F536F 
 759      75726365 
 759      5C50536F 
 760              	.LASF6:
 761 01ba 6C6F6E67 		.ascii	"long long int\000"
 761      206C6F6E 
 761      6720696E 
 761      7400
 762              	.LASF13:
 763 01c8 63686172 		.ascii	"char\000"
 763      00
ARM GAS  C:\Users\Daniela\AppData\Local\Temp\ccgZMFGy.s 			page 25


 764              	.LASF2:
 765 01cd 73686F72 		.ascii	"short int\000"
 765      7420696E 
 765      7400
 766              	.LASF9:
 767 01d7 75696E74 		.ascii	"uint8\000"
 767      3800
 768              	.LASF4:
 769 01dd 6C6F6E67 		.ascii	"long int\000"
 769      20696E74 
 769      00
 770              	.LASF0:
 771 01e6 7369676E 		.ascii	"signed char\000"
 771      65642063 
 771      68617200 
 772              		.comm	__gnu_lto_v1,1,1
 773              		.ident	"GCC: (GNU Tools for ARM Embedded Processors) 5.4.1 20160609 (release) [ARM/embedded-5-bran
