ARM GAS  C:\Users\Daniela\AppData\Local\Temp\ccw6GQPY.s 			page 1


   1              		.syntax unified
   2              		.cpu cortex-m0
   3              		.fpu softvfp
   4              		.eabi_attribute 20, 1
   5              		.eabi_attribute 21, 1
   6              		.eabi_attribute 23, 3
   7              		.eabi_attribute 24, 1
   8              		.eabi_attribute 25, 1
   9              		.eabi_attribute 26, 1
  10              		.eabi_attribute 30, 2
  11              		.eabi_attribute 34, 0
  12              		.eabi_attribute 18, 4
  13              		.thumb
  14              		.syntax unified
  15              		.file	"UART_UART_BOOT.c"
  16              		.text
  17              	.Ltext0:
  18              		.section	.gnu.lto_.profile.58eb869b,"",%progbits
  19 0000 789C6361 		.ascii	"x\234ca`\004B \000\000\0009\000\007"
  19      60044220 
  19      00000039 
  19      0007
  20              		.text
  21              		.section	.gnu.lto_.icf.58eb869b,"",%progbits
  22 0000 789C6361 		.ascii	"x\234ca`d\000\001&\006d\000\000\000\236\000\010"
  22      60640001 
  22      26066400 
  22      00009E00 
  22      08
  23              		.text
  24              		.section	.gnu.lto_.jmpfuncs.58eb869b,"",%progbits
  25 0000 789C6361 		.ascii	"x\234ca`d\000\001&\006d\000\000\000\236\000\010"
  25      60640001 
  25      26066400 
  25      00009E00 
  25      08
  26              		.text
  27              		.section	.gnu.lto_.inline.58eb869b,"",%progbits
  28 0000 789C6361 		.ascii	"x\234ca`d\000\001&\006d\000\000\000\236\000\010"
  28      60640001 
  28      26066400 
  28      00009E00 
  28      08
  29              		.text
  30              		.section	.gnu.lto_.pureconst.58eb869b,"",%progbits
  31 0000 789C6361 		.ascii	"x\234ca`\004B \000\000\0009\000\007"
  31      60044220 
  31      00000039 
  31      0007
  32              		.text
  33              		.section	.gnu.lto_.symbol_nodes.58eb869b,"",%progbits
  34 0000 789C6361 		.ascii	"x\234ca`d`b\000\001\000\000F\000\010"
  34      60646062 
  34      00010000 
  34      460008
  35              		.text
  36              		.section	.gnu.lto_.refs.58eb869b,"",%progbits
ARM GAS  C:\Users\Daniela\AppData\Local\Temp\ccw6GQPY.s 			page 2


  37 0000 789C6361 		.ascii	"x\234ca`\004B \000\000\0009\000\007"
  37      60044220 
  37      00000039 
  37      0007
  38              		.text
  39              		.section	.gnu.lto_.decls.58eb869b,"",%progbits
  40 0000 789C6361 		.ascii	"x\234ca`d\200\001\020K\005\210\377\003\001\210\035\306"
  40      60648001 
  40      104B0588 
  40      FF030188 
  40      1DC6
  41 0012 40000000 		.ascii	"@\000\000\000\260\216\004~"
  41      B08E047E 
  42              		.text
  43              		.section	.gnu.lto_.symtab.58eb869b,"",%progbits
  44              		.text
  45              		.section	.gnu.lto_.opts,"",%progbits
  46 0000 272D666D 		.ascii	"'-fmath-errno' '-fsigned-zeros' '-ftrapping-math' '"
  46      6174682D 
  46      6572726E 
  46      6F272027 
  46      2D667369 
  47 0033 2D666E6F 		.ascii	"-fno-trapv' '-fno-openmp' '-fno-openacc' '-mcpu=cor"
  47      2D747261 
  47      70762720 
  47      272D666E 
  47      6F2D6F70 
  48 0066 7465782D 		.ascii	"tex-m0' '-mthumb' '-g' '-O3' '-ffunction-sections' "
  48      6D302720 
  48      272D6D74 
  48      68756D62 
  48      2720272D 
  49 0099 272D6666 		.ascii	"'-ffat-lto-objects' '-finline-functions' '-flto'\000"
  49      61742D6C 
  49      746F2D6F 
  49      626A6563 
  49      74732720 
  50              		.text
  51              		.cfi_sections	.debug_frame
  52              	.Letext0:
  53              		.section	.debug_info,"",%progbits
  54              	.Ldebug_info0:
  55 0000 83000000 		.4byte	0x83
  56 0004 0400     		.2byte	0x4
  57 0006 00000000 		.4byte	.Ldebug_abbrev0
  58 000a 04       		.byte	0x4
  59 000b 01       		.uleb128 0x1
  60 000c 1B000000 		.4byte	.LASF14
  61 0010 0C       		.byte	0xc
  62 0011 5D010000 		.4byte	.LASF15
  63 0015 F1000000 		.4byte	.LASF16
  64 0019 00000000 		.4byte	.Ldebug_line0
  65 001d 02       		.uleb128 0x2
  66 001e 01       		.byte	0x1
  67 001f 06       		.byte	0x6
  68 0020 AD010000 		.4byte	.LASF0
  69 0024 02       		.uleb128 0x2
ARM GAS  C:\Users\Daniela\AppData\Local\Temp\ccw6GQPY.s 			page 3


  70 0025 01       		.byte	0x1
  71 0026 08       		.byte	0x8
  72 0027 4F010000 		.4byte	.LASF1
  73 002b 02       		.uleb128 0x2
  74 002c 02       		.byte	0x2
  75 002d 05       		.byte	0x5
  76 002e C5010000 		.4byte	.LASF2
  77 0032 02       		.uleb128 0x2
  78 0033 02       		.byte	0x2
  79 0034 07       		.byte	0x7
  80 0035 9A010000 		.4byte	.LASF3
  81 0039 02       		.uleb128 0x2
  82 003a 04       		.byte	0x4
  83 003b 05       		.byte	0x5
  84 003c 8A010000 		.4byte	.LASF4
  85 0040 02       		.uleb128 0x2
  86 0041 04       		.byte	0x4
  87 0042 07       		.byte	0x7
  88 0043 C2000000 		.4byte	.LASF5
  89 0047 02       		.uleb128 0x2
  90 0048 08       		.byte	0x8
  91 0049 05       		.byte	0x5
  92 004a 00000000 		.4byte	.LASF6
  93 004e 02       		.uleb128 0x2
  94 004f 08       		.byte	0x8
  95 0050 07       		.byte	0x7
  96 0051 D4000000 		.4byte	.LASF7
  97 0055 03       		.uleb128 0x3
  98 0056 04       		.byte	0x4
  99 0057 05       		.byte	0x5
 100 0058 696E7400 		.ascii	"int\000"
 101 005c 02       		.uleb128 0x2
 102 005d 04       		.byte	0x4
 103 005e 07       		.byte	0x7
 104 005f 0E000000 		.4byte	.LASF8
 105 0063 02       		.uleb128 0x2
 106 0064 04       		.byte	0x4
 107 0065 04       		.byte	0x4
 108 0066 EB000000 		.4byte	.LASF9
 109 006a 02       		.uleb128 0x2
 110 006b 08       		.byte	0x8
 111 006c 04       		.byte	0x4
 112 006d 93010000 		.4byte	.LASF10
 113 0071 02       		.uleb128 0x2
 114 0072 01       		.byte	0x1
 115 0073 08       		.byte	0x8
 116 0074 85010000 		.4byte	.LASF11
 117 0078 02       		.uleb128 0x2
 118 0079 08       		.byte	0x8
 119 007a 04       		.byte	0x4
 120 007b B9010000 		.4byte	.LASF12
 121 007f 02       		.uleb128 0x2
 122 0080 04       		.byte	0x4
 123 0081 07       		.byte	0x7
 124 0082 CF010000 		.4byte	.LASF13
 125 0086 00       		.byte	0
 126              		.section	.debug_abbrev,"",%progbits
ARM GAS  C:\Users\Daniela\AppData\Local\Temp\ccw6GQPY.s 			page 4


 127              	.Ldebug_abbrev0:
 128 0000 01       		.uleb128 0x1
 129 0001 11       		.uleb128 0x11
 130 0002 01       		.byte	0x1
 131 0003 25       		.uleb128 0x25
 132 0004 0E       		.uleb128 0xe
 133 0005 13       		.uleb128 0x13
 134 0006 0B       		.uleb128 0xb
 135 0007 03       		.uleb128 0x3
 136 0008 0E       		.uleb128 0xe
 137 0009 1B       		.uleb128 0x1b
 138 000a 0E       		.uleb128 0xe
 139 000b 10       		.uleb128 0x10
 140 000c 17       		.uleb128 0x17
 141 000d 00       		.byte	0
 142 000e 00       		.byte	0
 143 000f 02       		.uleb128 0x2
 144 0010 24       		.uleb128 0x24
 145 0011 00       		.byte	0
 146 0012 0B       		.uleb128 0xb
 147 0013 0B       		.uleb128 0xb
 148 0014 3E       		.uleb128 0x3e
 149 0015 0B       		.uleb128 0xb
 150 0016 03       		.uleb128 0x3
 151 0017 0E       		.uleb128 0xe
 152 0018 00       		.byte	0
 153 0019 00       		.byte	0
 154 001a 03       		.uleb128 0x3
 155 001b 24       		.uleb128 0x24
 156 001c 00       		.byte	0
 157 001d 0B       		.uleb128 0xb
 158 001e 0B       		.uleb128 0xb
 159 001f 3E       		.uleb128 0x3e
 160 0020 0B       		.uleb128 0xb
 161 0021 03       		.uleb128 0x3
 162 0022 08       		.uleb128 0x8
 163 0023 00       		.byte	0
 164 0024 00       		.byte	0
 165 0025 00       		.byte	0
 166              		.section	.debug_aranges,"",%progbits
 167 0000 14000000 		.4byte	0x14
 168 0004 0200     		.2byte	0x2
 169 0006 00000000 		.4byte	.Ldebug_info0
 170 000a 04       		.byte	0x4
 171 000b 00       		.byte	0
 172 000c 0000     		.2byte	0
 173 000e 0000     		.2byte	0
 174 0010 00000000 		.4byte	0
 175 0014 00000000 		.4byte	0
 176              		.section	.debug_line,"",%progbits
 177              	.Ldebug_line0:
 178 0000 19000000 		.section	.debug_str,"MS",%progbits,1
 178      02001300 
 178      00000201 
 178      FB0E0D00 
 178      01010101 
 179              	.LASF6:
ARM GAS  C:\Users\Daniela\AppData\Local\Temp\ccw6GQPY.s 			page 5


 180 0000 6C6F6E67 		.ascii	"long long int\000"
 180      206C6F6E 
 180      6720696E 
 180      7400
 181              	.LASF8:
 182 000e 756E7369 		.ascii	"unsigned int\000"
 182      676E6564 
 182      20696E74 
 182      00
 183              	.LASF14:
 184 001b 474E5520 		.ascii	"GNU C11 5.4.1 20160609 (release) [ARM/embedded-5-br"
 184      43313120 
 184      352E342E 
 184      31203230 
 184      31363036 
 185 004e 616E6368 		.ascii	"anch revision 237715] -mcpu=cortex-m0 -mthumb -g -O"
 185      20726576 
 185      6973696F 
 185      6E203233 
 185      37373135 
 186 0081 33202D66 		.ascii	"3 -ffunction-sections -ffat-lto-objects -finline-fu"
 186      66756E63 
 186      74696F6E 
 186      2D736563 
 186      74696F6E 
 187 00b4 6E637469 		.ascii	"nctions -flto\000"
 187      6F6E7320 
 187      2D666C74 
 187      6F00
 188              	.LASF5:
 189 00c2 6C6F6E67 		.ascii	"long unsigned int\000"
 189      20756E73 
 189      69676E65 
 189      6420696E 
 189      7400
 190              	.LASF7:
 191 00d4 6C6F6E67 		.ascii	"long long unsigned int\000"
 191      206C6F6E 
 191      6720756E 
 191      7369676E 
 191      65642069 
 192              	.LASF9:
 193 00eb 666C6F61 		.ascii	"float\000"
 193      7400
 194              	.LASF16:
 195 00f1 433A5C55 		.ascii	"C:\\Users\\Daniela\\Desktop\\Bluetooth_Project\\Thr"
 195      73657273 
 195      5C44616E 
 195      69656C61 
 195      5C446573 
 196 011f 6F756768 		.ascii	"oughput\\GATT Notification - Data Outgoing.cydsn\000"
 196      7075745C 
 196      47415454 
 196      204E6F74 
 196      69666963 
 197              	.LASF1:
 198 014f 756E7369 		.ascii	"unsigned char\000"
ARM GAS  C:\Users\Daniela\AppData\Local\Temp\ccw6GQPY.s 			page 6


 198      676E6564 
 198      20636861 
 198      7200
 199              	.LASF15:
 200 015d 47656E65 		.ascii	"Generated_Source\\PSoC4\\UART_UART_BOOT.c\000"
 200      72617465 
 200      645F536F 
 200      75726365 
 200      5C50536F 
 201              	.LASF11:
 202 0185 63686172 		.ascii	"char\000"
 202      00
 203              	.LASF4:
 204 018a 6C6F6E67 		.ascii	"long int\000"
 204      20696E74 
 204      00
 205              	.LASF10:
 206 0193 646F7562 		.ascii	"double\000"
 206      6C6500
 207              	.LASF3:
 208 019a 73686F72 		.ascii	"short unsigned int\000"
 208      7420756E 
 208      7369676E 
 208      65642069 
 208      6E7400
 209              	.LASF0:
 210 01ad 7369676E 		.ascii	"signed char\000"
 210      65642063 
 210      68617200 
 211              	.LASF12:
 212 01b9 6C6F6E67 		.ascii	"long double\000"
 212      20646F75 
 212      626C6500 
 213              	.LASF2:
 214 01c5 73686F72 		.ascii	"short int\000"
 214      7420696E 
 214      7400
 215              	.LASF13:
 216 01cf 73697A65 		.ascii	"sizetype\000"
 216      74797065 
 216      00
 217              		.comm	__gnu_lto_v1,1,1
 218              		.ident	"GCC: (GNU Tools for ARM Embedded Processors) 5.4.1 20160609 (release) [ARM/embedded-5-bran
