ARM GAS  C:\Users\Daniela\AppData\Local\Temp\ccdqLlvJ.s 			page 1


   1              		.syntax unified
   2              		.cpu cortex-m0
   3              		.fpu softvfp
   4              		.eabi_attribute 20, 1
   5              		.eabi_attribute 21, 1
   6              		.eabi_attribute 23, 3
   7              		.eabi_attribute 24, 1
   8              		.eabi_attribute 25, 1
   9              		.eabi_attribute 26, 1
  10              		.eabi_attribute 30, 2
  11              		.eabi_attribute 34, 0
  12              		.eabi_attribute 18, 4
  13              		.thumb
  14              		.syntax unified
  15              		.file	"UART_SCBCLK.c"
  16              		.text
  17              	.Ltext0:
  18              		.section	.gnu.lto_.profile.58ebbfaf,"",%progbits
  19 0000 789C6361 		.ascii	"x\234ca`d`a`\000\222r\222\000\000\277\000B"
  19      60646061 
  19      60009272 
  19      920000BF 
  19      0042
  20              		.text
  21              		.section	.gnu.lto_.icf.58ebbfaf,"",%progbits
  22 0000 789C6361 		.ascii	"x\234ca`d\000\001\005\006\004`eh\355\272\325\302\313"
  22      60640001 
  22      05060460 
  22      6568EDBA 
  22      D5C2CB
  23 0013 D87E74D1 		.ascii	"\330~t\321\015N\246\366\343\355?y\231\017\376\230\276"
  23      0D4EA6F6 
  23      E3ED3F79 
  23      990FFE98 
  23      BE
  24 0024 90996576 		.ascii	"\220\231ev\323\274)<\014\000\345\036\015\250"
  24      D3BC293C 
  24      0C00E51E 
  24      0DA8
  25              		.text
  26              		.section	.gnu.lto_.jmpfuncs.58ebbfaf,"",%progbits
  27 0000 789C6361 		.ascii	"x\234ca`d\000\001q\006\004`e`dd\254\007\21231122\327"
  27      60640001 
  27      71060460 
  27      65606464 
  27      AC078A33 
  28 0019 D7333330 		.ascii	"\327330\260\000\205\001\026\322\001\263"
  28      B0008501 
  28      16D201B3 
  29              		.text
  30              		.section	.gnu.lto_.inline.58ebbfaf,"",%progbits
  31 0000 789C458B 		.ascii	"x\234E\213\261\015\2000\014\004\337\316\007B(`\003("
  31      B10D8030 
  31      0C04DFCE 
  31      07422860 
  31      0328
  32 0012 10E33013 		.ascii	"\020\3430\023#PRf\016\246`$l!\310\027\226\375\347#\004"
ARM GAS  C:\Users\Daniela\AppData\Local\Temp\ccdqLlvJ.s 			page 2


  32      23505266 
  32      0EA66024 
  32      6C21C817 
  32      96FDE723 
  33 0027 9E1D3511 		.ascii	"\236\0355\021\350V\021\314\206B\272N\242)\223\202e\242"
  33      E85611CC 
  33      8642BA4E 
  33      A2299382 
  33      65A2
  34 0039 6341BB08 		.ascii	"cA\273\010\264\002\213\242\317\242\030\315\220d\203"
  34      B4028BA2 
  34      CFA218CD 
  34      906483
  35 0048 F9D85EA8 		.ascii	"\371\330^\250\367@W\223\277\005D\232j\347o\022A\255"
  35      F7405793 
  35      BF05449A 
  35      6AE76F12 
  35      41AD
  36 005a B2ED6BF0 		.ascii	"\262\355k\360\000t\\\014$"
  36      00745C0C 
  36      24
  37              		.text
  38              		.section	.gnu.lto_.pureconst.58ebbfaf,"",%progbits
  39 0000 789C6361 		.ascii	"x\234ca`d\340f```e\220b\224b\222b\226ba\000\000\003"
  39      6064E066 
  39      60606065 
  39      90629462 
  39      92629662 
  40 0018 E40088   		.ascii	"\344\000\210"
  41              		.text
  42              		.section	.gnu.lto_UART_SCBCLK_StartEx.58ebbfaf,"",%progbits
  43 0000 789C5551 		.ascii	"x\234UQ\277k\024Q\020\236\357\275}{\253\371\361\027"
  43      BF6B1451 
  43      109EEFBD 
  43      7D7BABF9 
  43      F117
  44 0012 A4482331 		.ascii	"\244H#1\215\2156\226\361D\013-$g\272@\010q\221hH \250"
  44      8D8D3696 
  44      F1440B2D 
  44      2467BA40 
  44      08719168 
  45 0029 ADEF6E77 		.ascii	"\255\357nws(\026b0EP\016\003!?4^N\261\020\233\365D\004"
  45      73281662 
  45      3045500E 
  45      03213F34 
  45      5E4EB110 
  46 0041 C19334A6 		.ascii	"\301\2234\246\325\210[X\335i\024\321\230sf7\205\031"
  46      D5885B58 
  46      DD6914D1 
  46      98736637 
  46      8519
  47 0053 D89937C3 		.ascii	"\330\2317\30373\3377\353\020H\254[\021\035\345x\212"
  47      3733DF37 
  47      EB1048AC 
  47      5B111DE5 
  47      788A
  48 0065 3FB80475 		.ascii	"?\270\004u\273AT\364\024t\366\320\312\334zCd\017:a\216"
ARM GAS  C:\Users\Daniela\AppData\Local\Temp\ccdqLlvJ.s 			page 3


  48      BB4154F4 
  48      1474F6D0 
  48      CADC7A43 
  48      640F3A61 
  49 007a 6CA7C9EA 		.ascii	"l\247\311\352\003\016 \321z\240\353J\033\007\354)\263"
  49      030E20D1 
  49      7AA0EB4A 
  49      1B07EC29 
  49      B3
  50 008b 1FEAAF42 		.ascii	"\037\352\257B\275\234<W\375K\226\355\343\227Ym\227c"
  50      BD9C3C57 
  50      FD4B96ED 
  50      E397596D 
  50      9763
  51 009d 440C68AB 		.ascii	"D\014h\253\014\203%\3643j#\\\277\247\267U\244\001\207"
  51      0C8325F4 
  51      336A235C 
  51      BFA7B755 
  51      A40187
  52 00b0 D3D6BBF9 		.ascii	"\323\326\273\371\317\335\222*\364rz\343\325\317\227"
  52      CFDD922A 
  52      F4727AE3 
  52      D5CF97
  53 00bf 8E3E0CE2 		.ascii	"\216>\014\342w\355{%\351\352[\264\266d\355\254o\017"
  53      77ED7B25 
  53      E9EA5BB4 
  53      B664EDAC 
  53      6F0F
  54 00d1 445A6315 		.ascii	"DZc\025\232\347a\005=XF\017q\211\360\020}\002\337\252"
  54      9AE76105 
  54      3D58460F 
  54      7189F010 
  54      7D02DFAA 
  55 00e5 EDDEED72 		.ascii	"\355\336\355rCY\337\233-\305#\270\242\270:\030\333v"
  55      4359DF9B 
  55      2DC523B8 
  55      A2B83A18 
  55      DB76
  56 00f7 3BB071CD 		.ascii	";\260q\315\254iOq\227\243\331\261\002\3515\222\273\342"
  56      AC694F71 
  56      97A3D9B1 
  56      02E93592 
  56      BBE2
  57 0109 889ADCC6 		.ascii	"\210\232\334\306\232\233Jq\320-\326\307\212u\202\372"
  57      9A9B4A71 
  57      D02DD6C7 
  57      8A7582FA 
  58 0119 EF9B1F5E 		.ascii	"\357\233\037^k\231\027h\221:\027\325\337\347\204\265"
  58      6B991768 
  58      913A17D5 
  58      DFE784B5 
  59 0129 9B325D78 		.ascii	"\2332]x\360g\323d\251\265\241\025]\345hc\245\263\202"
  59      F067D364 
  59      A9B5A115 
  59      5DE56863 
  59      A5B382
  60 013c FBC5908F 		.ascii	"\373\305\220\217\220\303c&\274\306\204\011UT@\011J\337"
ARM GAS  C:\Users\Daniela\AppData\Local\Temp\ccdqLlvJ.s 			page 4


  60      90C36326 
  60      BCC68409 
  60      55544009 
  60      4ADF
  61 014e CA3BB96C 		.ascii	"\312;\271l\240\346\231\364\011a#\270\264W\370\177\203"
  61      A0E699F4 
  61      096123B8 
  61      B457F87F 
  61      83
  62 015f 01615D3A 		.ascii	"\001a]:I\350\031\342?\203\226r\204_\202\2409\323HL\326"
  62      49E819E2 
  62      3F839672 
  62      845F82A0 
  62      39D3484C 
  63 0174 65022D8B 		.ascii	"e\002-\213\347_l\277M\271x\360P\343FF\375\232\331q3"
  63      E75F6CBF 
  63      4DB978F0 
  63      50E34646 
  63      FD9AD971 
  64 0189 90E0E4B4 		.ascii	"\220\340\344\264[w\236\245Ww\020\363\275<<I\201\365"
  64      5B779EA5 
  64      577710F3 
  64      BD3C3C49 
  64      81F5
  65 019b B956F5B8 		.ascii	"\271V\365\270\000\367\011(Z\333\261_\303S\326\300\263"
  65      00F70928 
  65      5ADBB15F 
  65      C353D6C0 
  65      B3
  66 01ac E82B4AF1 		.ascii	"\350+J\361f\272~\217\036\230\026\237\360\320i\177\322"
  66      66BA7E8F 
  66      1E98169F 
  66      F0D0697F 
  66      D2
  67 01bd 9F1EBDE2 		.ascii	"\237\036\275\342_\030)L]\235\036\363\207\317\025\246"
  67      5F18294C 
  67      5D9D1EF3 
  67      87CF15A6 
  68 01cd F2C78687 		.ascii	"\362\307\206\207\006\006\317\217\024\362'\362g\317\034"
  68      0606CF8F 
  68      14F227F2 
  68      67CF1C
  69 01dc 19A38ED1 		.ascii	"\031\243\216\321\211\361\213\223\371\211\313'\307\257"
  69      89F18B93 
  69      F989CB27 
  69      C7AF
  70 01ea FD03BD91 		.ascii	"\375\003\275\221\301\317"
  70      C1CF
  71              		.text
  72              		.section	.gnu.lto_UART_SCBCLK_Stop.58ebbfaf,"",%progbits
  73 0000 789C5590 		.ascii	"x\234U\220;K\003A\024\205\357\231\331\315\006\215\377"
  73      3B4B0341 
  73      1485EF99 
  73      D9CD068D 
  73      FF
  74 0011 C0C24624 		.ascii	"\300\302F$\215XX\330\306\200)\264\220D;A$\246\0214\020"
  74      8D5858D8 
ARM GAS  C:\Users\Daniela\AppData\Local\Temp\ccdqLlvJ.s 			page 5


  74      C68029B4 
  74      90443B41 
  74      24A61134 
  75 0026 B47692EC 		.ascii	"\264v\222\354\022\020\013-\264\212\004m\222\370\304"
  75      12100B2D 
  75      B48A046D 
  75      92F8C4
  76 0035 D26E4D63 		.ascii	"\322nMc\027\2611\245\0170\205\210&\022\033_\361N\326"
  76      17B131A5 
  76      0F308588 
  76      26121B5F 
  76      F14ED6
  77 0048 422FCCDC 		.ascii	"B/\314\334\335\2313\347|\\\203@\272\026\271\015p\037"
  77      DD9933E7 
  77      7C5C8340 
  77      BA16B90D 
  77      701F
  78 005a E3051F41 		.ascii	"\343\005\037AlT\211\322~\001\351}Ha\256_\020\251.\303"
  78      6C5489D2 
  78      7E01E97D 
  78      4861AE5F 
  78      10A92EC3 
  79 006e B648054C 		.ascii	"\266H\005L\357<d\000\272+?hUH\323\000\357\344\325\233"
  79      EF3C6400 
  79      BA2B3F68 
  79      5548D300 
  79      EFE4D59B 
  80 0082 F812A8E4 		.ascii	"\370\022\250\344\352g\"XT\\\267\017/C\252\344\302aA"
  80      EA672258 
  80      545CB70F 
  80      2F43AAE4 
  80      C26141
  81 0095 5B781A14 		.ascii	"[x\032\024\021$\226\335\237~o\365\370l-\353\363.Q\202"
  81      112496DD 
  81      9F7E6FF5 
  81      F86C2DEB 
  81      F32E5182 
  82 00a9 4F939D44 		.ascii	"O\223\235D]\325ng\225\273i\235_[\246 GB\362\306\232"
  82      5DD56E67 
  82      95BB699D 
  82      5F5BA620 
  82      4742F2C6 
  83 00be 062F8669 		.ascii	"\006/\206i\010\301M69\230Qd\035\225\367\265z~D\033d"
  83      08C14D36 
  83      39985164 
  83      1D95F7B5 
  83      7A7E441B 
  84 00d3 A566D876 		.ascii	"\245f\330v*\227VK8RBg\355\355~\324L\357W)[\031|\224"
  84      2A97564B 
  84      38524267 
  84      EDED7ED4 
  84      4CEF5729 
  85 00eb 73AECA81 		.ascii	"s\256\312\201\002v\3226\323\031\330G/\312\350e\210\003"
  85      0276D236 
  85      D319D847 
  85      2FCAE865 
  85      8803
ARM GAS  C:\Users\Daniela\AppData\Local\Temp\ccdqLlvJ.s 			page 6


  86 00fd 14407564 		.ascii	"\024@ud^s\237\226g(\331\223\356`W\263\013\277\007\177"
  86      5E739F96 
  86      6728D993 
  86      EE6057B3 
  86      0BBF077F 
  87 0111 13040887 		.ascii	"\023\004\010\207\372%i<\223xdh\012C\3631W\253\361\264"
  87      FA25693C 
  87      93786468 
  87      0A43F331 
  87      57ABF1B4 
  88 0125 D9B1F917 		.ascii	"\331\261\371\027\231V\252\373\177\352\021\247\262\344"
  88      9956AAFB 
  88      7FEA11A7 
  88      B2E4
  89 0133 26EF3C77 		.ascii	"&\357<w@\001\227\007c\340\230o\037\221qk\021m\362\033"
  89      40019707 
  89      63E0986F 
  89      1F91716B 
  89      116DF21B 
  90 0147 0236E741 		.ascii	"\0026\347A\364G\022K\211\324\334rb~6\226\\I\305\023"
  90      F447124B 
  90      89D4DC72 
  90      627E3696 
  90      5C49C513 
  91 015b 3393B164 		.ascii	"3\223\261dxxf:\024\235\232\215\205G\303\023\343\203"
  91      7878663A 
  91      149D9A8D 
  91      8547C313 
  91      E383
  92 016d 71FA0166 		.ascii	"q\372\001f\317\215\252"
  92      CF8DAA
  93              		.text
  94              		.section	.gnu.lto_UART_SCBCLK_SetFractionalDividerRegister.58ebbfaf,"",%progbits
  95 0000 789C6D52 		.ascii	"x\234mR]H\223a\024~\317\373n\337\367\271\315\351e\221"
  95      5D489361 
  95      147ECFFB 
  95      6EDFF7B9 
  95      CDE96591 
  96 0014 17DE0CF3 		.ascii	"\027\336\014\363&\014\273\350*0\243\242\202B\313+A\306"
  96      260CBBE8 
  96      2A30A3A2 
  96      8242CB2B 
  96      41C6
  97 0026 1C219AC2 		.ascii	"\034!\232\302\322n}\347\366\315\030H\"$%\211\220\230"
  97      D26E7DE7 
  97      F6CD1848 
  97      22242589 
  97      9098
  98 0038 FFBA657F 		.ascii	"\377\272e\177\246\320\034Y e\024\375\334\224\204\211"
  98      A6D01C59 
  98      206514FD 
  98      DC948489 
  99 0048 41884DB1 		.ascii	"A\210M\261\014\321\3269\337\253\205\320\013{\177\316"
  99      0CD1D639 
  99      DFAB85D0 
  99      0B7B7FCE 
 100 0058 9EE739E7 		.ascii	"\236\3479\347<\347\2631`\264\032\004cg\361\334\207?"
ARM GAS  C:\Users\Daniela\AppData\Local\Temp\ccdqLlvJ.s 			page 7


 100      3CE7B331 
 100      60B41A04 
 100      6367F1DC 
 100      873F
 101 006a 100C78EB 		.ascii	"\020\014x\353,cA\203\003\320E\032\300\03294\302\017"
 101      2C634183 
 101      03D0451A 
 101      C01A3934 
 101      C20F
 102 007c BEC521D9 		.ascii	"\276\305!\331\2748\316\363{%\256\317\323\335\007e_\002"
 102      BC38CEF3 
 102      7B25AECF 
 102      D3DD0765 
 102      5F02
 103 008e 4CA4A7B9 		.ascii	"L\244\247\271\245\304\240\027\362\0215\235^Od\255qS"
 103      A5C4A017 
 103      F211359D 
 103      5E4F64AD 
 103      7153
 104 00a0 0010E94D 		.ascii	"\000\020\351M\352E\247\223\236\034\262\361\031Y\375"
 104      EA45A793 
 104      9E1CB2F1 
 104      1959FD
 105 00af B0E012FB 		.ascii	"\260\340\022\373\201\341}0\366$\232\225\327#e\223\224"
 105      81E17D30 
 105      F6249A95 
 105      D7236593 
 105      94
 106 00c0 9FBCD26E 		.ascii	"\237\274\322n\012\001\003 P\017\372!\007\372 \207a\210"
 106      0A010320 
 106      500FFA21 
 106      07FA2087 
 106      6188
 107 00d2 C120E421 		.ascii	"\301 \344!\2729~\247\315-\012-f\317\325\215!\330f\306"
 107      BA397EA7 
 107      CD2D0A2D 
 107      66CFD58D 
 107      21D866C6 
 108 00e6 9F396581 		.ascii	"\2379e\201)l0\244\250\2059P@D\033\203a\310#\364\353"
 108      296C30A4 
 108      A8853950 
 108      40441B83 
 108      61C823F4 
 109 00fb 70EC9650 		.ascii	"p\354\226P\025\331\360\271\362\262\343\213[U\224\213"
 109      15D9F0B9 
 109      F2B2E38B 
 109      5B55948B 
 110 010b CFE5AF73 		.ascii	"\317\345\257s\3272E\221\245\373\375\206\314\366t\223"
 110      D7324591 
 110      A5FBFD86 
 110      CCF67493 
 111 011b 6C622CEA 		.ascii	"lb,\352\276)\023\341\\S\330!\246\224G\261\250\021,\212"
 111      BE2913E1 
 111      5C53D821 
 111      A69447B1 
 111      A8112C8A 
 112 012f 16824727 		.ascii	"\026\202G'c\357\2708i\021GZ\342#\332636\343\222\255"
ARM GAS  C:\Users\Daniela\AppData\Local\Temp\ccdqLlvJ.s 			page 8


 112      63EFB838 
 112      6911475A 
 112      E223DA36 
 112      3336E392 
 113 0144 41838877 		.ascii	"A\203\210w\377K\234\217\377\276\236\251\205\311\307"
 113      FF4B9C8F 
 113      FFBE9EA9 
 113      85C9C7
 114 0153 5C18030F 		.ascii	"\\\030\003\017\304\301\243\\\204{\240\341\\\370Nt\264"
 114      C4C1A35C 
 114      847BA0E1 
 114      5CF84E74 
 114      B4
 115 0164 2421D3E9 		.ascii	"$!\323\351\220Lt9\2466\035n\216mih\010\376k\003\262"
 115      904C7439 
 115      A6361D6E 
 115      8E6D6968 
 115      08FE6B03 
 116 0179 C54E018D 		.ascii	"\305N\001\2156\2356\003\250\345\014\272:hs\322\346b"
 116      369D3603 
 116      A8E50CBA 
 116      3A6873D2 
 116      E662
 117 018b 963E4B61 		.ascii	"\226>Ka\002\232\351\012\347t\212EHnD\177\366\037\241"
 117      029AE90A 
 117      E7748A45 
 117      486E447F 
 117      F61FA1
 118 019e 9C2141A3 		.ascii	"\234!A\243j7\223\257t2F\267z\232\3718u;K=e$,\311\272"
 118      6A3793AF 
 118      743246B7 
 118      7A9AF938 
 118      753B4B3D 
 119 01b7 E596E1E7 		.ascii	"\345\226\341\347\356.\350\014\206q\362\006<\300\276"
 119      EE2EE80C 
 119      8671F206 
 119      3CC0BE
 120 01c6 EE535FF0 		.ascii	"\356S_\360\020\272\200-Bh3\262\004JP(\315\265\250\271"
 120      10BA802D 
 120      426833B2 
 120      044A5028 
 120      CDB5A8B9 
 121 01da 6E79AF81 		.ascii	"ny\257\201\016\217\020;\017\334\352\022{@\020r\232V"
 121      0E8F103B 
 121      0FDCEA12 
 121      7B401072 
 121      9A56
 122 01ec 9BDF0F94 		.ascii	"\233\337\017\224)\222=\204cC\231Tdi\217\212P\020e:&"
 122      29923D84 
 122      63439954 
 122      64698F8A 
 122      5010653A 
 123 0201 D666EC24 		.ascii	"\326f\354$\223\001\006\214\243\014\202~Ef\007\312\025"
 123      9301068C 
 123      A30C827E 
 123      456607CA 
 123      15
ARM GAS  C:\Users\Daniela\AppData\Local\Temp\ccdqLlvJ.s 			page 9


 124 0212 4AB7F269 		.ascii	"J\267\362iJmnG-#$\014\245\366v\273(\007\006\351C^\215"
 124      4A6D6E47 
 124      2D23240C 
 124      A5F676BB 
 124      280706E9 
 125 0229 F5BA949A 		.ascii	"\365\272\224\232\200\307Jm3\362t\257\0029\021G\3435"
 125      80C74A6D 
 125      33F274AF 
 125      02391147 
 125      E335
 126 023b 17FA0D55 		.ascii	"\027\372\015Uy\032`\342_\316\303\012\346\262\322:\377"
 126      791A60E2 
 126      5FCEC30A 
 126      E6B2D23A 
 126      FF
 127 024c 3614A786 		.ascii	"6\024\247\206\\\010J\266\257\314\265\351\024\333\345"
 127      5C084AB6 
 127      AFCCB5E9 
 127      14DBE5
 128 025b 58504AE7 		.ascii	"XPJ\347n\323&\3214\242|\203\246\304\326)\"X_H\212\003"
 128      6ED326D1 
 128      34A27C83 
 128      A6C4D629 
 128      22585F48 
 129 0271 0D08C7E5 		.ascii	"\015\010\307\3459\341\257\365\007\274\365\376\312\212"
 129      39E1AFF5 
 129      07BCF5FE 
 129      CA8A
 130 027f D2BA8680 		.ascii	"\322\272\206\200\317_~\256\264\256\370P\371\205\242"
 130      CF5F7EAE 
 130      B4AEF850 
 130      F985A2
 131 028e 92F315A5 		.ascii	"\222\363\025\245\305G\213\317\234>\340c\016_M\365\261"
 131      C5478BCF 
 131      9C3EE063 
 131      0E5F4DF5 
 131      B1
 132 029f AA2B5595 		.ascii	"\252+U\225\376@&^\217\007\274\276\372\252\272Zo\215"
 132      FE40265E 
 132      8F07BCBE 
 132      FAAABA5A 
 132      6F8D
 133 02b1 16F05F2C 		.ascii	"\026\360_,\363\326\350\227\274\227\253\361\374\003B"
 133      F3D6E897 
 133      BC97ABF1 
 133      FC0342
 134 02c0 4B3724   		.ascii	"K7$"
 135              		.text
 136              		.section	.gnu.lto_UART_SCBCLK_GetDividerRegister.58ebbfaf,"",%progbits
 137 0000 789C2D90 		.ascii	"x\234-\220\261KBQ\024\306\317w\357\323\036H\331\236"
 137      B14B4251 
 137      14C6CF77 
 137      EFD31E48 
 137      D99E
 138 0012 434B944B 		.ascii	"CK\224KS\375\001&\324PChm\202\204\2755Aj\366\352\363"
 138      53FD0126 
 138      D4504368 
ARM GAS  C:\Users\Daniela\AppData\Local\Temp\ccdqLlvJ.s 			page 10


 138      6D8284BD 
 138      35416AF6 
 139 0028 1504414B 		.ascii	"\025\004AK\015\201\010\022X\226Jk-*D QP\020\015\015"
 139      0D810812 
 139      58964A6B 
 139      2D2A4420 
 139      5150100D 
 140 003d 11E1D010 		.ascii	"\021\341\320\020&F\020\324\353\036\354\302\271\347~"
 140      264610D4 
 140      EB1EECC2 
 140      B9E77E
 141 004c F77EE79C 		.ascii	"\367~\347\234\037\327 \020\257i\235\306u\036\321\001"
 141      1FD72010 
 141      AF699DC6 
 141      751ED101 
 142 005c 4910BB37 		.ascii	"I\020\2737D\031S\000|P&(-\220\306\247\370\021\270t\277"
 142      44195300 
 142      7C502628 
 142      2D90C6A7 
 142      F811B874 
 143 0071 EAFE9E70 		.ascii	"\352\376\236p\330\246\345]\347:\357c\011\014kY>\254"
 143      D8A6E55D 
 143      E73AEF63 
 143      090C6B59 
 143      3EAC
 144 0083 75CD6049 		.ascii	"u\315`I\251\254zv\316C\031\333\231p\244 W\020\216\020"
 144      A9AC7A76 
 144      CE4319DB 
 144      9970A420 
 144      57108E10 
 145 0097 4009011E 		.ascii	"@\011\001\036q\214 i\363\313\331\357\336\2407\247\364"
 145      718C2069 
 145      F3CBD9EF 
 145      DEA037A7 
 145      F4
 146 00a8 1A658B7E 		.ascii	"\032e\213~)\303\313H\265H]\271\256\255\352\367\276\306"
 146      29C3CB48 
 146      B5485DB9 
 146      AEADEAF7 
 146      BEC6
 147 00ba A3CF0372 		.ascii	"\243\317\003r\244\224\274\031\304\355\250\243\203\321"
 147      A494BC19 
 147      C4EDA8A3 
 147      83D1
 148 00c8 3E84E02C 		.ascii	">\204\340,\333h~o?Tc\\oK\251{\357;\315\333\001\3462"
 148      DB687E6F 
 148      3F54635C 
 148      6F4BA97B 
 148      EF3BCDDB 
 149 00df C0A35A4F 		.ascii	"\300\243ZO\215\242\277/\325fN\031\372\352}\247r5T@>"
 149      8DA2BF2F 
 149      D5664E19 
 149      FAEA7DA7 
 149      72355440 
 150 00f4 9383233D 		.ascii	"\223\203#=8\325x'\214\207\012\012\2406\354\356,\331"
 150      38D57827 
 150      8C870A0A 
ARM GAS  C:\Users\Daniela\AppData\Local\Temp\ccdqLlvJ.s 			page 11


 150      A036ECEE 
 150      2CD9
 151 0106 12FD7607 		.ascii	"\022\375v\007\027\275\226\207\353\2750Q\325\2666\262"
 151      17BD9687 
 151      EBBD3051 
 151      D5B636B2 
 152 0116 DDAD57F4 		.ascii	"\335\255W\364\007\032\332Go\020\377\212\277\264#\300"
 152      071ADA47 
 152      6F10FF8A 
 152      BFB423C0 
 153 0126 649A736C 		.ascii	"d\232sl\316Z\263R+\353\326j<\232\334H%\254\330b4\031"
 153      CE5AB352 
 153      2BEBD66A 
 153      3C9ADC48 
 153      25ACD862 
 154 013c 9E8A2D87 		.ascii	"\236\212-\207\"K\361hx&\2740?\231\240?\3070u\357"
 154      224BF168 
 154      7826BC30 
 154      3F99A03F 
 154      C73075EF 
 155              		.text
 156              		.section	.gnu.lto_UART_SCBCLK_GetFractionalDividerRegister.58ebbfaf,"",%progbits
 157 0000 789C6361 		.ascii	"x\234ca`d\000\201i@\254\016\304\322@\314\310\314\300"
 157      60640081 
 157      6940AC0E 
 157      C4D240CC 
 157      C8CCC0
 158 0013 C834E11C 		.ascii	"\3104\341\034\003C#\007\023##\210\321\300\301\310P\317"
 158      03432307 
 158      13232388 
 158      D1C0C1C8 
 158      50CF
 159 0025 C458CFF8 		.ascii	"\304X\317\370\225\351/\023\343\351\357'z\2704\22774"
 159      95E92F13 
 159      E3E9EF27 
 159      7AB83497 
 159      3734
 160 0037 34353C38 		.ascii	"45<8\372\330r\372\212\003\214\255\314\014\014\377\231"
 160      FAD872FA 
 160      8A038CAD 
 160      CC0C0CFF 
 160      99
 161 0048 18188D65 		.ascii	"\030\030\215e\030\015d@F,g\324d\000*}\264\361\337T^"
 161      180D6440 
 161      462C67D4 
 161      64002A7D 
 161      B4F1DF54 
 162 005d B6960620 		.ascii	"\266\226\006 P\000)\000\312\254`d\003Y\271>\350@\303"
 162      50002900 
 162      CAAC6064 
 162      0359B93E 
 162      E840C3
 163 0070 FFFFCD0D 		.ascii	"\377\377\315\015\007\346\363\035\334\307\007\224\371"
 163      07E6F31D 
 163      DCC70794 
 163      F9
 164 007d 00C420BB 		.ascii	"\000\304 \273>21\201h\346W\214M\007v\367\361\201\324"
ARM GAS  C:\Users\Daniela\AppData\Local\Temp\ccdqLlvJ.s 			page 12


 164      3E323181 
 164      68E6578C 
 164      4D0776F7 
 164      F181D4
 165 0090 030D9AD6 		.ascii	"\003\015\232\326z\350<\373\027&\240=\214\014\214+\031"
 165      7AE83CFB 
 165      1726A03D 
 165      8C0C8C2B 
 165      19
 166 00a1 41760075 		.ascii	"Av\000u0\202T\002\365\251\272\247\346\245\026%\226\244"
 166      30825402 
 166      F5A9BAA7 
 166      E6A51625 
 166      96A4
 167 00b3 A6C407E7 		.ascii	"\246\304\007\347\227\026%\247\306\004\004\347;\233\304"
 167      971625A7 
 167      C60404E7 
 167      3B9BC4
 168 00c2 843A0685 		.ascii	"\204:\006\205\304\007;;9\373x\353%3\000\000\"~C\361"
 168      C4073B3B 
 168      39FB78EB 
 168      25330000 
 168      227E43F1 
 169              		.text
 170              		.section	.gnu.lto_.symbol_nodes.58ebbfaf,"",%progbits
 171 0000 789C6361 		.ascii	"x\234ca`d\010g\000\002&\206z\006\206\011\347\030@\324"
 171      60640867 
 171      00022686 
 171      7A068609 
 171      E71840D4 
 172 0014 AE0645A0 		.ascii	"\256\006E\240\000c=#\252\000S=\023\252\000s=3\252\000"
 172      00633D23 
 172      AA00533D 
 172      13AA0073 
 172      3D33AA00 
 173 0028 4B3D0B8A 		.ascii	"K=\013\212\000\003\000U/\023\016"
 173      00030055 
 173      2F130E
 174              		.text
 175              		.section	.gnu.lto_.refs.58ebbfaf,"",%progbits
 176 0000 789C6361 		.ascii	"x\234ca`\004B \000\000\0009\000\007"
 176      60044220 
 176      00000039 
 176      0007
 177              		.text
 178              		.section	.gnu.lto_.decls.58ebbfaf,"",%progbits
 179 0000 789C8D54 		.ascii	"x\234\215TolSU\024\277\347\275\266\333\336\352\266L"
 179      6F6C5355 
 179      14BFE7BD 
 179      B6DBDEEA 
 179      B64C
 180 0012 6216D3E0 		.ascii	"b\026\323\340$q\333\247\312\2301~1Q\207\354\203F\014"
 180      2471DBA7 
 180      CA98317E 
 180      315187EC 
 180      83460C
 181 0025 937D2259 		.ascii	"\223}\"Y\306x\301&\244#\245\030\371\304\225\242\031"
ARM GAS  C:\Users\Daniela\AppData\Local\Temp\ccdqLlvJ.s 			page 13


 181      C678C126 
 181      A423A518 
 181      F9C495A2 
 181      19
 182 0036 A0C91A1D 		.ascii	"\240\311\032\035\312\354\262\015\243tl\354/k\031\024"
 182      CAECB20D 
 182      A3746CEC 
 182      2F6B1914 
 183 0046 28CE6D5D 		.ascii	"(\316m]a\203\255@B\2102\235h\024\377T\247Y\206\351\352"
 183      6183AD40 
 183      4288329D 
 183      6814FF54 
 183      A75986E9 
 184 005b B9F7BDD7 		.ascii	"\271\367\275\327\367Z\333\304\233\236\327{\317=\347"
 184      F75ADBC4 
 184      9B9ED77B 
 184      CF3DE7
 185 006a FC7EE7CF 		.ascii	"\374~\347\317{&\002\204-\247\205\020\001\267{P\222\270"
 185      7B260284 
 185      2DA78510 
 185      01B77B50 
 185      92B8
 186 007c F0481A88 		.ascii	"\360H\032\210\276\314(\243(\001\224i\224(\312,\371\357"
 186      BECC28A3 
 186      28019469 
 186      9428CA2C 
 186      F9EF
 187 008e 623605AA 		.ascii	"b6\005\252o)\312:\224A\224J\2249\224[(1\224\255\252"
 187      6F29CA3A 
 187      9441944A 
 187      9439945B 
 187      283194AD 
 188 00a3 3DA83E99 		.ascii	"=\250>\231+\240b6d\361\325\374\002Y\374\0307)\003\177"
 188      2BA06236 
 188      64F1D5FC 
 188      0259FC18 
 188      3729037F 
 189 00b7 022564E0 		.ascii	"\002%d\340\221\215\303t\226X,\307\274\2148\271\374\243"
 189      918DC374 
 189      96582CC7 
 189      BC8C38B9 
 189      FCA3
 190 00c9 59FC67D5 		.ascii	"Y\374g\325\273\220\301.[\315\022\002\370c\313T\272\013"
 190      BB90C12E 
 190      5BCD1202 
 190      F863CB54 
 190      BA0B
 191 00db 7740246A 		.ascii	"w@$jC\010\200\362\004.D\021~\304\215@\224\215\246J-"
 191      430880F2 
 191      042E4411 
 191      7EC48D40 
 191      948DA64A 
 192 00f0 02CA8DA0 		.ascii	"\002\312\215\240j\211\036\214\377T\177Hj\213\007\321"
 192      6A891E8C 
 192      FF547F48 
 192      6A8B07D1 
 193 0100 A383EA04 		.ascii	"\243\203\352\004)\006\374Zq\202TT\345O\320=\014\361"
ARM GAS  C:\Users\Daniela\AppData\Local\Temp\ccdqLlvJ.s 			page 14


 193      2906FC5A 
 193      71825454 
 193      E54FD03D 
 193      0CF1
 194 0112 3218699C 		.ascii	"2\030i\2345\030\"hI\217^\360>\264\2108u\270\277\267"
 194      35182268 
 194      498F5EF0 
 194      3EB48838 
 194      75B8BFB7 
 195 0126 EADF62EF 		.ascii	"\352\337b\357\247\270\332(\025\354ze\276\216\364\366"
 195      A7B8DA28 
 195      15EC7A65 
 195      BE8EF4F6 
 196 0136 897F0950 		.ascii	"\211\177\011P)q\316\305\250\032\374e|\365\021E\305,"
 196      2971CEC5 
 196      A81AFC65 
 196      7CF51145 
 196      C52C
 197 0148 A2F7EEFF 		.ascii	"\242\367\356\377Y >\301\367\363\207\207|\314\272T\002"
 197      59203EC1 
 197      F7F38787 
 197      7CCCBA54 
 197      02
 198 0159 131EFF98 		.ascii	"\023\036\377\230\355X*\302\343:\011\312\023\202\020"
 198      ED582AC2 
 198      E33A09CA 
 198      138210
 199 0168 F8AC6BD9 		.ascii	"\370\254k\331\014RU+\245\207h\233\207\226F\212\010\014"
 199      0C52552B 
 199      A587689B 
 199      8796468A 
 199      080C
 200 017a 800DCE80 		.ascii	"\200\015\316\200\215\300\020T\261\220\275`'\320\207"
 200      8DC01054 
 200      B190BD60 
 200      27D087
 201 0189 CAD3A8FC 		.ascii	"\312\323\250\374\2021Z\354\034~~\234\322\022\030\004"
 201      82315AEC 
 201      1C7E7E9C 
 201      D2121804 
 202 0199 09FA41E4 		.ascii	"\011\372A\344&\230N\245\244P\374\365\367\256\331<\023"
 202      26984EA5 
 202      A450FCF5 
 202      F7AED93C 
 202      13
 203 01aa A6C50D76 		.ascii	"\246\305\015v\232\230\356\357\345\356\237\363\313\216"
 203      9A98EEEF 
 203      E5EE9FF3 
 203      CB8E
 204 01b8 F3843CB4 		.ascii	"\363\204<\264\334\004\015\217\245\220\010\214@\031>"
 204      DC040D8F 
 204      A590088C 
 204      40193E
 205 01c7 87C1A404 		.ascii	"\207\301\244\004\010\016_<Z\264\241\233v\017\321\305"
 205      080E5F3C 
 205      5AB4A19B 
 205      760FD1C5 
ARM GAS  C:\Users\Daniela\AppData\Local\Temp\ccdqLlvJ.s 			page 15


 206 01d7 E1A9CAE3 		.ascii	"\341\251\312\343\036\032A\277rf\006~\035\317\317\246"
 206      1E1A41BF 
 206      7266067E 
 206      1DCFCFA6 
 207 01e7 83C029B8 		.ascii	"\203\300)\270\213\225\034\205\015ln\006\202+V\321\311"
 207      8B951C85 
 207      0D6C6E06 
 207      822B56D1 
 207      C9
 208 01f8 734FCC7C 		.ascii	"sO\314|\332!\344\204\034\343\220;U\304\311Hr\316\244"
 208      DA21E484 
 208      1CE3903B 
 208      55C4C948 
 208      72CEA4
 209 020b 2086D7A6 		.ascii	" \206\327\246\254\264\355\035J_`6pV\307;k\304\013p\274"
 209      ACB4ED1D 
 209      4A5F6036 
 209      7056C73B 
 209      6BC40B70 
 210 0220 1FD6921F 		.ascii	"\037\326\222\037\024\210\0079\336\340\273\337\367\346"
 210      14880739 
 210      DEE0BBDF 
 210      F7E6
 211 022e 63716DD8 		.ascii	"cqm\330\0310\264\305\246\264\345\204wi\255P\364\003"
 211      1930B4C5 
 211      A6B4E584 
 211      7769AD50 
 211      F403
 212 0240 3B08B1A5 		.ascii	";\010\261\245\276\237LP%\251\365\354U\352\031\302r\235"
 212      BE9F4C50 
 212      25A9F5EC 
 212      55EA19C2 
 212      729D
 213 0252 D7F16CAC 		.ascii	"\327\361l\254\236\2747\361\223\324RF\240\306\006\033"
 213      9EBC37F1 
 213      93D45246 
 213      A0C6061B 
 214 0262 B13117B0 		.ascii	"\2611\027\26016\2651\343\230\3209L\010\001\356\177\334"
 214      3136B531 
 214      E398D039 
 214      4C0801EE 
 214      7FDC
 215 0274 F5C0C2CB 		.ascii	"\365\300\302\313\036J\225\375\363\207\377\304Y\377+"
 215      1E4A95FD 
 215      F387FFC4 
 215      59FF2B
 216 0283 D8B48806 		.ascii	"\330\264\210\006R\025\012)\177\317\324\250$\016pR0\231"
 216      52150A29 
 216      7FCFD4A8 
 216      240E7052 
 216      3099
 217 0295 5C09172B 		.ascii	"\\\011\027+\303\"\340q!~\255\263P\031\226\022\244\354"
 217      C322E071 
 217      217EADB3 
 217      50199612 
 217      A4EC
 218 02a7 FBE8CA19 		.ascii	"\373\350\312\031\2136,\324C%?\016\313\227\010\177\205"
ARM GAS  C:\Users\Daniela\AppData\Local\Temp\ccdqLlvJ.s 			page 16


 218      8B362CD4 
 218      43253F0E 
 218      CB97087F 
 218      85
 219 02b8 0DCB57C8 		.ascii	"\015\313W\310\251B\345t\031\225\227\264a\011\337^O\005"
 219      A942E574 
 219      199597B4 
 219      6109DF5E 
 219      4F05
 220 02ca 98404661 		.ascii	"\230@Fa=\263\012uR\332\177l_,\340\224\231\301E\340\234"
 220      3DB30A75 
 220      52DA7F6C 
 220      5F2CE094 
 220      99C145E0 
 221 02df 67A2EF9F 		.ascii	"g\242\357\2372\347\354\333\024\357\333\2446*\361\236"
 221      32E7ECDB 
 221      14EFDBA4 
 221      362AF19E 
 222 02ef A529D046 		.ascii	"\245)\320F\345\275\272\357F(=\202\216&f\007A\0351h\354"
 222      E5BDBAEF 
 222      46283D82 
 222      8E266607 
 222      411D3168 
 223 0304 DD34EFDD 		.ascii	"\3354\357\335\355\316\337N\233\3051%\367o\303K\011\311"
 223      EDCEDF4E 
 223      9BC53125 
 223      F76FC34B 
 223      09C9
 224 0316 08CA08E9 		.ascii	"\010\312\010\351\2503i\323r\247\253{DP\247e\376\230"
 224      A83369D3 
 224      72A7AB7B 
 224      4450A765 
 224      FE98
 225 0328 F5040D1F 		.ascii	"\365\004\015\037F?\201YAD\307\214\0301\243\034s\342"
 225      463F8159 
 225      4144C78C 
 225      1831A31C 
 225      73E2
 226 033a 90EFC342 		.ascii	"\220\357\303B\361\246\202y\343\330\244\247\330\210\031"
 226      F1A68279 
 226      E3D8A4A7 
 226      D88819
 227 0349 4AC3BC96 		.ascii	"J\303\274\226\206\331\263\322\276`E\314!\304\354\234"
 227      86D9B3D2 
 227      BE6045CC 
 227      21C4EC9C 
 228 0359 13539868 		.ascii	"\023S\230h\005Wu\314\253F\314Y\206)\372.\307\202\"H"
 228      055775CC 
 228      AB46CC59 
 228      8629FA2E 
 228      C7822248 
 229 036d 36C0C8D0 		.ascii	"6\300\310\320\252\242\245\275\352\004\346\000;\0027"
 229      AAA2A5BD 
 229      EA04E600 
 229      3B0237
 230 037c F07C1DCF 		.ascii	"\360|\035\317\035\024\315\342\311\344\301d2\217_q\005"
 230      1D14CDE2 
ARM GAS  C:\Users\Daniela\AppData\Local\Temp\ccdqLlvJ.s 			page 17


 230      C9E4C164 
 230      328F5F71 
 230      05
 231 038d F59EDCDC 		.ascii	"\365\236\334\334\352}\234+\330\003I\235\357\037\374"
 231      EA7D9C2B 
 231      D803499D 
 231      EF1FFC
 232 039c 44945AD9 		.ascii	"D\224Z\3318\374\257\317\007s\371\206\372\314bBy\015"
 232      38FCAFCF 
 232      0773F986 
 232      FACC6242 
 232      790D
 233 03ae C6CF3DE8 		.ascii	"\306\317=\350/Rf*K\204\233\271?@\253[\275GX\3661\254"
 233      2F52662A 
 233      4B849BB9 
 233      3F40AB5B 
 233      BD4758F6 
 234 03c4 D8829EFD 		.ascii	"\330\202\236\375<\250\203\025\210\314\217\345Y\217\352"
 234      3CA88315 
 234      88CC8FE5 
 234      598FEA
 235 03d3 DF356EA9 		.ascii	"\3375n\251\347{\013\254\374\013\314\376\037\335\376"
 235      E77B0BAC 
 235      FC0BCCFE 
 235      1FDDFE
 236 03e2 E2B6371A 		.ascii	"\342\2667\032\353k_\252}\365\225\306zw\223\313\375\362"
 236      EB6B5FAA 
 236      7DF595C6 
 236      7A7793CB 
 236      FDF2
 237 03f4 DBF975AF 		.ascii	"\333\371u\257m/\257\255\256&\226\375\016\247\273f\323"
 237      6D2FAFAD 
 237      AE2696FD 
 237      0EA7BB66 
 237      D3
 238 0405 9375B253 		.ascii	"\223u\262Sv5\271\345]\215\365-\373]\315\362\216\327"
 238      7635B9E5 
 238      5D8DF52D 
 238      FB5DCDF2 
 238      8ED7
 239 0417 EB5B6A9F 		.ascii	"\353[j\237y\272\371\200\373\300^y\237\375M\362Tv\213"
 239      79BAF980 
 239      FBC05E79 
 239      9FFD4DF2 
 239      54768B
 240 042a 1D86E0F6 		.ascii	"\035\206\340\366fR\222\216\325\262\267*M!\273\267\270"
 240      6652928E 
 240      D5B2B72A 
 240      4D21BBB7 
 240      B8
 241 043b 9A9ADD8E 		.ascii	"\232\232\335\216\026g\323\236\315\216\267\034\273d\327"
 241      1667D39E 
 241      CD8EB71C 
 241      BB64D7
 242 044a 3679B763 		.ascii	"6y\267c\237[v\231\031\221\3478\235\352g\327\033\275"
 242      9F5B7699 
 242      1991E738 
ARM GAS  C:\Users\Daniela\AppData\Local\Temp\ccdqLlvJ.s 			page 18


 242      9DEA67D7 
 242      1BBD
 243 045c EA647786 		.ascii	"\352dw\206mU\306u\356\240.yw\315\246\177\001\327\333"
 243      6D55C675 
 243      EEA02E79 
 243      77CDA67F 
 243      01D7DB
 244 046f 3FD9     		.ascii	"?\331"
 245              		.text
 246              		.section	.gnu.lto_.symtab.58ebbfaf,"",%progbits
 247 0000 55415254 		.ascii	"UART_SCBCLK_StartEx\000"
 247      5F534342 
 247      434C4B5F 
 247      53746172 
 247      74457800 
 248 0014 00       		.ascii	"\000"
 249 0015 00       		.ascii	"\000"
 250 0016 00       		.ascii	"\000"
 251 0017 00000000 		.ascii	"\000\000\000\000\000\000\000\000"
 251      00000000 
 252 001f B3000000 		.ascii	"\263\000\000\000"
 253 0023 55415254 		.ascii	"UART_SCBCLK_Stop\000"
 253      5F534342 
 253      434C4B5F 
 253      53746F70 
 253      00
 254 0034 00       		.ascii	"\000"
 255 0035 00       		.ascii	"\000"
 256 0036 00       		.ascii	"\000"
 257 0037 00000000 		.ascii	"\000\000\000\000\000\000\000\000"
 257      00000000 
 258 003f B6000000 		.ascii	"\266\000\000\000"
 259 0043 55415254 		.ascii	"UART_SCBCLK_SetFractionalDividerRegister\000"
 259      5F534342 
 259      434C4B5F 
 259      53657446 
 259      72616374 
 260 006c 00       		.ascii	"\000"
 261 006d 00       		.ascii	"\000"
 262 006e 00       		.ascii	"\000"
 263 006f 00000000 		.ascii	"\000\000\000\000\000\000\000\000"
 263      00000000 
 264 0077 C7000000 		.ascii	"\307\000\000\000"
 265 007b 55415254 		.ascii	"UART_SCBCLK_GetDividerRegister\000"
 265      5F534342 
 265      434C4B5F 
 265      47657444 
 265      69766964 
 266 009a 00       		.ascii	"\000"
 267 009b 00       		.ascii	"\000"
 268 009c 00       		.ascii	"\000"
 269 009d 00000000 		.ascii	"\000\000\000\000\000\000\000\000"
 269      00000000 
 270 00a5 CA000000 		.ascii	"\312\000\000\000"
 271 00a9 55415254 		.ascii	"UART_SCBCLK_GetFractionalDividerRegister\000"
 271      5F534342 
 271      434C4B5F 
ARM GAS  C:\Users\Daniela\AppData\Local\Temp\ccdqLlvJ.s 			page 19


 271      47657446 
 271      72616374 
 272 00d2 00       		.ascii	"\000"
 273 00d3 00       		.ascii	"\000"
 274 00d4 00       		.ascii	"\000"
 275 00d5 00000000 		.ascii	"\000\000\000\000\000\000\000\000"
 275      00000000 
 276 00dd CD000000 		.ascii	"\315\000\000\000"
 277              		.text
 278              		.section	.gnu.lto_.opts,"",%progbits
 279 0000 272D666D 		.ascii	"'-fmath-errno' '-fsigned-zeros' '-ftrapping-math' '"
 279      6174682D 
 279      6572726E 
 279      6F272027 
 279      2D667369 
 280 0033 2D666E6F 		.ascii	"-fno-trapv' '-fno-openmp' '-fno-openacc' '-mcpu=cor"
 280      2D747261 
 280      70762720 
 280      272D666E 
 280      6F2D6F70 
 281 0066 7465782D 		.ascii	"tex-m0' '-mthumb' '-g' '-O3' '-ffunction-sections' "
 281      6D302720 
 281      272D6D74 
 281      68756D62 
 281      2720272D 
 282 0099 272D6666 		.ascii	"'-ffat-lto-objects' '-finline-functions' '-flto'\000"
 282      61742D6C 
 282      746F2D6F 
 282      626A6563 
 282      74732720 
 283              		.text
 284              		.cfi_sections	.debug_frame
 285              		.section	.text.UART_SCBCLK_StartEx,"ax",%progbits
 286              		.align	2
 287              		.global	UART_SCBCLK_StartEx
 288              		.code	16
 289              		.thumb_func
 290              		.type	UART_SCBCLK_StartEx, %function
 291              	UART_SCBCLK_StartEx:
 292              	.LFB0:
 293              		.file 1 "Generated_Source\\PSoC4\\UART_SCBCLK.c"
   1:Generated_Source\PSoC4/UART_SCBCLK.c **** /*******************************************************************************
   2:Generated_Source\PSoC4/UART_SCBCLK.c **** * File Name: UART_SCBCLK.c
   3:Generated_Source\PSoC4/UART_SCBCLK.c **** * Version 2.20
   4:Generated_Source\PSoC4/UART_SCBCLK.c **** *
   5:Generated_Source\PSoC4/UART_SCBCLK.c **** *  Description:
   6:Generated_Source\PSoC4/UART_SCBCLK.c **** *   Provides system API for the clocking, interrupts and watchdog timer.
   7:Generated_Source\PSoC4/UART_SCBCLK.c **** *
   8:Generated_Source\PSoC4/UART_SCBCLK.c **** *  Note:
   9:Generated_Source\PSoC4/UART_SCBCLK.c **** *   Documentation of the API's in this file is located in the
  10:Generated_Source\PSoC4/UART_SCBCLK.c **** *   System Reference Guide provided with PSoC Creator.
  11:Generated_Source\PSoC4/UART_SCBCLK.c **** *
  12:Generated_Source\PSoC4/UART_SCBCLK.c **** ********************************************************************************
  13:Generated_Source\PSoC4/UART_SCBCLK.c **** * Copyright 2008-2012, Cypress Semiconductor Corporation.  All rights reserved.
  14:Generated_Source\PSoC4/UART_SCBCLK.c **** * You may use this file only in accordance with the license, terms, conditions,
  15:Generated_Source\PSoC4/UART_SCBCLK.c **** * disclaimers, and limitations in the end user license agreement accompanying
  16:Generated_Source\PSoC4/UART_SCBCLK.c **** * the software package with which this file was provided.
ARM GAS  C:\Users\Daniela\AppData\Local\Temp\ccdqLlvJ.s 			page 20


  17:Generated_Source\PSoC4/UART_SCBCLK.c **** *******************************************************************************/
  18:Generated_Source\PSoC4/UART_SCBCLK.c **** 
  19:Generated_Source\PSoC4/UART_SCBCLK.c **** #include <cydevice_trm.h>
  20:Generated_Source\PSoC4/UART_SCBCLK.c **** #include "UART_SCBCLK.h"
  21:Generated_Source\PSoC4/UART_SCBCLK.c **** 
  22:Generated_Source\PSoC4/UART_SCBCLK.c **** #if defined CYREG_PERI_DIV_CMD
  23:Generated_Source\PSoC4/UART_SCBCLK.c **** 
  24:Generated_Source\PSoC4/UART_SCBCLK.c **** /*******************************************************************************
  25:Generated_Source\PSoC4/UART_SCBCLK.c **** * Function Name: UART_SCBCLK_StartEx
  26:Generated_Source\PSoC4/UART_SCBCLK.c **** ********************************************************************************
  27:Generated_Source\PSoC4/UART_SCBCLK.c **** *
  28:Generated_Source\PSoC4/UART_SCBCLK.c **** * Summary:
  29:Generated_Source\PSoC4/UART_SCBCLK.c **** *  Starts the clock, aligned to the specified running clock.
  30:Generated_Source\PSoC4/UART_SCBCLK.c **** *
  31:Generated_Source\PSoC4/UART_SCBCLK.c **** * Parameters:
  32:Generated_Source\PSoC4/UART_SCBCLK.c **** *  alignClkDiv:  The divider to which phase alignment is performed when the
  33:Generated_Source\PSoC4/UART_SCBCLK.c **** *    clock is started.
  34:Generated_Source\PSoC4/UART_SCBCLK.c **** *
  35:Generated_Source\PSoC4/UART_SCBCLK.c **** * Returns:
  36:Generated_Source\PSoC4/UART_SCBCLK.c **** *  None
  37:Generated_Source\PSoC4/UART_SCBCLK.c **** *
  38:Generated_Source\PSoC4/UART_SCBCLK.c **** *******************************************************************************/
  39:Generated_Source\PSoC4/UART_SCBCLK.c **** void UART_SCBCLK_StartEx(uint32 alignClkDiv)
  40:Generated_Source\PSoC4/UART_SCBCLK.c **** {
 294              		.loc 1 40 0
 295              		.cfi_startproc
 296              		@ args = 0, pretend = 0, frame = 0
 297              		@ frame_needed = 0, uses_anonymous_args = 0
 298              		@ link register save eliminated.
 299              	.LVL0:
  41:Generated_Source\PSoC4/UART_SCBCLK.c ****     /* Make sure any previous start command has finished. */
  42:Generated_Source\PSoC4/UART_SCBCLK.c ****     while((UART_SCBCLK_CMD_REG & UART_SCBCLK_CMD_ENABLE_MASK) != 0u)
 300              		.loc 1 42 0
 301 0000 044A     		ldr	r2, .L5
 302              	.L2:
 303              		.loc 1 42 0 is_stmt 0 discriminator 1
 304 0002 1368     		ldr	r3, [r2]
 305 0004 002B     		cmp	r3, #0
 306 0006 FCDB     		blt	.L2
  43:Generated_Source\PSoC4/UART_SCBCLK.c ****     {
  44:Generated_Source\PSoC4/UART_SCBCLK.c ****     }
  45:Generated_Source\PSoC4/UART_SCBCLK.c ****     
  46:Generated_Source\PSoC4/UART_SCBCLK.c ****     /* Specify the target divider and it's alignment divider, and enable. */
  47:Generated_Source\PSoC4/UART_SCBCLK.c ****     UART_SCBCLK_CMD_REG =
  48:Generated_Source\PSoC4/UART_SCBCLK.c ****         ((uint32)UART_SCBCLK__DIV_ID << UART_SCBCLK_CMD_DIV_SHIFT)|
  49:Generated_Source\PSoC4/UART_SCBCLK.c ****         (alignClkDiv << UART_SCBCLK_CMD_PA_DIV_SHIFT) |
 307              		.loc 1 49 0 is_stmt 1
 308 0008 034B     		ldr	r3, .L5+4
 309 000a 0002     		lsls	r0, r0, #8
 310              	.LVL1:
 311 000c 1843     		orrs	r0, r3
  47:Generated_Source\PSoC4/UART_SCBCLK.c ****         ((uint32)UART_SCBCLK__DIV_ID << UART_SCBCLK_CMD_DIV_SHIFT)|
 312              		.loc 1 47 0
 313 000e 014B     		ldr	r3, .L5
  50:Generated_Source\PSoC4/UART_SCBCLK.c ****         (uint32)UART_SCBCLK_CMD_ENABLE_MASK;
  51:Generated_Source\PSoC4/UART_SCBCLK.c **** }
 314              		.loc 1 51 0
ARM GAS  C:\Users\Daniela\AppData\Local\Temp\ccdqLlvJ.s 			page 21


 315              		@ sp needed
  47:Generated_Source\PSoC4/UART_SCBCLK.c ****         ((uint32)UART_SCBCLK__DIV_ID << UART_SCBCLK_CMD_DIV_SHIFT)|
 316              		.loc 1 47 0
 317 0010 1860     		str	r0, [r3]
 318              		.loc 1 51 0
 319 0012 7047     		bx	lr
 320              	.L6:
 321              		.align	2
 322              	.L5:
 323 0014 00000140 		.word	1073807360
 324 0018 40000080 		.word	-2147483584
 325              		.cfi_endproc
 326              	.LFE0:
 327              		.size	UART_SCBCLK_StartEx, .-UART_SCBCLK_StartEx
 328              		.section	.text.UART_SCBCLK_Stop,"ax",%progbits
 329              		.align	2
 330              		.global	UART_SCBCLK_Stop
 331              		.code	16
 332              		.thumb_func
 333              		.type	UART_SCBCLK_Stop, %function
 334              	UART_SCBCLK_Stop:
 335              	.LFB1:
  52:Generated_Source\PSoC4/UART_SCBCLK.c **** 
  53:Generated_Source\PSoC4/UART_SCBCLK.c **** #else
  54:Generated_Source\PSoC4/UART_SCBCLK.c **** 
  55:Generated_Source\PSoC4/UART_SCBCLK.c **** /*******************************************************************************
  56:Generated_Source\PSoC4/UART_SCBCLK.c **** * Function Name: UART_SCBCLK_Start
  57:Generated_Source\PSoC4/UART_SCBCLK.c **** ********************************************************************************
  58:Generated_Source\PSoC4/UART_SCBCLK.c **** *
  59:Generated_Source\PSoC4/UART_SCBCLK.c **** * Summary:
  60:Generated_Source\PSoC4/UART_SCBCLK.c **** *  Starts the clock.
  61:Generated_Source\PSoC4/UART_SCBCLK.c **** *
  62:Generated_Source\PSoC4/UART_SCBCLK.c **** * Parameters:
  63:Generated_Source\PSoC4/UART_SCBCLK.c **** *  None
  64:Generated_Source\PSoC4/UART_SCBCLK.c **** *
  65:Generated_Source\PSoC4/UART_SCBCLK.c **** * Returns:
  66:Generated_Source\PSoC4/UART_SCBCLK.c **** *  None
  67:Generated_Source\PSoC4/UART_SCBCLK.c **** *
  68:Generated_Source\PSoC4/UART_SCBCLK.c **** *******************************************************************************/
  69:Generated_Source\PSoC4/UART_SCBCLK.c **** 
  70:Generated_Source\PSoC4/UART_SCBCLK.c **** void UART_SCBCLK_Start(void)
  71:Generated_Source\PSoC4/UART_SCBCLK.c **** {
  72:Generated_Source\PSoC4/UART_SCBCLK.c ****     /* Set the bit to enable the clock. */
  73:Generated_Source\PSoC4/UART_SCBCLK.c ****     UART_SCBCLK_ENABLE_REG |= UART_SCBCLK__ENABLE_MASK;
  74:Generated_Source\PSoC4/UART_SCBCLK.c **** }
  75:Generated_Source\PSoC4/UART_SCBCLK.c **** 
  76:Generated_Source\PSoC4/UART_SCBCLK.c **** #endif /* CYREG_PERI_DIV_CMD */
  77:Generated_Source\PSoC4/UART_SCBCLK.c **** 
  78:Generated_Source\PSoC4/UART_SCBCLK.c **** 
  79:Generated_Source\PSoC4/UART_SCBCLK.c **** /*******************************************************************************
  80:Generated_Source\PSoC4/UART_SCBCLK.c **** * Function Name: UART_SCBCLK_Stop
  81:Generated_Source\PSoC4/UART_SCBCLK.c **** ********************************************************************************
  82:Generated_Source\PSoC4/UART_SCBCLK.c **** *
  83:Generated_Source\PSoC4/UART_SCBCLK.c **** * Summary:
  84:Generated_Source\PSoC4/UART_SCBCLK.c **** *  Stops the clock and returns immediately. This API does not require the
  85:Generated_Source\PSoC4/UART_SCBCLK.c **** *  source clock to be running but may return before the hardware is actually
  86:Generated_Source\PSoC4/UART_SCBCLK.c **** *  disabled.
ARM GAS  C:\Users\Daniela\AppData\Local\Temp\ccdqLlvJ.s 			page 22


  87:Generated_Source\PSoC4/UART_SCBCLK.c **** *
  88:Generated_Source\PSoC4/UART_SCBCLK.c **** * Parameters:
  89:Generated_Source\PSoC4/UART_SCBCLK.c **** *  None
  90:Generated_Source\PSoC4/UART_SCBCLK.c **** *
  91:Generated_Source\PSoC4/UART_SCBCLK.c **** * Returns:
  92:Generated_Source\PSoC4/UART_SCBCLK.c **** *  None
  93:Generated_Source\PSoC4/UART_SCBCLK.c **** *
  94:Generated_Source\PSoC4/UART_SCBCLK.c **** *******************************************************************************/
  95:Generated_Source\PSoC4/UART_SCBCLK.c **** void UART_SCBCLK_Stop(void)
  96:Generated_Source\PSoC4/UART_SCBCLK.c **** {
 336              		.loc 1 96 0
 337              		.cfi_startproc
 338              		@ args = 0, pretend = 0, frame = 0
 339              		@ frame_needed = 0, uses_anonymous_args = 0
 340              		@ link register save eliminated.
  97:Generated_Source\PSoC4/UART_SCBCLK.c **** #if defined CYREG_PERI_DIV_CMD
  98:Generated_Source\PSoC4/UART_SCBCLK.c **** 
  99:Generated_Source\PSoC4/UART_SCBCLK.c ****     /* Make sure any previous start command has finished. */
 100:Generated_Source\PSoC4/UART_SCBCLK.c ****     while((UART_SCBCLK_CMD_REG & UART_SCBCLK_CMD_ENABLE_MASK) != 0u)
 341              		.loc 1 100 0
 342 0000 034A     		ldr	r2, .L10
 343              	.L8:
 344              		.loc 1 100 0 is_stmt 0 discriminator 1
 345 0002 1368     		ldr	r3, [r2]
 346 0004 002B     		cmp	r3, #0
 347 0006 FCDB     		blt	.L8
 101:Generated_Source\PSoC4/UART_SCBCLK.c ****     {
 102:Generated_Source\PSoC4/UART_SCBCLK.c ****     }
 103:Generated_Source\PSoC4/UART_SCBCLK.c ****     
 104:Generated_Source\PSoC4/UART_SCBCLK.c ****     /* Specify the target divider and it's alignment divider, and disable. */
 105:Generated_Source\PSoC4/UART_SCBCLK.c ****     UART_SCBCLK_CMD_REG =
 348              		.loc 1 105 0 is_stmt 1
 349 0008 024A     		ldr	r2, .L10+4
 350 000a 014B     		ldr	r3, .L10
 106:Generated_Source\PSoC4/UART_SCBCLK.c ****         ((uint32)UART_SCBCLK__DIV_ID << UART_SCBCLK_CMD_DIV_SHIFT)|
 107:Generated_Source\PSoC4/UART_SCBCLK.c ****         ((uint32)UART_SCBCLK_CMD_DISABLE_MASK);
 108:Generated_Source\PSoC4/UART_SCBCLK.c **** 
 109:Generated_Source\PSoC4/UART_SCBCLK.c **** #else
 110:Generated_Source\PSoC4/UART_SCBCLK.c **** 
 111:Generated_Source\PSoC4/UART_SCBCLK.c ****     /* Clear the bit to disable the clock. */
 112:Generated_Source\PSoC4/UART_SCBCLK.c ****     UART_SCBCLK_ENABLE_REG &= (uint32)(~UART_SCBCLK__ENABLE_MASK);
 113:Generated_Source\PSoC4/UART_SCBCLK.c ****     
 114:Generated_Source\PSoC4/UART_SCBCLK.c **** #endif /* CYREG_PERI_DIV_CMD */
 115:Generated_Source\PSoC4/UART_SCBCLK.c **** }
 351              		.loc 1 115 0
 352              		@ sp needed
 105:Generated_Source\PSoC4/UART_SCBCLK.c ****         ((uint32)UART_SCBCLK__DIV_ID << UART_SCBCLK_CMD_DIV_SHIFT)|
 353              		.loc 1 105 0
 354 000c 1A60     		str	r2, [r3]
 355              		.loc 1 115 0
 356 000e 7047     		bx	lr
 357              	.L11:
 358              		.align	2
 359              	.L10:
 360 0010 00000140 		.word	1073807360
 361 0014 40000040 		.word	1073741888
 362              		.cfi_endproc
ARM GAS  C:\Users\Daniela\AppData\Local\Temp\ccdqLlvJ.s 			page 23


 363              	.LFE1:
 364              		.size	UART_SCBCLK_Stop, .-UART_SCBCLK_Stop
 365              		.section	.text.UART_SCBCLK_SetFractionalDividerRegister,"ax",%progbits
 366              		.align	2
 367              		.global	UART_SCBCLK_SetFractionalDividerRegister
 368              		.code	16
 369              		.thumb_func
 370              		.type	UART_SCBCLK_SetFractionalDividerRegister, %function
 371              	UART_SCBCLK_SetFractionalDividerRegister:
 372              	.LFB2:
 116:Generated_Source\PSoC4/UART_SCBCLK.c **** 
 117:Generated_Source\PSoC4/UART_SCBCLK.c **** 
 118:Generated_Source\PSoC4/UART_SCBCLK.c **** /*******************************************************************************
 119:Generated_Source\PSoC4/UART_SCBCLK.c **** * Function Name: UART_SCBCLK_SetFractionalDividerRegister
 120:Generated_Source\PSoC4/UART_SCBCLK.c **** ********************************************************************************
 121:Generated_Source\PSoC4/UART_SCBCLK.c **** *
 122:Generated_Source\PSoC4/UART_SCBCLK.c **** * Summary:
 123:Generated_Source\PSoC4/UART_SCBCLK.c **** *  Modifies the clock divider and the fractional divider.
 124:Generated_Source\PSoC4/UART_SCBCLK.c **** *
 125:Generated_Source\PSoC4/UART_SCBCLK.c **** * Parameters:
 126:Generated_Source\PSoC4/UART_SCBCLK.c **** *  clkDivider:  Divider register value (0-65535). This value is NOT the
 127:Generated_Source\PSoC4/UART_SCBCLK.c **** *    divider; the clock hardware divides by clkDivider plus one. For example,
 128:Generated_Source\PSoC4/UART_SCBCLK.c **** *    to divide the clock by 2, this parameter should be set to 1.
 129:Generated_Source\PSoC4/UART_SCBCLK.c **** *  fracDivider:  Fractional Divider register value (0-31).
 130:Generated_Source\PSoC4/UART_SCBCLK.c **** * Returns:
 131:Generated_Source\PSoC4/UART_SCBCLK.c **** *  None
 132:Generated_Source\PSoC4/UART_SCBCLK.c **** *
 133:Generated_Source\PSoC4/UART_SCBCLK.c **** *******************************************************************************/
 134:Generated_Source\PSoC4/UART_SCBCLK.c **** void UART_SCBCLK_SetFractionalDividerRegister(uint16 clkDivider, uint8 clkFractional)
 135:Generated_Source\PSoC4/UART_SCBCLK.c **** {
 373              		.loc 1 135 0
 374              		.cfi_startproc
 375              		@ args = 0, pretend = 0, frame = 0
 376              		@ frame_needed = 0, uses_anonymous_args = 0
 377              	.LVL2:
 378 0000 10B5     		push	{r4, lr}
 379              		.cfi_def_cfa_offset 8
 380              		.cfi_offset 4, -8
 381              		.cfi_offset 14, -4
 136:Generated_Source\PSoC4/UART_SCBCLK.c ****     uint32 maskVal;
 137:Generated_Source\PSoC4/UART_SCBCLK.c ****     uint32 regVal;
 138:Generated_Source\PSoC4/UART_SCBCLK.c ****     
 139:Generated_Source\PSoC4/UART_SCBCLK.c **** #if defined (UART_SCBCLK__FRAC_MASK) || defined (CYREG_PERI_DIV_CMD)
 140:Generated_Source\PSoC4/UART_SCBCLK.c ****     
 141:Generated_Source\PSoC4/UART_SCBCLK.c **** 	/* get all but divider bits */
 142:Generated_Source\PSoC4/UART_SCBCLK.c ****     maskVal = UART_SCBCLK_DIV_REG & 
 143:Generated_Source\PSoC4/UART_SCBCLK.c ****                     (uint32)(~(uint32)(UART_SCBCLK_DIV_INT_MASK | UART_SCBCLK_DIV_FRAC_MASK)); 
 144:Generated_Source\PSoC4/UART_SCBCLK.c **** 	/* combine mask and new divider vals into 32-bit value */
 145:Generated_Source\PSoC4/UART_SCBCLK.c ****     regVal = maskVal |
 382              		.loc 1 145 0
 383 0002 FF24     		movs	r4, #255
 384 0004 C900     		lsls	r1, r1, #3
 385              	.LVL3:
 386 0006 2140     		ands	r1, r4
 387 0008 0002     		lsls	r0, r0, #8
 388              	.LVL4:
 389 000a 0843     		orrs	r0, r1
ARM GAS  C:\Users\Daniela\AppData\Local\Temp\ccdqLlvJ.s 			page 24


 390 000c 0721     		movs	r1, #7
 142:Generated_Source\PSoC4/UART_SCBCLK.c ****                     (uint32)(~(uint32)(UART_SCBCLK_DIV_INT_MASK | UART_SCBCLK_DIV_FRAC_MASK)); 
 391              		.loc 1 142 0
 392 000e 034A     		ldr	r2, .L13
 146:Generated_Source\PSoC4/UART_SCBCLK.c ****         ((uint32)((uint32)clkDivider <<  UART_SCBCLK_DIV_INT_SHIFT) & UART_SCBCLK_DIV_INT_MASK) |
 147:Generated_Source\PSoC4/UART_SCBCLK.c ****         ((uint32)((uint32)clkFractional << UART_SCBCLK_DIV_FRAC_SHIFT) & UART_SCBCLK_DIV_FRAC_MASK)
 148:Generated_Source\PSoC4/UART_SCBCLK.c ****     
 149:Generated_Source\PSoC4/UART_SCBCLK.c **** #else
 150:Generated_Source\PSoC4/UART_SCBCLK.c ****     /* get all but integer divider bits */
 151:Generated_Source\PSoC4/UART_SCBCLK.c ****     maskVal = UART_SCBCLK_DIV_REG & (uint32)(~(uint32)UART_SCBCLK__DIVIDER_MASK);
 152:Generated_Source\PSoC4/UART_SCBCLK.c ****     /* combine mask and new divider val into 32-bit value */
 153:Generated_Source\PSoC4/UART_SCBCLK.c ****     regVal = clkDivider | maskVal;
 154:Generated_Source\PSoC4/UART_SCBCLK.c ****     
 155:Generated_Source\PSoC4/UART_SCBCLK.c **** #endif /* UART_SCBCLK__FRAC_MASK || CYREG_PERI_DIV_CMD */
 156:Generated_Source\PSoC4/UART_SCBCLK.c **** 
 157:Generated_Source\PSoC4/UART_SCBCLK.c ****     UART_SCBCLK_DIV_REG = regVal;
 158:Generated_Source\PSoC4/UART_SCBCLK.c **** }
 393              		.loc 1 158 0
 394              		@ sp needed
 142:Generated_Source\PSoC4/UART_SCBCLK.c ****                     (uint32)(~(uint32)(UART_SCBCLK_DIV_INT_MASK | UART_SCBCLK_DIV_FRAC_MASK)); 
 395              		.loc 1 142 0
 396 0010 1368     		ldr	r3, [r2]
 397              	.LVL5:
 145:Generated_Source\PSoC4/UART_SCBCLK.c ****         ((uint32)((uint32)clkDivider <<  UART_SCBCLK_DIV_INT_SHIFT) & UART_SCBCLK_DIV_INT_MASK) |
 398              		.loc 1 145 0
 399 0012 0B40     		ands	r3, r1
 400              	.LVL6:
 401 0014 1843     		orrs	r0, r3
 402              	.LVL7:
 157:Generated_Source\PSoC4/UART_SCBCLK.c **** }
 403              		.loc 1 157 0
 404 0016 1060     		str	r0, [r2]
 405              		.loc 1 158 0
 406 0018 10BD     		pop	{r4, pc}
 407              	.L14:
 408 001a C046     		.align	2
 409              	.L13:
 410 001c 00030140 		.word	1073808128
 411              		.cfi_endproc
 412              	.LFE2:
 413              		.size	UART_SCBCLK_SetFractionalDividerRegister, .-UART_SCBCLK_SetFractionalDividerRegister
 414              		.section	.text.UART_SCBCLK_GetDividerRegister,"ax",%progbits
 415              		.align	2
 416              		.global	UART_SCBCLK_GetDividerRegister
 417              		.code	16
 418              		.thumb_func
 419              		.type	UART_SCBCLK_GetDividerRegister, %function
 420              	UART_SCBCLK_GetDividerRegister:
 421              	.LFB3:
 159:Generated_Source\PSoC4/UART_SCBCLK.c **** 
 160:Generated_Source\PSoC4/UART_SCBCLK.c **** 
 161:Generated_Source\PSoC4/UART_SCBCLK.c **** /*******************************************************************************
 162:Generated_Source\PSoC4/UART_SCBCLK.c **** * Function Name: UART_SCBCLK_GetDividerRegister
 163:Generated_Source\PSoC4/UART_SCBCLK.c **** ********************************************************************************
 164:Generated_Source\PSoC4/UART_SCBCLK.c **** *
 165:Generated_Source\PSoC4/UART_SCBCLK.c **** * Summary:
 166:Generated_Source\PSoC4/UART_SCBCLK.c **** *  Gets the clock divider register value.
ARM GAS  C:\Users\Daniela\AppData\Local\Temp\ccdqLlvJ.s 			page 25


 167:Generated_Source\PSoC4/UART_SCBCLK.c **** *
 168:Generated_Source\PSoC4/UART_SCBCLK.c **** * Parameters:
 169:Generated_Source\PSoC4/UART_SCBCLK.c **** *  None
 170:Generated_Source\PSoC4/UART_SCBCLK.c **** *
 171:Generated_Source\PSoC4/UART_SCBCLK.c **** * Returns:
 172:Generated_Source\PSoC4/UART_SCBCLK.c **** *  Divide value of the clock minus 1. For example, if the clock is set to
 173:Generated_Source\PSoC4/UART_SCBCLK.c **** *  divide by 2, the return value will be 1.
 174:Generated_Source\PSoC4/UART_SCBCLK.c **** *
 175:Generated_Source\PSoC4/UART_SCBCLK.c **** *******************************************************************************/
 176:Generated_Source\PSoC4/UART_SCBCLK.c **** uint16 UART_SCBCLK_GetDividerRegister(void)
 177:Generated_Source\PSoC4/UART_SCBCLK.c **** {
 422              		.loc 1 177 0
 423              		.cfi_startproc
 424              		@ args = 0, pretend = 0, frame = 0
 425              		@ frame_needed = 0, uses_anonymous_args = 0
 426              		@ link register save eliminated.
 178:Generated_Source\PSoC4/UART_SCBCLK.c ****     return (uint16)((UART_SCBCLK_DIV_REG & UART_SCBCLK_DIV_INT_MASK)
 427              		.loc 1 178 0
 428 0000 024B     		ldr	r3, .L16
 179:Generated_Source\PSoC4/UART_SCBCLK.c ****         >> UART_SCBCLK_DIV_INT_SHIFT);
 180:Generated_Source\PSoC4/UART_SCBCLK.c **** }
 429              		.loc 1 180 0
 430              		@ sp needed
 178:Generated_Source\PSoC4/UART_SCBCLK.c ****     return (uint16)((UART_SCBCLK_DIV_REG & UART_SCBCLK_DIV_INT_MASK)
 431              		.loc 1 178 0
 432 0002 1868     		ldr	r0, [r3]
 433 0004 000A     		lsrs	r0, r0, #8
 434 0006 80B2     		uxth	r0, r0
 435              		.loc 1 180 0
 436 0008 7047     		bx	lr
 437              	.L17:
 438 000a C046     		.align	2
 439              	.L16:
 440 000c 00030140 		.word	1073808128
 441              		.cfi_endproc
 442              	.LFE3:
 443              		.size	UART_SCBCLK_GetDividerRegister, .-UART_SCBCLK_GetDividerRegister
 444              		.section	.text.UART_SCBCLK_GetFractionalDividerRegister,"ax",%progbits
 445              		.align	2
 446              		.global	UART_SCBCLK_GetFractionalDividerRegister
 447              		.code	16
 448              		.thumb_func
 449              		.type	UART_SCBCLK_GetFractionalDividerRegister, %function
 450              	UART_SCBCLK_GetFractionalDividerRegister:
 451              	.LFB4:
 181:Generated_Source\PSoC4/UART_SCBCLK.c **** 
 182:Generated_Source\PSoC4/UART_SCBCLK.c **** 
 183:Generated_Source\PSoC4/UART_SCBCLK.c **** /*******************************************************************************
 184:Generated_Source\PSoC4/UART_SCBCLK.c **** * Function Name: UART_SCBCLK_GetFractionalDividerRegister
 185:Generated_Source\PSoC4/UART_SCBCLK.c **** ********************************************************************************
 186:Generated_Source\PSoC4/UART_SCBCLK.c **** *
 187:Generated_Source\PSoC4/UART_SCBCLK.c **** * Summary:
 188:Generated_Source\PSoC4/UART_SCBCLK.c **** *  Gets the clock fractional divider register value.
 189:Generated_Source\PSoC4/UART_SCBCLK.c **** *
 190:Generated_Source\PSoC4/UART_SCBCLK.c **** * Parameters:
 191:Generated_Source\PSoC4/UART_SCBCLK.c **** *  None
 192:Generated_Source\PSoC4/UART_SCBCLK.c **** *
ARM GAS  C:\Users\Daniela\AppData\Local\Temp\ccdqLlvJ.s 			page 26


 193:Generated_Source\PSoC4/UART_SCBCLK.c **** * Returns:
 194:Generated_Source\PSoC4/UART_SCBCLK.c **** *  Fractional Divide value of the clock
 195:Generated_Source\PSoC4/UART_SCBCLK.c **** *  0 if the fractional divider is not in use.
 196:Generated_Source\PSoC4/UART_SCBCLK.c **** *
 197:Generated_Source\PSoC4/UART_SCBCLK.c **** *******************************************************************************/
 198:Generated_Source\PSoC4/UART_SCBCLK.c **** uint8 UART_SCBCLK_GetFractionalDividerRegister(void)
 199:Generated_Source\PSoC4/UART_SCBCLK.c **** {
 452              		.loc 1 199 0
 453              		.cfi_startproc
 454              		@ args = 0, pretend = 0, frame = 0
 455              		@ frame_needed = 0, uses_anonymous_args = 0
 456              		@ link register save eliminated.
 200:Generated_Source\PSoC4/UART_SCBCLK.c **** #if defined (UART_SCBCLK__FRAC_MASK)
 201:Generated_Source\PSoC4/UART_SCBCLK.c ****     /* return fractional divider bits */
 202:Generated_Source\PSoC4/UART_SCBCLK.c ****     return (uint8)((UART_SCBCLK_DIV_REG & UART_SCBCLK_DIV_FRAC_MASK)
 203:Generated_Source\PSoC4/UART_SCBCLK.c ****         >> UART_SCBCLK_DIV_FRAC_SHIFT);
 204:Generated_Source\PSoC4/UART_SCBCLK.c **** #else
 205:Generated_Source\PSoC4/UART_SCBCLK.c ****     return 0u;
 206:Generated_Source\PSoC4/UART_SCBCLK.c **** #endif /* UART_SCBCLK__FRAC_MASK */
 207:Generated_Source\PSoC4/UART_SCBCLK.c **** }
 457              		.loc 1 207 0
 458 0000 0020     		movs	r0, #0
 459              		@ sp needed
 460 0002 7047     		bx	lr
 461              		.cfi_endproc
 462              	.LFE4:
 463              		.size	UART_SCBCLK_GetFractionalDividerRegister, .-UART_SCBCLK_GetFractionalDividerRegister
 464              		.text
 465              	.Letext0:
 466              		.file 2 "Generated_Source\\PSoC4/cytypes.h"
 467              		.section	.debug_info,"",%progbits
 468              	.Ldebug_info0:
 469 0000 62010000 		.4byte	0x162
 470 0004 0400     		.2byte	0x4
 471 0006 00000000 		.4byte	.Ldebug_abbrev0
 472 000a 04       		.byte	0x4
 473 000b 01       		.uleb128 0x1
 474 000c 6C000000 		.4byte	.LASF25
 475 0010 0C       		.byte	0xc
 476 0011 5A020000 		.4byte	.LASF26
 477 0015 C0010000 		.4byte	.LASF27
 478 0019 00000000 		.4byte	.Ldebug_ranges0+0
 479 001d 00000000 		.4byte	0
 480 0021 00000000 		.4byte	.Ldebug_line0
 481 0025 02       		.uleb128 0x2
 482 0026 01       		.byte	0x1
 483 0027 06       		.byte	0x6
 484 0028 98020000 		.4byte	.LASF0
 485 002c 02       		.uleb128 0x2
 486 002d 01       		.byte	0x1
 487 002e 08       		.byte	0x8
 488 002f 39000000 		.4byte	.LASF1
 489 0033 02       		.uleb128 0x2
 490 0034 02       		.byte	0x2
 491 0035 05       		.byte	0x5
 492 0036 7F020000 		.4byte	.LASF2
 493 003a 02       		.uleb128 0x2
ARM GAS  C:\Users\Daniela\AppData\Local\Temp\ccdqLlvJ.s 			page 27


 494 003b 02       		.byte	0x2
 495 003c 07       		.byte	0x7
 496 003d 59000000 		.4byte	.LASF3
 497 0041 02       		.uleb128 0x2
 498 0042 04       		.byte	0x4
 499 0043 05       		.byte	0x5
 500 0044 8F020000 		.4byte	.LASF4
 501 0048 02       		.uleb128 0x2
 502 0049 04       		.byte	0x4
 503 004a 07       		.byte	0x7
 504 004b 47000000 		.4byte	.LASF5
 505 004f 02       		.uleb128 0x2
 506 0050 08       		.byte	0x8
 507 0051 05       		.byte	0x5
 508 0052 47020000 		.4byte	.LASF6
 509 0056 02       		.uleb128 0x2
 510 0057 08       		.byte	0x8
 511 0058 07       		.byte	0x7
 512 0059 A9010000 		.4byte	.LASF7
 513 005d 03       		.uleb128 0x3
 514 005e 04       		.byte	0x4
 515 005f 05       		.byte	0x5
 516 0060 696E7400 		.ascii	"int\000"
 517 0064 02       		.uleb128 0x2
 518 0065 04       		.byte	0x4
 519 0066 07       		.byte	0x7
 520 0067 9C010000 		.4byte	.LASF8
 521 006b 04       		.uleb128 0x4
 522 006c 89020000 		.4byte	.LASF9
 523 0070 02       		.byte	0x2
 524 0071 D201     		.2byte	0x1d2
 525 0073 2C000000 		.4byte	0x2c
 526 0077 04       		.uleb128 0x4
 527 0078 6F010000 		.4byte	.LASF10
 528 007c 02       		.byte	0x2
 529 007d D301     		.2byte	0x1d3
 530 007f 3A000000 		.4byte	0x3a
 531 0083 04       		.uleb128 0x4
 532 0084 95010000 		.4byte	.LASF11
 533 0088 02       		.byte	0x2
 534 0089 D401     		.2byte	0x1d4
 535 008b 48000000 		.4byte	0x48
 536 008f 02       		.uleb128 0x2
 537 0090 04       		.byte	0x4
 538 0091 04       		.byte	0x4
 539 0092 33000000 		.4byte	.LASF12
 540 0096 02       		.uleb128 0x2
 541 0097 08       		.byte	0x8
 542 0098 04       		.byte	0x4
 543 0099 1E010000 		.4byte	.LASF13
 544 009d 02       		.uleb128 0x2
 545 009e 01       		.byte	0x1
 546 009f 08       		.byte	0x8
 547 00a0 55020000 		.4byte	.LASF14
 548 00a4 04       		.uleb128 0x4
 549 00a5 00000000 		.4byte	.LASF15
 550 00a9 02       		.byte	0x2
ARM GAS  C:\Users\Daniela\AppData\Local\Temp\ccdqLlvJ.s 			page 28


 551 00aa 7E02     		.2byte	0x27e
 552 00ac B0000000 		.4byte	0xb0
 553 00b0 05       		.uleb128 0x5
 554 00b1 83000000 		.4byte	0x83
 555 00b5 06       		.uleb128 0x6
 556 00b6 1F000000 		.4byte	.LASF16
 557 00ba 01       		.byte	0x1
 558 00bb 27       		.byte	0x27
 559 00bc 00000000 		.4byte	.LFB0
 560 00c0 1C000000 		.4byte	.LFE0-.LFB0
 561 00c4 01       		.uleb128 0x1
 562 00c5 9C       		.byte	0x9c
 563 00c6 DA000000 		.4byte	0xda
 564 00ca 07       		.uleb128 0x7
 565 00cb 2C010000 		.4byte	.LASF18
 566 00cf 01       		.byte	0x1
 567 00d0 27       		.byte	0x27
 568 00d1 83000000 		.4byte	0x83
 569 00d5 00000000 		.4byte	.LLST0
 570 00d9 00       		.byte	0
 571 00da 08       		.uleb128 0x8
 572 00db 0E000000 		.4byte	.LASF28
 573 00df 01       		.byte	0x1
 574 00e0 5F       		.byte	0x5f
 575 00e1 00000000 		.4byte	.LFB1
 576 00e5 18000000 		.4byte	.LFE1-.LFB1
 577 00e9 01       		.uleb128 0x1
 578 00ea 9C       		.byte	0x9c
 579 00eb 06       		.uleb128 0x6
 580 00ec 1E020000 		.4byte	.LASF17
 581 00f0 01       		.byte	0x1
 582 00f1 86       		.byte	0x86
 583 00f2 00000000 		.4byte	.LFB2
 584 00f6 20000000 		.4byte	.LFE2-.LFB2
 585 00fa 01       		.uleb128 0x1
 586 00fb 9C       		.byte	0x9c
 587 00fc 3B010000 		.4byte	0x13b
 588 0100 07       		.uleb128 0x7
 589 0101 13010000 		.4byte	.LASF19
 590 0105 01       		.byte	0x1
 591 0106 86       		.byte	0x86
 592 0107 77000000 		.4byte	0x77
 593 010b 21000000 		.4byte	.LLST1
 594 010f 07       		.uleb128 0x7
 595 0110 61010000 		.4byte	.LASF20
 596 0114 01       		.byte	0x1
 597 0115 86       		.byte	0x86
 598 0116 6B000000 		.4byte	0x6b
 599 011a 42000000 		.4byte	.LLST2
 600 011e 09       		.uleb128 0x9
 601 011f 06000000 		.4byte	.LASF21
 602 0123 01       		.byte	0x1
 603 0124 88       		.byte	0x88
 604 0125 83000000 		.4byte	0x83
 605 0129 63000000 		.4byte	.LLST3
 606 012d 0A       		.uleb128 0xa
 607 012e 25010000 		.4byte	.LASF22
ARM GAS  C:\Users\Daniela\AppData\Local\Temp\ccdqLlvJ.s 			page 29


 608 0132 01       		.byte	0x1
 609 0133 89       		.byte	0x89
 610 0134 83000000 		.4byte	0x83
 611 0138 01       		.uleb128 0x1
 612 0139 50       		.byte	0x50
 613 013a 00       		.byte	0
 614 013b 0B       		.uleb128 0xb
 615 013c 76010000 		.4byte	.LASF23
 616 0140 01       		.byte	0x1
 617 0141 B0       		.byte	0xb0
 618 0142 77000000 		.4byte	0x77
 619 0146 00000000 		.4byte	.LFB3
 620 014a 10000000 		.4byte	.LFE3-.LFB3
 621 014e 01       		.uleb128 0x1
 622 014f 9C       		.byte	0x9c
 623 0150 0B       		.uleb128 0xb
 624 0151 38010000 		.4byte	.LASF24
 625 0155 01       		.byte	0x1
 626 0156 C6       		.byte	0xc6
 627 0157 6B000000 		.4byte	0x6b
 628 015b 00000000 		.4byte	.LFB4
 629 015f 04000000 		.4byte	.LFE4-.LFB4
 630 0163 01       		.uleb128 0x1
 631 0164 9C       		.byte	0x9c
 632 0165 00       		.byte	0
 633              		.section	.debug_abbrev,"",%progbits
 634              	.Ldebug_abbrev0:
 635 0000 01       		.uleb128 0x1
 636 0001 11       		.uleb128 0x11
 637 0002 01       		.byte	0x1
 638 0003 25       		.uleb128 0x25
 639 0004 0E       		.uleb128 0xe
 640 0005 13       		.uleb128 0x13
 641 0006 0B       		.uleb128 0xb
 642 0007 03       		.uleb128 0x3
 643 0008 0E       		.uleb128 0xe
 644 0009 1B       		.uleb128 0x1b
 645 000a 0E       		.uleb128 0xe
 646 000b 55       		.uleb128 0x55
 647 000c 17       		.uleb128 0x17
 648 000d 11       		.uleb128 0x11
 649 000e 01       		.uleb128 0x1
 650 000f 10       		.uleb128 0x10
 651 0010 17       		.uleb128 0x17
 652 0011 00       		.byte	0
 653 0012 00       		.byte	0
 654 0013 02       		.uleb128 0x2
 655 0014 24       		.uleb128 0x24
 656 0015 00       		.byte	0
 657 0016 0B       		.uleb128 0xb
 658 0017 0B       		.uleb128 0xb
 659 0018 3E       		.uleb128 0x3e
 660 0019 0B       		.uleb128 0xb
 661 001a 03       		.uleb128 0x3
 662 001b 0E       		.uleb128 0xe
 663 001c 00       		.byte	0
 664 001d 00       		.byte	0
ARM GAS  C:\Users\Daniela\AppData\Local\Temp\ccdqLlvJ.s 			page 30


 665 001e 03       		.uleb128 0x3
 666 001f 24       		.uleb128 0x24
 667 0020 00       		.byte	0
 668 0021 0B       		.uleb128 0xb
 669 0022 0B       		.uleb128 0xb
 670 0023 3E       		.uleb128 0x3e
 671 0024 0B       		.uleb128 0xb
 672 0025 03       		.uleb128 0x3
 673 0026 08       		.uleb128 0x8
 674 0027 00       		.byte	0
 675 0028 00       		.byte	0
 676 0029 04       		.uleb128 0x4
 677 002a 16       		.uleb128 0x16
 678 002b 00       		.byte	0
 679 002c 03       		.uleb128 0x3
 680 002d 0E       		.uleb128 0xe
 681 002e 3A       		.uleb128 0x3a
 682 002f 0B       		.uleb128 0xb
 683 0030 3B       		.uleb128 0x3b
 684 0031 05       		.uleb128 0x5
 685 0032 49       		.uleb128 0x49
 686 0033 13       		.uleb128 0x13
 687 0034 00       		.byte	0
 688 0035 00       		.byte	0
 689 0036 05       		.uleb128 0x5
 690 0037 35       		.uleb128 0x35
 691 0038 00       		.byte	0
 692 0039 49       		.uleb128 0x49
 693 003a 13       		.uleb128 0x13
 694 003b 00       		.byte	0
 695 003c 00       		.byte	0
 696 003d 06       		.uleb128 0x6
 697 003e 2E       		.uleb128 0x2e
 698 003f 01       		.byte	0x1
 699 0040 3F       		.uleb128 0x3f
 700 0041 19       		.uleb128 0x19
 701 0042 03       		.uleb128 0x3
 702 0043 0E       		.uleb128 0xe
 703 0044 3A       		.uleb128 0x3a
 704 0045 0B       		.uleb128 0xb
 705 0046 3B       		.uleb128 0x3b
 706 0047 0B       		.uleb128 0xb
 707 0048 27       		.uleb128 0x27
 708 0049 19       		.uleb128 0x19
 709 004a 11       		.uleb128 0x11
 710 004b 01       		.uleb128 0x1
 711 004c 12       		.uleb128 0x12
 712 004d 06       		.uleb128 0x6
 713 004e 40       		.uleb128 0x40
 714 004f 18       		.uleb128 0x18
 715 0050 9742     		.uleb128 0x2117
 716 0052 19       		.uleb128 0x19
 717 0053 01       		.uleb128 0x1
 718 0054 13       		.uleb128 0x13
 719 0055 00       		.byte	0
 720 0056 00       		.byte	0
 721 0057 07       		.uleb128 0x7
ARM GAS  C:\Users\Daniela\AppData\Local\Temp\ccdqLlvJ.s 			page 31


 722 0058 05       		.uleb128 0x5
 723 0059 00       		.byte	0
 724 005a 03       		.uleb128 0x3
 725 005b 0E       		.uleb128 0xe
 726 005c 3A       		.uleb128 0x3a
 727 005d 0B       		.uleb128 0xb
 728 005e 3B       		.uleb128 0x3b
 729 005f 0B       		.uleb128 0xb
 730 0060 49       		.uleb128 0x49
 731 0061 13       		.uleb128 0x13
 732 0062 02       		.uleb128 0x2
 733 0063 17       		.uleb128 0x17
 734 0064 00       		.byte	0
 735 0065 00       		.byte	0
 736 0066 08       		.uleb128 0x8
 737 0067 2E       		.uleb128 0x2e
 738 0068 00       		.byte	0
 739 0069 3F       		.uleb128 0x3f
 740 006a 19       		.uleb128 0x19
 741 006b 03       		.uleb128 0x3
 742 006c 0E       		.uleb128 0xe
 743 006d 3A       		.uleb128 0x3a
 744 006e 0B       		.uleb128 0xb
 745 006f 3B       		.uleb128 0x3b
 746 0070 0B       		.uleb128 0xb
 747 0071 27       		.uleb128 0x27
 748 0072 19       		.uleb128 0x19
 749 0073 11       		.uleb128 0x11
 750 0074 01       		.uleb128 0x1
 751 0075 12       		.uleb128 0x12
 752 0076 06       		.uleb128 0x6
 753 0077 40       		.uleb128 0x40
 754 0078 18       		.uleb128 0x18
 755 0079 9742     		.uleb128 0x2117
 756 007b 19       		.uleb128 0x19
 757 007c 00       		.byte	0
 758 007d 00       		.byte	0
 759 007e 09       		.uleb128 0x9
 760 007f 34       		.uleb128 0x34
 761 0080 00       		.byte	0
 762 0081 03       		.uleb128 0x3
 763 0082 0E       		.uleb128 0xe
 764 0083 3A       		.uleb128 0x3a
 765 0084 0B       		.uleb128 0xb
 766 0085 3B       		.uleb128 0x3b
 767 0086 0B       		.uleb128 0xb
 768 0087 49       		.uleb128 0x49
 769 0088 13       		.uleb128 0x13
 770 0089 02       		.uleb128 0x2
 771 008a 17       		.uleb128 0x17
 772 008b 00       		.byte	0
 773 008c 00       		.byte	0
 774 008d 0A       		.uleb128 0xa
 775 008e 34       		.uleb128 0x34
 776 008f 00       		.byte	0
 777 0090 03       		.uleb128 0x3
 778 0091 0E       		.uleb128 0xe
ARM GAS  C:\Users\Daniela\AppData\Local\Temp\ccdqLlvJ.s 			page 32


 779 0092 3A       		.uleb128 0x3a
 780 0093 0B       		.uleb128 0xb
 781 0094 3B       		.uleb128 0x3b
 782 0095 0B       		.uleb128 0xb
 783 0096 49       		.uleb128 0x49
 784 0097 13       		.uleb128 0x13
 785 0098 02       		.uleb128 0x2
 786 0099 18       		.uleb128 0x18
 787 009a 00       		.byte	0
 788 009b 00       		.byte	0
 789 009c 0B       		.uleb128 0xb
 790 009d 2E       		.uleb128 0x2e
 791 009e 00       		.byte	0
 792 009f 3F       		.uleb128 0x3f
 793 00a0 19       		.uleb128 0x19
 794 00a1 03       		.uleb128 0x3
 795 00a2 0E       		.uleb128 0xe
 796 00a3 3A       		.uleb128 0x3a
 797 00a4 0B       		.uleb128 0xb
 798 00a5 3B       		.uleb128 0x3b
 799 00a6 0B       		.uleb128 0xb
 800 00a7 27       		.uleb128 0x27
 801 00a8 19       		.uleb128 0x19
 802 00a9 49       		.uleb128 0x49
 803 00aa 13       		.uleb128 0x13
 804 00ab 11       		.uleb128 0x11
 805 00ac 01       		.uleb128 0x1
 806 00ad 12       		.uleb128 0x12
 807 00ae 06       		.uleb128 0x6
 808 00af 40       		.uleb128 0x40
 809 00b0 18       		.uleb128 0x18
 810 00b1 9742     		.uleb128 0x2117
 811 00b3 19       		.uleb128 0x19
 812 00b4 00       		.byte	0
 813 00b5 00       		.byte	0
 814 00b6 00       		.byte	0
 815              		.section	.debug_loc,"",%progbits
 816              	.Ldebug_loc0:
 817              	.LLST0:
 818 0000 00000000 		.4byte	.LVL0
 819 0004 0C000000 		.4byte	.LVL1
 820 0008 0100     		.2byte	0x1
 821 000a 50       		.byte	0x50
 822 000b 0C000000 		.4byte	.LVL1
 823 000f 1C000000 		.4byte	.LFE0
 824 0013 0400     		.2byte	0x4
 825 0015 F3       		.byte	0xf3
 826 0016 01       		.uleb128 0x1
 827 0017 50       		.byte	0x50
 828 0018 9F       		.byte	0x9f
 829 0019 00000000 		.4byte	0
 830 001d 00000000 		.4byte	0
 831              	.LLST1:
 832 0021 00000000 		.4byte	.LVL2
 833 0025 0A000000 		.4byte	.LVL4
 834 0029 0100     		.2byte	0x1
 835 002b 50       		.byte	0x50
ARM GAS  C:\Users\Daniela\AppData\Local\Temp\ccdqLlvJ.s 			page 33


 836 002c 0A000000 		.4byte	.LVL4
 837 0030 20000000 		.4byte	.LFE2
 838 0034 0400     		.2byte	0x4
 839 0036 F3       		.byte	0xf3
 840 0037 01       		.uleb128 0x1
 841 0038 50       		.byte	0x50
 842 0039 9F       		.byte	0x9f
 843 003a 00000000 		.4byte	0
 844 003e 00000000 		.4byte	0
 845              	.LLST2:
 846 0042 00000000 		.4byte	.LVL2
 847 0046 06000000 		.4byte	.LVL3
 848 004a 0100     		.2byte	0x1
 849 004c 51       		.byte	0x51
 850 004d 06000000 		.4byte	.LVL3
 851 0051 20000000 		.4byte	.LFE2
 852 0055 0400     		.2byte	0x4
 853 0057 F3       		.byte	0xf3
 854 0058 01       		.uleb128 0x1
 855 0059 51       		.byte	0x51
 856 005a 9F       		.byte	0x9f
 857 005b 00000000 		.4byte	0
 858 005f 00000000 		.4byte	0
 859              	.LLST3:
 860 0063 12000000 		.4byte	.LVL5
 861 0067 14000000 		.4byte	.LVL6
 862 006b 0500     		.2byte	0x5
 863 006d 73       		.byte	0x73
 864 006e 00       		.sleb128 0
 865 006f 37       		.byte	0x37
 866 0070 1A       		.byte	0x1a
 867 0071 9F       		.byte	0x9f
 868 0072 14000000 		.4byte	.LVL6
 869 0076 20000000 		.4byte	.LFE2
 870 007a 0100     		.2byte	0x1
 871 007c 53       		.byte	0x53
 872 007d 00000000 		.4byte	0
 873 0081 00000000 		.4byte	0
 874              		.section	.debug_aranges,"",%progbits
 875 0000 3C000000 		.4byte	0x3c
 876 0004 0200     		.2byte	0x2
 877 0006 00000000 		.4byte	.Ldebug_info0
 878 000a 04       		.byte	0x4
 879 000b 00       		.byte	0
 880 000c 0000     		.2byte	0
 881 000e 0000     		.2byte	0
 882 0010 00000000 		.4byte	.LFB0
 883 0014 1C000000 		.4byte	.LFE0-.LFB0
 884 0018 00000000 		.4byte	.LFB1
 885 001c 18000000 		.4byte	.LFE1-.LFB1
 886 0020 00000000 		.4byte	.LFB2
 887 0024 20000000 		.4byte	.LFE2-.LFB2
 888 0028 00000000 		.4byte	.LFB3
 889 002c 10000000 		.4byte	.LFE3-.LFB3
 890 0030 00000000 		.4byte	.LFB4
 891 0034 04000000 		.4byte	.LFE4-.LFB4
 892 0038 00000000 		.4byte	0
ARM GAS  C:\Users\Daniela\AppData\Local\Temp\ccdqLlvJ.s 			page 34


 893 003c 00000000 		.4byte	0
 894              		.section	.debug_ranges,"",%progbits
 895              	.Ldebug_ranges0:
 896 0000 00000000 		.4byte	.LFB0
 897 0004 1C000000 		.4byte	.LFE0
 898 0008 00000000 		.4byte	.LFB1
 899 000c 18000000 		.4byte	.LFE1
 900 0010 00000000 		.4byte	.LFB2
 901 0014 20000000 		.4byte	.LFE2
 902 0018 00000000 		.4byte	.LFB3
 903 001c 10000000 		.4byte	.LFE3
 904 0020 00000000 		.4byte	.LFB4
 905 0024 04000000 		.4byte	.LFE4
 906 0028 00000000 		.4byte	0
 907 002c 00000000 		.4byte	0
 908              		.section	.debug_line,"",%progbits
 909              	.Ldebug_line0:
 910 0000 D0000000 		.section	.debug_str,"MS",%progbits,1
 910      02004800 
 910      00000201 
 910      FB0E0D00 
 910      01010101 
 911              	.LASF15:
 912 0000 72656733 		.ascii	"reg32\000"
 912      3200
 913              	.LASF21:
 914 0006 6D61736B 		.ascii	"maskVal\000"
 914      56616C00 
 915              	.LASF28:
 916 000e 55415254 		.ascii	"UART_SCBCLK_Stop\000"
 916      5F534342 
 916      434C4B5F 
 916      53746F70 
 916      00
 917              	.LASF16:
 918 001f 55415254 		.ascii	"UART_SCBCLK_StartEx\000"
 918      5F534342 
 918      434C4B5F 
 918      53746172 
 918      74457800 
 919              	.LASF12:
 920 0033 666C6F61 		.ascii	"float\000"
 920      7400
 921              	.LASF1:
 922 0039 756E7369 		.ascii	"unsigned char\000"
 922      676E6564 
 922      20636861 
 922      7200
 923              	.LASF5:
 924 0047 6C6F6E67 		.ascii	"long unsigned int\000"
 924      20756E73 
 924      69676E65 
 924      6420696E 
 924      7400
 925              	.LASF3:
 926 0059 73686F72 		.ascii	"short unsigned int\000"
 926      7420756E 
ARM GAS  C:\Users\Daniela\AppData\Local\Temp\ccdqLlvJ.s 			page 35


 926      7369676E 
 926      65642069 
 926      6E7400
 927              	.LASF25:
 928 006c 474E5520 		.ascii	"GNU C11 5.4.1 20160609 (release) [ARM/embedded-5-br"
 928      43313120 
 928      352E342E 
 928      31203230 
 928      31363036 
 929 009f 616E6368 		.ascii	"anch revision 237715] -mcpu=cortex-m0 -mthumb -g -O"
 929      20726576 
 929      6973696F 
 929      6E203233 
 929      37373135 
 930 00d2 33202D66 		.ascii	"3 -ffunction-sections -ffat-lto-objects -finline-fu"
 930      66756E63 
 930      74696F6E 
 930      2D736563 
 930      74696F6E 
 931 0105 6E637469 		.ascii	"nctions -flto\000"
 931      6F6E7320 
 931      2D666C74 
 931      6F00
 932              	.LASF19:
 933 0113 636C6B44 		.ascii	"clkDivider\000"
 933      69766964 
 933      657200
 934              	.LASF13:
 935 011e 646F7562 		.ascii	"double\000"
 935      6C6500
 936              	.LASF22:
 937 0125 72656756 		.ascii	"regVal\000"
 937      616C00
 938              	.LASF18:
 939 012c 616C6967 		.ascii	"alignClkDiv\000"
 939      6E436C6B 
 939      44697600 
 940              	.LASF24:
 941 0138 55415254 		.ascii	"UART_SCBCLK_GetFractionalDividerRegister\000"
 941      5F534342 
 941      434C4B5F 
 941      47657446 
 941      72616374 
 942              	.LASF20:
 943 0161 636C6B46 		.ascii	"clkFractional\000"
 943      72616374 
 943      696F6E61 
 943      6C00
 944              	.LASF10:
 945 016f 75696E74 		.ascii	"uint16\000"
 945      313600
 946              	.LASF23:
 947 0176 55415254 		.ascii	"UART_SCBCLK_GetDividerRegister\000"
 947      5F534342 
 947      434C4B5F 
 947      47657444 
 947      69766964 
ARM GAS  C:\Users\Daniela\AppData\Local\Temp\ccdqLlvJ.s 			page 36


 948              	.LASF11:
 949 0195 75696E74 		.ascii	"uint32\000"
 949      333200
 950              	.LASF8:
 951 019c 756E7369 		.ascii	"unsigned int\000"
 951      676E6564 
 951      20696E74 
 951      00
 952              	.LASF7:
 953 01a9 6C6F6E67 		.ascii	"long long unsigned int\000"
 953      206C6F6E 
 953      6720756E 
 953      7369676E 
 953      65642069 
 954              	.LASF27:
 955 01c0 433A5C55 		.ascii	"C:\\Users\\Daniela\\Desktop\\Bluetooth_Project\\Thr"
 955      73657273 
 955      5C44616E 
 955      69656C61 
 955      5C446573 
 956 01ee 6F756768 		.ascii	"oughput\\GATT Notification - Data Outgoing.cydsn\000"
 956      7075745C 
 956      47415454 
 956      204E6F74 
 956      69666963 
 957              	.LASF17:
 958 021e 55415254 		.ascii	"UART_SCBCLK_SetFractionalDividerRegister\000"
 958      5F534342 
 958      434C4B5F 
 958      53657446 
 958      72616374 
 959              	.LASF6:
 960 0247 6C6F6E67 		.ascii	"long long int\000"
 960      206C6F6E 
 960      6720696E 
 960      7400
 961              	.LASF14:
 962 0255 63686172 		.ascii	"char\000"
 962      00
 963              	.LASF26:
 964 025a 47656E65 		.ascii	"Generated_Source\\PSoC4\\UART_SCBCLK.c\000"
 964      72617465 
 964      645F536F 
 964      75726365 
 964      5C50536F 
 965              	.LASF2:
 966 027f 73686F72 		.ascii	"short int\000"
 966      7420696E 
 966      7400
 967              	.LASF9:
 968 0289 75696E74 		.ascii	"uint8\000"
 968      3800
 969              	.LASF4:
 970 028f 6C6F6E67 		.ascii	"long int\000"
 970      20696E74 
 970      00
 971              	.LASF0:
ARM GAS  C:\Users\Daniela\AppData\Local\Temp\ccdqLlvJ.s 			page 37


 972 0298 7369676E 		.ascii	"signed char\000"
 972      65642063 
 972      68617200 
 973              		.comm	__gnu_lto_v1,1,1
 974              		.ident	"GCC: (GNU Tools for ARM Embedded Processors) 5.4.1 20160609 (release) [ARM/embedded-5-bran
