ARM GAS  C:\Users\Daniela\AppData\Local\Temp\ccd8kUmh.s 			page 1


   1              		.syntax unified
   2              		.cpu cortex-m0
   3              		.fpu softvfp
   4              		.eabi_attribute 20, 1
   5              		.eabi_attribute 21, 1
   6              		.eabi_attribute 23, 3
   7              		.eabi_attribute 24, 1
   8              		.eabi_attribute 25, 1
   9              		.eabi_attribute 26, 1
  10              		.eabi_attribute 30, 2
  11              		.eabi_attribute 34, 0
  12              		.eabi_attribute 18, 4
  13              		.thumb
  14              		.syntax unified
  15              		.file	"BLE_HAL_INT.c"
  16              		.text
  17              	.Ltext0:
  18              		.section	.gnu.lto_.profile.585624f0,"",%progbits
  19 0000 789C6361 		.ascii	"x\234ca`d`a`\000\222<L\000\000\204\000\031"
  19      60646061 
  19      6000923C 
  19      4C000084 
  19      0019
  20              		.text
  21              		.section	.gnu.lto_.icf.585624f0,"",%progbits
  22 0000 789C6361 		.ascii	"x\234ca`d\000\001\016\006\004`d\230?\363\3201.\006\000"
  22      60640001 
  22      0E060460 
  22      64983FF3 
  22      D0312E06 
  23 0015 0D7302D9 		.ascii	"\015s\002\331"
  24              		.text
  25              		.section	.gnu.lto_.jmpfuncs.585624f0,"",%progbits
  26 0000 789C6361 		.ascii	"x\234ca`d\000\0016\006\004\200\210\000\000\001\014\000"
  26      60640001 
  26      36060480 
  26      88000001 
  26      0C00
  27 0012 0D       		.ascii	"\015"
  28              		.text
  29              		.section	.gnu.lto_.inline.585624f0,"",%progbits
  30 0000 789C6361 		.ascii	"x\234ca`d\000\001I\006\004\000\212\260\360020\001\231"
  30      60640001 
  30      49060400 
  30      8AB0F030 
  30      32300199 
  31 0014 6C0BE499 		.ascii	"l\013\344\231\300B\\ \022\000\020\204\001\005"
  31      C0425C20 
  31      12001084 
  31      0105
  32              		.text
  33              		.section	.gnu.lto_.pureconst.585624f0,"",%progbits
  34 0000 789C6361 		.ascii	"x\234ca`d`f`\000\222\022\000\000p\000\""
  34      60646066 
  34      60009212 
  34      00007000 
  34      22
ARM GAS  C:\Users\Daniela\AppData\Local\Temp\ccd8kUmh.s 			page 2


  35              		.text
  36              		.section	.gnu.lto_CyBLE_Bless_Interrupt.585624f0,"",%progbits
  37 0000 789C6361 		.ascii	"x\234ca`d\000\201\345@\254\016\304\322@\314\310\314"
  37      60640081 
  37      E540AC0E 
  37      C4D240CC 
  37      C8CC
  38 0012 C0C834E1 		.ascii	"\300\3104\341\034\003C#\007\023##\210\321\300\301\310"
  38      1C034323 
  38      07132323 
  38      88D1C0C1 
  38      C8
  39 0023 50CFC458 		.ascii	"P\317\304X\317\370\225\351/\023\343\241\366g;\2314\227"
  39      CFF895E9 
  39      2F13E3A1 
  39      F6673B99 
  39      3497
  40 0035 3700C183 		.ascii	"7\000\301\203\243\376\015+\0160\266230\374g\002\033"
  40      A3FE0D2B 
  40      0E30B632 
  40      3330FC67 
  40      021B
  41 0047 C4C0B89C 		.ascii	"\304\300\270\234Q\223\001\250\352\321\306\177Sy\331"
  41      519301A8 
  41      EAD1C67F 
  41      5379D9
  42 0056 5A40AA14 		.ascii	"Z@\252\024 \222\214+\030\331@\266\255\017:\320\360\377"
  42      20928C2B 
  42      18D940B6 
  42      AD0F3AD0 
  42      F0FF
  43 0068 7F73C381 		.ascii	"\177s\303\201\177\002Q@\215\037\200r K>21\201h\346\027"
  43      7F025140 
  43      8D1F8072 
  43      204B3E32 
  43      318168E6 
  44 007d 8CCD07E6 		.ascii	"\214\315\007\346\246\202\024\203\214\331\271\363\315"
  44      A6821483 
  44      8CD9B9F3 
  44      CD
  45 008a 6DF6FABF 		.ascii	"m\366\372\277\015\035\015\015\002\255\314\214\377\231"
  45      0D1D0D0D 
  45      02ADCC8C 
  45      FF99
  46 0098 802630AE 		.ascii	"\200&0\256d\254ghefbx\305\330t`++X)\010|\000J\002M\000"
  46      64AC6768 
  46      65666278 
  46      C5D87460 
  46      2B2B5829 
  47 00b3 9AA7EA9E 		.ascii	"\232\247\352\236\232\227Z\224X\222\232\022\037\234_"
  47      9A975A94 
  47      58929A12 
  47      1F9C5F
  48 00c2 5A949C1A 		.ascii	"Z\224\234\032\023\020\234\357l\022\343\344\343\032\357"
  48      13109CEF 
  48      6C12E3E4 
  48      E31AEF
ARM GAS  C:\Users\Daniela\AppData\Local\Temp\ccd8kUmh.s 			page 3


  49 00d1 E1E813EF 		.ascii	"\341\350\023\357\351\027\242\227\314\000\000\036\313"
  49      E917A297 
  49      CC00001E 
  49      CB
  50 00de 49D7     		.ascii	"I\327"
  51              		.text
  52              		.section	.gnu.lto_.symbol_nodes.585624f0,"",%progbits
  53 0000 789C6361 		.ascii	"x\234ca`d\320f\000\002&\246z\006\206\011\347\030\030"
  53      6064D066 
  53      000226A6 
  53      7A068609 
  53      E71818
  54 0013 80D4AE06 		.ascii	"\200\324\256\006E\006\006F\346zF\260\000\003CC\203\002"
  54      45060646 
  54      E67A46B0 
  54      00034343 
  54      8302
  55 0025 03033350 		.ascii	"\003\0033P\345\222\007\377\030\031\000\306\336\011u"
  55      E59207FF 
  55      181900C6 
  55      DE0975
  56              		.text
  57              		.section	.gnu.lto_.refs.585624f0,"",%progbits
  58 0000 789C6361 		.ascii	"x\234ca`\004B \000\000\0009\000\007"
  58      60044220 
  58      00000039 
  58      0007
  59              		.text
  60              		.section	.gnu.lto_.decls.585624f0,"",%progbits
  61 0000 789C8D91 		.ascii	"x\234\215\221O(\004Q\034\307\177\2777\233\3306Ih\213"
  61      4F280451 
  61      1CC77FBF 
  61      379BD836 
  61      49688B
  62 0013 C3A6E4B6 		.ascii	"\303\246\344\266\245\034\\\331X\033I\315\332\323\326"
  62      A51C5CD9 
  62      581B49CD 
  62      DAD3D6
  63 0022 588C1CB6 		.ascii	"X\214\034\266\245\261\016n/6\312ikC\376\034\224d1\354"
  63      A5B10E6E 
  63      2F36CA69 
  63      6B43FE1C 
  63      946431EC 
  64 0036 B6070727 		.ascii	"\266\007\007'G\016\016r\222dKr\026\027!~\357\315\316"
  64      470E0E72 
  64      92644B72 
  64      1617217E 
  64      EFCDCE
  65 0049 8E28F935 		.ascii	"\216(\3715\277\367~\277\367\336\367\363\2763\343\002"
  65      BFF77EBF 
  65      F7DEF7F3 
  65      BE33E302 
  66 0059 0411350C 		.ascii	"\004\0215\014`\211\346a\312O\012j!\002N\210\376\220"
  66      6089E661 
  66      CA4F0A6A 
  66      21024E88 
  66      FE90
ARM GAS  C:\Users\Daniela\AppData\Local\Temp\ccd8kUmh.s 			page 4


  67 006b 3207BF43 		.ascii	"2\007\277C\254+\245\363yJ\363\037\232\017\206\331\253"
  67      AC2BA5F3 
  67      794AF31F 
  67      9A0F86D9 
  67      AB
  68 007c 67EEBEC1 		.ascii	"g\356\276\301k$\255e\002\020\255\021e\202\225\262\245"
  68      6B24AD65 
  68      0210AD11 
  68      658295B2 
  68      A5
  69 008d 828155D8 		.ascii	"\202\201U\330K\345\000\264vXi\025\034\230|Jz\374\264"
  69      4BE500B4 
  69      76586915 
  69      1C987C4A 
  69      7AFCB4
  70 00a0 43421C3A 		.ascii	"CB\034:\226DXv \267-\021\226\251\326\304\034\3057\336"
  70      96445876 
  70      20B72D11 
  70      96A9D6C4 
  70      1CC537DE 
  71 00b4 0F47B667 		.ascii	"\017G\266g\373\032\371)\344K\237\254\231\357U\012CQ"
  71      FB1AF929 
  71      E44B9FAC 
  71      99EF550A 
  71      4351
  72 00c6 DFBD667B 		.ascii	"\337\275f{\374&\247Hs\316:\234/s\231\312o*/\014k\335"
  72      FC26A748 
  72      73CE3A9C 
  72      2F7399CA 
  72      6F2A2F0C 
  73 00dc E8A2F6E9 		.ascii	"\350\242\366\351b\375\276\232\332:7\372\250\3758\337"
  73      62FDBE9A 
  73      DA3A37FA 
  73      A8FD38DF 
  74 00ec 5867DE15 		.ascii	"Xg\336\025\251\233\347>\027F\032\360\000\233p\037\233"
  74      A99BE73E 
  74      17461AF0 
  74      009B701F 
  74      9B
  75 00fd E83E13BD 		.ascii	"\350>\023\2754\216\270,\322\362\316\365mE\363\026\337"
  75      348EB82C 
  75      D2F2CEF5 
  75      6D45F316 
  75      DF
  76 010e CAF362E6 		.ascii	"\312\363b\346\265j\215\237\246H\306\304)\314\242\202"
  76      B56A8D9F 
  76      A648C6C4 
  76      29CCA282 
  77 011e 7BE81726 		.ascii	"{\350\027&\263\342\037\000\356\342\015\371=\304fR\026"
  77      B3E21F00 
  77      EEE20DF9 
  77      3DC46652 
  77      16
  78 012f 7285E30A 		.ascii	"r\205\343\012%(\215\026\012\031S!J\221\363\342\352\342"
  78      25288D16 
  78      0A195321 
  78      4A91F3E2 
ARM GAS  C:\Users\Daniela\AppData\Local\Temp\ccd8kUmh.s 			page 5


  78      EAE2
  79 0141 F8E5F6C2 		.ascii	"\370\345\366\302i\032\345Ux\344@\216$\204\212\234\004"
  79      691AE555 
  79      78E4408E 
  79      24848A9C 
  79      04
  80 0152 BC3DE41E 		.ascii	"\274=\344\036=\236%\316\347\204\315\332\263jy\3361\232"
  80      3D9E25CE 
  80      E784CDDA 
  80      B36A79DE 
  80      319A
  81 0164 478FADA4 		.ascii	"G\217\255\244\022\352\003\263]\375\335ZW\\\237\236\326"
  81      12EA03B3 
  81      5DFDDD5A 
  81      575C9F9E 
  81      D6
  82 0175 4289A46E 		.ascii	"B\211\244n\0303S\311\312\340\300\220/\320\326\006-A"
  82      183353C9 
  82      CAE0C090 
  82      2FD0D606 
  82      2D41
  83 0187 3DA11BB1 		.ascii	"=\241\033\261\244>\246\251\2233\306\250\036\035T'\003"
  83      A43EA6A9 
  83      9333C6A8 
  83      1E1D5427 
  83      03
  84 0198 ED51A1E9 		.ascii	"\355Q\241\351\355\354\327B\003a\377(4\022$\256\013\210"
  84      EDECD742 
  84      0361FF28 
  84      341224AE 
  84      0B88
  85 01aa AA9619BD 		.ascii	"\252\226\031\275\261\304X\\7Z\377 \250\341\316@\237"
  85      B1C4585C 
  85      375AFF20 
  85      A8E1CE40 
  85      9F
  86 01bb 361809FB 		.ascii	"6\030\011\373'\340\013\235\304\250\230"
  86      27E00B9D 
  86      C4A898
  87              		.text
  88              		.section	.gnu.lto_.symtab.585624f0,"",%progbits
  89 0000 4379424C 		.ascii	"CyBLE_Bless_Interrupt\000"
  89      455F426C 
  89      6573735F 
  89      496E7465 
  89      72727570 
  90 0016 00       		.ascii	"\000"
  91 0017 00       		.ascii	"\000"
  92 0018 00       		.ascii	"\000"
  93 0019 00000000 		.ascii	"\000\000\000\000\000\000\000\000"
  93      00000000 
  94 0021 AD000000 		.ascii	"\255\000\000\000"
  95 0025 4379426C 		.ascii	"CyBle_BleSSInterruptHandler\000"
  95      655F426C 
  95      65535349 
  95      6E746572 
  95      72757074 
ARM GAS  C:\Users\Daniela\AppData\Local\Temp\ccd8kUmh.s 			page 6


  96 0041 00       		.ascii	"\000"
  97 0042 02       		.ascii	"\002"
  98 0043 00       		.ascii	"\000"
  99 0044 00000000 		.ascii	"\000\000\000\000\000\000\000\000"
  99      00000000 
 100 004c AF000000 		.ascii	"\257\000\000\000"
 101              		.text
 102              		.section	.gnu.lto_.opts,"",%progbits
 103 0000 272D666D 		.ascii	"'-fmath-errno' '-fsigned-zeros' '-ftrapping-math' '"
 103      6174682D 
 103      6572726E 
 103      6F272027 
 103      2D667369 
 104 0033 2D666E6F 		.ascii	"-fno-trapv' '-fno-openmp' '-fno-openacc' '-mcpu=cor"
 104      2D747261 
 104      70762720 
 104      272D666E 
 104      6F2D6F70 
 105 0066 7465782D 		.ascii	"tex-m0' '-mthumb' '-g' '-O3' '-ffunction-sections' "
 105      6D302720 
 105      272D6D74 
 105      68756D62 
 105      2720272D 
 106 0099 272D6666 		.ascii	"'-ffat-lto-objects' '-finline-functions' '-flto'\000"
 106      61742D6C 
 106      746F2D6F 
 106      626A6563 
 106      74732720 
 107              		.text
 108              		.cfi_sections	.debug_frame
 109              		.section	.text.CyBLE_Bless_Interrupt,"ax",%progbits
 110              		.align	2
 111              		.global	CyBLE_Bless_Interrupt
 112              		.code	16
 113              		.thumb_func
 114              		.type	CyBLE_Bless_Interrupt, %function
 115              	CyBLE_Bless_Interrupt:
 116              	.LFB2:
 117              		.file 1 "Generated_Source\\PSoC4\\BLE_HAL_INT.c"
   1:Generated_Source\PSoC4/BLE_HAL_INT.c **** /***************************************************************************//**
   2:Generated_Source\PSoC4/BLE_HAL_INT.c **** * \file BLE_HAL_INT.c
   3:Generated_Source\PSoC4/BLE_HAL_INT.c **** * \version 3.40
   4:Generated_Source\PSoC4/BLE_HAL_INT.c **** *
   5:Generated_Source\PSoC4/BLE_HAL_INT.c **** * \brief
   6:Generated_Source\PSoC4/BLE_HAL_INT.c **** *  This file contains the source code for the Interrupt Service Routine for the
   7:Generated_Source\PSoC4/BLE_HAL_INT.c **** *  HAL section of the BLE component
   8:Generated_Source\PSoC4/BLE_HAL_INT.c **** *
   9:Generated_Source\PSoC4/BLE_HAL_INT.c **** ********************************************************************************
  10:Generated_Source\PSoC4/BLE_HAL_INT.c **** * \copyright
  11:Generated_Source\PSoC4/BLE_HAL_INT.c **** * Copyright 2014-2016, Cypress Semiconductor Corporation.  All rights reserved.
  12:Generated_Source\PSoC4/BLE_HAL_INT.c **** * You may use this file only in accordance with the license, terms, conditions,
  13:Generated_Source\PSoC4/BLE_HAL_INT.c **** * disclaimers, and limitations in the end user license agreement accompanying
  14:Generated_Source\PSoC4/BLE_HAL_INT.c **** * the software package with which this file was provided.
  15:Generated_Source\PSoC4/BLE_HAL_INT.c **** *******************************************************************************/
  16:Generated_Source\PSoC4/BLE_HAL_INT.c **** 
  17:Generated_Source\PSoC4/BLE_HAL_INT.c **** #include "BLE_HAL_PVT.h"
  18:Generated_Source\PSoC4/BLE_HAL_INT.c **** 
ARM GAS  C:\Users\Daniela\AppData\Local\Temp\ccd8kUmh.s 			page 7


  19:Generated_Source\PSoC4/BLE_HAL_INT.c **** 
  20:Generated_Source\PSoC4/BLE_HAL_INT.c **** /*******************************************************************************
  21:Generated_Source\PSoC4/BLE_HAL_INT.c **** * Function Name: CyBLE_Bless_Interrupt
  22:Generated_Source\PSoC4/BLE_HAL_INT.c **** ****************************************************************************//**
  23:Generated_Source\PSoC4/BLE_HAL_INT.c **** *
  24:Generated_Source\PSoC4/BLE_HAL_INT.c **** *  Handles the Interrupt Service Routine for the BLE sub-system.
  25:Generated_Source\PSoC4/BLE_HAL_INT.c **** *
  26:Generated_Source\PSoC4/BLE_HAL_INT.c **** * \return
  27:Generated_Source\PSoC4/BLE_HAL_INT.c **** *  None
  28:Generated_Source\PSoC4/BLE_HAL_INT.c **** *
  29:Generated_Source\PSoC4/BLE_HAL_INT.c **** *******************************************************************************/
  30:Generated_Source\PSoC4/BLE_HAL_INT.c **** CY_ISR(CyBLE_Bless_Interrupt)
  31:Generated_Source\PSoC4/BLE_HAL_INT.c **** {
 118              		.loc 1 31 0
 119              		.cfi_startproc
 120              		@ args = 0, pretend = 0, frame = 0
 121              		@ frame_needed = 0, uses_anonymous_args = 0
 122 0000 10B5     		push	{r4, lr}
 123              		.cfi_def_cfa_offset 8
 124              		.cfi_offset 4, -8
 125              		.cfi_offset 14, -4
  32:Generated_Source\PSoC4/BLE_HAL_INT.c ****     #if(CYBLE_STACK_MODE_DEBUG)
  33:Generated_Source\PSoC4/BLE_HAL_INT.c ****         CyBle_ApplCallback(CYBLE_DEBUG_EVT_BLESS_INT, NULL);
  34:Generated_Source\PSoC4/BLE_HAL_INT.c ****     #endif /* CYBLE_STACK_MODE_DEBUG */
  35:Generated_Source\PSoC4/BLE_HAL_INT.c **** 
  36:Generated_Source\PSoC4/BLE_HAL_INT.c ****     /* Call stack manager bless function handler */
  37:Generated_Source\PSoC4/BLE_HAL_INT.c ****     #if(!CYBLE_SHARING_MODE_IMPORT)
  38:Generated_Source\PSoC4/BLE_HAL_INT.c ****         CyBLE_pf_bless_event_hdlr();
 126              		.loc 1 38 0
 127 0002 FFF7FEFF 		bl	CyBle_BleSSInterruptHandler
 128              	.LVL0:
  39:Generated_Source\PSoC4/BLE_HAL_INT.c ****     #endif /* CYBLE_SHARING_MODE_IMPORT */
  40:Generated_Source\PSoC4/BLE_HAL_INT.c ****     
  41:Generated_Source\PSoC4/BLE_HAL_INT.c ****     /* Host stack takes care of clearing interrupts */
  42:Generated_Source\PSoC4/BLE_HAL_INT.c **** }
 129              		.loc 1 42 0
 130              		@ sp needed
 131 0006 10BD     		pop	{r4, pc}
 132              		.cfi_endproc
 133              	.LFE2:
 134              		.size	CyBLE_Bless_Interrupt, .-CyBLE_Bless_Interrupt
 135              		.text
 136              	.Letext0:
 137              		.file 2 "Generated_Source\\PSoC4\\BLE_STACK_PVT.h"
 138              		.section	.debug_info,"",%progbits
 139              	.Ldebug_info0:
 140 0000 B5000000 		.4byte	0xb5
 141 0004 0400     		.2byte	0x4
 142 0006 00000000 		.4byte	.Ldebug_abbrev0
 143 000a 04       		.byte	0x4
 144 000b 01       		.uleb128 0x1
 145 000c 1B000000 		.4byte	.LASF14
 146 0010 0C       		.byte	0xc
 147 0011 49010000 		.4byte	.LASF15
 148 0015 EB000000 		.4byte	.LASF16
 149 0019 00000000 		.4byte	.Ldebug_ranges0+0
 150 001d 00000000 		.4byte	0
ARM GAS  C:\Users\Daniela\AppData\Local\Temp\ccd8kUmh.s 			page 8


 151 0021 00000000 		.4byte	.Ldebug_line0
 152 0025 02       		.uleb128 0x2
 153 0026 01       		.byte	0x1
 154 0027 06       		.byte	0x6
 155 0028 D6010000 		.4byte	.LASF0
 156 002c 02       		.uleb128 0x2
 157 002d 01       		.byte	0x1
 158 002e 08       		.byte	0x8
 159 002f 6E010000 		.4byte	.LASF1
 160 0033 02       		.uleb128 0x2
 161 0034 02       		.byte	0x2
 162 0035 05       		.byte	0x5
 163 0036 F4010000 		.4byte	.LASF2
 164 003a 02       		.uleb128 0x2
 165 003b 02       		.byte	0x2
 166 003c 07       		.byte	0x7
 167 003d C3010000 		.4byte	.LASF3
 168 0041 02       		.uleb128 0x2
 169 0042 04       		.byte	0x4
 170 0043 05       		.byte	0x5
 171 0044 81010000 		.4byte	.LASF4
 172 0048 02       		.uleb128 0x2
 173 0049 04       		.byte	0x4
 174 004a 07       		.byte	0x7
 175 004b C2000000 		.4byte	.LASF5
 176 004f 02       		.uleb128 0x2
 177 0050 08       		.byte	0x8
 178 0051 05       		.byte	0x5
 179 0052 00000000 		.4byte	.LASF6
 180 0056 02       		.uleb128 0x2
 181 0057 08       		.byte	0x8
 182 0058 07       		.byte	0x7
 183 0059 D4000000 		.4byte	.LASF7
 184 005d 03       		.uleb128 0x3
 185 005e 04       		.byte	0x4
 186 005f 05       		.byte	0x5
 187 0060 696E7400 		.ascii	"int\000"
 188 0064 02       		.uleb128 0x2
 189 0065 04       		.byte	0x4
 190 0066 07       		.byte	0x7
 191 0067 0E000000 		.4byte	.LASF8
 192 006b 02       		.uleb128 0x2
 193 006c 04       		.byte	0x4
 194 006d 04       		.byte	0x4
 195 006e EE010000 		.4byte	.LASF9
 196 0072 02       		.uleb128 0x2
 197 0073 08       		.byte	0x8
 198 0074 04       		.byte	0x4
 199 0075 A0010000 		.4byte	.LASF10
 200 0079 02       		.uleb128 0x2
 201 007a 01       		.byte	0x1
 202 007b 08       		.byte	0x8
 203 007c 7C010000 		.4byte	.LASF11
 204 0080 02       		.uleb128 0x2
 205 0081 08       		.byte	0x8
 206 0082 04       		.byte	0x4
 207 0083 E2010000 		.4byte	.LASF12
ARM GAS  C:\Users\Daniela\AppData\Local\Temp\ccd8kUmh.s 			page 9


 208 0087 02       		.uleb128 0x2
 209 0088 04       		.byte	0x4
 210 0089 07       		.byte	0x7
 211 008a FE010000 		.4byte	.LASF13
 212 008e 04       		.uleb128 0x4
 213 008f 8A010000 		.4byte	.LASF17
 214 0093 01       		.byte	0x1
 215 0094 1E       		.byte	0x1e
 216 0095 00000000 		.4byte	.LFB2
 217 0099 08000000 		.4byte	.LFE2-.LFB2
 218 009d 01       		.uleb128 0x1
 219 009e 9C       		.byte	0x9c
 220 009f AD000000 		.4byte	0xad
 221 00a3 05       		.uleb128 0x5
 222 00a4 06000000 		.4byte	.LVL0
 223 00a8 AD000000 		.4byte	0xad
 224 00ac 00       		.byte	0
 225 00ad 06       		.uleb128 0x6
 226 00ae A7010000 		.4byte	.LASF18
 227 00b2 A7010000 		.4byte	.LASF18
 228 00b6 02       		.byte	0x2
 229 00b7 64       		.byte	0x64
 230 00b8 00       		.byte	0
 231              		.section	.debug_abbrev,"",%progbits
 232              	.Ldebug_abbrev0:
 233 0000 01       		.uleb128 0x1
 234 0001 11       		.uleb128 0x11
 235 0002 01       		.byte	0x1
 236 0003 25       		.uleb128 0x25
 237 0004 0E       		.uleb128 0xe
 238 0005 13       		.uleb128 0x13
 239 0006 0B       		.uleb128 0xb
 240 0007 03       		.uleb128 0x3
 241 0008 0E       		.uleb128 0xe
 242 0009 1B       		.uleb128 0x1b
 243 000a 0E       		.uleb128 0xe
 244 000b 55       		.uleb128 0x55
 245 000c 17       		.uleb128 0x17
 246 000d 11       		.uleb128 0x11
 247 000e 01       		.uleb128 0x1
 248 000f 10       		.uleb128 0x10
 249 0010 17       		.uleb128 0x17
 250 0011 00       		.byte	0
 251 0012 00       		.byte	0
 252 0013 02       		.uleb128 0x2
 253 0014 24       		.uleb128 0x24
 254 0015 00       		.byte	0
 255 0016 0B       		.uleb128 0xb
 256 0017 0B       		.uleb128 0xb
 257 0018 3E       		.uleb128 0x3e
 258 0019 0B       		.uleb128 0xb
 259 001a 03       		.uleb128 0x3
 260 001b 0E       		.uleb128 0xe
 261 001c 00       		.byte	0
 262 001d 00       		.byte	0
 263 001e 03       		.uleb128 0x3
 264 001f 24       		.uleb128 0x24
ARM GAS  C:\Users\Daniela\AppData\Local\Temp\ccd8kUmh.s 			page 10


 265 0020 00       		.byte	0
 266 0021 0B       		.uleb128 0xb
 267 0022 0B       		.uleb128 0xb
 268 0023 3E       		.uleb128 0x3e
 269 0024 0B       		.uleb128 0xb
 270 0025 03       		.uleb128 0x3
 271 0026 08       		.uleb128 0x8
 272 0027 00       		.byte	0
 273 0028 00       		.byte	0
 274 0029 04       		.uleb128 0x4
 275 002a 2E       		.uleb128 0x2e
 276 002b 01       		.byte	0x1
 277 002c 3F       		.uleb128 0x3f
 278 002d 19       		.uleb128 0x19
 279 002e 03       		.uleb128 0x3
 280 002f 0E       		.uleb128 0xe
 281 0030 3A       		.uleb128 0x3a
 282 0031 0B       		.uleb128 0xb
 283 0032 3B       		.uleb128 0x3b
 284 0033 0B       		.uleb128 0xb
 285 0034 27       		.uleb128 0x27
 286 0035 19       		.uleb128 0x19
 287 0036 11       		.uleb128 0x11
 288 0037 01       		.uleb128 0x1
 289 0038 12       		.uleb128 0x12
 290 0039 06       		.uleb128 0x6
 291 003a 40       		.uleb128 0x40
 292 003b 18       		.uleb128 0x18
 293 003c 9742     		.uleb128 0x2117
 294 003e 19       		.uleb128 0x19
 295 003f 01       		.uleb128 0x1
 296 0040 13       		.uleb128 0x13
 297 0041 00       		.byte	0
 298 0042 00       		.byte	0
 299 0043 05       		.uleb128 0x5
 300 0044 898201   		.uleb128 0x4109
 301 0047 00       		.byte	0
 302 0048 11       		.uleb128 0x11
 303 0049 01       		.uleb128 0x1
 304 004a 31       		.uleb128 0x31
 305 004b 13       		.uleb128 0x13
 306 004c 00       		.byte	0
 307 004d 00       		.byte	0
 308 004e 06       		.uleb128 0x6
 309 004f 2E       		.uleb128 0x2e
 310 0050 00       		.byte	0
 311 0051 3F       		.uleb128 0x3f
 312 0052 19       		.uleb128 0x19
 313 0053 3C       		.uleb128 0x3c
 314 0054 19       		.uleb128 0x19
 315 0055 6E       		.uleb128 0x6e
 316 0056 0E       		.uleb128 0xe
 317 0057 03       		.uleb128 0x3
 318 0058 0E       		.uleb128 0xe
 319 0059 3A       		.uleb128 0x3a
 320 005a 0B       		.uleb128 0xb
 321 005b 3B       		.uleb128 0x3b
ARM GAS  C:\Users\Daniela\AppData\Local\Temp\ccd8kUmh.s 			page 11


 322 005c 0B       		.uleb128 0xb
 323 005d 00       		.byte	0
 324 005e 00       		.byte	0
 325 005f 00       		.byte	0
 326              		.section	.debug_aranges,"",%progbits
 327 0000 1C000000 		.4byte	0x1c
 328 0004 0200     		.2byte	0x2
 329 0006 00000000 		.4byte	.Ldebug_info0
 330 000a 04       		.byte	0x4
 331 000b 00       		.byte	0
 332 000c 0000     		.2byte	0
 333 000e 0000     		.2byte	0
 334 0010 00000000 		.4byte	.LFB2
 335 0014 08000000 		.4byte	.LFE2-.LFB2
 336 0018 00000000 		.4byte	0
 337 001c 00000000 		.4byte	0
 338              		.section	.debug_ranges,"",%progbits
 339              	.Ldebug_ranges0:
 340 0000 00000000 		.4byte	.LFB2
 341 0004 08000000 		.4byte	.LFE2
 342 0008 00000000 		.4byte	0
 343 000c 00000000 		.4byte	0
 344              		.section	.debug_line,"",%progbits
 345              	.Ldebug_line0:
 346 0000 65000000 		.section	.debug_str,"MS",%progbits,1
 346      02004E00 
 346      00000201 
 346      FB0E0D00 
 346      01010101 
 347              	.LASF6:
 348 0000 6C6F6E67 		.ascii	"long long int\000"
 348      206C6F6E 
 348      6720696E 
 348      7400
 349              	.LASF8:
 350 000e 756E7369 		.ascii	"unsigned int\000"
 350      676E6564 
 350      20696E74 
 350      00
 351              	.LASF14:
 352 001b 474E5520 		.ascii	"GNU C11 5.4.1 20160609 (release) [ARM/embedded-5-br"
 352      43313120 
 352      352E342E 
 352      31203230 
 352      31363036 
 353 004e 616E6368 		.ascii	"anch revision 237715] -mcpu=cortex-m0 -mthumb -g -O"
 353      20726576 
 353      6973696F 
 353      6E203233 
 353      37373135 
 354 0081 33202D66 		.ascii	"3 -ffunction-sections -ffat-lto-objects -finline-fu"
 354      66756E63 
 354      74696F6E 
 354      2D736563 
 354      74696F6E 
 355 00b4 6E637469 		.ascii	"nctions -flto\000"
 355      6F6E7320 
ARM GAS  C:\Users\Daniela\AppData\Local\Temp\ccd8kUmh.s 			page 12


 355      2D666C74 
 355      6F00
 356              	.LASF5:
 357 00c2 6C6F6E67 		.ascii	"long unsigned int\000"
 357      20756E73 
 357      69676E65 
 357      6420696E 
 357      7400
 358              	.LASF7:
 359 00d4 6C6F6E67 		.ascii	"long long unsigned int\000"
 359      206C6F6E 
 359      6720756E 
 359      7369676E 
 359      65642069 
 360              	.LASF16:
 361 00eb 433A5C55 		.ascii	"C:\\Users\\Daniela\\Desktop\\Bluetooth_Project\\Thr"
 361      73657273 
 361      5C44616E 
 361      69656C61 
 361      5C446573 
 362 0119 6F756768 		.ascii	"oughput\\GATT Notification - Data Incoming.cydsn\000"
 362      7075745C 
 362      47415454 
 362      204E6F74 
 362      69666963 
 363              	.LASF15:
 364 0149 47656E65 		.ascii	"Generated_Source\\PSoC4\\BLE_HAL_INT.c\000"
 364      72617465 
 364      645F536F 
 364      75726365 
 364      5C50536F 
 365              	.LASF1:
 366 016e 756E7369 		.ascii	"unsigned char\000"
 366      676E6564 
 366      20636861 
 366      7200
 367              	.LASF11:
 368 017c 63686172 		.ascii	"char\000"
 368      00
 369              	.LASF4:
 370 0181 6C6F6E67 		.ascii	"long int\000"
 370      20696E74 
 370      00
 371              	.LASF17:
 372 018a 4379424C 		.ascii	"CyBLE_Bless_Interrupt\000"
 372      455F426C 
 372      6573735F 
 372      496E7465 
 372      72727570 
 373              	.LASF10:
 374 01a0 646F7562 		.ascii	"double\000"
 374      6C6500
 375              	.LASF18:
 376 01a7 4379426C 		.ascii	"CyBle_BleSSInterruptHandler\000"
 376      655F426C 
 376      65535349 
 376      6E746572 
ARM GAS  C:\Users\Daniela\AppData\Local\Temp\ccd8kUmh.s 			page 13


 376      72757074 
 377              	.LASF3:
 378 01c3 73686F72 		.ascii	"short unsigned int\000"
 378      7420756E 
 378      7369676E 
 378      65642069 
 378      6E7400
 379              	.LASF0:
 380 01d6 7369676E 		.ascii	"signed char\000"
 380      65642063 
 380      68617200 
 381              	.LASF12:
 382 01e2 6C6F6E67 		.ascii	"long double\000"
 382      20646F75 
 382      626C6500 
 383              	.LASF9:
 384 01ee 666C6F61 		.ascii	"float\000"
 384      7400
 385              	.LASF2:
 386 01f4 73686F72 		.ascii	"short int\000"
 386      7420696E 
 386      7400
 387              	.LASF13:
 388 01fe 73697A65 		.ascii	"sizetype\000"
 388      74797065 
 388      00
 389              		.comm	__gnu_lto_v1,1,1
 390              		.ident	"GCC: (GNU Tools for ARM Embedded Processors) 5.4.1 20160609 (release) [ARM/embedded-5-bran
