ARM GAS  C:\Users\Daniela\AppData\Local\Temp\ccOhb37b.s 			page 1


   1              		.syntax unified
   2              		.cpu cortex-m0
   3              		.fpu softvfp
   4              		.eabi_attribute 20, 1
   5              		.eabi_attribute 21, 1
   6              		.eabi_attribute 23, 3
   7              		.eabi_attribute 24, 1
   8              		.eabi_attribute 25, 1
   9              		.eabi_attribute 26, 1
  10              		.eabi_attribute 30, 2
  11              		.eabi_attribute 34, 0
  12              		.eabi_attribute 18, 4
  13              		.thumb
  14              		.syntax unified
  15              		.file	"common.c"
  16              		.text
  17              	.Ltext0:
  18              		.section	.gnu.lto_.profile.585607c8,"",%progbits
  19 0000 789C6361 		.ascii	"x\234ca`d`a`\000\222\266\206\000\001\025\000y"
  19      60646061 
  19      600092B6 
  19      86000115 
  19      0079
  20              		.text
  21              		.section	.gnu.lto_.icf.585607c8,"",%progbits
  22 0000 789C6361 		.ascii	"x\234ca`d\000\001\021\006\004`f8\377\354\316B^\306\007"
  22      60640001 
  22      11060460 
  22      6638FFEC 
  22      CE425EC6 
  23 0015 8B8FF4F0 		.ascii	"\213\217\364\3600\365n_\277\205\215\001\000c\270\010"
  23      30F56E5F 
  23      BF858D01 
  23      0063B808 
  24 0025 EB       		.ascii	"\353"
  25              		.text
  26              		.section	.gnu.lto_.jmpfuncs.585607c8,"",%progbits
  27 0000 789C6361 		.ascii	"x\234ca`d\000\001\031\006\004`f`dd\254gdbdd\256\257"
  27      60640001 
  27      19060460 
  27      66606464 
  27      AC676462 
  28 0018 67825195 		.ascii	"g\202Q\225`9\000/W\0031"
  28      6039002F 
  28      570331
  29              		.text
  30              		.section	.gnu.lto_.inline.585607c8,"",%progbits
  31 0000 789C6D91 		.ascii	"x\234m\221AJ\0031\030\205\377\227dbZ\306v\004\021\004"
  31      414A0331 
  31      1885FF97 
  31      64625AC6 
  31      76041104 
  32 0014 A1731299 		.ascii	"\241s\022\231\023x\020\275D\026\325\265\007p\321E\241"
  32      137810BD 
  32      4416D5B5 
  32      0770D145 
  32      A1
ARM GAS  C:\Users\Daniela\AppData\Local\Temp\ccOhb37b.s 			page 2


  33 0025 ED54B00B 		.ascii	"\355T\260\0137v5\210\".\365\014\342\252+\021DQ\364\377"
  33      37763588 
  33      222EF50C 
  33      E2AA2B11 
  33      4451F4FF 
  34 0039 27691031 		.ascii	"'i\0201\213\274\367\362\221\037^b\010$\3531H\2734\221"
  34      8BBCF7F2 
  34      911F5E62 
  34      0824EB31 
  34      48BB3491 
  35 004d B30039B4 		.ascii	"\263\0009\264\236\354h\240\250\333\354\033\201\2402"
  35      9EEC68A0 
  35      A8DBEC1B 
  35      81A032
  36 005c 470FEEF0 		.ascii	"G\017\356\360K\341~\274\374\314_\325\261&d\230`\217"
  36      4BE17EBC 
  36      FCCC5FD5 
  36      B1266498 
  36      608F
  37 006e E08EA20A 		.ascii	"\340\216\242\012~\030.\316t\300\006\323\210\247\011"
  37      7E182ECE 
  37      74C006D3 
  37      88A709
  38 007d 5FBF2C26 		.ascii	"_\277,&\361\266\306,\342Y\302\267\337oM?`\205:\342:"
  38      F1B6C62C 
  38      E259C2B7 
  38      DF6F4D3F 
  38      60853AE2 
  39 0092 E1CB9BBB 		.ascii	"\341\313\233\273\023\02700\217x\236\360\305\352\352"
  39      13173030 
  39      8F789EF0 
  39      C5EAEA
  40 00a1 7D3360C2 		.ascii	"}3`\302y\304A\245i\311[o]\315\214\006\336\203\214\337"
  40      79C441A5 
  40      69C95B6F 
  40      5DCD8C06 
  40      DE838CDF 
  41 00b5 65716486 		.ascii	"eqd\206\333\254\245\230\202M\260\253\\\254\011a\334"
  41      DBACA598 
  41      824DB0AB 
  41      5CAC0961 
  41      DC
  42 00c6 9550A468 		.ascii	"\225P\244h\275W\276L\007\366Y\313\201[\307'#Q\205\360"
  42      BD57BE4C 
  42      07F659CB 
  42      815BC727 
  42      235185F0 
  43 00da 9171A8C4 		.ascii	"\221q\250\304-7\330\025l\352\016\233\366q\025\365;\260"
  43      2D37D815 
  43      6CEA0E9B 
  43      F67115F5 
  43      3BB0
  44 00ec DCE06FA3 		.ascii	"\334\340o\243\177*\310\226\375\252P\221iv*\307\037\265"
  44      7F2AC896 
  44      FDAA5091 
  44      69762AC7 
  44      1FB5
ARM GAS  C:\Users\Daniela\AppData\Local\Temp\ccOhb37b.s 			page 3


  45 00fe E5D14ED3 		.ascii	"\345\321N\3239\361x\234\036\320\017\361\370]\326"
  45      39F1789C 
  45      1ED00FF1 
  45      F85DD6
  46              		.text
  47              		.section	.gnu.lto_.pureconst.585607c8,"",%progbits
  48 0000 789C6361 		.ascii	"x\234ca`d`g```f\0002\230\030\000\000\302\000\023"
  48      60646067 
  48      60606066 
  48      00329818 
  48      0000C200 
  49              		.text
  50              		.section	.gnu.lto_HexToAscii.part.0.585607c8,"",%progbits
  51 0000 789C5D91 		.ascii	"x\234]\221\317KTQ\024\307\317\367\336\373\236:\2323"
  51      CF4B5451 
  51      14C7CFF7 
  51      DEFB9E3A 
  51      9A33
  52 0012 B5881683 		.ascii	"\265\210\026\203\2641\321 \007Z\270k\331\037\320\242"
  52      B431D120 
  52      075AB86B 
  52      D91FD0A2 
  53 0022 366D525C 		.ascii	"6mR\\\004\376X\325\326\333<\035\027E\270\261i/\3524"
  53      04FE58D5 
  53      D6DB3C1D 
  53      1745B8B1 
  53      692FEA34 
  54 0036 4E8E6614 		.ascii	"N\216f\024\304,\306 \212\242V#F\277,!\203\250p\"qc\276"
  54      C42CC620 
  54      8AA25623 
  54      46BF2C21 
  54      83A87022 
  55 004d CEB95749 		.ascii	"\316\271WI<\360\3369\034\316\347|\3179\327\020H,\253"
  55      3CF0DE39 
  55      1CCEE77C 
  55      CF39D710 
  55      482CAB
  56 0060 884EB03F 		.ascii	"\210N\260?\317\037\032\010\341\304\033\016B(\347\225"
  56      CF1F1A08 
  56      E1C41B0E 
  56      4228E795 
  57 0070 D29536B2 		.ascii	"\322\2256\262\011S\353&\333\242\021H\366F\243\331\017"
  57      0953EB26 
  57      DBA21148 
  57      F646A3D9 
  57      0F
  58 0081 024002DB 		.ascii	"\002@\002\333\010\032\011\2256\001F\260\245\376*\274"
  58      081A0995 
  58      360146B0 
  58      A5FE2ABC 
  59 0091 DA7E712B 		.ascii	"\332~q+\3219km\326~\376\032g\362\205*\3064Q\254\010"
  59      D1396B6D 
  59      D67EFE1A 
  59      67F2852A 
  59      C63451AC 
  60 00a6 67D3C8A4 		.ascii	"g\323\310\244Em\026\235\\\371\2552^\203n\001q\234{\272"
  60      456D169D 
ARM GAS  C:\Users\Daniela\AppData\Local\Temp\ccOhb37b.s 			page 4


  60      5CF9AD32 
  60      5E836E01 
  60      719C7BBA 
  61 00ba B5D9DC31 		.ascii	"\265\331\3341-\224]\273l\365\230\006\012\320\377)N\020"
  61      2D945DBB 
  61      6CF59806 
  61      0AD0FF29 
  61      4E10
  62 00cc EEA1438A 		.ascii	"\356\241C\212_\257\256\376j\325\307\034\370\374\323"
  62      5FAFAEFE 
  62      6AD5C71C 
  62      F8FCD3
  63 00db 878FC9F6 		.ascii	"\207\217\311\366)\007\376\014\356Z#d\361 )\306\205\353"
  63      2907FE0C 
  63      EE5A2364 
  63      F12029C6 
  63      85EB
  64 00ed 8BBB9347 		.ascii	"\213\273\223G\302Q\313v\022sh\227\211x\224\022o\314"
  64      C251CB76 
  64      12736897 
  64      89789412 
  64      6FCC
  65 00ff 4E32E50B 		.ascii	"N2\345\013\326\306qd'\226\216\243\001\0205\3454\265"
  65      D6C67164 
  65      27968EA3 
  65      011035E5 
  65      34B5
  66 0111 FB1BF70F 		.ascii	"\373\033\367\017\374\024\264\311\264\034\240\256B\361"
  66      FC14B4C9 
  66      B41CA0AE 
  66      42F1
  67 011f 7A1DD9A3 		.ascii	"z\035\331\243\"\263\274R\376\221\350*\210\214\235\257"
  67      22B3BC52 
  67      FE91E82A 
  67      888C9DAF 
  68 012f A6DCDCDE 		.ascii	"\246\334\334\336p\037]\\\260\364r\373=\374\246\325x"
  68      701F5D5C 
  68      B0F472FB 
  68      3DFCA6D5 
  68      78
  69 0140 FC54DECA 		.ascii	"\374T\336\312}\366F\306\301e\347Y\206\273\246Hf\023"
  69      7DF646C6 
  69      C165E759 
  69      86BBA648 
  69      6613
  70 0152 98444D39 		.ascii	"\230DM9\265\015D;\271\215\3429\031?\322*\322\340\316"
  70      B50D443B 
  70      B98DE239 
  70      193FD22A 
  70      D2E0CE
  71 0165 A5997A35 		.ascii	"\245\231z5\371GI\267$\312H3\255\334~<0\027\321\027\214"
  71      F94749B7 
  71      24CA4833 
  71      ADDC7E3C 
  71      3017D117 
  72 017a BE8D1E4F 		.ascii	"\276\215\036O\246\367 &\346\036M?\201\020\012MX\200"
  72      A6F72026 
ARM GAS  C:\Users\Daniela\AppData\Local\Temp\ccOhb37b.s 			page 5


  72      E61E4D3F 
  72      81100A4D 
  72      5880
  73 018c BF555D69 		.ascii	"\277U]i\252\264\211\304\235\334n\361\242\257\326\036"
  73      AAB489C4 
  73      9DDC6EF1 
  73      A2AFD61E 
  74 019c 78B6B67C 		.ascii	"x\266\266|\273\331K\364`\361\260\204v\264\241Z\267\247"
  74      BBD94BF4 
  74      60F1B084 
  74      76B4A15A 
  74      B7A7
  75 01ae DF9DF6B0 		.ascii	"\337\235\366\260\361\360\324B!\247=\234\301\203\303"
  75      F1F0D442 
  75      21A73D9C 
  75      C183C3
  76 01bd B07170B0 		.ascii	"\260qp\260\177\314\024\371t@\337\221\255\346o\266\372"
  76      7FCC14F9 
  76      7440DF91 
  76      ADE66FB6 
  76      FA
  77 01ce 560157FD 		.ascii	"V\001W\375F\300Zzg\245\004\306\314\303K\374\030\020"
  77      46C05A7A 
  77      67A504C6 
  77      CCC34BFC 
  77      1810
  78 01e0 8E9FA4A9 		.ascii	"\216\237\244\251oxppx\350L\037\005\327\257\014\\\353"
  78      6F787070 
  78      78E84C1F 
  78      05D7AF0C 
  78      5CEB
  79 01f2 0F87AEF6 		.ascii	"\017\207\256\366\366\016\364\377\003\277\021\321\""
  79      F60EF4FF 
  79      03BF11D1 
  79      22
  80              		.text
  81              		.section	.gnu.lto_HexToDecimal.585607c8,"",%progbits
  82 0000 789C6594 		.ascii	"x\234e\224\333k\024I\024\306\317\251\352\373t\367\344"
  82      DB6B1449 
  82      14C6CFA9 
  82      EAFB74F7 
  82      E4
  83 0011 26A28E92 		.ascii	"&\242\216\222\267\350\213\006EV\037\314\037\341\273"
  83      B7E88B06 
  83      45561FCC 
  83      1FE1BB
  84 0020 82A888E0 		.ascii	"\202\250\210\340\345E}\022\354\315\344\362`\014\253"
  84      E5457D12 
  84      ECCDE4F2 
  84      600CAB
  85 002f A8BB5EC2 		.ascii	"\250\273^\302\012*\361\236\304\304\030M\304Q\324\030"
  85      0A2AF19E 
  85      C4C4184D 
  85      C451D418 
  86 003f 457125F8 		.ascii	"Eq%\370\020\360\026E\335e\331M\306x[2;{\252N\317\230"
  86      10F01645 
  86      DD65D94D 
ARM GAS  C:\Users\Daniela\AppData\Local\Temp\ccOhb37b.s 			page 6


  86      C6785B32 
  86      3B7BAA4E 
  87 0055 9D1998EA 		.ascii	"\235\031\230\352\352\257\316w\352wNW\267\001\010\352"
  87      EAAFCE77 
  87      EA774E57 
  87      B70108EA 
  88 0065 376A02CC 		.ascii	"7j\002\314\246k\017\3751\011(~z\014\360\243#\204\034"
  88      A66B0FFD 
  88      3109287E 
  88      7A0CF0A3 
  88      23841C
  89 0078 4E42E419 		.ascii	"NB\344\031#\015\020\371\022C\226\015aj\331\322\262Y"
  89      230D10F9 
  89      1243960D 
  89      616AD9D2 
  89      B259
  90 008a 902D616B 		.ascii	"\220-ak\331\321\262]\220\035\341j\331\323\262[\220="
  90      D9D1B25D 
  90      901DE16A 
  90      D9D3B25B 
  90      903D
  91 009c 91D0B2AF 		.ascii	"\221\320\262\257\345DA\366E0\272\204\344ph\001\311A"
  91      E54441F6 
  91      4530BA84 
  91      E4706801 
  91      C941
  92 00ae 410E11D5 		.ascii	"A\016\021\325$r\020\366\010i\230\226\355\270^\302\017"
  92      247210F6 
  92      08699896 
  92      EDB85EC2 
  92      0F
  93 00bf 42DC839F 		.ascii	"B\334\203\237DN\340\303/\367\333\274E\235Q\324\030\275"
  93      444EE0C3 
  93      2FF7DBBC 
  93      459D51D4 
  93      18BD
  94 00d1 3AFDA6FE 		.ascii	":\375\246\376\3473\031l\226\000y\001\270,\205\365)U"
  94      E733196C 
  94      96007901 
  94      B82C85F5 
  94      2955
  95 00e3 58272EA2 		.ascii	"X'.\242\310\337\232\272\217\313)\321,\021\015\272\235"
  95      C8DF9ABA 
  95      8FCB29D1 
  95      2C110DBA 
  95      9D
  96 00f4 7C74F44D 		.ascii	"|t\364M\250n\005\326\322\355\373\241\326Q\224>\002\315"
  96      A86E05D6 
  96      D2EDFBA1 
  96      D651943E 
  96      02CD
  97 0106 7BBADA4F 		.ascii	"{\272\332O\210\272\323*g\364iC\3446K\211\347P\252\234"
  97      88BAD32A 
  97      67F46943 
  97      E4364B89 
  97      E750AA9C 
  98 011a 67318567 		.ascii	"g1\205g0\005$\001\236\307:\212\316\366^>\347\312*\355"
ARM GAS  C:\Users\Daniela\AppData\Local\Temp\ccOhb37b.s 			page 7


  98      30052401 
  98      9EC73A8A 
  98      CEF65E3E 
  98      E7CA2AED 
  99 012e 4CEF9D3E 		.ascii	"L\357\235>b\307\316_\327D\262Y\032x\201\235LC\002\340"
  99      62C7CE5F 
  99      D744B259 
  99      1A78819D 
  99      4C4302E0 
 100 0142 45AC53C1 		.ascii	"E\254S\301\343=\377\036\012\254\246\210~\265\012\230"
 100      E33DFF1E 
 100      0AACA688 
 100      7EB50A98 
 101 0152 482FA1A5 		.ascii	"H/\241\245\036L\327\352L\224\317\247\243L\207u\253\337"
 101      1E4CD7EA 
 101      4C94CFA7 
 101      A34C8775 
 101      ABDF
 102 0164 9E8D7A2B 		.ascii	"\236\215z+\201\312H\36447(\221ij\331\322\243\255\004"
 102      81CA48F4 
 102      34372891 
 102      696AD9D2 
 102      A3AD04
 103 0177 474F5D3D 		.ascii	"GO]=zJH\350\251\257\307@\011\241\236&\365X\241\204J"
 103      7A4A48E8 
 103      A9AFC740 
 103      09A19E26 
 103      F558A184 
 104 018c 3DADD263 		.ascii	"=\255\322c\265\036k\3648\013T\027a\202\250T\377'\205"
 104      B51E6BF4 
 104      380B5417 
 104      6182A854 
 104      FF2785
 105 019f 5057F91A 		.ascii	"PW\371\032\233\306\3227\333l\005\232\226\252\377#\247"
 105      9BC6D237 
 105      DB6C059A 
 105      96AAFF23 
 105      A7
 106 01b0 AE4FFBAA 		.ascii	"\256O\373\252\215\026\232\330\205)}\254&\205\204\341"
 106      8D169AD8 
 106      85297DAC 
 106      268584E1 
 107 01c0 A47C87E9 		.ascii	"\244|\207\351\201\226\307G\326r\264\221\226R5\372\353"
 107      8196C747 
 107      D672B491 
 107      965235FA 
 107      EB
 108 01d1 F3AFB632 		.ascii	"\363\257\2662\230\230iZ\205\335d\241\270\356\226i\344"
 108      9898695A 
 108      85DD64A1 
 108      B8EE9669 
 108      E4
 109 01e2 30932229 		.ascii	"0\223\"),?0\361*\340\260\023\373,\354\241\260q\024\272"
 109      2C3F30F1 
 109      2AE0B013 
 109      FB2CECA1 
 109      B07114BA 
ARM GAS  C:\Users\Daniela\AppData\Local\Temp\ccOhb37b.s 			page 8


 110 01f6 41844761 		.ascii	"A\204Ga\312u\270\345\351\034v)#\271\006\257\016\335"
 110      CA75B8E5 
 110      E91C7629 
 110      23B906AF 
 110      0EDD
 111 0208 33D9558F 		.ascii	"3\331U\217\227K=\226F3`\244\201\013\371\330\226\372"
 111      974B3D96 
 111      463360A4 
 111      810BF9D8 
 111      96FA
 112 021a 5E48F178 		.ascii	"^H\361xXh`o\261\020\023\006}.\344s\241\020\233\012\321"
 112      5868606F 
 112      B1101306 
 112      7D2EE473 
 112      A1109B0A 
 113 022f 40FFE376 		.ascii	"@\377\343vh\201\322<\271t\366X\310\004\3240\354+ep\230"
 113      6881D23C 
 113      B974F658 
 113      C804D430 
 113      EC2B6570 
 114 0244 FB9F98DB 		.ascii	"\373\237\230\333%\245\034\324\325[[\320\276\224A;\367"
 114      25A51CD4 
 114      D55B5BD0 
 114      BE94413B 
 114      F7
 115 0255 CD00BD9D 		.ascii	"\315\000\275\235\355\356\214;.\361J\021\324\206\234"
 115      EDEE8C3B 
 115      2EF14A11 
 115      D4869C
 116 0264 CBA02F8E 		.ascii	"\313\240/\216\306\240\236\002\355+\005M\320\002\245"
 116      C6A09E02 
 116      ED2B054D 
 116      D002A5
 117 0273 E9F8657F 		.ascii	"\351\370e\177\316e\320\0176\366\227\"$\230s|.\233|R"
 117      CE65D00F 
 117      36F69722 
 117      2498737C 
 117      2E9B7C52 
 118 0287 CA397DBD 		.ascii	"\3129}\275\263\003\373\0272\347\340L\316\273\371/\231"
 118      B303FB17 
 118      32E7E04C 
 118      CEBBF92F 
 118      99
 119 0298 24730ABC 		.ascii	"$s\012\274Z\344t!o3\347\275c1g\2408\373K9CZ\2404\017"
 119      5AE47421 
 119      6F33E7BD 
 119      633167A0 
 119      38FB4B39 
 120 02b1 4E7EBE1D 		.ascii	"N~\276\035?\322\267\200\003\245\010!s>\230\307\246$"
 120      3FD2B780 
 120      03A50821 
 120      733E98C7 
 120      A624
 121 02c3 29E59C49 		.ascii	")\345\234I\275\263\007\007j\231\363\357\231\234}w\206"
 121      BDB30707 
 121      6A99F3EF 
 121      999C7D77 
ARM GAS  C:\Users\Daniela\AppData\Local\Temp\ccOhb37b.s 			page 9


 121      86
 122 02d4 5B1CE644 		.ascii	"[\034\346D\274V\344L@\257\305\234\177\0258+\024\347"
 122      BC56E44C 
 122      40AFC59C 
 122      7F15382B 
 122      14E7
 123 02e6 40296725 		.ascii	"@)g%-P\232\334\304\223\234\317\234\036^/%\250d\314l"
 123      2D509ADC 
 123      C4939CCF 
 123      9C1E5E2F 
 123      25A864CC 
 124 02fb 8C59454A 		.ascii	"\214YEJ9f\225\336\330\207\227s\030\363d\373\374\357"
 124      396695DE 
 124      D8879773 
 124      18F364FB 
 124      FCEF
 125 030d 985D7F5E 		.ascii	"\230]\177^\373\0260&\340`\0213\200\261\370E{v\274\201"
 125      FB163026 
 125      E0601133 
 125      80B1F845 
 125      7B76BC81 
 126 0321 A3AB1566 		.ascii	"\243\253\025f\031A5\023\214\305\225\327\220RNP\243s"
 126      19413513 
 126      8CC595D7 
 126      90524E50 
 126      A373
 127 0333 86FA5D1F 		.ascii	"\206\372]\037\307\306\012`\031\311\333\230m}\326\261"
 127      C7C60A60 
 127      19C9DB98 
 127      6D7DD6B1 
 128 0343 82CDB394 		.ascii	"\202\315\263\224\364\007\033\351\216LYDz\277\344\205"
 128      F4071BE9 
 128      8E4C5944 
 128      7ABFE485 
 129 0353 DEDD747A 		.ascii	"\336\335tz\315\251et6\354;\313\251\363\356\301\037\250"
 129      CDA96574 
 129      36EC3BCB 
 129      A9F3EEC1 
 129      1FA8
 130 0365 B0C45B1A 		.ascii	"\260\304[\032k\202\276\225TH\353\357\321\015C\025\""
 130      6B82BE95 
 130      5448EBEF 
 130      D10D4315 
 130      22
 131 0376 B1168730 		.ascii	"\261\026\2070\345O\255\244\357\014\252=\351k\343\256"
 131      E54FADA4 
 131      EF0CAA3D 
 131      E96BE3AE 
 132 0386 DFBE75EB 		.ascii	"\337\276u\353\366m\213\327\203\271k\335\226\235\033"
 132      F66D8BD7 
 132      83B96BDD 
 132      969D1B
 133 0395 CD0D9B37 		.ascii	"\315\015\2337m\336\361\037\034\353\320n"
 133      6DDEF11F 
 133      1CEBD06E 
 134              		.text
 135              		.section	.gnu.lto_HexToAscii.585607c8,"",%progbits
ARM GAS  C:\Users\Daniela\AppData\Local\Temp\ccOhb37b.s 			page 10


 136 0000 789C6552 		.ascii	"x\234eR[KTQ\024^\337\336\3476\343h\"\010\005\023\370"
 136      5B4B5451 
 136      145EDFDE 
 136      E736E368 
 136      22080513 
 137 0015 36E84308 		.ascii	"6\350C\010\025\371\013z\351\255\207\236*L\361!\360\362"
 137      15F90B7A 
 137      E9AD879E 
 137      2A4CF121 
 137      F0F2
 138 0027 544FC1EC 		.ascii	"TO\301\354<3c\220D\201\246\202\017\202\210cZ\243iFQ"
 138      3C336390 
 138      4481A682 
 138      0F828863 
 138      5AA36946 
 139 003c 39469118 		.ascii	"9F\221\030\011Qa7\260\242\213\211\310h\211\031\330\264"
 139      09516137 
 139      B0A28B89 
 139      C8688919 
 139      D8B4
 140 004e F6D95EA0 		.ascii	"\366\331^\2406\234\275\366\345\373\276\365\235\265\266"
 140      369CBDF6 
 140      E5FBBEF5 
 140      9DB5B6
 141 005d 45203D0E 		.ascii	"E =\016J\242\335\034\353\370C\210 .\317\020\235\367"
 141      4AA2DD1C 
 141      EBF84388 
 141      202ECF10 
 141      9DF7
 142 006f 8490B952 		.ascii	"\204\220\271RRa\247\247\212TD\012\353B\214w\266\236"
 142      5261A7A7 
 142      8A54440A 
 142      EB428C77 
 142      B69E
 143 0081 23163C03 		.ascii	"#\026<\003\262\267\026\216p?\357\341{o\350\000\337\273"
 143      B2B7168E 
 143      703FEFE1 
 143      7B6FE800 
 143      DFBB
 144 0093 E6181EA0 		.ascii	"\346\030\036\240\243\362@q!-\333q=\304\261*6\004\236"
 144      A3F24071 
 144      212DDB71 
 144      3DC4B12A 
 144      36049E
 145 00a6 AE4DB586 		.ascii	"\256M\265\206\313\373\225jV\037\276\344+;\322Y$\331"
 145      CBFB956A 
 145      561FBEE4 
 145      2B3BD259 
 145      24D9
 146 00b8 485E10F6 		.ascii	"H^\020\366GQ\031\325f\372Q\316\310o\367Z^BF@\274N=\\"
 146      475119D5 
 146      66FA51CE 
 146      C86FF75A 
 146      5E424640 
 147 00d0 CD15C4FA 		.ascii	"\315\025\304\3724K\315\035W2)\2014\344\016\213\017\010"
 147      344BCD1D 
 147      57322981 
ARM GAS  C:\Users\Daniela\AppData\Local\Temp\ccOhb37b.s 			page 11


 147      34E40E8B 
 147      0F08
 148 00e2 038831F6 		.ascii	"\003\2101\366\331\354\354R\221,\011x\243\323k\357\260"
 148      D9ECEC52 
 148      912C0978 
 148      A3D36BEF 
 148      B0
 149 00f3 C9EB3A61 		.ascii	"\311\353:ax\327\376\343\015\"\246\301\237F\376\264\027"
 149      78D7FEE3 
 149      0D22A6C1 
 149      9F46FEB4 
 149      17
 150 0104 3A09C5A3 		.ascii	":\011\305\243L\033b'Cpt\2612G\263*\237\367U\366Jx\262"
 150      4C1B6227 
 150      437074B1 
 150      3247B32A 
 150      9FF755F6 
 151 011b B3206452 		.ascii	"\263 dR\011h\"\013\362\332\012N\354`v\202\331\015\244"
 151      0968220B 
 151      F2DA0A4E 
 151      EC607682 
 151      D90DA4
 152 012e 29C732BA 		.ascii	")\3072\272\024\313B\350(?\"\361\326\357os\265\262/u"
 152      14CB42E8 
 152      283F22F1 
 152      D6EF6F73 
 152      B5B22F75 
 153 0142 41C61E3D 		.ascii	"A\306\036=Iy?ER\262\036\256#\032\364fYH\312\225\312"
 153      49793F45 
 153      52B21EAE 
 153      231AF466 
 153      5948CA95 
 154 0157 4F68CE76 		.ascii	"Oh\316vL\357\012l\230\237\233N\317/9\032\015\344\300"
 154      4CEF0A6C 
 154      989F9B4E 
 154      CF2F391A 
 154      0DE4C0
 155 016a FB0703BD 		.ascii	"\373\007\003\275\353\221\352\223\274\367\245\304\015"
 155      EB91EA93 
 155      BCF7A5C4 
 155      0D
 156 0177 44359690 		.ascii	"D5\226\220A5}\205\277r\230|\351\362\015#\237'\206\273"
 156      41357D85 
 156      BF72987C 
 156      E9F20D23 
 156      9F2786BB 
 157 018b A5664A58 		.ascii	"\245fJX\030\346<Z\2743\274\245\3158bs\257\375\211\266"
 157      18E63C5A 
 157      BC33BCA5 
 157      CD386273 
 157      AFFD89B6 
 158 019f A831E732 		.ascii	"\2501\3472ip\274\357.\214\271\020F\266\315Y\364+,Y\377"
 158      6970BCEF 
 158      2E8CB910 
 158      46B6CD59 
 158      F42B2C59 
 159 01b4 6A6A66E0 		.ascii	"jjf\340\230Ao\022\036\317M^*0\376\016\341f\220E\354"
ARM GAS  C:\Users\Daniela\AppData\Local\Temp\ccOhb37b.s 			page 12


 159      98416F12 
 159      1ECF4D5E 
 159      2A30FE0E 
 159      E1669045 
 160 01c9 A47002B6 		.ascii	"\244p\002\266\275\315^(7d\333\220{\207\323)i\310\225"
 160      BDCD5E28 
 160      3764DB90 
 160      7B87D329 
 160      69C895
 161 01dc 18FD976C 		.ascii	"\030\375\227l\007d\207z\252L\025{\333\367\356T1\263"
 161      0764877A 
 161      AA4C157B 
 161      DBF7EE54 
 161      31B3
 162 01ee 7867BDD0 		.ascii	"xg\275\320\030%\214m\033ui\252DW\261X#\0316\371*\263"
 162      18258C6D 
 162      1B7569AA 
 162      4457B158 
 162      231936F9 
 163 0204 18AE48EB 		.ascii	"\030\256H\353\026g\273\216t\364xA\223\202\201[\250`"
 163      1667BB8E 
 163      74F47841 
 163      9382815B 
 163      A860
 164 0216 2D9A47A2 		.ascii	"-\232G\242\330\350ZL\360\177O\374(\212o\250N\245\212"
 164      D8E85A4C 
 164      F07F4FFC 
 164      288A6FA8 
 164      4EA58A
 165 0229 93D2CAB3 		.ascii	"\223\322\312\263<a\034q\256+?&c\311\013:\253\263\220"
 165      3C611C71 
 165      AE2B3F26 
 165      63C90B3A 
 165      ABB390
 166 023c 710A5AD0 		.ascii	"q\012Z\320\215\273Xdtt\206\025p\203l\373\375\213!\216"
 166      8DBB5864 
 166      74748615 
 166      70836CFB 
 166      FD8B218E 
 167 0250 96AB5BD7 		.ascii	"\226\253[\327\362]\335\267\314\337\226\3416\242N\353"
 167      F25DDDB7 
 167      CCDF96E1 
 167      36A24EEB 
 168 0260 9B735C22 		.ascii	"\233s\\\"\253\2331\374n\240U\371\365\204j\233\032\032"
 168      AB9B31FC 
 168      6EA055F9 
 168      F5846A9B 
 168      1A1A
 169 0272 9A1AF7D5 		.ascii	"\232\032\367\325\222}\366T\375\231:\247\361tMM}\335"
 169      927DF654 
 169      FD993AA7 
 169      F1744D4D 
 169      7DDD
 170 0284 5F1EDB0E 		.ascii	"_\036\333\016\216"
 170      8E
 171              		.text
 172              		.section	.gnu.lto_.symbol_nodes.585607c8,"",%progbits
ARM GAS  C:\Users\Daniela\AppData\Local\Temp\ccOhb37b.s 			page 13


 173 0000 789C6361 		.ascii	"x\234ca`d\260g\000\002&\325z\006\206\011\347\030\030"
 173      6064B067 
 173      000226D5 
 173      7A068609 
 173      E71818
 174 0013 EA191877 		.ascii	"\352\031\030w\266,lP\000\012)\3273B\205\030v5(\002\005"
 174      B62C6C50 
 174      000A29D7 
 174      33428518 
 174      76352802 
 175 0028 54EA9950 		.ascii	"T\352\231P\004\230\231\030\030\232\216\277cf\000\000"
 175      04989918 
 175      189A8EBF 
 175      63660000 
 176 0038 F0910F42 		.ascii	"\360\221\017B"
 177              		.text
 178              		.section	.gnu.lto_.refs.585607c8,"",%progbits
 179 0000 789C6361 		.ascii	"x\234ca`\004B \000\000\0009\000\007"
 179      60044220 
 179      00000039 
 179      0007
 180              		.text
 181              		.section	.gnu.lto_.decls.585607c8,"",%progbits
 182 0000 789C7553 		.ascii	"x\234uSMHTQ\024\276\347\2757\343\370\232\264\304\205"
 182      4D485451 
 182      14BEE7BD 
 182      37E3F89A 
 182      B4C485
 183 0013 8B09CCCD 		.ascii	"\213\011\314\315\314\"&\315\026m\242\302\322V!h\255"
 183      CC2226CD 
 183      166DA2C2 
 183      D2562168 
 183      AD
 184 0024 8298A601 		.ascii	"\202\230\246\001\205td\034!W^\255\240\\i\213$1\264\004"
 184      8574641C 
 184      21575EAD 
 184      A05C698B 
 184      2431B404 
 185 0038 D3FC1FF3 		.ascii	"\323\374\037\363g\3627-\235\244\300\024\241\224\374"
 185      67F2372D 
 185      9DA4C014 
 185      A194FC
 186 0047 C184A240 		.ascii	"\301\204\242@K\027:\220v\356\275o\346\015\246\007\317"
 186      4B173A90 
 186      76EEBD6F 
 186      E60DA607 
 186      CF
 187 0058 BBF7DC7B 		.ascii	"\273\367\334{\316w\276\373\235Q!@\230=R\010\361\340"
 187      CE77BEFB 
 187      9D512140 
 187      983D5208 
 187      F1E0
 188 006a FA1D7D17 		.ascii	"\372\035}\027\015Cr\015\235\335Z\2100\031\275\017}\024"
 188      0D43720D 
 188      9DDD5A88 
 188      3019BD0F 
 188      7D14
ARM GAS  C:\Users\Daniela\AppData\Local\Temp\ccOhb37b.s 			page 14


 189 007c 7D82FC6F 		.ascii	"}\202\374o}ZN\017z[D\235\244\335\355W\303\260\242\264"
 189      7D5A4E0F 
 189      7A5B449D 
 189      A4DDED57 
 189      C3B0A2B4 
 190 0090 9A38F478 		.ascii	"\2328\364x\364!\255\336\032\201\001Z\356^c\230\306="
 190      F421ADDE 
 190      1A81015A 
 190      EE5E6398 
 190      C63D
 191 00a2 3D33D103 		.ascii	"=3\321\003\350\275\021\375'4\016{\355\257\004\2153\033"
 191      E8BD11FD 
 191      27340E7B 
 191      EDAF048D 
 191      331B
 192 00b4 549D872F 		.ascii	"T\235\207/ \023M\014\002 \276\300\235\010\347!n$\"6"
 192      20134D0C 
 192      0220BEC0 
 192      9D08E721 
 192      6E242236 
 193 00c8 A1A3B011 		.ascii	"\241\243\260\021\0207\222vJt0\376\247\325\303n\3108"
 193      10379276 
 193      4A7430FE 
 193      A7D5C36E 
 193      C838
 194 00da 888E0E5A 		.ascii	"\210\216\016Z\021\204\031\360kQ\004aT\261HzE\004\336"
 194      118419F0 
 194      6B510461 
 194      54B1487A 
 194      4504DE
 195 00ed 1E4621CE 		.ascii	"\036F!\316\2416\\\012\376\350\265\355\331\261(Y\002"
 195      A1365C0A 
 195      FEE8B5ED 
 195      D9B12859 
 195      02
 196 00fe B65FDC6E 		.ascii	"\266_\334nL\267\267P\264\012J\245\023\2722\355\367\277"
 196      4CB7B750 
 196      B40A4AA5 
 196      13BA32ED 
 196      F7BF
 197 0110 35993625 		.ascii	"5\2316%\260\250\260\013,\376\345\337>,bv\375\244re\347"
 197      B0A8B00B 
 197      2CFEE5DF 
 197      3E2C6276 
 197      FDA47265 
 198 0125 907C8CED 		.ascii	"\220|\214\355\245\231\225\346\037\012\330\324\006\006"
 198      A59995E6 
 198      1F0AD8D4 
 198      0606
 199 0133 B354D574 		.ascii	"\263T\325t\326O\351\021h\003\025Z@\206&\2603\016\026"
 199      D64FE911 
 199      6803155A 
 199      408626B0 
 199      330E16
 200 0146 15BF0F28 		.ascii	"\025\277\017(-\243\353\317\2511\201@\252\005\222-\004"
 200      2DA3EBCF 
 200      A9318140 
ARM GAS  C:\Users\Daniela\AppData\Local\Temp\ccOhb37b.s 			page 15


 200      AA05922D 
 200      04
 201 0157 5AC1C630 		.ascii	"Z\301\3060Y\0264\203\005^\202\205\341\257V\325\3764"
 201      59163483 
 201      055E8285 
 201      E1AF56D5 
 201      FE34
 202 0169 2A4899E3 		.ascii	"*H\231\343\334T\330\331\247{\03552R\210SA\301\360\367"
 202      DC54D8D9 
 202      A77B1D35 
 202      32528853 
 202      41C1F0F7 
 203 017d C7EA9518 		.ascii	"\307\352\225\030\014\343UH\304pvk0h\226/1FJW\331\342"
 203      0CE35548 
 203      C470766B 
 203      3068962F 
 203      31464A57 
 204 0193 B318B059 		.ascii	"\263\030\260Y\000\001A\360b\317#\320\203`>6la\325\024"
 204      000141F0 
 204      62CF23D0 
 204      83603E36 
 204      6C61D514 
 205 01a7 19AD97B0 		.ascii	"\031\255\227\260c\334\233\370\272\017\307.\344\310*"
 205      63DC9BF8 
 205      BA0FC72E 
 205      E4C82A
 206 01b6 39C96EC4 		.ascii	"9\311n\304|%H\372\312\327\316%<\346\350wi\242\302s:"
 206      7C2548FA 
 206      CAD7CE25 
 206      3CE6E877 
 206      69A2C273 
 207 01cb F1BA03AF 		.ascii	"\361\272\003\257\011\364B\002~\333A\021\202~\330\356"
 207      09F44202 
 207      7EDB4111 
 207      827ED8EE 
 208 01db AF3424D5 		.ascii	"\2574$\325\321\251\016\272\324=^\262\354\033\241\017"
 208      D1A90EBA 
 208      D43D5EB2 
 208      EC1BA10F 
 209 01eb B1D2C8F2 		.ascii	"\261\322\310\362\240Q\027\252\221\323\203\0270\217s"
 209      A05117AA 
 209      91D38317 
 209      308F73
 210 01fa EB83242C 		.ascii	"\353\203$,]\010N\367*r6\034$\314\327@S3\023\306\252"
 210      5D084EF7 
 210      2A72361C 
 210      24CCD740 
 210      533313C6 
 211 020f F2DF576C 		.ascii	"\362\337Wl\304\270\254b\\\223\213\253\177\242e\007\037"
 211      C4B8AC62 
 211      5C938BAB 
 211      7FA26507 
 211      1F
 212 0220 574F7DED 		.ascii	"WO}\355\206\001T\033\177(\022\217\013\304\2200m\030"
 212      8601541B 
 212      7F28128F 
 212      0BC49030 
ARM GAS  C:\Users\Daniela\AppData\Local\Temp\ccOhb37b.s 			page 16


 212      6D18
 213 0232 C6B75AB5 		.ascii	"\306\267Z\265\247\016\340a?\036j\203\355\024\203\035"
 213      A70EE061 
 213      3F1E6A83 
 213      ED14831D 
 214 0242 C2BE833A 		.ascii	"\302\276\203:_\253*\336\327V:\365\331\304\211\261\204"
 214      5FAB2ADE 
 214      D7563AF5 
 214      D9C489B1 
 214      84
 215 0253 D7C099BD 		.ascii	"\327\300\231\275_\250\237\225\017\226\350\015\227h$"
 215      5FA89F95 
 215      0F96E80D 
 215      976824
 216 0262 24D1666B 		.ascii	"$\321fk\303\224\011%\352\340\022\245/\373(\227Hay\340"
 216      C3940925 
 216      EAE012A5 
 216      2FFB2897 
 216      486179E0 
 217 0276 D75BFA23 		.ascii	"\327[\372#%\032\345\022\325\370\273\247c\345\234\003"
 217      251AE512 
 217      D5F8BBA7 
 217      63E59C03 
 218 0286 25DA1A78 		.ascii	"%\332\032x:'\205\317\336\012v\015;Aj8\230\3358g\367"
 218      3A2785CF 
 218      DE0A760D 
 218      3B416A38 
 218      98DD3867 
 219 029b 2EC42EB8 		.ascii	".\304.\270\3360i\026\354Fv&\314\264\242\224\326\235"
 219      DE306916 
 219      EC467626 
 219      CCB4A294 
 219      D69D
 220 02ad 674930A6 		.ascii	"gI0\246S\033\213\2446\301\251\365\316\015\217\311\346"
 220      531B8BA4 
 220      36C1A9F5 
 220      CE0D8FC9 
 220      E6
 221 02be 725D6D3E 		.ascii	"r]m>q\275M\000\314\374\277\224\255G/\273\356d\273/\024"
 221      71BD4D00 
 221      CCFCBF94 
 221      AD472FBB 
 221      EE64BB2F 
 222 02d3 3A7373ED 		.ascii	":ss\355\005\016\217\327\236l\312\270r51-%\205\030\212"
 222      050E8FD7 
 222      9E6CCAB8 
 222      7235312D 
 222      2585188A 
 223 02e7 72F3BD67 		.ascii	"r\363\275g\216g\270\362]\036\207\327u\353F\226\273\310"
 223      8E67B8F2 
 223      5D1E87D7 
 223      75EB4696 
 223      BBC8
 224 02f9 E3745DCF 		.ascii	"\343t]\317\314r\247\235>\351,\366\026\027\270\012\355"
 224      CC72A79D 
 224      3EE92CF6 
 224      1617B80A 
ARM GAS  C:\Users\Daniela\AppData\Local\Temp\ccOhb37b.s 			page 17


 224      ED
 225 030a 394471E6 		.ascii	"9Dq\3468<\321Nw^\236;\337\356$f\216x\321\345\314\315"
 225      383CD14E 
 225      775E9E3B 
 225      DFEE2466 
 225      8E78D1E5 
 226 0320 73DC3632 		.ascii	"s\33462\214\324S\252\336\345\0371,l\243"
 226      8CD453AA 
 226      DEE51F31 
 226      2C6CA3
 227              		.text
 228              		.section	.gnu.lto_.symtab.585607c8,"",%progbits
 229 0000 48657854 		.ascii	"HexToDecimal\000"
 229      6F446563 
 229      696D616C 
 229      00
 230 000d 00       		.ascii	"\000"
 231 000e 00       		.ascii	"\000"
 232 000f 00       		.ascii	"\000"
 233 0010 00000000 		.ascii	"\000\000\000\000\000\000\000\000"
 233      00000000 
 234 0018 C2000000 		.ascii	"\302\000\000\000"
 235 001c 48657854 		.ascii	"HexToAscii\000"
 235      6F417363 
 235      696900
 236 0027 00       		.ascii	"\000"
 237 0028 00       		.ascii	"\000"
 238 0029 00       		.ascii	"\000"
 239 002a 00000000 		.ascii	"\000\000\000\000\000\000\000\000"
 239      00000000 
 240 0032 C7000000 		.ascii	"\307\000\000\000"
 241              		.text
 242              		.section	.gnu.lto_.opts,"",%progbits
 243 0000 272D666D 		.ascii	"'-fmath-errno' '-fsigned-zeros' '-ftrapping-math' '"
 243      6174682D 
 243      6572726E 
 243      6F272027 
 243      2D667369 
 244 0033 2D666E6F 		.ascii	"-fno-trapv' '-fno-openmp' '-fno-openacc' '-mcpu=cor"
 244      2D747261 
 244      70762720 
 244      272D666E 
 244      6F2D6F70 
 245 0066 7465782D 		.ascii	"tex-m0' '-mthumb' '-g' '-O3' '-ffunction-sections' "
 245      6D302720 
 245      272D6D74 
 245      68756D62 
 245      2720272D 
 246 0099 272D6666 		.ascii	"'-ffat-lto-objects' '-finline-functions' '-flto'\000"
 246      61742D6C 
 246      746F2D6F 
 246      626A6563 
 246      74732720 
 247              		.text
 248              		.cfi_sections	.debug_frame
 249              		.global	__aeabi_uidivmod
 250              		.global	__aeabi_uidiv
ARM GAS  C:\Users\Daniela\AppData\Local\Temp\ccOhb37b.s 			page 18


 251              		.section	.text.HexToDecimal,"ax",%progbits
 252              		.align	2
 253              		.global	HexToDecimal
 254              		.code	16
 255              		.thumb_func
 256              		.type	HexToDecimal, %function
 257              	HexToDecimal:
 258              	.LFB35:
 259              		.file 1 "common.c"
   1:common.c      **** /*******************************************************************************
   2:common.c      **** * File Name: common.c
   3:common.c      **** *
   4:common.c      **** * Version: 1.0
   5:common.c      **** *
   6:common.c      **** * Description:
   7:common.c      **** *  This file implements the common functionality in the project.
   8:common.c      **** *
   9:common.c      **** * Hardware Dependency:
  10:common.c      **** *  CY8CKIT-042-BLE
  11:common.c      **** *
  12:common.c      **** ********************************************************************************
  13:common.c      **** * Copyright (2015), Cypress Semiconductor Corporation.
  14:common.c      **** ******************************************************************************
  15:common.c      **** * This software is owned by Cypress Semiconductor Corporation (Cypress) and is
  16:common.c      **** * protected by and subject to worldwide patent protection (United States and
  17:common.c      **** * foreign), United States copyright laws and international treaty provisions.
  18:common.c      **** * Cypress hereby grants to licensee a personal, non-exclusive, non-transferable
  19:common.c      **** * license to copy, use, modify, create derivative works of, and compile the
  20:common.c      **** * Cypress Source Code and derivative works for the sole purpose of creating
  21:common.c      **** * custom software in support of licensee product to be used only in conjunction
  22:common.c      **** * with a Cypress integrated circuit as specified in the applicable agreement.
  23:common.c      **** * Any reproduction, modification, translation, compilation, or representation of
  24:common.c      **** * this software except as specified above is prohibited without the express
  25:common.c      **** * written permission of Cypress.
  26:common.c      **** *
  27:common.c      **** * Disclaimer: CYPRESS MAKES NO WARRANTY OF ANY KIND, EXPRESS OR IMPLIED, WITH
  28:common.c      **** * REGARD TO THIS MATERIAL, INCLUDING, BUT NOT LIMITED TO, THE IMPLIED
  29:common.c      **** * WARRANTIES OF MERCHANTABILITY AND FITNESS FOR A PARTICULAR PURPOSE.
  30:common.c      **** * Cypress reserves the right to make changes without further notice to the
  31:common.c      **** * materials described herein. Cypress does not assume any liability arising out
  32:common.c      **** * of the application or use of any product or circuit described herein. Cypress
  33:common.c      **** * does not authorize its products for use as critical components in life-support
  34:common.c      **** * systems where a malfunction or failure may reasonably be expected to result in
  35:common.c      **** * significant injury to the user. The inclusion of Cypress' product in a life-
  36:common.c      **** * support systems application implies that the manufacturer assumes all risk of
  37:common.c      **** * such use and in doing so indemnifies Cypress against all charges. Use may be
  38:common.c      **** * limited by and subject to the applicable Cypress software license agreement.
  39:common.c      **** *******************************************************************************/
  40:common.c      **** 
  41:common.c      **** 
  42:common.c      **** /*******************************************************************************
  43:common.c      **** * Included headers
  44:common.c      **** *******************************************************************************/
  45:common.c      **** #include <project.h>
  46:common.c      **** 
  47:common.c      **** 
  48:common.c      **** /*******************************************************************************
ARM GAS  C:\Users\Daniela\AppData\Local\Temp\ccOhb37b.s 			page 19


  49:common.c      **** * Function definitions
  50:common.c      **** *******************************************************************************/
  51:common.c      **** 
  52:common.c      **** /*******************************************************************************
  53:common.c      **** * Function Name: HexToDecimal()
  54:common.c      **** ********************************************************************************
  55:common.c      **** * Summary:
  56:common.c      **** * Hexadecimal to decimal converter
  57:common.c      **** *
  58:common.c      **** * Parameters:
  59:common.c      **** * uint32 value: Hexadecimal value
  60:common.c      **** * uint8 digit: Which digit to be obtained
  61:common.c      **** *
  62:common.c      **** * Return:
  63:common.c      **** * char: the decimal equivalent of that digit 
  64:common.c      **** *
  65:common.c      **** * Theory:
  66:common.c      **** * Converts hexadecimal to decimal and returns digit-by-digit value.
  67:common.c      **** *
  68:common.c      **** *******************************************************************************/
  69:common.c      **** char HexToDecimal(uint32 value, uint8 digit)
  70:common.c      **** {
 260              		.loc 1 70 0
 261              		.cfi_startproc
 262              		@ args = 0, pretend = 0, frame = 0
 263              		@ frame_needed = 0, uses_anonymous_args = 0
 264              	.LVL0:
 265 0000 10B5     		push	{r4, lr}
 266              		.cfi_def_cfa_offset 8
 267              		.cfi_offset 4, -8
 268              		.cfi_offset 14, -4
  71:common.c      ****     if(digit == 5)
 269              		.loc 1 71 0
 270 0002 0529     		cmp	r1, #5
 271 0004 1DD0     		beq	.L10
  72:common.c      ****     {
  73:common.c      ****         value = (value%1000000)/100000;
  74:common.c      ****         value = value + '0';
  75:common.c      ****     }
  76:common.c      ****     else if(digit == 4)
 272              		.loc 1 76 0
 273 0006 0429     		cmp	r1, #4
 274 0008 25D0     		beq	.L11
  77:common.c      ****     {
  78:common.c      ****         value = (value%100000)/10000;
  79:common.c      ****         value = value + '0';
  80:common.c      ****     }
  81:common.c      ****     else if(digit == 3)
 275              		.loc 1 81 0
 276 000a 0329     		cmp	r1, #3
 277 000c 2DD0     		beq	.L12
  82:common.c      ****     {
  83:common.c      ****         value = (value%10000)/1000;
  84:common.c      ****         value = value + '0';
  85:common.c      ****     }
  86:common.c      ****     else if(digit == 2)
 278              		.loc 1 86 0
ARM GAS  C:\Users\Daniela\AppData\Local\Temp\ccOhb37b.s 			page 20


 279 000e 0229     		cmp	r1, #2
 280 0010 0CD0     		beq	.L13
  87:common.c      ****     {
  88:common.c      ****         value = (value%1000)/100;
  89:common.c      ****         value = value + '0';
  90:common.c      ****     }
  91:common.c      ****     else if(digit == 1)
 281              		.loc 1 91 0
 282 0012 0129     		cmp	r1, #1
 283 0014 35D0     		beq	.L14
 284 0016 2023     		movs	r3, #32
  92:common.c      ****     {
  93:common.c      ****         value = (value%100)/10;
  94:common.c      ****         value = value + '0';
  95:common.c      ****     }
  96:common.c      ****     else if (digit == 0)
 285              		.loc 1 96 0
 286 0018 0029     		cmp	r1, #0
 287 001a 05D1     		bne	.L3
  97:common.c      ****     {
  98:common.c      ****         value = value%10;
 288              		.loc 1 98 0
 289 001c 0A31     		adds	r1, r1, #10
 290              	.LVL1:
 291 001e FFF7FEFF 		bl	__aeabi_uidivmod
 292              	.LVL2:
 293 0022 0B00     		movs	r3, r1
 294 0024 3033     		adds	r3, r3, #48
 295              	.LVL3:
 296 0026 DBB2     		uxtb	r3, r3
 297              	.LVL4:
 298              	.L3:
  99:common.c      ****         value = value + '0';
 100:common.c      ****     }
 101:common.c      ****     else
 102:common.c      ****     {
 103:common.c      ****         value = ' ';    
 104:common.c      ****     }
 105:common.c      ****     
 106:common.c      ****     return value;
 107:common.c      **** }
 299              		.loc 1 107 0
 300 0028 1800     		movs	r0, r3
 301              		@ sp needed
 302 002a 10BD     		pop	{r4, pc}
 303              	.LVL5:
 304              	.L13:
  88:common.c      ****         value = value + '0';
 305              		.loc 1 88 0
 306 002c FA21     		movs	r1, #250
 307              	.LVL6:
 308 002e 8900     		lsls	r1, r1, #2
 309 0030 FFF7FEFF 		bl	__aeabi_uidivmod
 310              	.LVL7:
 311 0034 0800     		movs	r0, r1
 312 0036 6421     		movs	r1, #100
 313 0038 FFF7FEFF 		bl	__aeabi_uidiv
ARM GAS  C:\Users\Daniela\AppData\Local\Temp\ccOhb37b.s 			page 21


 314              	.LVL8:
 315 003c 3030     		adds	r0, r0, #48
 316              	.LVL9:
 317 003e C3B2     		uxtb	r3, r0
 318 0040 F2E7     		b	.L3
 319              	.LVL10:
 320              	.L10:
  73:common.c      ****         value = value + '0';
 321              		.loc 1 73 0
 322 0042 1549     		ldr	r1, .L15
 323              	.LVL11:
 324 0044 FFF7FEFF 		bl	__aeabi_uidivmod
 325              	.LVL12:
 326 0048 0800     		movs	r0, r1
 327 004a 1449     		ldr	r1, .L15+4
 328 004c FFF7FEFF 		bl	__aeabi_uidiv
 329              	.LVL13:
 330 0050 3030     		adds	r0, r0, #48
 331              	.LVL14:
 332 0052 C3B2     		uxtb	r3, r0
 333 0054 E8E7     		b	.L3
 334              	.LVL15:
 335              	.L11:
  78:common.c      ****         value = value + '0';
 336              		.loc 1 78 0
 337 0056 1149     		ldr	r1, .L15+4
 338              	.LVL16:
 339 0058 FFF7FEFF 		bl	__aeabi_uidivmod
 340              	.LVL17:
 341 005c 0800     		movs	r0, r1
 342 005e 1049     		ldr	r1, .L15+8
 343 0060 FFF7FEFF 		bl	__aeabi_uidiv
 344              	.LVL18:
 345 0064 3030     		adds	r0, r0, #48
 346              	.LVL19:
 347 0066 C3B2     		uxtb	r3, r0
 348 0068 DEE7     		b	.L3
 349              	.LVL20:
 350              	.L12:
  83:common.c      ****         value = value + '0';
 351              		.loc 1 83 0
 352 006a 0D49     		ldr	r1, .L15+8
 353              	.LVL21:
 354 006c FFF7FEFF 		bl	__aeabi_uidivmod
 355              	.LVL22:
 356 0070 0800     		movs	r0, r1
 357 0072 FA21     		movs	r1, #250
 358 0074 8900     		lsls	r1, r1, #2
 359 0076 FFF7FEFF 		bl	__aeabi_uidiv
 360              	.LVL23:
 361 007a 0300     		movs	r3, r0
 362 007c 3033     		adds	r3, r3, #48
 363              	.LVL24:
 364 007e DBB2     		uxtb	r3, r3
 365              	.LVL25:
 366 0080 D2E7     		b	.L3
 367              	.LVL26:
ARM GAS  C:\Users\Daniela\AppData\Local\Temp\ccOhb37b.s 			page 22


 368              	.L14:
  93:common.c      ****         value = value + '0';
 369              		.loc 1 93 0
 370 0082 6331     		adds	r1, r1, #99
 371              	.LVL27:
 372 0084 FFF7FEFF 		bl	__aeabi_uidivmod
 373              	.LVL28:
 374 0088 0800     		movs	r0, r1
 375 008a 0A21     		movs	r1, #10
 376 008c FFF7FEFF 		bl	__aeabi_uidiv
 377              	.LVL29:
 378 0090 0300     		movs	r3, r0
 379 0092 3033     		adds	r3, r3, #48
 380              	.LVL30:
 381 0094 DBB2     		uxtb	r3, r3
 382              	.LVL31:
 383 0096 C7E7     		b	.L3
 384              	.L16:
 385              		.align	2
 386              	.L15:
 387 0098 40420F00 		.word	1000000
 388 009c A0860100 		.word	100000
 389 00a0 10270000 		.word	10000
 390              		.cfi_endproc
 391              	.LFE35:
 392              		.size	HexToDecimal, .-HexToDecimal
 393              		.section	.text.HexToAscii,"ax",%progbits
 394              		.align	2
 395              		.global	HexToAscii
 396              		.code	16
 397              		.thumb_func
 398              		.type	HexToAscii, %function
 399              	HexToAscii:
 400              	.LFB36:
 108:common.c      **** 
 109:common.c      **** 
 110:common.c      **** /*******************************************************************************
 111:common.c      **** * Function Name: HexToAscii()
 112:common.c      **** ********************************************************************************
 113:common.c      **** * Summary:
 114:common.c      **** * Hexadecimal to ASCII converter
 115:common.c      **** *
 116:common.c      **** * Parameters:
 117:common.c      **** * uint32 value: Hexadecimal value
 118:common.c      **** * uint8 digit: Which nibble to be obtained
 119:common.c      **** *
 120:common.c      **** * Return:
 121:common.c      **** * char: the ASCII equivalent of that nibble
 122:common.c      **** *
 123:common.c      **** * Theory:
 124:common.c      **** * Converts hexadecimal to ASCII
 125:common.c      **** *
 126:common.c      **** *******************************************************************************/
 127:common.c      **** char HexToAscii(uint8 value, uint8 nibble)
 128:common.c      **** {
 401              		.loc 1 128 0
 402              		.cfi_startproc
ARM GAS  C:\Users\Daniela\AppData\Local\Temp\ccOhb37b.s 			page 23


 403              		@ args = 0, pretend = 0, frame = 0
 404              		@ frame_needed = 0, uses_anonymous_args = 0
 405              		@ link register save eliminated.
 406              	.LVL32:
 407              		.loc 1 128 0
 408 0000 0300     		movs	r3, r0
 129:common.c      ****     if(nibble == 1)
 409              		.loc 1 129 0
 410 0002 0129     		cmp	r1, #1
 411 0004 0CD0     		beq	.L24
 130:common.c      ****     {
 131:common.c      ****         value = value & 0xf0;
 132:common.c      ****         value = value >> 4;
 133:common.c      ****         
 134:common.c      ****         /*bit-shift the result to the right by four bits (i.e. quickly divides by 16)*/
 135:common.c      ****         if (value >9)
 136:common.c      ****         {
 137:common.c      ****             value = value - 10 + 'A';
 138:common.c      ****         }
 139:common.c      ****         else
 140:common.c      ****         {
 141:common.c      ****             value = value + '0';
 142:common.c      ****         }
 143:common.c      ****     }
 144:common.c      ****     else if (nibble == 0)
 145:common.c      ****     {
 146:common.c      ****         /*means use a bitwise AND to take the bottom four bits from the byte,
 147:common.c      ****         0x0F is 00001111 in binary*/
 148:common.c      ****         value = value & 0x0F;
 149:common.c      ****         if (value >9)
 150:common.c      ****         {
 151:common.c      ****             value = value - 10 + 'A';
 152:common.c      ****         }
 153:common.c      ****         else
 154:common.c      ****         {
 155:common.c      ****             value = value + '0';
 156:common.c      ****         }
 157:common.c      ****     }
 158:common.c      ****     else
 159:common.c      ****     {
 160:common.c      ****         value = ' ';    
 412              		.loc 1 160 0
 413 0006 2020     		movs	r0, #32
 414              	.LVL33:
 144:common.c      ****     {
 415              		.loc 1 144 0
 416 0008 0029     		cmp	r1, #0
 417 000a 00D0     		beq	.L25
 418              	.LVL34:
 419              	.L20:
 161:common.c      ****     }
 162:common.c      ****     
 163:common.c      ****     return value;
 164:common.c      **** }
 420              		.loc 1 164 0
 421              		@ sp needed
 422 000c 7047     		bx	lr
ARM GAS  C:\Users\Daniela\AppData\Local\Temp\ccOhb37b.s 			page 24


 423              	.LVL35:
 424              	.L25:
 425              	.LBB4:
 426              	.LBB5:
 148:common.c      ****         if (value >9)
 427              		.loc 1 148 0
 428 000e 1138     		subs	r0, r0, #17
 429 0010 0340     		ands	r3, r0
 430              	.LVL36:
 155:common.c      ****         }
 431              		.loc 1 155 0
 432 0012 1800     		movs	r0, r3
 433 0014 3030     		adds	r0, r0, #48
 149:common.c      ****         {
 434              		.loc 1 149 0
 435 0016 092B     		cmp	r3, #9
 436 0018 F8D9     		bls	.L20
 151:common.c      ****         }
 437              		.loc 1 151 0
 438 001a 3733     		adds	r3, r3, #55
 439              	.LVL37:
 440 001c 1800     		movs	r0, r3
 441              	.LVL38:
 442 001e F5E7     		b	.L20
 443              	.LVL39:
 444              	.L24:
 445 0020 0309     		lsrs	r3, r0, #4
 446              	.LVL40:
 447              	.LBE5:
 448              	.LBE4:
 141:common.c      ****         }
 449              		.loc 1 141 0
 450 0022 1800     		movs	r0, r3
 451 0024 3030     		adds	r0, r0, #48
 135:common.c      ****         {
 452              		.loc 1 135 0
 453 0026 092B     		cmp	r3, #9
 454 0028 F0D9     		bls	.L20
 455              	.LBB7:
 456              	.LBB6:
 151:common.c      ****         }
 457              		.loc 1 151 0
 458 002a 3733     		adds	r3, r3, #55
 459              	.LVL41:
 460 002c 1800     		movs	r0, r3
 461              	.LVL42:
 462 002e EDE7     		b	.L20
 463              	.LBE6:
 464              	.LBE7:
 465              		.cfi_endproc
 466              	.LFE36:
 467              		.size	HexToAscii, .-HexToAscii
 468              		.text
 469              	.Letext0:
 470              		.file 2 "Generated_Source\\PSoC4/cytypes.h"
 471              		.section	.debug_info,"",%progbits
 472              	.Ldebug_info0:
ARM GAS  C:\Users\Daniela\AppData\Local\Temp\ccOhb37b.s 			page 25


 473 0000 3A010000 		.4byte	0x13a
 474 0004 0400     		.2byte	0x4
 475 0006 00000000 		.4byte	.Ldebug_abbrev0
 476 000a 04       		.byte	0x4
 477 000b 01       		.uleb128 0x1
 478 000c 22000000 		.4byte	.LASF19
 479 0010 0C       		.byte	0xc
 480 0011 B7010000 		.4byte	.LASF20
 481 0015 21010000 		.4byte	.LASF21
 482 0019 18000000 		.4byte	.Ldebug_ranges0+0x18
 483 001d 00000000 		.4byte	0
 484 0021 00000000 		.4byte	.Ldebug_line0
 485 0025 02       		.uleb128 0x2
 486 0026 01       		.byte	0x1
 487 0027 06       		.byte	0x6
 488 0028 9F010000 		.4byte	.LASF0
 489 002c 02       		.uleb128 0x2
 490 002d 01       		.byte	0x1
 491 002e 08       		.byte	0x8
 492 002f FE000000 		.4byte	.LASF1
 493 0033 02       		.uleb128 0x2
 494 0034 02       		.byte	0x2
 495 0035 05       		.byte	0x5
 496 0036 CC010000 		.4byte	.LASF2
 497 003a 02       		.uleb128 0x2
 498 003b 02       		.byte	0x2
 499 003c 07       		.byte	0x7
 500 003d 8C010000 		.4byte	.LASF3
 501 0041 02       		.uleb128 0x2
 502 0042 04       		.byte	0x4
 503 0043 05       		.byte	0x5
 504 0044 11010000 		.4byte	.LASF4
 505 0048 02       		.uleb128 0x2
 506 0049 04       		.byte	0x4
 507 004a 07       		.byte	0x7
 508 004b CF000000 		.4byte	.LASF5
 509 004f 02       		.uleb128 0x2
 510 0050 08       		.byte	0x8
 511 0051 05       		.byte	0x5
 512 0052 00000000 		.4byte	.LASF6
 513 0056 02       		.uleb128 0x2
 514 0057 08       		.byte	0x8
 515 0058 07       		.byte	0x7
 516 0059 E1000000 		.4byte	.LASF7
 517 005d 03       		.uleb128 0x3
 518 005e 04       		.byte	0x4
 519 005f 05       		.byte	0x5
 520 0060 696E7400 		.ascii	"int\000"
 521 0064 02       		.uleb128 0x2
 522 0065 04       		.byte	0x4
 523 0066 07       		.byte	0x7
 524 0067 15000000 		.4byte	.LASF8
 525 006b 04       		.uleb128 0x4
 526 006c C9000000 		.4byte	.LASF9
 527 0070 02       		.byte	0x2
 528 0071 D201     		.2byte	0x1d2
 529 0073 2C000000 		.4byte	0x2c
ARM GAS  C:\Users\Daniela\AppData\Local\Temp\ccOhb37b.s 			page 26


 530 0077 04       		.uleb128 0x4
 531 0078 0E000000 		.4byte	.LASF10
 532 007c 02       		.byte	0x2
 533 007d D401     		.2byte	0x1d4
 534 007f 48000000 		.4byte	0x48
 535 0083 02       		.uleb128 0x2
 536 0084 04       		.byte	0x4
 537 0085 04       		.byte	0x4
 538 0086 F8000000 		.4byte	.LASF11
 539 008a 02       		.uleb128 0x2
 540 008b 08       		.byte	0x8
 541 008c 04       		.byte	0x4
 542 008d 1A010000 		.4byte	.LASF12
 543 0091 02       		.uleb128 0x2
 544 0092 01       		.byte	0x1
 545 0093 08       		.byte	0x8
 546 0094 0C010000 		.4byte	.LASF13
 547 0098 02       		.uleb128 0x2
 548 0099 08       		.byte	0x8
 549 009a 04       		.byte	0x4
 550 009b AB010000 		.4byte	.LASF14
 551 009f 02       		.uleb128 0x2
 552 00a0 04       		.byte	0x4
 553 00a1 07       		.byte	0x7
 554 00a2 DD010000 		.4byte	.LASF15
 555 00a6 05       		.uleb128 0x5
 556 00a7 E6010000 		.4byte	.LASF22
 557 00ab 01       		.byte	0x1
 558 00ac 7F       		.byte	0x7f
 559 00ad 91000000 		.4byte	0x91
 560 00b1 01       		.byte	0x1
 561 00b2 CD000000 		.4byte	0xcd
 562 00b6 06       		.uleb128 0x6
 563 00b7 C0010000 		.4byte	.LASF16
 564 00bb 01       		.byte	0x1
 565 00bc 7F       		.byte	0x7f
 566 00bd 6B000000 		.4byte	0x6b
 567 00c1 06       		.uleb128 0x6
 568 00c2 D6010000 		.4byte	.LASF17
 569 00c6 01       		.byte	0x1
 570 00c7 7F       		.byte	0x7f
 571 00c8 6B000000 		.4byte	0x6b
 572 00cc 00       		.byte	0
 573 00cd 07       		.uleb128 0x7
 574 00ce 7F010000 		.4byte	.LASF23
 575 00d2 01       		.byte	0x1
 576 00d3 45       		.byte	0x45
 577 00d4 91000000 		.4byte	0x91
 578 00d8 00000000 		.4byte	.LFB35
 579 00dc A4000000 		.4byte	.LFE35-.LFB35
 580 00e0 01       		.uleb128 0x1
 581 00e1 9C       		.byte	0x9c
 582 00e2 05010000 		.4byte	0x105
 583 00e6 08       		.uleb128 0x8
 584 00e7 C0010000 		.4byte	.LASF16
 585 00eb 01       		.byte	0x1
 586 00ec 45       		.byte	0x45
ARM GAS  C:\Users\Daniela\AppData\Local\Temp\ccOhb37b.s 			page 27


 587 00ed 77000000 		.4byte	0x77
 588 00f1 00000000 		.4byte	.LLST0
 589 00f5 08       		.uleb128 0x8
 590 00f6 C6010000 		.4byte	.LASF18
 591 00fa 01       		.byte	0x1
 592 00fb 45       		.byte	0x45
 593 00fc 6B000000 		.4byte	0x6b
 594 0100 27010000 		.4byte	.LLST1
 595 0104 00       		.byte	0
 596 0105 09       		.uleb128 0x9
 597 0106 A6000000 		.4byte	0xa6
 598 010a 00000000 		.4byte	.LFB36
 599 010e 30000000 		.4byte	.LFE36-.LFB36
 600 0112 01       		.uleb128 0x1
 601 0113 9C       		.byte	0x9c
 602 0114 0A       		.uleb128 0xa
 603 0115 B6000000 		.4byte	0xb6
 604 0119 C5010000 		.4byte	.LLST2
 605 011d 0B       		.uleb128 0xb
 606 011e C1000000 		.4byte	0xc1
 607 0122 01       		.uleb128 0x1
 608 0123 51       		.byte	0x51
 609 0124 0C       		.uleb128 0xc
 610 0125 00000000 		.4byte	.Ldebug_ranges0+0
 611 0129 0A       		.uleb128 0xa
 612 012a C1000000 		.4byte	0xc1
 613 012e 27020000 		.4byte	.LLST3
 614 0132 0A       		.uleb128 0xa
 615 0133 B6000000 		.4byte	0xb6
 616 0137 3B020000 		.4byte	.LLST4
 617 013b 00       		.byte	0
 618 013c 00       		.byte	0
 619 013d 00       		.byte	0
 620              		.section	.debug_abbrev,"",%progbits
 621              	.Ldebug_abbrev0:
 622 0000 01       		.uleb128 0x1
 623 0001 11       		.uleb128 0x11
 624 0002 01       		.byte	0x1
 625 0003 25       		.uleb128 0x25
 626 0004 0E       		.uleb128 0xe
 627 0005 13       		.uleb128 0x13
 628 0006 0B       		.uleb128 0xb
 629 0007 03       		.uleb128 0x3
 630 0008 0E       		.uleb128 0xe
 631 0009 1B       		.uleb128 0x1b
 632 000a 0E       		.uleb128 0xe
 633 000b 55       		.uleb128 0x55
 634 000c 17       		.uleb128 0x17
 635 000d 11       		.uleb128 0x11
 636 000e 01       		.uleb128 0x1
 637 000f 10       		.uleb128 0x10
 638 0010 17       		.uleb128 0x17
 639 0011 00       		.byte	0
 640 0012 00       		.byte	0
 641 0013 02       		.uleb128 0x2
 642 0014 24       		.uleb128 0x24
 643 0015 00       		.byte	0
ARM GAS  C:\Users\Daniela\AppData\Local\Temp\ccOhb37b.s 			page 28


 644 0016 0B       		.uleb128 0xb
 645 0017 0B       		.uleb128 0xb
 646 0018 3E       		.uleb128 0x3e
 647 0019 0B       		.uleb128 0xb
 648 001a 03       		.uleb128 0x3
 649 001b 0E       		.uleb128 0xe
 650 001c 00       		.byte	0
 651 001d 00       		.byte	0
 652 001e 03       		.uleb128 0x3
 653 001f 24       		.uleb128 0x24
 654 0020 00       		.byte	0
 655 0021 0B       		.uleb128 0xb
 656 0022 0B       		.uleb128 0xb
 657 0023 3E       		.uleb128 0x3e
 658 0024 0B       		.uleb128 0xb
 659 0025 03       		.uleb128 0x3
 660 0026 08       		.uleb128 0x8
 661 0027 00       		.byte	0
 662 0028 00       		.byte	0
 663 0029 04       		.uleb128 0x4
 664 002a 16       		.uleb128 0x16
 665 002b 00       		.byte	0
 666 002c 03       		.uleb128 0x3
 667 002d 0E       		.uleb128 0xe
 668 002e 3A       		.uleb128 0x3a
 669 002f 0B       		.uleb128 0xb
 670 0030 3B       		.uleb128 0x3b
 671 0031 05       		.uleb128 0x5
 672 0032 49       		.uleb128 0x49
 673 0033 13       		.uleb128 0x13
 674 0034 00       		.byte	0
 675 0035 00       		.byte	0
 676 0036 05       		.uleb128 0x5
 677 0037 2E       		.uleb128 0x2e
 678 0038 01       		.byte	0x1
 679 0039 3F       		.uleb128 0x3f
 680 003a 19       		.uleb128 0x19
 681 003b 03       		.uleb128 0x3
 682 003c 0E       		.uleb128 0xe
 683 003d 3A       		.uleb128 0x3a
 684 003e 0B       		.uleb128 0xb
 685 003f 3B       		.uleb128 0x3b
 686 0040 0B       		.uleb128 0xb
 687 0041 27       		.uleb128 0x27
 688 0042 19       		.uleb128 0x19
 689 0043 49       		.uleb128 0x49
 690 0044 13       		.uleb128 0x13
 691 0045 20       		.uleb128 0x20
 692 0046 0B       		.uleb128 0xb
 693 0047 01       		.uleb128 0x1
 694 0048 13       		.uleb128 0x13
 695 0049 00       		.byte	0
 696 004a 00       		.byte	0
 697 004b 06       		.uleb128 0x6
 698 004c 05       		.uleb128 0x5
 699 004d 00       		.byte	0
 700 004e 03       		.uleb128 0x3
ARM GAS  C:\Users\Daniela\AppData\Local\Temp\ccOhb37b.s 			page 29


 701 004f 0E       		.uleb128 0xe
 702 0050 3A       		.uleb128 0x3a
 703 0051 0B       		.uleb128 0xb
 704 0052 3B       		.uleb128 0x3b
 705 0053 0B       		.uleb128 0xb
 706 0054 49       		.uleb128 0x49
 707 0055 13       		.uleb128 0x13
 708 0056 00       		.byte	0
 709 0057 00       		.byte	0
 710 0058 07       		.uleb128 0x7
 711 0059 2E       		.uleb128 0x2e
 712 005a 01       		.byte	0x1
 713 005b 3F       		.uleb128 0x3f
 714 005c 19       		.uleb128 0x19
 715 005d 03       		.uleb128 0x3
 716 005e 0E       		.uleb128 0xe
 717 005f 3A       		.uleb128 0x3a
 718 0060 0B       		.uleb128 0xb
 719 0061 3B       		.uleb128 0x3b
 720 0062 0B       		.uleb128 0xb
 721 0063 27       		.uleb128 0x27
 722 0064 19       		.uleb128 0x19
 723 0065 49       		.uleb128 0x49
 724 0066 13       		.uleb128 0x13
 725 0067 11       		.uleb128 0x11
 726 0068 01       		.uleb128 0x1
 727 0069 12       		.uleb128 0x12
 728 006a 06       		.uleb128 0x6
 729 006b 40       		.uleb128 0x40
 730 006c 18       		.uleb128 0x18
 731 006d 9642     		.uleb128 0x2116
 732 006f 19       		.uleb128 0x19
 733 0070 01       		.uleb128 0x1
 734 0071 13       		.uleb128 0x13
 735 0072 00       		.byte	0
 736 0073 00       		.byte	0
 737 0074 08       		.uleb128 0x8
 738 0075 05       		.uleb128 0x5
 739 0076 00       		.byte	0
 740 0077 03       		.uleb128 0x3
 741 0078 0E       		.uleb128 0xe
 742 0079 3A       		.uleb128 0x3a
 743 007a 0B       		.uleb128 0xb
 744 007b 3B       		.uleb128 0x3b
 745 007c 0B       		.uleb128 0xb
 746 007d 49       		.uleb128 0x49
 747 007e 13       		.uleb128 0x13
 748 007f 02       		.uleb128 0x2
 749 0080 17       		.uleb128 0x17
 750 0081 00       		.byte	0
 751 0082 00       		.byte	0
 752 0083 09       		.uleb128 0x9
 753 0084 2E       		.uleb128 0x2e
 754 0085 01       		.byte	0x1
 755 0086 31       		.uleb128 0x31
 756 0087 13       		.uleb128 0x13
 757 0088 11       		.uleb128 0x11
ARM GAS  C:\Users\Daniela\AppData\Local\Temp\ccOhb37b.s 			page 30


 758 0089 01       		.uleb128 0x1
 759 008a 12       		.uleb128 0x12
 760 008b 06       		.uleb128 0x6
 761 008c 40       		.uleb128 0x40
 762 008d 18       		.uleb128 0x18
 763 008e 9742     		.uleb128 0x2117
 764 0090 19       		.uleb128 0x19
 765 0091 00       		.byte	0
 766 0092 00       		.byte	0
 767 0093 0A       		.uleb128 0xa
 768 0094 05       		.uleb128 0x5
 769 0095 00       		.byte	0
 770 0096 31       		.uleb128 0x31
 771 0097 13       		.uleb128 0x13
 772 0098 02       		.uleb128 0x2
 773 0099 17       		.uleb128 0x17
 774 009a 00       		.byte	0
 775 009b 00       		.byte	0
 776 009c 0B       		.uleb128 0xb
 777 009d 05       		.uleb128 0x5
 778 009e 00       		.byte	0
 779 009f 31       		.uleb128 0x31
 780 00a0 13       		.uleb128 0x13
 781 00a1 02       		.uleb128 0x2
 782 00a2 18       		.uleb128 0x18
 783 00a3 00       		.byte	0
 784 00a4 00       		.byte	0
 785 00a5 0C       		.uleb128 0xc
 786 00a6 0B       		.uleb128 0xb
 787 00a7 01       		.byte	0x1
 788 00a8 55       		.uleb128 0x55
 789 00a9 17       		.uleb128 0x17
 790 00aa 00       		.byte	0
 791 00ab 00       		.byte	0
 792 00ac 00       		.byte	0
 793              		.section	.debug_loc,"",%progbits
 794              	.Ldebug_loc0:
 795              	.LLST0:
 796 0000 00000000 		.4byte	.LVL0
 797 0004 21000000 		.4byte	.LVL2-1
 798 0008 0100     		.2byte	0x1
 799 000a 50       		.byte	0x50
 800 000b 21000000 		.4byte	.LVL2-1
 801 000f 22000000 		.4byte	.LVL2
 802 0013 0400     		.2byte	0x4
 803 0015 F3       		.byte	0xf3
 804 0016 01       		.uleb128 0x1
 805 0017 50       		.byte	0x50
 806 0018 9F       		.byte	0x9f
 807 0019 22000000 		.4byte	.LVL2
 808 001d 26000000 		.4byte	.LVL3
 809 0021 0300     		.2byte	0x3
 810 0023 71       		.byte	0x71
 811 0024 30       		.sleb128 48
 812 0025 9F       		.byte	0x9f
 813 0026 26000000 		.4byte	.LVL3
 814 002a 28000000 		.4byte	.LVL4
ARM GAS  C:\Users\Daniela\AppData\Local\Temp\ccOhb37b.s 			page 31


 815 002e 0100     		.2byte	0x1
 816 0030 53       		.byte	0x53
 817 0031 2C000000 		.4byte	.LVL5
 818 0035 33000000 		.4byte	.LVL7-1
 819 0039 0100     		.2byte	0x1
 820 003b 50       		.byte	0x50
 821 003c 33000000 		.4byte	.LVL7-1
 822 0040 3C000000 		.4byte	.LVL8
 823 0044 0400     		.2byte	0x4
 824 0046 F3       		.byte	0xf3
 825 0047 01       		.uleb128 0x1
 826 0048 50       		.byte	0x50
 827 0049 9F       		.byte	0x9f
 828 004a 3C000000 		.4byte	.LVL8
 829 004e 3E000000 		.4byte	.LVL9
 830 0052 0300     		.2byte	0x3
 831 0054 70       		.byte	0x70
 832 0055 30       		.sleb128 48
 833 0056 9F       		.byte	0x9f
 834 0057 3E000000 		.4byte	.LVL9
 835 005b 47000000 		.4byte	.LVL12-1
 836 005f 0100     		.2byte	0x1
 837 0061 50       		.byte	0x50
 838 0062 47000000 		.4byte	.LVL12-1
 839 0066 50000000 		.4byte	.LVL13
 840 006a 0400     		.2byte	0x4
 841 006c F3       		.byte	0xf3
 842 006d 01       		.uleb128 0x1
 843 006e 50       		.byte	0x50
 844 006f 9F       		.byte	0x9f
 845 0070 50000000 		.4byte	.LVL13
 846 0074 52000000 		.4byte	.LVL14
 847 0078 0300     		.2byte	0x3
 848 007a 70       		.byte	0x70
 849 007b 30       		.sleb128 48
 850 007c 9F       		.byte	0x9f
 851 007d 52000000 		.4byte	.LVL14
 852 0081 5B000000 		.4byte	.LVL17-1
 853 0085 0100     		.2byte	0x1
 854 0087 50       		.byte	0x50
 855 0088 5B000000 		.4byte	.LVL17-1
 856 008c 64000000 		.4byte	.LVL18
 857 0090 0400     		.2byte	0x4
 858 0092 F3       		.byte	0xf3
 859 0093 01       		.uleb128 0x1
 860 0094 50       		.byte	0x50
 861 0095 9F       		.byte	0x9f
 862 0096 64000000 		.4byte	.LVL18
 863 009a 66000000 		.4byte	.LVL19
 864 009e 0300     		.2byte	0x3
 865 00a0 70       		.byte	0x70
 866 00a1 30       		.sleb128 48
 867 00a2 9F       		.byte	0x9f
 868 00a3 66000000 		.4byte	.LVL19
 869 00a7 6F000000 		.4byte	.LVL22-1
 870 00ab 0100     		.2byte	0x1
 871 00ad 50       		.byte	0x50
ARM GAS  C:\Users\Daniela\AppData\Local\Temp\ccOhb37b.s 			page 32


 872 00ae 6F000000 		.4byte	.LVL22-1
 873 00b2 7A000000 		.4byte	.LVL23
 874 00b6 0400     		.2byte	0x4
 875 00b8 F3       		.byte	0xf3
 876 00b9 01       		.uleb128 0x1
 877 00ba 50       		.byte	0x50
 878 00bb 9F       		.byte	0x9f
 879 00bc 7A000000 		.4byte	.LVL23
 880 00c0 7E000000 		.4byte	.LVL24
 881 00c4 0300     		.2byte	0x3
 882 00c6 70       		.byte	0x70
 883 00c7 30       		.sleb128 48
 884 00c8 9F       		.byte	0x9f
 885 00c9 7E000000 		.4byte	.LVL24
 886 00cd 80000000 		.4byte	.LVL25
 887 00d1 0100     		.2byte	0x1
 888 00d3 53       		.byte	0x53
 889 00d4 80000000 		.4byte	.LVL25
 890 00d8 82000000 		.4byte	.LVL26
 891 00dc 0300     		.2byte	0x3
 892 00de 70       		.byte	0x70
 893 00df 30       		.sleb128 48
 894 00e0 9F       		.byte	0x9f
 895 00e1 82000000 		.4byte	.LVL26
 896 00e5 87000000 		.4byte	.LVL28-1
 897 00e9 0100     		.2byte	0x1
 898 00eb 50       		.byte	0x50
 899 00ec 87000000 		.4byte	.LVL28-1
 900 00f0 90000000 		.4byte	.LVL29
 901 00f4 0400     		.2byte	0x4
 902 00f6 F3       		.byte	0xf3
 903 00f7 01       		.uleb128 0x1
 904 00f8 50       		.byte	0x50
 905 00f9 9F       		.byte	0x9f
 906 00fa 90000000 		.4byte	.LVL29
 907 00fe 94000000 		.4byte	.LVL30
 908 0102 0300     		.2byte	0x3
 909 0104 70       		.byte	0x70
 910 0105 30       		.sleb128 48
 911 0106 9F       		.byte	0x9f
 912 0107 94000000 		.4byte	.LVL30
 913 010b 96000000 		.4byte	.LVL31
 914 010f 0100     		.2byte	0x1
 915 0111 53       		.byte	0x53
 916 0112 96000000 		.4byte	.LVL31
 917 0116 A4000000 		.4byte	.LFE35
 918 011a 0300     		.2byte	0x3
 919 011c 70       		.byte	0x70
 920 011d 30       		.sleb128 48
 921 011e 9F       		.byte	0x9f
 922 011f 00000000 		.4byte	0
 923 0123 00000000 		.4byte	0
 924              	.LLST1:
 925 0127 00000000 		.4byte	.LVL0
 926 012b 1E000000 		.4byte	.LVL1
 927 012f 0100     		.2byte	0x1
 928 0131 51       		.byte	0x51
ARM GAS  C:\Users\Daniela\AppData\Local\Temp\ccOhb37b.s 			page 33


 929 0132 1E000000 		.4byte	.LVL1
 930 0136 2C000000 		.4byte	.LVL5
 931 013a 0400     		.2byte	0x4
 932 013c F3       		.byte	0xf3
 933 013d 01       		.uleb128 0x1
 934 013e 51       		.byte	0x51
 935 013f 9F       		.byte	0x9f
 936 0140 2C000000 		.4byte	.LVL5
 937 0144 2E000000 		.4byte	.LVL6
 938 0148 0100     		.2byte	0x1
 939 014a 51       		.byte	0x51
 940 014b 2E000000 		.4byte	.LVL6
 941 014f 42000000 		.4byte	.LVL10
 942 0153 0400     		.2byte	0x4
 943 0155 F3       		.byte	0xf3
 944 0156 01       		.uleb128 0x1
 945 0157 51       		.byte	0x51
 946 0158 9F       		.byte	0x9f
 947 0159 42000000 		.4byte	.LVL10
 948 015d 44000000 		.4byte	.LVL11
 949 0161 0100     		.2byte	0x1
 950 0163 51       		.byte	0x51
 951 0164 44000000 		.4byte	.LVL11
 952 0168 56000000 		.4byte	.LVL15
 953 016c 0400     		.2byte	0x4
 954 016e F3       		.byte	0xf3
 955 016f 01       		.uleb128 0x1
 956 0170 51       		.byte	0x51
 957 0171 9F       		.byte	0x9f
 958 0172 56000000 		.4byte	.LVL15
 959 0176 58000000 		.4byte	.LVL16
 960 017a 0100     		.2byte	0x1
 961 017c 51       		.byte	0x51
 962 017d 58000000 		.4byte	.LVL16
 963 0181 6A000000 		.4byte	.LVL20
 964 0185 0400     		.2byte	0x4
 965 0187 F3       		.byte	0xf3
 966 0188 01       		.uleb128 0x1
 967 0189 51       		.byte	0x51
 968 018a 9F       		.byte	0x9f
 969 018b 6A000000 		.4byte	.LVL20
 970 018f 6C000000 		.4byte	.LVL21
 971 0193 0100     		.2byte	0x1
 972 0195 51       		.byte	0x51
 973 0196 6C000000 		.4byte	.LVL21
 974 019a 82000000 		.4byte	.LVL26
 975 019e 0400     		.2byte	0x4
 976 01a0 F3       		.byte	0xf3
 977 01a1 01       		.uleb128 0x1
 978 01a2 51       		.byte	0x51
 979 01a3 9F       		.byte	0x9f
 980 01a4 82000000 		.4byte	.LVL26
 981 01a8 84000000 		.4byte	.LVL27
 982 01ac 0100     		.2byte	0x1
 983 01ae 51       		.byte	0x51
 984 01af 84000000 		.4byte	.LVL27
 985 01b3 A4000000 		.4byte	.LFE35
ARM GAS  C:\Users\Daniela\AppData\Local\Temp\ccOhb37b.s 			page 34


 986 01b7 0400     		.2byte	0x4
 987 01b9 F3       		.byte	0xf3
 988 01ba 01       		.uleb128 0x1
 989 01bb 51       		.byte	0x51
 990 01bc 9F       		.byte	0x9f
 991 01bd 00000000 		.4byte	0
 992 01c1 00000000 		.4byte	0
 993              	.LLST2:
 994 01c5 00000000 		.4byte	.LVL32
 995 01c9 08000000 		.4byte	.LVL33
 996 01cd 0100     		.2byte	0x1
 997 01cf 50       		.byte	0x50
 998 01d0 08000000 		.4byte	.LVL33
 999 01d4 0C000000 		.4byte	.LVL34
 1000 01d8 0400     		.2byte	0x4
 1001 01da F3       		.byte	0xf3
 1002 01db 01       		.uleb128 0x1
 1003 01dc 50       		.byte	0x50
 1004 01dd 9F       		.byte	0x9f
 1005 01de 0C000000 		.4byte	.LVL34
 1006 01e2 0E000000 		.4byte	.LVL35
 1007 01e6 0100     		.2byte	0x1
 1008 01e8 50       		.byte	0x50
 1009 01e9 0E000000 		.4byte	.LVL35
 1010 01ed 20000000 		.4byte	.LVL39
 1011 01f1 0400     		.2byte	0x4
 1012 01f3 F3       		.byte	0xf3
 1013 01f4 01       		.uleb128 0x1
 1014 01f5 50       		.byte	0x50
 1015 01f6 9F       		.byte	0x9f
 1016 01f7 20000000 		.4byte	.LVL39
 1017 01fb 22000000 		.4byte	.LVL40
 1018 01ff 0600     		.2byte	0x6
 1019 0201 70       		.byte	0x70
 1020 0202 00       		.sleb128 0
 1021 0203 09       		.byte	0x9
 1022 0204 F0       		.byte	0xf0
 1023 0205 1A       		.byte	0x1a
 1024 0206 9F       		.byte	0x9f
 1025 0207 22000000 		.4byte	.LVL40
 1026 020b 2C000000 		.4byte	.LVL41
 1027 020f 0100     		.2byte	0x1
 1028 0211 53       		.byte	0x53
 1029 0212 2C000000 		.4byte	.LVL41
 1030 0216 30000000 		.4byte	.LFE36
 1031 021a 0300     		.2byte	0x3
 1032 021c 73       		.byte	0x73
 1033 021d 49       		.sleb128 -55
 1034 021e 9F       		.byte	0x9f
 1035 021f 00000000 		.4byte	0
 1036 0223 00000000 		.4byte	0
 1037              	.LLST3:
 1038 0227 0E000000 		.4byte	.LVL35
 1039 022b 20000000 		.4byte	.LVL39
 1040 022f 0200     		.2byte	0x2
 1041 0231 30       		.byte	0x30
 1042 0232 9F       		.byte	0x9f
ARM GAS  C:\Users\Daniela\AppData\Local\Temp\ccOhb37b.s 			page 35


 1043 0233 00000000 		.4byte	0
 1044 0237 00000000 		.4byte	0
 1045              	.LLST4:
 1046 023b 0E000000 		.4byte	.LVL35
 1047 023f 1C000000 		.4byte	.LVL37
 1048 0243 0100     		.2byte	0x1
 1049 0245 53       		.byte	0x53
 1050 0246 1C000000 		.4byte	.LVL37
 1051 024a 1E000000 		.4byte	.LVL38
 1052 024e 0300     		.2byte	0x3
 1053 0250 73       		.byte	0x73
 1054 0251 49       		.sleb128 -55
 1055 0252 9F       		.byte	0x9f
 1056 0253 1E000000 		.4byte	.LVL38
 1057 0257 20000000 		.4byte	.LVL39
 1058 025b 0100     		.2byte	0x1
 1059 025d 50       		.byte	0x50
 1060 025e 2E000000 		.4byte	.LVL42
 1061 0262 30000000 		.4byte	.LFE36
 1062 0266 0100     		.2byte	0x1
 1063 0268 50       		.byte	0x50
 1064 0269 00000000 		.4byte	0
 1065 026d 00000000 		.4byte	0
 1066              		.section	.debug_aranges,"",%progbits
 1067 0000 24000000 		.4byte	0x24
 1068 0004 0200     		.2byte	0x2
 1069 0006 00000000 		.4byte	.Ldebug_info0
 1070 000a 04       		.byte	0x4
 1071 000b 00       		.byte	0
 1072 000c 0000     		.2byte	0
 1073 000e 0000     		.2byte	0
 1074 0010 00000000 		.4byte	.LFB35
 1075 0014 A4000000 		.4byte	.LFE35-.LFB35
 1076 0018 00000000 		.4byte	.LFB36
 1077 001c 30000000 		.4byte	.LFE36-.LFB36
 1078 0020 00000000 		.4byte	0
 1079 0024 00000000 		.4byte	0
 1080              		.section	.debug_ranges,"",%progbits
 1081              	.Ldebug_ranges0:
 1082 0000 0E000000 		.4byte	.LBB4
 1083 0004 22000000 		.4byte	.LBE4
 1084 0008 2A000000 		.4byte	.LBB7
 1085 000c 30000000 		.4byte	.LBE7
 1086 0010 00000000 		.4byte	0
 1087 0014 00000000 		.4byte	0
 1088 0018 00000000 		.4byte	.LFB35
 1089 001c A4000000 		.4byte	.LFE35
 1090 0020 00000000 		.4byte	.LFB36
 1091 0024 30000000 		.4byte	.LFE36
 1092 0028 00000000 		.4byte	0
 1093 002c 00000000 		.4byte	0
 1094              		.section	.debug_line,"",%progbits
 1095              	.Ldebug_line0:
 1096 0000 99000000 		.section	.debug_str,"MS",%progbits,1
 1096      02004300 
 1096      00000201 
 1096      FB0E0D00 
ARM GAS  C:\Users\Daniela\AppData\Local\Temp\ccOhb37b.s 			page 36


 1096      01010101 
 1097              	.LASF6:
 1098 0000 6C6F6E67 		.ascii	"long long int\000"
 1098      206C6F6E 
 1098      6720696E 
 1098      7400
 1099              	.LASF10:
 1100 000e 75696E74 		.ascii	"uint32\000"
 1100      333200
 1101              	.LASF8:
 1102 0015 756E7369 		.ascii	"unsigned int\000"
 1102      676E6564 
 1102      20696E74 
 1102      00
 1103              	.LASF19:
 1104 0022 474E5520 		.ascii	"GNU C11 5.4.1 20160609 (release) [ARM/embedded-5-br"
 1104      43313120 
 1104      352E342E 
 1104      31203230 
 1104      31363036 
 1105 0055 616E6368 		.ascii	"anch revision 237715] -mcpu=cortex-m0 -mthumb -g -O"
 1105      20726576 
 1105      6973696F 
 1105      6E203233 
 1105      37373135 
 1106 0088 33202D66 		.ascii	"3 -ffunction-sections -ffat-lto-objects -finline-fu"
 1106      66756E63 
 1106      74696F6E 
 1106      2D736563 
 1106      74696F6E 
 1107 00bb 6E637469 		.ascii	"nctions -flto\000"
 1107      6F6E7320 
 1107      2D666C74 
 1107      6F00
 1108              	.LASF9:
 1109 00c9 75696E74 		.ascii	"uint8\000"
 1109      3800
 1110              	.LASF5:
 1111 00cf 6C6F6E67 		.ascii	"long unsigned int\000"
 1111      20756E73 
 1111      69676E65 
 1111      6420696E 
 1111      7400
 1112              	.LASF7:
 1113 00e1 6C6F6E67 		.ascii	"long long unsigned int\000"
 1113      206C6F6E 
 1113      6720756E 
 1113      7369676E 
 1113      65642069 
 1114              	.LASF11:
 1115 00f8 666C6F61 		.ascii	"float\000"
 1115      7400
 1116              	.LASF1:
 1117 00fe 756E7369 		.ascii	"unsigned char\000"
 1117      676E6564 
 1117      20636861 
 1117      7200
ARM GAS  C:\Users\Daniela\AppData\Local\Temp\ccOhb37b.s 			page 37


 1118              	.LASF13:
 1119 010c 63686172 		.ascii	"char\000"
 1119      00
 1120              	.LASF4:
 1121 0111 6C6F6E67 		.ascii	"long int\000"
 1121      20696E74 
 1121      00
 1122              	.LASF12:
 1123 011a 646F7562 		.ascii	"double\000"
 1123      6C6500
 1124              	.LASF21:
 1125 0121 433A5C55 		.ascii	"C:\\Users\\Daniela\\Desktop\\Bluetooth_Project\\Thr"
 1125      73657273 
 1125      5C44616E 
 1125      69656C61 
 1125      5C446573 
 1126 014f 6F756768 		.ascii	"oughput\\GATT Notification - Data Incoming.cydsn\000"
 1126      7075745C 
 1126      47415454 
 1126      204E6F74 
 1126      69666963 
 1127              	.LASF23:
 1128 017f 48657854 		.ascii	"HexToDecimal\000"
 1128      6F446563 
 1128      696D616C 
 1128      00
 1129              	.LASF3:
 1130 018c 73686F72 		.ascii	"short unsigned int\000"
 1130      7420756E 
 1130      7369676E 
 1130      65642069 
 1130      6E7400
 1131              	.LASF0:
 1132 019f 7369676E 		.ascii	"signed char\000"
 1132      65642063 
 1132      68617200 
 1133              	.LASF14:
 1134 01ab 6C6F6E67 		.ascii	"long double\000"
 1134      20646F75 
 1134      626C6500 
 1135              	.LASF20:
 1136 01b7 636F6D6D 		.ascii	"common.c\000"
 1136      6F6E2E63 
 1136      00
 1137              	.LASF16:
 1138 01c0 76616C75 		.ascii	"value\000"
 1138      6500
 1139              	.LASF18:
 1140 01c6 64696769 		.ascii	"digit\000"
 1140      7400
 1141              	.LASF2:
 1142 01cc 73686F72 		.ascii	"short int\000"
 1142      7420696E 
 1142      7400
 1143              	.LASF17:
 1144 01d6 6E696262 		.ascii	"nibble\000"
 1144      6C6500
ARM GAS  C:\Users\Daniela\AppData\Local\Temp\ccOhb37b.s 			page 38


 1145              	.LASF15:
 1146 01dd 73697A65 		.ascii	"sizetype\000"
 1146      74797065 
 1146      00
 1147              	.LASF22:
 1148 01e6 48657854 		.ascii	"HexToAscii\000"
 1148      6F417363 
 1148      696900
 1149              		.comm	__gnu_lto_v1,1,1
 1150              		.ident	"GCC: (GNU Tools for ARM Embedded Processors) 5.4.1 20160609 (release) [ARM/embedded-5-bran
