ARM GAS  C:\Users\Daniela\AppData\Local\Temp\ccdKeQ7b.s 			page 1


   1              		.syntax unified
   2              		.cpu cortex-m0
   3              		.fpu softvfp
   4              		.eabi_attribute 20, 1
   5              		.eabi_attribute 21, 1
   6              		.eabi_attribute 23, 3
   7              		.eabi_attribute 24, 1
   8              		.eabi_attribute 25, 1
   9              		.eabi_attribute 26, 1
  10              		.eabi_attribute 30, 2
  11              		.eabi_attribute 34, 0
  12              		.eabi_attribute 18, 4
  13              		.thumb
  14              		.syntax unified
  15              		.file	"cymetadata.c"
  16              		.text
  17              	.Ltext0:
  18              		.section	.gnu.lto_.profile.58563223,"",%progbits
  19 0000 789C6361 		.ascii	"x\234ca`\004B \000\000\0009\000\007"
  19      60044220 
  19      00000039 
  19      0007
  20              		.text
  21              		.section	.gnu.lto_.icf.58563223,"",%progbits
  22 0000 789C6361 		.ascii	"x\234ca`d\000\001\021\006\004`fX\375\342\375&\026\306"
  22      60640001 
  22      11060460 
  22      6658FDE2 
  22      FD2616C6 
  23 0014 296D1F5B 		.ascii	")m\037[\371\231\326\376\350\233\314\310\000\000`\343"
  23      F999D6FE 
  23      E89BCCC8 
  23      000060E3 
  24 0024 08BE     		.ascii	"\010\276"
  25              		.text
  26              		.section	.gnu.lto_.jmpfuncs.58563223,"",%progbits
  27 0000 789C6361 		.ascii	"x\234ca`d\000\001&\006d\000\000\000\236\000\010"
  27      60640001 
  27      26066400 
  27      00009E00 
  27      08
  28              		.text
  29              		.section	.gnu.lto_.inline.58563223,"",%progbits
  30 0000 789C6361 		.ascii	"x\234ca`d\000\001&\006d\000\000\000\236\000\010"
  30      60640001 
  30      26066400 
  30      00009E00 
  30      08
  31              		.text
  32              		.section	.gnu.lto_.pureconst.58563223,"",%progbits
  33 0000 789C6361 		.ascii	"x\234ca`\004B \000\000\0009\000\007"
  33      60044220 
  33      00000039 
  33      0007
  34              		.text
  35              		.section	.gnu.lto_cy_meta_chipprotect.58563223,"",%progbits
  36 0000 789C6361 		.ascii	"x\234ca`d\000\001] \206\260\030\030\37621n9r\274\215"
ARM GAS  C:\Users\Daniela\AppData\Local\Temp\ccdKeQ7b.s 			page 2


  36      60640001 
  36      5D2086B0 
  36      1818FE32 
  36      316E3972 
  37 0016 E30B532B 		.ascii	"\343\013S+3\003##\220\273\360M\313G>\213m\015\035\013"
  37      33032323 
  37      90BBF04D 
  37      CB473E8B 
  37      6D0D1D0B 
  38 002a 1A045A99 		.ascii	"\032\004Z\231\031\031\015e\030\2273\31200\256`\264`"
  38      19190D65 
  38      189733CA 
  38      3030AE60 
  38      B460
  39 003c 0000ABA6 		.ascii	"\000\000\253\246\0175"
  39      0F35
  40              		.text
  41              		.section	.gnu.lto_cy_metadata.58563223,"",%progbits
  42 0000 789C4D8E 		.ascii	"x\234M\216\273j\002A\024\206\347\314x\2111\032\354\367"
  42      BB6A0241 
  42      1486E7CC 
  42      7889311A 
  42      ECF7
  43 0012 25D4C627 		.ascii	"%\324\306'\312s(\270\"\202}\012\011\021\022\214\367"
  43      CA7328B8 
  43      22827D0A 
  43      0911128C 
  43      F7
  44 0023 4D341BDC 		.ascii	"M4\033\334JD\021+M!!\020\304\3022E\220\005\221d5\377"
  44      4A44112B 
  44      4D212110 
  44      C4C23245 
  44      90059164 
  45 0039 7AA670E0 		.ascii	"z\246p\340\343\3147\37793\023\020$\374u\203\302;!<I"
  45      E3CC37FF 
  45      39331310 
  45      24FC7583 
  45      C23B213C 
  46 004e DDEFC13E 		.ascii	"\335\357\301>\346JS\341\020\372\361\231\037\220\257"
  46      E64A53E1 
  46      10FAF199 
  46      1F90AF
  47 005d 4451A8F7 		.ascii	"DQ\250\367\263\360\256X/\241M\373\321\321i\004\332\037"
  47      B3F0AE58 
  47      2FA14DFB 
  47      D1D16904 
  47      DA1F
  48 006f 4F0B173C 		.ascii	"O\013\027<KP\267d\356\024\247a\350\346\267\355\304Y"
  48      4B50B764 
  48      EE14A761 
  48      E8E6B7ED 
  48      C459
  49 0081 43D083BB 		.ascii	"C\320\203\273X+n\276\363\273g\017\316\237\276:\010-"
  49      582B6EBE 
  49      F3BB670F 
  49      CE9FBE3A 
  49      082D
ARM GAS  C:\Users\Daniela\AppData\Local\Temp\ccdKeQ7b.s 			page 3


  50 0093 4E574BE2 		.ascii	"NWK\3428\001}\317[\025}W\340\374aqzx\264\265jzV\371"
  50      38017DCF 
  50      5B157D57 
  50      E0FC6171 
  50      7A78B4B5 
  51 00ab BFFCCA1D 		.ascii	"\277\374\312\035$\247q\350\344\270\033^s*\317U\234t"
  51      24A771E8 
  51      E4B81B5E 
  51      732ACF55 
  51      9C74
  52 00bd 7E5B2DAB 		.ascii	"~[-\253\214\235-\336g\207\312T\222\222\006\325\310\240"
  52      8C9D2DDE 
  52      6787CA54 
  52      929206D5 
  52      C8A0
  53 00cf 944136CA 		.ascii	"\224A6\312+\350\203\036x\001\317\300\002]\320\001m\342"
  53      2BE8831E 
  53      7801CFC0 
  53      025DD001 
  53      6DE2
  54 00e1 F6166882 		.ascii	"\366\026h\2024kC\037\327u}\342*\350\2152\342\037\335"
  54      346B431F 
  54      D7757DE2 
  54      2AE88D32 
  54      E21FDD
  55 00f4 F57692   		.ascii	"\365v\222"
  56              		.text
  57              		.section	.gnu.lto_cy_meta_flashprotect.58563223,"",%progbits
  58 0000 789C3595 		.ascii	"x\2345\225\347[\323W\024\200\0118\352@;\354\266{\357"
  58      E75BD357 
  58      14800938 
  58      EA403BEC 
  58      B67BEF
  59 0013 AA1D767F 		.ascii	"\252\035v\177m\277\364y\372\337\364S\033d\310P\004\014"
  59      6DBFF479 
  59      FADFF453 
  59      1B64C850 
  59      040C
  60 0025 0565888C 		.ascii	"\005e\210\214\007\220\021\020!&\014\031\262g\000\205"
  60      07901110 
  60      21260C19 
  60      B2670085 
  61 0035 48C86013 		.ascii	"H\310`\023H@\010\204M\357\311\357\205//\257\367w\317"
  61      48400884 
  61      4DEFC9EF 
  61      852F2FAF 
  61      F777CF
  62 0048 3DE7DCC3 		.ascii	"=\347\334\303\365P\210.D~\214'B\370-$d7Tg\\4o\206\373"
  62      F550882E 
  62      447E8C27 
  62      42F82D24 
  62      64375467 
  63 0061 43A3C3D4 		.ascii	"C\243\303\324?*\275\223\347\312>&\252\323\355\213\333"
  63      3F2ABD93 
  63      E7CA3E26 
  63      AAD3ED8B 
  63      DB
ARM GAS  C:\Users\Daniela\AppData\Local\Temp\ccdKeQ7b.s 			page 4


  64 0072 17C6329E 		.ascii	"\027\3062\236\321|O|\250|\2771L\363]\361\344\210\325"
  64      D17C4F7C 
  64      A87CBF31 
  64      4CF35DF1 
  64      E488D5
  65 0085 22BEDF11 		.ascii	"\"\276\337\021\317_\312\231:\245\371\266x[\254W\037"
  65      CF5FCA99 
  65      3AA5F9B6 
  65      785BAC57 
  65      1F
  66 0096 AEF99678 		.ascii	"\256\371\226x\\\307]\367\021\3157\305c\335\227\207\216"
  66      5CC75DF7 
  66      11CD37C5 
  66      63DD9787 
  66      8E
  67 00a7 6BBE213E 		.ascii	"k\276!>\226>m\324i\036\020\037MsX\211\277.^\227\224"
  67      963E6DD4 
  67      691E101F 
  67      4D735889 
  67      BF2E5E97 
  68 00bc DD4BFC35 		.ascii	"\335K\3745\361\301\314Ks\241\232\373\305#\007V\375\344"
  68      F1C1CC4B 
  68      73A19AFB 
  68      C5230756 
  68      FDE4
  69 00ce B72A7E23 		.ascii	"\267*~#P\335\311\376\025\361}Ow\006\337?\015\372\274"
  69      50DDC9FE 
  69      15F17D4F 
  69      7706DF3F 
  69      0DFABC
  70 00e1 2D8FF565 		.ascii	"-\217\365e\361\200?\306\311\371K\3425\035\321\261\247"
  70      F1803FC6 
  70      C9F94BE2 
  70      351DD1B1 
  70      A7
  71 00f2 35F78977 		.ascii	"5\367\211w\305\031r\251\307\033\254?*\346\214\246\213"
  71      C51972A9 
  71      C71BAC3F 
  71      2AE68CA6 
  71      8B
  72 0103 A21D95BE 		.ascii	"\242\035\225\276\231\243\232/\210Ou\227U\036\326\334"
  72      99A39A2F 
  72      884F7597 
  72      551ED6DC 
  73 0113 231E91D6 		.ascii	"#\036\221\326\323K\370\371`{s\015\005\2074\237\023\357"
  73      D34BF8F9 
  73      607B730D 
  73      0587349F 
  73      13EF
  74 0125 BBEFB193 		.ascii	"\273\357\261\223\316\254\270\251\362\232\217\365\031"
  74      CEACB8A9 
  74      F29A8FF5 
  74      19
  75 0132 71436DA2 		.ascii	"qCm\242\223\365\351`:y\353\315\304\237\022OM\3338\210"
  75      93F5E960 
  75      3A79EBCD 
  75      C49F124F 
ARM GAS  C:\Users\Daniela\AppData\Local\Temp\ccdKeQ7b.s 			page 5


  75      4DDB3888 
  76 0146 3F29DE60 		.ascii	"?)\336`\213\231\242\335\023\342\315\036{2\337\273\305"
  76      8B99A2DD 
  76      13E2CD1E 
  76      7B32DFBB 
  76      C5
  77 0157 2FD5DA92 		.ascii	"/\325\332\222)\317%\356\2709\344%\2763x\235\255\246"
  77      29CF25EE 
  77      B839E425 
  77      BE33789D 
  77      ADA6
  78 0169 32DAE510 		.ascii	"2\332\345\020\367\257\335K?\241\371\270xI\214-\213\361"
  78      F7AFDD4B 
  78      3FA1F9B8 
  78      78498C2D 
  78      8BF1
  79 017b B007C7A7 		.ascii	"\260\007\307\247d\352\021\347\217\211\337\032\335\254"
  79      64EA11E7 
  79      8F89DF1A 
  79      DDAC
  80 0189 20DE9360 		.ascii	" \336\223`{\323\267\2129\337\026\254\317\235\372\200"
  80      7BD3B78A 
  80      39DF16AC 
  80      CF9DFA80 
  81 0199 F551717D 		.ascii	"\365Qq}bR\006\371\216\210\267\270\252\3668\377\261\270"
  81      625206F9 
  81      8E88B7B8 
  81      AAF638FF 
  81      B1B8
  82 01ab BBE0BA81 		.ascii	"\273\340\272\201\357\037\005\373mLq\234\324|X\334f\321"
  82      EF1F05FB 
  82      6D4C719C 
  82      D47C58DC 
  82      66D1
  83 01bd D773FE90 		.ascii	"\327s\376\220xqNW\003\3671(\376\320m,e\335\032\034\347"
  83      78714E57 
  83      03F73128 
  83      FED06D2C 
  83      65DD1A1C 
  84 01d2 99DB51EC 		.ascii	"\231\333Q\354\037\020\267\334\270\374\247\246\375\301"
  84      1F10B7DC 
  84      B8FCA7A6 
  84      FDC1
  85 01e0 E973B6FD 		.ascii	"\351s\266\375\255i\237\350BCQ\023\273{\305\373\255\201"
  85      AD699FE8 
  85      42435113 
  85      BB7BC5FB 
  85      AD81
  86 01f2 6C86AD47 		.ascii	"l\206\255G\274)P\267H7\273\305K\343\023\255x\227\270"
  86      BC2950B7 
  86      4837BBC5 
  86      4BE313AD 
  86      7897B8
  87 0205 D719D8C5 		.ascii	"\327\031\330\305;\305\023Z\253\333\330\337!\356\271"
  87      3BC5135A 
  87      ABDBD8DF 
  87      21EEB9
ARM GAS  C:\Users\Daniela\AppData\Local\Temp\ccdKeQ7b.s 			page 6


  88 0214 92D447B5 		.ascii	"\222\324G\265\355\342\256\331\252I\262o\023_\3571\016"
  88      EDE2AED9 
  88      AA49B26F 
  88      135FEF31 
  88      0E
  89 0225 936DAB78 		.ascii	"\223m\253x\246\263\331A7\036\212\257\014{\356\022\277"
  89      A6B3D941 
  89      371E8AAF 
  89      0C7BEE12 
  89      BF
  90 0236 45FC71DD 		.ascii	"E\374q\335\212\205x\315\342f}\3518\373\233\202\335\367"
  90      8A8578CD 
  90      E2667DE9 
  90      38FB9B82 
  90      DDF7
  91 0248 959818E6 		.ascii	"\225\230\030\346F\361\211\310\024=\353\277\311\347I"
  91      46F189C8 
  91      143DEBBF 
  91      C9E749
  92 0257 0D6B84FB 		.ascii	"\015k\204\373UiL\261\275\203l~Qz-\322\361\217f?\313"
  92      55694CB1 
  92      BD836C7E 
  92      517A2DD2 
  92      F18F663F 
  93 026c 627FEA3C 		.ascii	"b\177\352<\177\227?)\255\262m\2140\267?J\037[\347\362"
  93      7F973F29 
  93      ADB26D8C 
  93      30B73F4A 
  93      1F5BE7F2 
  94 0280 48E407A5 		.ascii	"H\344\007\245E3\231\211\234sQ\206r\254>\226\241\370"
  94      45339989 
  94      9C735186 
  94      72AC3E96 
  94      A1F8
  95 0292 5E663075 		.ascii	"^f0uk\020\375N\251sx6\223&}\253td`\342w\315\276Q\226"
  95      6B10FD4E 
  95      A9737836 
  95      93267DAB 
  95      746460E2 
  96 02ab B2B0D44F 		.ascii	"\262\260\324ON\027\224V\317\304\035\2746\347\225\346"
  96      4E179456 
  96      CFC41DBC 
  96      36E795E6 
  97 02bb 3EE8FB57 		.ascii	">\350\373W\263s\312jMum\304\375ZFg\354j\003\243\366"
  97      B373CA6A 
  97      4D756DC4 
  97      FD5A4667 
  97      EC6A03A3 
  98 02d0 95D20AD7 		.ascii	"\225\322\012\327x\004\372\245\322\325Y\223\227S\277"
  98      7804FAA5 
  98      D2D55993 
  98      9753BF
  99 02df 501A9595 		.ascii	"P\032\225\225\324O\001\237+m_\235\033\242\361\237)-"
  99      D44F019F 
  99      2B6D5F9D 
  99      1BA2F19F 
  99      292D
ARM GAS  C:\Users\Daniela\AppData\Local\Temp\ccdKeQ7b.s 			page 7


 100 02f1 B41A1268 		.ascii	"\264\032\022h\324\247J\267\314\343\271\024\377\211\322"
 100      D4A74AB7 
 100      CCE3B914 
 100      FF89D2
 101 0300 8CD5F179 		.ascii	"\214\325\361y>\376Xi\201\311\366\207f\037\311\225&E"
 101      3EFE5869 
 101      81C9F687 
 101      661FC995 
 101      2645
 102 0312 5CE59C0F 		.ascii	"\\\345\234\017\245\366\306\276Q\262\370@\351F\2355\227"
 102      A5F6C6BE 
 102      51B2F840 
 102      E9469D35 
 102      97
 103 0323 63DF97FB 		.ascii	"c\337\227\373\251X\267\363\361{R|\242)\205\325w\345"
 103      A958B7F3 
 103      F17B527C 
 103      A22985D5 
 103      77E5
 104 0335 291D5BF4 		.ascii	")\035[\364\323\325w\224>\355\2759\311\215\274\255\364"
 104      D3D57794 
 104      3EEDBD39 
 104      C98DBCAD 
 104      F4
 105 0346 7A7EB999 		.ascii	"z~\271\231\326\274%\203\036YR\201\276)\235\232\353\355"
 105      D6BC2583 
 105      1E595281 
 105      BE299D9A 
 105      EBED
 106 0358 A4376F28 		.ascii	"\2447o(\275_\357=\257\331Y\271\256\326f\023c\377\272"
 106      BD5FEF3D 
 106      AFD959B9 
 106      AED66613 
 106      63FFBA
 107 036b D2D9D9DB 		.ascii	"\322\331\331\333\006\316yM\236\204\264\036\033\305\277"
 107      06CE794D 
 107      9E84B41E 
 107      1BC5BF
 108 037a AAD41735 		.ascii	"\252\324\0275\355\342\205xE\372\230\026\035\307\003"
 108      EDE28578 
 108      45FA9816 
 108      1DC703
 109 0389 F1B2D2B5 		.ascii	"\361\262\322\265\315x\037\275xI\351d\341^\032\345\276"
 109      CD781FBD 
 109      7849E964 
 109      E15E1AE5 
 109      BE
 110 039a 2829EF64 		.ascii	"()\357d\231X=#\221\3151[T\360\202\322J\327N\035m}^\312"
 110      99583D23 
 110      91CD315B 
 110      54F082D2 
 110      4AD74E1D 
 111 03b2 6D771C3C 		.ascii	"mw\034<5\317\311\177\004\313=Y\234\373\254\322\362\025"
 111      35CFC97F 
 111      04CB3D59 
 111      9CFBACD2 
 111      F215
ARM GAS  C:\Users\Daniela\AppData\Local\Temp\ccdKeQ7b.s 			page 8


 112 03c4 7F39914F 		.ascii	"\1779\221O+\335\265G\034\274#\247\224\346y\314-\224"
 112      2BDDB547 
 112      1CBC23A7 
 112      94E679CC 
 112      2D94
 113 03d6 1BAE747B 		.ascii	"\033\256t{\316`#\324I\0311[\224\031=!{\227\007v\251"
 113      CE6023D4 
 113      4919315B 
 113      94193D21 
 113      7B970776 
 114 03eb F7B83C79 		.ascii	"\367\270<y5\005\026V\217I\222\361\321\001\356\344\250"
 114      35051656 
 114      8F4992F1 
 114      D101EEE4 
 114      A8
 115 03fc 3CF8DB65 		.ascii	"<\370\333e\026r>\242\2643\337\262\303\336\303J\255Q"
 115      16723EA2 
 115      B433DFB2 
 115      C3DEC34A 
 115      AD51
 116 040e 1507B37C 		.ascii	"\025\007\263|H\006\177\245\242\220\3250\245\255\373"
 116      48067FA5 
 116      A290D530 
 116      A5ADFB
 117 041d 81463A19 		.ascii	"\201F:\031*\005&\254\337\012\277X\243\217\315\321\353"
 117      2A0526AC 
 117      DF0ABF58 
 117      A38FCDD1 
 117      EB
 118 042e FF8A0E0B 		.ascii	"\377\212\016\013\325\235;\253+\324\235\325\235\327\220"
 118      D59D3BAB 
 118      2BD49DD5 
 118      9DD790
 119 043d 1FAA310F 		.ascii	"\037\2521\017\346\302\3330\007\336\202\0274d\243Y0\023"
 119      E6C2DB30 
 119      07DE8217 
 119      3464A359 
 119      3013
 120 044f 66C09BF0 		.ascii	"f\300\233\360\006L\207i\360?\230\012\015\360:L\201\311"
 120      064C8769 
 120      F03F980A 
 120      0DF03A4C 
 120      81C9
 121 0461 30095E83 		.ascii	"0\011^\203\211\360*\274\002\023`<\214\203\261\3602\214"
 121      89F02ABC 
 121      0213603C 
 121      8C83B1F0 
 121      328C
 122 0473 81D1300A 		.ascii	"\201\3210\012F\302K0\002\352\341\276N\343\036\334\205"
 122      46C24B30 
 122      02EAE1BE 
 122      4EE31EDC 
 122      85
 123 0484 3B701B6E 		.ascii	";p\033n\301M\270\001\003p\035\256A?\\\205+\360)\\\206"
 123      C14DB801 
 123      03701DAE 
 123      413F5C85 
ARM GAS  C:\Users\Daniela\AppData\Local\Temp\ccdKeQ7b.s 			page 9


 123      2BF0295C 
 124 0499 4BD007BD 		.ascii	"K\320\007\275p\021.@\017\234\207sp\026\316\300i8\005"
 124      70112E40 
 124      0F9C8773 
 124      7016CEC0 
 124      693805
 125 04ac 27E10474 		.ascii	"'\341\004tC\027tB\007\034\207v8\006\237@\033\034\205"
 125      43177442 
 125      071C8776 
 125      38069F40 
 125      1B1C85
 126 04bf 23F0317C 		.ascii	"#\3601|\004\207\341\020\034\204V8\000\373a\037\354\205"
 126      0487E110 
 126      1C845638 
 126      00FB611F 
 126      EC85
 127 04d1 3DB01B76 		.ascii	"=\260\033v\301N\330\001\333a\033l\205\017a\013l\206"
 127      C14ED801 
 127      DB611B6C 
 127      850F610B 
 127      6C86
 128 04e3 4DB0113E 		.ascii	"M\260\021>\200\015\260\036\326\301Zh\201fx\037\232`"
 128      800DB01E 
 128      D6C15A68 
 128      8166781F 
 128      9A60
 129 04f5 0DAC86F7 		.ascii	"\015\254\206\367`\025\274\013+a\0054\302rX\006Ka\011"
 129      6015BC0B 
 129      2B610534 
 129      C2725806 
 129      4B6109
 130 0508 BC038B61 		.ascii	"\274\003\213a\221\306\020]A\350\305\220\377\001p \320"
 130      91C6105D 
 130      41E8C590 
 130      FF017020 
 130      D0
 131 0519 8D       		.ascii	"\215"
 132              		.text
 133              		.section	.gnu.lto_.symbol_nodes.58563223,"",%progbits
 134 0000 789C6361 		.ascii	"x\234ca`d\260c\000\002V&\206V!\006\275\344\312\344\214"
 134      6064B063 
 134      00025626 
 134      86562106 
 134      BDE4CAE4 
 135 0015 CC8282A2 		.ascii	"\314\202\202\242\374\222\324\344\022\240(##D47\265$"
 135      FC92D4E4 
 135      12A02823 
 135      23443437 
 135      B524
 136 0027 11C86560 		.ascii	"\021\310e`\202p\323r\022\2133\340\252\030\000\373\313"
 136      8270D372 
 136      128B33E0 
 136      AA1800FB 
 136      CB
 137 0038 1097     		.ascii	"\020\227"
 138              		.text
 139              		.section	.gnu.lto_.refs.58563223,"",%progbits
ARM GAS  C:\Users\Daniela\AppData\Local\Temp\ccdKeQ7b.s 			page 10


 140 0000 789C6361 		.ascii	"x\234ca`\004B \000\000\0009\000\007"
 140      60044220 
 140      00000039 
 140      0007
 141              		.text
 142              		.section	.gnu.lto_.decls.58563223,"",%progbits
 143 0000 789CBD54 		.ascii	"x\234\275TkL\024W\024\236\2633<v\226W\250i\232\270i"
 143      6B4C1457 
 143      149EB333 
 143      3C769657 
 143      A8699AB8 
 144 0015 2029098D 		.ascii	" )\011\215q-\251mM\17751\255\277\3324\261\355\257I&"
 144      712DA96D 
 144      4D7F3531 
 144      ADBFDA34 
 144      B1EDAF49 
 145 002a DBD95136 		.ascii	"\333\331Q6\201\335\315\356\322\224\244I\307U\"\261\265"
 145      81DDCDEE 
 145      D294A449 
 145      C75522B1 
 145      B5
 146 003b 42431F50 		.ascii	"BC\037P\020\224T@QPTD\012\254\310K\004\005\345\351\213"
 146      10945440 
 146      51505444 
 146      0AACC84B 
 146      0405E5E9 
 147 0050 970AADA5 		.ascii	"\227\012\255\245B\301\212\255h\317\275wF\361\261\364"
 147      42C18AAD 
 147      68CFBD77 
 147      46F1B1F4 
 148 0060 5F27B9BB 		.ascii	"_'\271\273s\356\371\3569\347;\337\271#p\300\221ge\004"
 148      73EEF9EE 
 148      39E73BDF 
 148      B92370C0 
 148      91676504 
 149 0074 C755E36B 		.ascii	"\307U\343k5\276?\304G\300\377O\270'\037\036W;\256!\\"
 149      35BE3FC4 
 149      47C0FF4F 
 149      B8271F1E 
 149      573BAE21 
 150 0089 534FF9C8 		.ascii	"SO\371\310\276\011\227\025W\033\027\372\031\322\343"
 150      BE099715 
 150      571B17FA 
 150      19D2E3
 151 0098 10DC0A5C 		.ascii	"\020\334\012\\\203\313`\247\236\302N.\203]4A\376\351"
 151      83CB60A7 
 151      9EC24E2E 
 151      835D3441 
 151      FEE9
 152 00aa FC569137 		.ascii	"\374V\2217\001y_\274\262\345\201i\336\004\361\"\304"
 152      01795FBC 
 152      B2E58169 
 152      DE04F122 
 152      C4
 153 00bb A0D9BBAD 		.ascii	"\240\331\273\255\272\220g\246\200\346lw\301D\014\232"
 153      BA9067A6 
 153      80E66C77 
ARM GAS  C:\Users\Daniela\AppData\Local\Temp\ccdKeQ7b.s 			page 11


 153      C1440C9A 
 154 00cb 2B444840 		.ascii	"+DH@3wj\317\214(fk\370\344l\325\342;b\010n?X\241\002"
 154      33776ACF 
 154      8C28666B 
 154      F8E46CD5 
 154      E23B6208 
 155 00e4 30351C00 		.ascii	"05\034\000\021\177\327X\241\034M\204\037\372s\376P8"
 155      117FD758 
 155      A11C4D84 
 155      1FFA73FE 
 155      5038
 156 00f6 0B168B66 		.ascii	"\013\026\213f\366\330\366\213\"\013\266@\334\375\013"
 156      F6D8F68B 
 156      220BB640 
 156      DCFD0B
 157 0105 0D7F47F1 		.ascii	"\015\177G\361/\2222\204\232\300\310\236\030H\266\002"
 157      2F923284 
 157      9AC0C89E 
 157      1848B602 
 158 0115 0603711F 		.ascii	"\006\003q\037\315\240i&\016\216\200\010\207\2007\252"
 158      CDA06926 
 158      0E8E8008 
 158      878037AA 
 159 0125 2FD030FB 		.ascii	"/\3200\373\314\227d\033\337#\351?\356\004\264\231\275"
 159      CC97641B 
 159      DF23E93F 
 159      EE04B499 
 159      BD
 160 0136 5AF84B1C 		.ascii	"Z\370K\034\274n\205\327\254\034TA2uqp\030\003V\263r"
 160      BC6E85D7 
 160      AC1C5441 
 160      32757170 
 160      180356B3 
 161 014b BE9BEC69 		.ascii	"\276\233\354i\022\342s\364\330\357\000\215}\020\375"
 161      12E273F4 
 161      D8EF008D 
 161      7D10FD
 162 015a 95B4FA1A 		.ascii	"\225\264\372\032\21078\020t_\371O;c\022W\026k?&P\027"
 162      88373810 
 162      745FF94F 
 162      3B631257 
 162      166B3F26 
 163 0170 6E6DE95E 		.ascii	"nm\351^\014\306\010(\036\034\205D\012\252k\353;\306"
 163      0CC60828 
 163      1E1C8544 
 163      0AAA6BEB 
 163      3BC6
 164 0182 F3AB6827 		.ascii	"\363\253h'w\025\337.$^8\016<\034\003\201\002*\233\363"
 164      7715DF2E 
 164      245E380E 
 164      3C1C0381 
 164      022A9BF3 
 165 0196 3B2DFC5B 		.ascii	";-\374[\024p|\341\347, \200\023\310\007j\021\201\233"
 165      14707CE1 
 165      E72C2080 
 165      13C8076A 
 165      11819B
ARM GAS  C:\Users\Daniela\AppData\Local\Temp\ccdKeQ7b.s 			page 12


 166 01a9 23F7CADF 		.ascii	"#\367\312\337\263U\032|\277x,\322\261\242\201\335\226"
 166      B3551A7C 
 166      BF782CD2 
 166      B1A281DD 
 166      96
 167 01ba D0BDAE37 		.ascii	"\320\275\2567z\275\206r\253\312\272^\021\211\275\265"
 167      7ABD8672 
 167      ABCABA5E 
 167      1189BDB5 
 168 01ca 8AF01088 		.ascii	"\212\360\020\210\375{\335\275hf\023\367\321\340\334"
 168      FD7BDDBD 
 168      686613F7 
 168      D1E0DC
 169 01d9 41817F97 		.ascii	"A\201\177\227\274\233zk\206[\315\220\314\232<\332\324"
 169      BC9B7A6B 
 169      865BCD90 
 169      CC9A3CDA 
 169      D4
 170 01ea F6F2094D 		.ascii	"\366\362\011M\213\203 \366\242\021\013?\0116\314\217"
 170      8B8320F6 
 170      A2110B3F 
 170      0936CC8F 
 171 01fa E7F0F739 		.ascii	"\347\360\3679\215m\302\306bL\202\202\006,\346\027\326"
 171      8D6DC2C6 
 171      624C8282 
 171      062CE617 
 171      D6
 172 020b DA8AE2F2 		.ascii	"\332\212\342\362\226h\376\002\320\004\323y\267\262\371"
 172      9668FE02 
 172      D004D379 
 172      B7B2F9
 173 021a 4709EE7C 		.ascii	"G\011\356|c=@\022\234\306\004\247\036'\010B\210\014"
 173      633D4012 
 173      9CC604A7 
 173      1E270842 
 173      880C
 174 022c CDCFCFF0 		.ascii	"\315\317\317\360C\366\334]\023\023o&@\304#\361\330\021"
 174      43F6DC5D 
 174      13136F26 
 174      40C423F1 
 174      D811
 175 023e 0E5AA874 		.ascii	"\016Z\250t\365\206tE\375\3439fQ\217\235\363\337\261"
 175      F5867445 
 175      FDE33966 
 175      518F9DF3 
 175      DFB1
 176 0250 8B8ACF97 		.ascii	"\213\212\317\227\205-\215\335\032:\366\225\371\275c"
 176      852D8DDD 
 176      1A3AF695 
 176      F9BD63
 177 025f 6149A55A 		.ascii	"aI\245Zu\2116zq\340\375\331\211\254\222\034\2006\210"
 177      7589367A 
 177      71E0FDD9 
 177      89AC921C 
 177      803688
 178 0272 8732468E 		.ascii	"\2072F\216\035\204:\224\227n}\204\202\267C\022\271="
 178      1D843A94 
ARM GAS  C:\Users\Daniela\AppData\Local\Temp\ccdKeQ7b.s 			page 13


 178      976E7D84 
 178      82B74312 
 178      B93D
 179 0284 BBAA1645 		.ascii	"\273\252\026E\376/v\357\346wd\335\325/Z\004\232\365"
 179      FE2F76EF 
 179      E67764DD 
 179      D52F5A04 
 179      9AF5
 180 0296 E33D81A8 		.ascii	"\343=\201\250\320jw\032j\237a\025\027\324\317w\206\261"
 180      D06A771A 
 180      6A9F6115 
 180      17D4CF77 
 180      86B1
 181 02a8 D39168D6 		.ascii	"\323\221h\326\376q\2406\232\335\254 q\037>\221{\304"
 181      FE71A036 
 181      9ADDAC20 
 181      711F3E91 
 181      7BC4
 182 02ba AC4F7AD0 		.ascii	"\254Oz\320\230\364.\214v\226F\353\246\224:\015J\373"
 182      98F42E8C 
 182      769646EB 
 182      A6943A0D 
 182      4AFB
 183 02cc FA0ACBC4 		.ascii	"\372\012\313\304\304\000OG\275\233\215\372\334\235\206"
 183      C4004F47 
 183      BD9B8DFA 
 183      DC9D86
 184 02db 7EA0A37E 		.ascii	"~\240\243~N\037\365\266\232\334_yc\274\317\353\343\335"
 184      4E1FF5B6 
 184      9ADC5F79 
 184      63BCCFEB 
 184      E3DD
 185 02ed D53A3D1B 		.ascii	"\325:=\033\376h\244{\330H\3773\2257\014\254\270(4\003"
 185      FE68A47B 
 185      D848FF33 
 185      95370CAC 
 185      B8283403 
 186 0301 F5C3B9B1 		.ascii	"\365\303\271\261\254\270Q\342\036\034\336V\247\273-"
 186      ACB851E2 
 186      1E1CDE56 
 186      A7BB2D
 187 0310 686EBDFC 		.ascii	"hn\275\374\240964\363~\203y\037c\336\224]_\030\261\364"
 187      A0393634 
 187      F37E8379 
 187      1F63DE94 
 187      5D5F18B1 
 188 0325 129339B8 		.ascii	"\022\2239\270\210\360\013\024>@\251\365\033\324z\265"
 188      88F00B14 
 188      3E40A9F5 
 188      1BD47AB5 
 189 0335 E953B014 		.ascii	"\351S\260\024\335\272\034\372\344\316\333\225QL\333"
 189      DDBA1CFA 
 189      E4CEDB95 
 189      514CDB
 190 0344 E04258C0 		.ascii	"\340BX\300\014\203(k\207.\253~\012z\211\260\035\272"
 190      0C83286B 
 190      872EAB7E 
ARM GAS  C:\Users\Daniela\AppData\Local\Temp\ccdKeQ7b.s 			page 14


 190      0A7A89B0 
 190      1DBA
 191 0356 B04354D8 		.ascii	"\260CT\330k_wM\205\361_\361T\330\233\035\263\367\227"
 191      6B5F774D 
 191      85F15FF1 
 191      54D89B1D 
 191      B3F797
 192 0369 B9B7970C 		.ascii	"\271\267\227\014>\225\214\317\205\231\256\"\013\353"
 192      3E958CCF 
 192      8599AE22 
 192      0BEB
 193 0377 461CF946 		.ascii	"F\034\371F\334<\323\246\177#5r\217K~\273T\365\3147\353"
 193      DC3CD3A6 
 193      7F233572 
 193      8F4B7EBB 
 193      54F5CC37 
 194 038c 0A46BB4C 		.ascii	"\012F\273L\243]\245\004.\031\004&\212\266\217\207'\226"
 194      A35DA504 
 194      2E190426 
 194      8AB68F87 
 194      2796
 195 039e 3025AF32 		.ascii	"0%\2572%K\3577V\011T\311k\272\222\373{\257N\232\015"
 195      254BEF37 
 195      560954C9 
 195      6BBA92FB 
 195      7BAF4E9A 
 196 03b3 25477425 		.ascii	"%Gt%k\317\2667>Vr\224)iT\023\257W\2638p\253\005\364"
 196      6BCFB637 
 196      3E567294 
 196      29695413 
 196      AF57B338 
 197 03cb EAC8DCED 		.ascii	"\352\310\334\355/\035\335mf\376\207\004\177\256k\316"
 197      2F1DDD6D 
 197      66FE8704 
 197      7FAE6BCE 
 198 03db 1B9AFA0D 		.ascii	"\033\232\372\015\203\372uF\275\244\2473\317\374\264"
 198      83FA7546 
 198      BDA4A733 
 198      CFFCB4
 199 03ea 9413081F 		.ascii	"\224\023\010\037\247\360\233\224\333\015\203\333\367"
 199      A7F09B94 
 199      DB0D83DB 
 199      F7
 200 03f7 C7271B9F 		.ascii	"\307'\033\237\2212$:\377\333\035\232E\227\362\201\200"
 200      9132243A 
 200      FFDB1D9A 
 200      4597F281 
 200      80
 201 0408 524EA294 		.ascii	"RN\242\224\303\272\224\372)\030#R\016\353RNA\022\367"
 201      C3BA94FA 
 201      29182352 
 201      0EEB524E 
 201      4112F7
 202 041b 829229A7 		.ascii	"\202\222)\247\253~\273\254\244:=\036\257\333\257*~A"
 202      AB7EBBAC 
 202      A43A3D1E 
 202      AFDBAF2A 
ARM GAS  C:\Users\Daniela\AppData\Local\Temp\ccdKeQ7b.s 			page 15


 202      7E41
 203 042d 49B57B63 		.ascii	"I\265{cmJ\346\222=\316\"\313>\374w\272]\262,d\370TG"
 203      6D4AE692 
 203      3DCE22CB 
 203      3EFC77BA 
 203      5DB22C64 
 204 0444 E4860F3E 		.ascii	"\344\206\017>NX\237\222\302\231e9\303\351\362\257\223"
 204      4E589F92 
 204      C2996539 
 204      C3E9F2AF 
 204      93
 205 0455 FD5B4079 		.ascii	"\375[@y[\302\003\233\275\366\364\204M\3164\325\227\220"
 205      5BC2039B 
 205      BDF6F484 
 205      4DCE34D5 
 205      9790
 206 0467 FCF9BA37 		.ascii	"\374\371\2727_\225\224L\217W\365\371$\217\317\255$("
 206      5F95944C 
 206      8F57F5F9 
 206      248FCFAD 
 206      2428
 207 0479 5ED5EE77 		.ascii	"^\325\356w{\245\265\266\224'7\234\351\036\267\327/m"
 207      7BA5B5B6 
 207      9427379C 
 207      E91EB7D7 
 207      2F6D
 208 048b 76654876 		.ascii	"veHvo\272\364\206\215 \360m\265\313\355RW\253\366O\235"
 208      6FBAF486 
 208      8D20F06D 
 208      B5CBED52 
 208      57ABF64F 
 209 04a0 92D3A5A4 		.ascii	"\222\323\245\244e8T)\335\216\265\271TIv\250\233\354"
 209      65385429 
 209      DD8EB5B9 
 209      544976A8 
 209      9BEC
 210 04b2 19697ED9 		.ascii	"\031i~\331\237\351Q}\266T.B/\345\263\377\253\022_\246"
 210      9FE9517D 
 210      B6542E42 
 210      2FE5B3FF 
 210      AB125FA6 
 211 04c6 4F927D7E 		.ascii	"O\222}~\007\246\305\364\257lP]\252\327\356W\035\362"
 211      07A6C5F4 
 211      AF6C505D 
 211      AAD7EE57 
 211      1DF2
 212 04d8 46778657 		.ascii	"Fw\206WQ\245\0177\272\327\257\305\264\244\311\016\273"
 212      51A50F37 
 212      BAD7AFC5 
 212      B4A4C90E 
 212      BB
 213 04e9 DF6E5338 		.ascii	"\337nS8\213\336sbF\332\230\213[a\010\261)\315\356K\325"
 213      8BDE7362 
 213      46DA988B 
 213      5B6108B1 
 213      29CDEE4B 
 214 04fe BB1E87DE 		.ascii	"\273\036\207\336\2456\367/\327V\311 "
ARM GAS  C:\Users\Daniela\AppData\Local\Temp\ccdKeQ7b.s 			page 16


 214      A536F72F 
 214      D756C920 
 215              		.text
 216              		.section	.gnu.lto_.symtab.58563223,"",%progbits
 217 0000 63795F6D 		.ascii	"cy_meta_chipprotect\000"
 217      6574615F 
 217      63686970 
 217      70726F74 
 217      65637400 
 218 0014 00       		.ascii	"\000"
 219 0015 00       		.ascii	"\000"
 220 0016 00       		.ascii	"\000"
 221 0017 00000000 		.ascii	"\000\000\000\000\000\000\000\000"
 221      00000000 
 222 001f C7000000 		.ascii	"\307\000\000\000"
 223 0023 63795F6D 		.ascii	"cy_metadata\000"
 223      65746164 
 223      61746100 
 224 002f 00       		.ascii	"\000"
 225 0030 00       		.ascii	"\000"
 226 0031 00       		.ascii	"\000"
 227 0032 00000000 		.ascii	"\000\000\000\000\000\000\000\000"
 227      00000000 
 228 003a D8000000 		.ascii	"\330\000\000\000"
 229 003e 63795F6D 		.ascii	"cy_meta_flashprotect\000"
 229      6574615F 
 229      666C6173 
 229      6870726F 
 229      74656374 
 230 0053 00       		.ascii	"\000"
 231 0054 00       		.ascii	"\000"
 232 0055 00       		.ascii	"\000"
 233 0056 00000000 		.ascii	"\000\000\000\000\000\000\000\000"
 233      00000000 
 234 005e E8000000 		.ascii	"\350\000\000\000"
 235              		.text
 236              		.section	.gnu.lto_.opts,"",%progbits
 237 0000 272D666D 		.ascii	"'-fmath-errno' '-fsigned-zeros' '-ftrapping-math' '"
 237      6174682D 
 237      6572726E 
 237      6F272027 
 237      2D667369 
 238 0033 2D666E6F 		.ascii	"-fno-trapv' '-fno-openmp' '-fno-openacc' '-mcpu=cor"
 238      2D747261 
 238      70762720 
 238      272D666E 
 238      6F2D6F70 
 239 0066 7465782D 		.ascii	"tex-m0' '-mthumb' '-g' '-O3' '-ffunction-sections' "
 239      6D302720 
 239      272D6D74 
 239      68756D62 
 239      2720272D 
 240 0099 272D6666 		.ascii	"'-ffat-lto-objects' '-finline-functions' '-flto'\000"
 240      61742D6C 
 240      746F2D6F 
 240      626A6563 
 240      74732720 
ARM GAS  C:\Users\Daniela\AppData\Local\Temp\ccdKeQ7b.s 			page 17


 241              		.text
 242              		.cfi_sections	.debug_frame
 243              		.global	cy_meta_chipprotect
 244              		.global	cy_metadata
 245              		.global	cy_meta_flashprotect
 246              		.section	.cychipprotect,"a",%progbits
 247              		.align	2
 248              		.type	cy_meta_chipprotect, %object
 249              		.size	cy_meta_chipprotect, 1
 250              	cy_meta_chipprotect:
 251 0000 01       		.byte	1
 252              		.section	.cymeta,"a",%progbits
 253              		.align	2
 254              		.type	cy_metadata, %object
 255              		.size	cy_metadata, 12
 256              	cy_metadata:
 257 0000 00       		.byte	0
 258 0001 02       		.byte	2
 259 0002 0E       		.byte	14
 260 0003 09       		.byte	9
 261 0004 11       		.byte	17
 262 0005 9E       		.byte	-98
 263 0006 00       		.byte	0
 264 0007 01       		.byte	1
 265 0008 00       		.byte	0
 266 0009 00       		.byte	0
 267 000a 00       		.byte	0
 268 000b 00       		.byte	0
 269              		.section	.cyflashprotect,"a",%progbits
 270              		.align	2
 271              		.type	cy_meta_flashprotect, %object
 272              		.size	cy_meta_flashprotect, 128
 273              	cy_meta_flashprotect:
 274 0000 00000000 		.space	128
 274      00000000 
 274      00000000 
 274      00000000 
 274      00000000 
 275              		.text
 276              	.Letext0:
 277              		.file 1 "c:\\program files (x86)\\cypress\\psoc creator\\4.1\\psoc creator\\import\\gnu\\arm\\5.4.
 278              		.file 2 "c:\\program files (x86)\\cypress\\psoc creator\\4.1\\psoc creator\\import\\gnu\\arm\\5.4.
 279              		.file 3 "Generated_Source\\PSoC4\\cymetadata.c"
 280              		.section	.debug_info,"",%progbits
 281              	.Ldebug_info0:
 282 0000 F4000000 		.4byte	0xf4
 283 0004 0400     		.2byte	0x4
 284 0006 00000000 		.4byte	.Ldebug_abbrev0
 285 000a 04       		.byte	0x4
 286 000b 01       		.uleb128 0x1
 287 000c 81000000 		.4byte	.LASF15
 288 0010 0C       		.byte	0xc
 289 0011 38000000 		.4byte	.LASF16
 290 0015 9F010000 		.4byte	.LASF17
 291 0019 00000000 		.4byte	.Ldebug_line0
 292 001d 02       		.uleb128 0x2
 293 001e 01       		.byte	0x1
ARM GAS  C:\Users\Daniela\AppData\Local\Temp\ccdKeQ7b.s 			page 18


 294 001f 06       		.byte	0x6
 295 0020 93010000 		.4byte	.LASF0
 296 0024 03       		.uleb128 0x3
 297 0025 00000000 		.4byte	.LASF9
 298 0029 01       		.byte	0x1
 299 002a 1D       		.byte	0x1d
 300 002b 2F000000 		.4byte	0x2f
 301 002f 02       		.uleb128 0x2
 302 0030 01       		.byte	0x1
 303 0031 08       		.byte	0x8
 304 0032 2A000000 		.4byte	.LASF1
 305 0036 02       		.uleb128 0x2
 306 0037 02       		.byte	0x2
 307 0038 05       		.byte	0x5
 308 0039 80010000 		.4byte	.LASF2
 309 003d 02       		.uleb128 0x2
 310 003e 02       		.byte	0x2
 311 003f 07       		.byte	0x7
 312 0040 6E000000 		.4byte	.LASF3
 313 0044 02       		.uleb128 0x2
 314 0045 04       		.byte	0x4
 315 0046 05       		.byte	0x5
 316 0047 8A010000 		.4byte	.LASF4
 317 004b 02       		.uleb128 0x2
 318 004c 04       		.byte	0x4
 319 004d 07       		.byte	0x7
 320 004e 5C000000 		.4byte	.LASF5
 321 0052 02       		.uleb128 0x2
 322 0053 08       		.byte	0x8
 323 0054 05       		.byte	0x5
 324 0055 72010000 		.4byte	.LASF6
 325 0059 02       		.uleb128 0x2
 326 005a 08       		.byte	0x8
 327 005b 07       		.byte	0x7
 328 005c 35010000 		.4byte	.LASF7
 329 0060 04       		.uleb128 0x4
 330 0061 04       		.byte	0x4
 331 0062 05       		.byte	0x5
 332 0063 696E7400 		.ascii	"int\000"
 333 0067 02       		.uleb128 0x2
 334 0068 04       		.byte	0x4
 335 0069 07       		.byte	0x7
 336 006a 28010000 		.4byte	.LASF8
 337 006e 03       		.uleb128 0x3
 338 006f 4C010000 		.4byte	.LASF10
 339 0073 02       		.byte	0x2
 340 0074 18       		.byte	0x18
 341 0075 24000000 		.4byte	0x24
 342 0079 05       		.uleb128 0x5
 343 007a 90000000 		.4byte	0x90
 344 007e 89000000 		.4byte	0x89
 345 0082 06       		.uleb128 0x6
 346 0083 89000000 		.4byte	0x89
 347 0087 7F       		.byte	0x7f
 348 0088 00       		.byte	0
 349 0089 02       		.uleb128 0x2
 350 008a 04       		.byte	0x4
ARM GAS  C:\Users\Daniela\AppData\Local\Temp\ccdKeQ7b.s 			page 19


 351 008b 07       		.byte	0x7
 352 008c 69010000 		.4byte	.LASF11
 353 0090 07       		.uleb128 0x7
 354 0091 6E000000 		.4byte	0x6e
 355 0095 08       		.uleb128 0x8
 356 0096 54010000 		.4byte	.LASF12
 357 009a 03       		.byte	0x3
 358 009b 1F       		.byte	0x1f
 359 009c A6000000 		.4byte	0xa6
 360 00a0 05       		.uleb128 0x5
 361 00a1 03       		.byte	0x3
 362 00a2 00000000 		.4byte	cy_meta_flashprotect
 363 00a6 07       		.uleb128 0x7
 364 00a7 79000000 		.4byte	0x79
 365 00ab 05       		.uleb128 0x5
 366 00ac 90000000 		.4byte	0x90
 367 00b0 BB000000 		.4byte	0xbb
 368 00b4 06       		.uleb128 0x6
 369 00b5 89000000 		.4byte	0x89
 370 00b9 0B       		.byte	0xb
 371 00ba 00       		.byte	0
 372 00bb 08       		.uleb128 0x8
 373 00bc 1E000000 		.4byte	.LASF13
 374 00c0 03       		.byte	0x3
 375 00c1 3C       		.byte	0x3c
 376 00c2 CC000000 		.4byte	0xcc
 377 00c6 05       		.uleb128 0x5
 378 00c7 03       		.byte	0x3
 379 00c8 00000000 		.4byte	cy_metadata
 380 00cc 07       		.uleb128 0x7
 381 00cd AB000000 		.4byte	0xab
 382 00d1 05       		.uleb128 0x5
 383 00d2 90000000 		.4byte	0x90
 384 00d6 E1000000 		.4byte	0xe1
 385 00da 06       		.uleb128 0x6
 386 00db 89000000 		.4byte	0x89
 387 00df 00       		.byte	0
 388 00e0 00       		.byte	0
 389 00e1 08       		.uleb128 0x8
 390 00e2 0A000000 		.4byte	.LASF14
 391 00e6 03       		.byte	0x3
 392 00e7 4B       		.byte	0x4b
 393 00e8 F2000000 		.4byte	0xf2
 394 00ec 05       		.uleb128 0x5
 395 00ed 03       		.byte	0x3
 396 00ee 00000000 		.4byte	cy_meta_chipprotect
 397 00f2 07       		.uleb128 0x7
 398 00f3 D1000000 		.4byte	0xd1
 399 00f7 00       		.byte	0
 400              		.section	.debug_abbrev,"",%progbits
 401              	.Ldebug_abbrev0:
 402 0000 01       		.uleb128 0x1
 403 0001 11       		.uleb128 0x11
 404 0002 01       		.byte	0x1
 405 0003 25       		.uleb128 0x25
 406 0004 0E       		.uleb128 0xe
 407 0005 13       		.uleb128 0x13
ARM GAS  C:\Users\Daniela\AppData\Local\Temp\ccdKeQ7b.s 			page 20


 408 0006 0B       		.uleb128 0xb
 409 0007 03       		.uleb128 0x3
 410 0008 0E       		.uleb128 0xe
 411 0009 1B       		.uleb128 0x1b
 412 000a 0E       		.uleb128 0xe
 413 000b 10       		.uleb128 0x10
 414 000c 17       		.uleb128 0x17
 415 000d 00       		.byte	0
 416 000e 00       		.byte	0
 417 000f 02       		.uleb128 0x2
 418 0010 24       		.uleb128 0x24
 419 0011 00       		.byte	0
 420 0012 0B       		.uleb128 0xb
 421 0013 0B       		.uleb128 0xb
 422 0014 3E       		.uleb128 0x3e
 423 0015 0B       		.uleb128 0xb
 424 0016 03       		.uleb128 0x3
 425 0017 0E       		.uleb128 0xe
 426 0018 00       		.byte	0
 427 0019 00       		.byte	0
 428 001a 03       		.uleb128 0x3
 429 001b 16       		.uleb128 0x16
 430 001c 00       		.byte	0
 431 001d 03       		.uleb128 0x3
 432 001e 0E       		.uleb128 0xe
 433 001f 3A       		.uleb128 0x3a
 434 0020 0B       		.uleb128 0xb
 435 0021 3B       		.uleb128 0x3b
 436 0022 0B       		.uleb128 0xb
 437 0023 49       		.uleb128 0x49
 438 0024 13       		.uleb128 0x13
 439 0025 00       		.byte	0
 440 0026 00       		.byte	0
 441 0027 04       		.uleb128 0x4
 442 0028 24       		.uleb128 0x24
 443 0029 00       		.byte	0
 444 002a 0B       		.uleb128 0xb
 445 002b 0B       		.uleb128 0xb
 446 002c 3E       		.uleb128 0x3e
 447 002d 0B       		.uleb128 0xb
 448 002e 03       		.uleb128 0x3
 449 002f 08       		.uleb128 0x8
 450 0030 00       		.byte	0
 451 0031 00       		.byte	0
 452 0032 05       		.uleb128 0x5
 453 0033 01       		.uleb128 0x1
 454 0034 01       		.byte	0x1
 455 0035 49       		.uleb128 0x49
 456 0036 13       		.uleb128 0x13
 457 0037 01       		.uleb128 0x1
 458 0038 13       		.uleb128 0x13
 459 0039 00       		.byte	0
 460 003a 00       		.byte	0
 461 003b 06       		.uleb128 0x6
 462 003c 21       		.uleb128 0x21
 463 003d 00       		.byte	0
 464 003e 49       		.uleb128 0x49
ARM GAS  C:\Users\Daniela\AppData\Local\Temp\ccdKeQ7b.s 			page 21


 465 003f 13       		.uleb128 0x13
 466 0040 2F       		.uleb128 0x2f
 467 0041 0B       		.uleb128 0xb
 468 0042 00       		.byte	0
 469 0043 00       		.byte	0
 470 0044 07       		.uleb128 0x7
 471 0045 26       		.uleb128 0x26
 472 0046 00       		.byte	0
 473 0047 49       		.uleb128 0x49
 474 0048 13       		.uleb128 0x13
 475 0049 00       		.byte	0
 476 004a 00       		.byte	0
 477 004b 08       		.uleb128 0x8
 478 004c 34       		.uleb128 0x34
 479 004d 00       		.byte	0
 480 004e 03       		.uleb128 0x3
 481 004f 0E       		.uleb128 0xe
 482 0050 3A       		.uleb128 0x3a
 483 0051 0B       		.uleb128 0xb
 484 0052 3B       		.uleb128 0x3b
 485 0053 0B       		.uleb128 0xb
 486 0054 49       		.uleb128 0x49
 487 0055 13       		.uleb128 0x13
 488 0056 3F       		.uleb128 0x3f
 489 0057 19       		.uleb128 0x19
 490 0058 02       		.uleb128 0x2
 491 0059 18       		.uleb128 0x18
 492 005a 00       		.byte	0
 493 005b 00       		.byte	0
 494 005c 00       		.byte	0
 495              		.section	.debug_aranges,"",%progbits
 496 0000 14000000 		.4byte	0x14
 497 0004 0200     		.2byte	0x2
 498 0006 00000000 		.4byte	.Ldebug_info0
 499 000a 04       		.byte	0x4
 500 000b 00       		.byte	0
 501 000c 0000     		.2byte	0
 502 000e 0000     		.2byte	0
 503 0010 00000000 		.4byte	0
 504 0014 00000000 		.4byte	0
 505              		.section	.debug_line,"",%progbits
 506              	.Ldebug_line0:
 507 0000 3D010000 		.section	.debug_str,"MS",%progbits,1
 507      02003701 
 507      00000201 
 507      FB0E0D00 
 507      01010101 
 508              	.LASF9:
 509 0000 5F5F7569 		.ascii	"__uint8_t\000"
 509      6E74385F 
 509      7400
 510              	.LASF14:
 511 000a 63795F6D 		.ascii	"cy_meta_chipprotect\000"
 511      6574615F 
 511      63686970 
 511      70726F74 
 511      65637400 
ARM GAS  C:\Users\Daniela\AppData\Local\Temp\ccdKeQ7b.s 			page 22


 512              	.LASF13:
 513 001e 63795F6D 		.ascii	"cy_metadata\000"
 513      65746164 
 513      61746100 
 514              	.LASF1:
 515 002a 756E7369 		.ascii	"unsigned char\000"
 515      676E6564 
 515      20636861 
 515      7200
 516              	.LASF16:
 517 0038 47656E65 		.ascii	"Generated_Source\\PSoC4\\cymetadata.c\000"
 517      72617465 
 517      645F536F 
 517      75726365 
 517      5C50536F 
 518              	.LASF5:
 519 005c 6C6F6E67 		.ascii	"long unsigned int\000"
 519      20756E73 
 519      69676E65 
 519      6420696E 
 519      7400
 520              	.LASF3:
 521 006e 73686F72 		.ascii	"short unsigned int\000"
 521      7420756E 
 521      7369676E 
 521      65642069 
 521      6E7400
 522              	.LASF15:
 523 0081 474E5520 		.ascii	"GNU C11 5.4.1 20160609 (release) [ARM/embedded-5-br"
 523      43313120 
 523      352E342E 
 523      31203230 
 523      31363036 
 524 00b4 616E6368 		.ascii	"anch revision 237715] -mcpu=cortex-m0 -mthumb -g -O"
 524      20726576 
 524      6973696F 
 524      6E203233 
 524      37373135 
 525 00e7 33202D66 		.ascii	"3 -ffunction-sections -ffat-lto-objects -finline-fu"
 525      66756E63 
 525      74696F6E 
 525      2D736563 
 525      74696F6E 
 526 011a 6E637469 		.ascii	"nctions -flto\000"
 526      6F6E7320 
 526      2D666C74 
 526      6F00
 527              	.LASF8:
 528 0128 756E7369 		.ascii	"unsigned int\000"
 528      676E6564 
 528      20696E74 
 528      00
 529              	.LASF7:
 530 0135 6C6F6E67 		.ascii	"long long unsigned int\000"
 530      206C6F6E 
 530      6720756E 
 530      7369676E 
ARM GAS  C:\Users\Daniela\AppData\Local\Temp\ccdKeQ7b.s 			page 23


 530      65642069 
 531              	.LASF10:
 532 014c 75696E74 		.ascii	"uint8_t\000"
 532      385F7400 
 533              	.LASF12:
 534 0154 63795F6D 		.ascii	"cy_meta_flashprotect\000"
 534      6574615F 
 534      666C6173 
 534      6870726F 
 534      74656374 
 535              	.LASF11:
 536 0169 73697A65 		.ascii	"sizetype\000"
 536      74797065 
 536      00
 537              	.LASF6:
 538 0172 6C6F6E67 		.ascii	"long long int\000"
 538      206C6F6E 
 538      6720696E 
 538      7400
 539              	.LASF2:
 540 0180 73686F72 		.ascii	"short int\000"
 540      7420696E 
 540      7400
 541              	.LASF4:
 542 018a 6C6F6E67 		.ascii	"long int\000"
 542      20696E74 
 542      00
 543              	.LASF0:
 544 0193 7369676E 		.ascii	"signed char\000"
 544      65642063 
 544      68617200 
 545              	.LASF17:
 546 019f 433A5C55 		.ascii	"C:\\Users\\Daniela\\Desktop\\Bluetooth_Project\\Thr"
 546      73657273 
 546      5C44616E 
 546      69656C61 
 546      5C446573 
 547 01cd 6F756768 		.ascii	"oughput\\GATT Notification - Data Incoming.cydsn\000"
 547      7075745C 
 547      47415454 
 547      204E6F74 
 547      69666963 
 548              		.comm	__gnu_lto_v1,1,1
 549              		.ident	"GCC: (GNU Tools for ARM Embedded Processors) 5.4.1 20160609 (release) [ARM/embedded-5-bran
