ARM GAS  C:\Users\Daniela\AppData\Local\Temp\ccg8mWQK.s 			page 1


   1              		.syntax unified
   2              		.cpu cortex-m0
   3              		.fpu softvfp
   4              		.eabi_attribute 20, 1
   5              		.eabi_attribute 21, 1
   6              		.eabi_attribute 23, 3
   7              		.eabi_attribute 24, 1
   8              		.eabi_attribute 25, 1
   9              		.eabi_attribute 26, 1
  10              		.eabi_attribute 30, 2
  11              		.eabi_attribute 34, 0
  12              		.eabi_attribute 18, 4
  13              		.thumb
  14              		.syntax unified
  15              		.file	"TimerClock.c"
  16              		.text
  17              	.Ltext0:
  18              		.section	.gnu.lto_.profile.58565549,"",%progbits
  19 0000 789C6361 		.ascii	"x\234ca`d`a`\000\222r\222\000\000\277\000B"
  19      60646061 
  19      60009272 
  19      920000BF 
  19      0042
  20              		.text
  21              		.section	.gnu.lto_.icf.58565549,"",%progbits
  22 0000 789C6361 		.ascii	"x\234ca`d\000\001\005\006\004`e\370\276\243\361\001"
  22      60640001 
  22      05060460 
  22      65F8BEA3 
  22      F101
  23 0012 27E3815F 		.ascii	"'\343\201_\217'\3623-\331yt2\027\363\376\247;\216s\261"
  23      8F27F233 
  23      2DD97974 
  23      3217F3FE 
  23      A73B8E73 
  24 0027 CC6E9A37 		.ascii	"\314n\2327\205\207\001\000\002l\016\322"
  24      85870100 
  24      026C0ED2 
  25              		.text
  26              		.section	.gnu.lto_.jmpfuncs.58565549,"",%progbits
  27 0000 789C6361 		.ascii	"x\234ca`d\000\001q\006\004`e`dd\254\007\21231122\327"
  27      60640001 
  27      71060460 
  27      65606464 
  27      AC078A33 
  28 0019 D7333330 		.ascii	"\327330\260\000\205\001\026\322\001\263"
  28      B0008501 
  28      16D201B3 
  29              		.text
  30              		.section	.gnu.lto_.inline.58565549,"",%progbits
  31 0000 789C458B 		.ascii	"x\234E\213\261\015\2000\014\004\337\316\007B(`\003("
  31      B10D8030 
  31      0C04DFCE 
  31      07422860 
  31      0328
  32 0012 10E33013 		.ascii	"\020\3430\023#PRf\016\246`$l!\310\027\226\375\347#\004"
  32      23505266 
ARM GAS  C:\Users\Daniela\AppData\Local\Temp\ccg8mWQK.s 			page 2


  32      0EA66024 
  32      6C21C817 
  32      96FDE723 
  33 0027 9E1D3511 		.ascii	"\236\0355\021\350V\021\314\206B\272N\242)\223\202e\242"
  33      E85611CC 
  33      8642BA4E 
  33      A2299382 
  33      65A2
  34 0039 6341BB08 		.ascii	"cA\273\010\264\002\213\242\317\242\030\315\220d\203"
  34      B4028BA2 
  34      CFA218CD 
  34      906483
  35 0048 F9D85EA8 		.ascii	"\371\330^\250\367@W\223\277\005D\232j\347o\022A\255"
  35      F7405793 
  35      BF05449A 
  35      6AE76F12 
  35      41AD
  36 005a B2ED6BF0 		.ascii	"\262\355k\360\000t\\\014$"
  36      00745C0C 
  36      24
  37              		.text
  38              		.section	.gnu.lto_.pureconst.58565549,"",%progbits
  39 0000 789C6361 		.ascii	"x\234ca`d\340f```e\220b\224b\222b\226ba\000\000\003"
  39      6064E066 
  39      60606065 
  39      90629462 
  39      92629662 
  40 0018 E40088   		.ascii	"\344\000\210"
  41              		.text
  42              		.section	.gnu.lto_TimerClock_StartEx.58565549,"",%progbits
  43 0000 789C5551 		.ascii	"x\234UQ\317k\023Q\020\236\357\275}\233\325\246\375\013"
  43      CF6B1351 
  43      109EEFBD 
  43      7D9BD5A6 
  43      FD0B
  44 0012 7AE84108 		.ascii	"z\350A\010\275x\020\017^%\242W\261\036\013R\322Ebc\003"
  44      BD78100F 
  44      5E25A257 
  44      B11E0B52 
  44      D2456263 
  45 0027 41BDFA92 		.ascii	"A\275\372\222\335mP<X\304\012E\011-H\177hMSO\342%\215"
  45      DD6D503C 
  45      58C40A45 
  45      092D487F 
  45      684D534F 
  46 003e A82018E9 		.ascii	"\250 \030\351\305^\375\201{\020\017\211F\021E\343L\266"
  46      C55EFD81 
  46      7B100F89 
  46      461145E3 
  46      4CB6
  47 0050 073BB033 		.ascii	"\007;\2603o\206of\276o\326!\220\330\210\":\302\361$"
  47      6F866F66 
  47      BE6FD621 
  47      90D88822 
  47      3AC2F124 
  48 0064 7F7009EA 		.ascii	"\177p\011\352f\233\250\354)\350\344\241\225\271\361"
  48      669BA8EC 
ARM GAS  C:\Users\Daniela\AppData\Local\Temp\ccg8mWQK.s 			page 3


  48      29E8E4A1 
  48      95B9F1
  49 0073 92C81E74 		.ascii	"\222\310\036t\302\024\331\264I\352\307\035@\242\365"
  49      C214D9B4 
  49      49EAC71D 
  49      40A2F5
  50 0082 40579536 		.ascii	"@W\2256\016\330Sb\337\325\037\205V5~\242\306W,\333\273"
  50      0ED85362 
  50      DFD51F85 
  50      56357EA2 
  50      C6572CDB 
  51 0097 4FB7B45D 		.ascii	"O\267\264]m\"b@_%\030\254`\234Q;\341\346]\335S\221\006"
  51      6D226240 
  51      5F2518AC 
  51      609C513B 
  51      E1E65DDD 
  52 00ae 1C4EBBAF 		.ascii	"\034N\273\257\027?\216H\2520\306\351\265g?\266\035\235"
  52      173F8E48 
  52      AA30C6E9 
  52      B5673FB6 
  52      1D9D
  53 00c0 01F1BBF1 		.ascii	"\001\361\273\361\255\026\017g\356[[\261v\336\267\007"
  53      AD160F67 
  53      EE5B5BB1 
  53      76DEB707 
  54 00d0 22ADB10E 		.ascii	"\"\255\261\016\315\363\260\206Q\254b\224\270Dx\200\214"
  54      CDF3B086 
  54      51AC6294 
  54      B8447880 
  54      8C
  55 00e1 C03F34FE 		.ascii	"\300?4\376\336\036vCY?\226,\305C\270\242\270~\246i\373"
  55      DE1E7643 
  55      593F962C 
  55      C543B8A2 
  55      B87EA669 
  56 00f6 FDC0361B 		.ascii	"\375\3006\033fC{\212\273\034\315\216\025H\257\221\334"
  56      66437B8A 
  56      BB1CCD8E 
  56      1548AF91 
  56      DC
  57 0107 1547D4E1 		.ascii	"\025G\324\3416\326\334Q\212\203\356\262>V\254c\264~"
  57      36D6DC51 
  57      8A83EEB2 
  57      3E56AC63 
  57      B47E
  58 0119 5D7FFB5C 		.ascii	"]\177\373\\\313\274@\213\324\205\250\365&%\254\335\001"
  58      CBBC408B 
  58      D485A8F5 
  58      2625ACDD 
  58      01
  59 012a D3E5A5DF 		.ascii	"\323\345\245\337\273&I\255\015\255\350\252F;k\351\032"
  59      BB2649AD 
  59      0DADE8AA 
  59      463B6BE9 
  59      1A
  60 013b EE95433E 		.ascii	"\356\225C>B\012\217\230\360\006\023&\324Q\003\305\250"
  60      420A8F98 
ARM GAS  C:\Users\Daniela\AppData\Local\Temp\ccg8mWQK.s 			page 4


  60      F0061326 
  60      D45103C5 
  60      A8
  61 014c 7CAD7E49 		.ascii	"|\255~I%\0035\317\244\367\010\333\301\205\275\302\377"
  61      250335CF 
  61      A4F708DB 
  61      C185BDC2 
  61      FF
  62 015d 1B0C089B 		.ascii	"\033\014\010\233\322IB\317\020\377\031t\225#\374b\004"
  62      D24942CF 
  62      10FF1974 
  62      9523FC62 
  62      04
  63 016e 9DB9766C 		.ascii	"\235\271vl\222.\023hY\274\370\264\367j\300\305\203\207"
  63      922E1368 
  63      59BCF8B4 
  63      F76AC0C5 
  63      8387
  64 0180 063732EA 		.ascii	"\00672\352\347\\\317M@\202c\320\374\213;[i\0019\330"
  64      E75CCF4D 
  64      408263D0 
  64      FC8B3B5B 
  64      690139D8 
  65 0194 E67B79D8 		.ascii	"\346{y\330\032\000[\013\335\3721\001\356\023P\266vh"
  65      1A005B0B 
  65      DDFA3101 
  65      EE1350B6 
  65      7668
  66 01a6 BF86C7AC 		.ascii	"\277\206\307\254\201g\321gT\232\273\203\365{\364\300"
  66      8167D167 
  66      549ABB83 
  66      F57BF4C0 
  67 01b6 B4F88487 		.ascii	"\264\370\204\207N\371\263~i\352\222?}n\242x\271\224"
  67      4EF9B37E 
  67      69EA923F 
  67      7D6EA278 
  67      B994
  68 01c8 F3274F4F 		.ascii	"\363'OO\024\263G'\317\346/\372\245l\241\230\2339\234"
  68      14B34727 
  68      CFE62FFA 
  68      A56CA198 
  68      9B399C
  69 01db A3A1A942 		.ascii	"\243\241\251B\376\374l\2660s\"\177\345\037\316\255\302"
  69      FEFC6CB6 
  69      3073227F 
  69      E51FCEAD 
  69      C2
  70 01ec 16       		.ascii	"\026"
  71              		.text
  72              		.section	.gnu.lto_TimerClock_Stop.58565549,"",%progbits
  73 0000 789C5550 		.ascii	"x\234UP=K\003A\020\235\267{\227\013~\374\003\013\013"
  73      3D4B0341 
  73      109DB77B 
  73      970B7EFC 
  73      030B0B
  74 0013 11D28885 		.ascii	"\021\322\210\205\205\255\010\332\212Z\012\"\361\012"
  74      85AD08DA 
ARM GAS  C:\Users\Daniela\AppData\Local\Temp\ccg8mWQK.s 			page 5


  74      8A5A0A22 
  74      F10A
  75 0021 3F622068 		.ascii	"?b h\355^rG@,T\320J\011\212\220\304O,\005\213K\032\273"
  75      ED5E7247 
  75      402C54D0 
  75      4A098A90 
  75      C44F2C05 
  76 0039 8816DAAA 		.ascii	"\210\026\332\252\340\025\"\030%6\212\306Y/\205\031\230"
  76      E0152218 
  76      25368AC6 
  76      592F8519 
  76      98
  77 004a 9DDD99B7 		.ascii	"\235\335\231\267\357=\306 \220\216\004\227n\256C\234"
  77      EF3DC620 
  77      908E0497 
  77      6EAE439C 
  78 005a 8810C45A 		.ascii	"\210\020\304Z\205\310\211\012\310\360\"\205\271zI\244"
  78      85C8890A 
  78      C8F02285 
  78      B97A49A4 
  79 006a 5A0CD722 		.ascii	"Z\014\327\"\325f\206\375\001\003\320UEA\313B\232\006"
  79      D56686FD 
  79      0103D055 
  79      4541CB42 
  79      9A06
  80 007c F8A4303E 		.ascii	"\370\2440>\304\267@9\033\234\213X^q\334?\275\366\252"
  80      C4B74039 
  80      1B9C8B58 
  80      5E71DC3F 
  80      BDF6AA
  81 008f 820F8F01 		.ascii	"\202\017\217\001u\021b\220G\214\030\366x\366\263\331"
  81      75116290 
  81      478C18F6 
  81      78F6B3D9 
  82 009f 1E7135AC 		.ascii	"\036q5\2543\034\242\200\210vv:\352\253z=\243\374u\253"
  82      331CA280 
  82      8876763A 
  82      EAAB7A3D 
  82      A3FC75AB 
  83 00b3 746B9982 		.ascii	"tk\231\202<\011\311\007c\252\234l\246*\004\027\371\306"
  83      3C09C907 
  83      63AA9C6C 
  83      A62A0417 
  83      F9C6
  84 00c5 C26C4506 		.ascii	"\302lE\006(\177\256\004\333\375\232 #\265\207-\257|"
  84      287FAE04 
  84      DBFD9A20 
  84      23B5872D 
  84      AF7C
  85 00d7 65D58427 		.ascii	"e\325\204'%\264\326\336\356\327\235\031>\225r\225\301"
  85      25B4D6DE 
  85      EED79D19 
  85      3E957295 
  85      C1
  86 00e8 ADAC775D 		.ascii	"\255\254w]l\313a\307q\331\235\201\003t\240\210\0166"
  86      6CCB61C7 
  86      71D99D81 
ARM GAS  C:\Users\Daniela\AppData\Local\Temp\ccg8mWQK.s 			page 6


  86      0374A088 
  86      0E36
  87 00fa 71881C28 		.ascii	"q\210\034(@\372=\373b\205\204\2229\351\001n%3\333h\374"
  87      40FA3DFB 
  87      62858492 
  87      39E9016E 
  87      2533DB68 
  88 010f 5710201C 		.ascii	"W\020 \034\351\237\244\355\231\304+\303\2330\264?\366"
  88      E99FA4ED 
  88      99C42BC3 
  88      9B30B43F 
  88      F6
  89 0120 55ABBE38 		.ascii	"U\253\2768\1774M\222\216R\255\315\252\307\254\312\220"
  89      7F344D92 
  89      8E52ADCD 
  89      AAC7ACCA 
  89      90
  90 0131 9B8B8DFD 		.ascii	"\233\213\215\375\250f\005J\274\030\003'<}F\332\277\033"
  90      A866054A 
  90      BC180327 
  90      3C7D46DA 
  90      BF1B
  91 0143 D6240D11 		.ascii	"\326$\015\02109/\242k\330^\260SS\213\366\364\344Xr)"
  91      30392FA2 
  91      6BD85EB0 
  91      53538BF6 
  91      F4E45872 
  92 0158 15B72746 		.ascii	"\025\267'F\306\222\203}\023\3433\011;58\237\214\317"
  92      C692837D 
  92      13E33309 
  92      3B35389F 
  92      8CCF
  93 016a F5C4E917 		.ascii	"\365\304\351\027\276\013\216\002"
  93      BE0B8E02 
  94              		.text
  95              		.section	.gnu.lto_TimerClock_SetFractionalDividerRegister.58565549,"",%progbits
  96 0000 789C6D52 		.ascii	"x\234mR]H\223a\024~\317\373n\337>\2679\275\014\362\302"
  96      5D489361 
  96      147ECFFB 
  96      6EDF3EB7 
  96      39BD0CF2 
  97 0015 8B647813 		.ascii	"\213dx\023\366s\321U\004FB\027\021\031^\0111\346\210"
  97      F673D155 
  97      04464217 
  97      11195E09 
  97      31E688
  98 0028 E174B0B4 		.ascii	"\341t\260\264[\337\375|3\006\241DII\262\0133\177s[\366"
  98      5BDFFD7C 
  98      3306A144 
  98      4949B20B 
  98      337F735B 
  99 003d 670AAD91 		.ascii	"g\012\255\221]H\031E?\027\201\204\211QDM\261\014\231"
  99      5D481945 
  99      3F178184 
  99      8951444D 
  99      B10C99
 100 0050 AD73BE77 		.ascii	"\255s\276w\026B/\354\3759{\236\347\234\363\234\317\302"
ARM GAS  C:\Users\Daniela\AppData\Local\Temp\ccg8mWQK.s 			page 7


 100      16422FEC 
 100      FD397B9E 
 100      E79CF39C 
 100      CFC2
 101 0062 80D1EA14 		.ascii	"\200\321\352\024\214\235\300s7\376@0\340\275\013\214"
 101      8C9DC073 
 101      37FE4030 
 101      E0BD0B8C 
 102 0072 85750E40 		.ascii	"\205u\016@\027\251\003\353\342\320\005?\370\026\207"
 102      17A903EB 
 102      E2D0053F 
 102      F81687
 103 0081 5CF7CA34 		.ascii	"\\\367\3124\257\035\226\270>\314\015\356\223#Y0\220"
 103      AF1D96B8 
 103      3ECC0DEE 
 103      93235930 
 103      90
 104 0092 5EE4A612 		.ascii	"^\344\246\022\203a\250E\324\\q#[\261\316\015\001@\244"
 104      8361A845 
 104      D45C7123 
 104      5BB1CE0D 
 104      0140A4
 105 00a5 57F96703 		.ascii	"W\371g\003\016zr\250\304g|\355\335\262S\270\201\341"
 105      0E7A72A8 
 105      C4677CED 
 105      DDB253B8 
 105      81E1
 106 00b7 7D3CFD28 		.ascii	"}<\375(Q\341\036\2222\"\345{\217\264\032B\300\030\010"
 106      51E11E92 
 106      3222E57B 
 106      8FB41A42 
 106      C01808
 107 00ca D48351A8 		.ascii	"\324\203Q\250\202\021\250b\030b0\016nDwgn^r\211\375"
 107      8211A862 
 107      1862300E 
 107      6E447767 
 107      6E5E7289 
 108 00df 2673E8C2 		.ascii	"&s\350\302\346\004\224\230\311\247\016Yg\010\013L(\352"
 108      E6049498 
 108      C9A70E59 
 108      67080B4C 
 108      28EA
 109 00f1 812AA823 		.ascii	"\201*\250#\242\205\301-p\023\372e,}]\250\212,\370\\"
 109      A285C12D 
 109      7013FA65 
 109      2C7D5DA8 
 109      8A2CF85C 
 110 0105 7DDEFFD1 		.ascii	"}\336\377\321\245*\252\306\347\267O\213=\345\342\210"
 110      A52AAAC6 
 110      E7B74F8B 
 110      3DE5E288 
 111 0115 A9FBFDAA 		.ascii	"\251\373\375\252\254\254\031$\331\354T\302uMfc\325\206"
 111      ACAC1924 
 111      D9EC54C2 
 111      754D6663 
 111      D586
 112 0127 B0425A29 		.ascii	"\260BZ)\247\260\250I,\212\026\202S\263\3517\\4\230\304"
ARM GAS  C:\Users\Daniela\AppData\Local\Temp\ccg8mWQK.s 			page 8


 112      A7B0A849 
 112      2C8A1682 
 112      53B3E937 
 112      5C3498C4 
 113 013b C98B9949 		.ascii	"\311\213\231I\255\304L\317;eoX'\342\355\377\022\227"
 113      ADC44CCF 
 113      3B656F58 
 113      27E2EDFF 
 113      1297
 114 014d 32BFAF94 		.ascii	"2\277\257\224k1\362\261\032\246\240\0062P\243\\\204"
 114      6B31F2B1 
 114      1AA6A006 
 114      3250A35C 
 114      84
 115 015e 3BA0E15C 		.ascii	";\240\341\\\370v4u*+\213\305\250\314&\355\217\013v\027"
 115      F8763475 
 115      2A2B8BC5 
 115      A8CC26ED 
 115      8F0B7617 
 116 0172 C7B63434 		.ascii	"\307\26644\004\377\265\000\331b\245\200F\233\2156\035"
 116      04FFB500 
 116      D962A580 
 116      469B8D36 
 116      1D
 117 0183 A8E532BA 		.ascii	"\250\3452\272\332is\320\346d\246>\313c\002\232\351*"
 117      DA6973D0 
 117      E664A63E 
 117      CB63029A 
 117      E92A
 118 0195 E7748A15 		.ascii	"\347t\212\025\310m&~\216\036\246\234QA\243\3523r/ld"
 118      C86D267E 
 118      8E1EA69C 
 118      5141A3EA 
 118      33722F6C 
 119 01aa 8CCDECE9 		.ascii	"\214\315\354\351\306\223\236\224K=c\361\230$\353\006"
 119      C6939E94 
 119      4B3D63F1 
 119      9824EB06 
 120 01ba 3E5F36EC 		.ascii	">_6\354I\030\010\307p\362:\334\303\276\356R_p\037\222"
 120      491808C7 
 120      70F23ADC 
 120      C3BEEE52 
 120      5F701F92 
 121 01ce C056205A 		.ascii	"\300V Z\210\177\005%(\224\346z\302\3300\275\327\300"
 121      887F0525 
 121      2894E67A 
 121      C2D830BD 
 121      D7C0
 122 01e0 060F10BB 		.ascii	"\006\017\020\273\004\334\354\022{@\020r\"k\335o\307"
 122      04DCEC12 
 122      7B401072 
 122      226BDD6F 
 122      C7
 123 01f1 9A14C91A 		.ascii	"\232\024\311\032\305\261\241L>\276\274KE(\2102\3753"
 123      C5B1A14C 
 123      3EBEBC4B 
 123      45288832 
ARM GAS  C:\Users\Daniela\AppData\Local\Temp\ccg8mWQK.s 			page 9


 123      FD33
 124 0203 EBF35692 		.ascii	"\353\363V\222)\003\035\246Q\006A\277\342\013c\315\012"
 124      29031DA6 
 124      510641BF 
 124      E20B63CD 
 124      0A
 125 0214 6533F369 		.ascii	"e3\363iJmq[\255,*t\245\366\272T\224\035\203\364!\257"
 125      4A6D715B 
 125      AD2C2A74 
 125      A5F6BA54 
 125      941D83F4 
 126 022a A5879D4A 		.ascii	"\245\207\235JM\300C\245V\210\027J)\035\210\243\361\032"
 126      4DC043A5 
 126      5688174A 
 126      291D88A3 
 126      F11A
 127 023c CBA3BAAA 		.ascii	"\313\243\272\252\274\0100\363/\347!\005s\232i\035\177"
 127      BC0830F3 
 127      2FE72105 
 127      739A691D 
 127      7F
 128 024d 1BCA5043 		.ascii	"\033\312PCN\004\345\372V\027#6\212\355p,,\245c\247i"
 128      4E04E5FA 
 128      56172336 
 128      8AED702C 
 128      2CA563A7 
 129 0262 B3681A51 		.ascii	"\263h\032Q\276@$\273u\234\010\346\027\222\347@\003\302"
 129      BE4024BB 
 129      759C08E6 
 129      1792E740 
 129      03C2
 130 0274 71ED69F0 		.ascii	"q\355i\360\265\373B\236\016_\313\231\306`g\310\353k"
 130      B5FB429E 
 130      0E5FCB99 
 130      C66067C8 
 130      EB6B
 131 0286 3ED918AC 		.ascii	">\331\030\254?\330|\332\337\346\013\325\007\202\336"
 131      3FD87CDA 
 131      DFE60BD5 
 131      0782DE
 132 0295 D6BD5E66 		.ascii	"\326\275^f\367\006Z\217\372\317\373[|\241r\274\036\013"
 132      F7065A8F 
 132      FACFFB5B 
 132      7CA172BC 
 132      1E0B
 133 02a7 79BC1DFE 		.ascii	"y\274\035\376`\273'\240\205|g\233<\001[\233\347\\+\236"
 133      60BB27A0 
 133      857C679B 
 133      3C015B9B 
 133      E75C2B9E 
 134 02bb 7F009A7C 		.ascii	"\177\000\232|6\301"
 134      36C1
 135              		.text
 136              		.section	.gnu.lto_TimerClock_GetDividerRegister.58565549,"",%progbits
 137 0000 789C2D90 		.ascii	"x\234-\220\275K\003A\020\305\347\355^\342a\360\2437"
 137      BD4B0341 
 137      10C5E7ED 
ARM GAS  C:\Users\Daniela\AppData\Local\Temp\ccg8mWQK.s 			page 10


 137      5EE261F0 
 137      A337
 138 0012 85858869 		.ascii	"\205\205\210i\254\364\017\220\200\266b,\003\"\361\012"
 138      ACF40F90 
 138      80B6622C 
 138      0322F10A 
 139 0022 F12310B4 		.ascii	"\361#\020\264\316&w\253`\243\205Z\004B\232@4j\202\255"
 139      CE2677AB 
 139      60A3855A 
 139      04429A40 
 139      346A82AD 
 140 0036 36316823 		.ascii	"61h#\242\240 \226\"\022\320*\206\210 \350\271C\\\230"
 140      A2A02096 
 140      2212D02A 
 140      868820E8 
 140      B9435C98 
 141 004a 9D7DBB6F 		.ascii	"\235}\273of~\254E ^\343&\015\233<`\002\222 vn\2112\266"
 141      667EAC45 
 141      205EE326 
 141      0D9B3C60 
 141      02922076 
 142 0062 00F8A06C 		.ascii	"\000\370\240lPZ \215O\361#p\345\177\325\372\332B\263"
 142      505A208D 
 142      4FF12370 
 142      E57FD5FA 
 142      DA42B3
 143 0075 CDC8FBE6 		.ascii	"\315\310\373\346M>\304\022\3507\262\\\254\266\354HI"
 143      4D3EC412 
 143      E837B25C 
 143      ACB6EC48 
 143      49
 144 0086 A9AC7AD6 		.ascii	"\251\254z\326g\023\031W\217h)\310\027\204\003\204QB"
 144      67131957 
 144      8F6829C8 
 144      17840384 
 144      5142
 145 0098 98471C22 		.ascii	"\230G\034\"B\306\374r\372\273\327\023\364\224Y\203l"
 145      42C6FC72 
 145      FABBD713 
 145      F4945983 
 145      6C
 146 00a9 312F6504 		.ascii	"1/e\004\031\251:SS\276\357\252\332C\350\342)\024\000"
 146      19A93A53 
 146      53BEEFAA 
 146      DA43E8E2 
 146      291400
 147 00bc 6929256F 		.ascii	"i)%o\026q;j\232`\264\017!8\313\006\352\337[\217\225"
 147      16713B6A 
 147      9A60B40F 
 147      2138CB06 
 147      EADF5B8F 
 148 00d1 38D7BB52 		.ascii	"8\327\273R\232\336\373\272~\327\305\\\026xT\361r\273"
 148      9ADEFBBA 
 148      7ED7C55C 
 148      167854F1 
 148      72BB
 149 00e3 DADB91DE 		.ascii	"\332\333\221\336\206\247,s\225\177\333\325\335\005\344"
ARM GAS  C:\Users\Daniela\AppData\Local\Temp\ccg8mWQK.s 			page 11


 149      86A72C73 
 149      957FDBD5 
 149      DD05E4
 150 00f2 331EB40C 		.ascii	"3\036\264\014\340\330\340\0351\036NP\0005\340\266&\311"
 150      E0D8E01D 
 150      311E4E50 
 150      0035E0B6 
 150      26C9
 151 0104 95E8B4CB 		.ascii	"\225\350\264\313\235\267\257\003\\\037\204\215\212\261"
 151      9DB7AF03 
 151      5C1F848D 
 151      8AB1
 152 0112 35906D6D 		.ascii	"5\220mm\276\2423\3202>z\207\370W\374\245M\001&3\234"
 152      BEA233D0 
 152      323E7A87 
 152      F857FCA5 
 152      4D012633 
 153 0127 4353CEAA 		.ascii	"CS\316\252\223\232_s\026\346b\311\365T\302\211O\307"
 153      939A5F73 
 153      16E662C9 
 153      F554C289 
 153      4FC7
 154 0139 92D1B1F8 		.ascii	"\222\321\261\370\354\342\212\223\212.'\023K\243\011"
 154      ECE28A93 
 154      8A2E2713 
 154      4BA309
 155 0148 FA03ECEE 		.ascii	"\372\003\354\356u\331"
 155      75D9
 156              		.text
 157              		.section	.gnu.lto_TimerClock_GetFractionalDividerRegister.58565549,"",%progbits
 158 0000 789C6361 		.ascii	"x\234ca`d\000\201i@\254\006\304\322@\314\310\314\300"
 158      60640081 
 158      6940AC06 
 158      C4D240CC 
 158      C8CCC0
 159 0013 C834E11C 		.ascii	"\3104\341\034\003C#\007\023##\210\321\300\301\310P\317"
 159      03432307 
 159      13232388 
 159      D1C0C1C8 
 159      50CF
 160 0025 C458CFF8 		.ascii	"\304X\317\370\225\351/\023\343\351\357'z\2704\22774"
 160      95E92F13 
 160      E3E9EF27 
 160      7AB83497 
 160      3734
 161 0037 34353C38 		.ascii	"45<8\372\330r\372\212\003\214\255\314\014\014\377\231"
 161      FAD872FA 
 161      8A038CAD 
 161      CC0C0CFF 
 161      99
 162 0048 18188D65 		.ascii	"\030\030\215e\030\015d@F,g\324d\000*}\264\361\337T^"
 162      180D6440 
 162      462C67D4 
 162      64002A7D 
 162      B4F1DF54 
 163 005d B6960620 		.ascii	"\266\226\006 P\000)\000\312\254`d\003Y\271>\350@\303"
 163      50002900 
ARM GAS  C:\Users\Daniela\AppData\Local\Temp\ccg8mWQK.s 			page 12


 163      CAAC6064 
 163      0359B93E 
 163      E840C3
 164 0070 FFFFCD0D 		.ascii	"\377\377\315\015\007\346\363\035\334\307\007\224\371"
 164      07E6F31D 
 164      DCC70794 
 164      F9
 165 007d 00C420BB 		.ascii	"\000\304 \273>21\201h\346W\214M\007v\367\361\201\324"
 165      3E323181 
 165      68E6578C 
 165      4D0776F7 
 165      F181D4
 166 0090 030D9AD6 		.ascii	"\003\015\232\326z\350<\373\027&\240=\214\014\214+\031"
 166      7AE83CFB 
 166      1726A03D 
 166      8C0C8C2B 
 166      19
 167 00a1 41760075 		.ascii	"Av\000u0\202T\002\365\251\270\247\346\245\026%\226\244"
 167      30825402 
 167      F5A9B8A7 
 167      E6A51625 
 167      96A4
 168 00b3 A6C407E7 		.ascii	"\246\304\007\347\227\026%\247\306\004\004\347;\233\304"
 168      971625A7 
 168      C60404E7 
 168      3B9BC4
 169 00c2 8464E6A6 		.ascii	"\204d\346\246\0269\347\344'g\353%3\000\000\344DD\217"
 169      1639E7E4 
 169      2767EB25 
 169      330000E4 
 169      44448F
 170              		.text
 171              		.section	.gnu.lto_.symbol_nodes.58565549,"",%progbits
 172 0000 789C6361 		.ascii	"x\234ca`d\010g\000\002&\206z\006\206\011\347\030@\324"
 172      60640867 
 172      00022686 
 172      7A068609 
 172      E71840D4 
 173 0014 AE0645A0 		.ascii	"\256\006E\240\000c=#\252\000S=\023\252\000s=3\252\000"
 173      00633D23 
 173      AA00533D 
 173      13AA0073 
 173      3D33AA00 
 174 0028 4B3D0B8A 		.ascii	"K=\013\212\000\003\000U/\023\016"
 174      00030055 
 174      2F130E
 175              		.text
 176              		.section	.gnu.lto_.refs.58565549,"",%progbits
 177 0000 789C6361 		.ascii	"x\234ca`\004B \000\000\0009\000\007"
 177      60044220 
 177      00000039 
 177      0007
 178              		.text
 179              		.section	.gnu.lto_.decls.58565549,"",%progbits
 180 0000 789C8D54 		.ascii	"x\234\215ToL[U\024\277\347\275\266\300\003\351B\026"
 180      6F4C5B55 
 180      14BFE7BD 
ARM GAS  C:\Users\Daniela\AppData\Local\Temp\ccg8mWQK.s 			page 13


 180      B6C003E9 
 180      4216
 181 0012 434C5D70 		.ascii	"CL]p1\224/2\031\306\370\305\304\2049\2769#\312\247%"
 181      31942F32 
 181      19C6F8C5 
 181      C48439BE 
 181      3923CAA7 
 182 0027 0BEB5EB6 		.ascii	"\013\353^\266F\006K\327\031\227\230xg7\003N\023\310"
 182      46064BD7 
 182      19979878 
 182      6737034E 
 182      13C8
 183 0039 D874ACA4 		.ascii	"\330t\254\244lSW\376\314\226u+cv\256\003\201\322Q\006"
 183      6C5357FE 
 183      CC96752B 
 183      6376AE03 
 183      81D25106 
 184 004d 4366CCB2 		.ascii	"Cf\314\262\015\255\213\031\323\210\242!\250P\317\275"
 184      0DAD8B19 
 184      D388A221 
 184      A850CFBD 
 185 005d EFB5EFB5 		.ascii	"\357\265\357\265\266\2117=\257\357\234w\316\371\375"
 185      B689373D 
 185      AFEF9C77 
 185      CEF9FD
 186 006c CE9FF70C 		.ascii	"\316\237\367\014\004\010;M&B\376\301\377FT\023xP%\365"
 186      04083B4D 
 186      2642FEC1 
 186      FF465413 
 186      785025F5 
 187 0080 443B4694 		.ascii	"D;F\224\000J\020e\034%\212\022#\377=\314\247@\215-A"
 187      004A1065 
 187      1C258A12 
 187      23FF3DCC 
 187      A7408D2D 
 188 0095 598FE243 		.ascii	"Y\217\342C\261\242L\241\314\241\314\242lS\375A\215\311"
 188      B1A24CA1 
 188      CCA1CCA2 
 188      6C53FD41 
 188      8DC9
 189 00a7 3C4115B3 		.ascii	"<A\025\263>Kl2.\230%\216q\2232\360GPB:\036\3318\214"
 189      3E4B6C32 
 189      2E98258E 
 189      719332F0 
 189      4750423A 
 190 00bf 67C9C56A 		.ascii	"g\311\305j\314\313\310\223+>\232%>\246>\013\351\374"
 190      CCCBC893 
 190      2B3E9A25 
 190      3EA63E0B 
 190      E9FC
 191 00d1 B2F56C55 		.ascii	"\262\365lU\000\357\354\022\225\356\300w \022u \004@"
 191      00EFEC12 
 191      95EEC077 
 191      20127520 
 191      0440
 192 00e3 B90217A2 		.ascii	"\271\002\027\242\010W\361F \312M\322\224:\004\224'\202"
 192      0857F146 
ARM GAS  C:\Users\Daniela\AppData\Local\Temp\ccg8mWQK.s 			page 14


 192      20CA4DD2 
 192      943A0494 
 192      2782
 193 00f5 6A255A32 		.ascii	"j%Z2\376S\343!\221<<\211\226\035\324 H1\340\217\225"
 193      FE53E321 
 193      913C3C89 
 193      961DD420 
 193      4831E08F 
 194 010a 20486555 		.ascii	" HeU\376\004-B\227/\203Q\222s\022\206\010\311\242C\247"
 194      FE042D42 
 194      972F8351 
 194      92731286 
 194      08C9A243 
 195 011f 436EB328 		.ascii	"Cn\263(\000\273\277\277\342\335Z\331O\361\264Q*<\243"
 195      00BBBFBF 
 195      E2DD5AD9 
 195      4FF1B451 
 195      2A3CA3
 196 0132 75E66EA4 		.ascii	"u\346n\244\247O\374C\000\253\3049\233\321\344\373yh"
 196      A74FFC43 
 196      00ABC439 
 196      9BD1E4FB 
 196      7968
 197 0144 E531C5C4 		.ascii	"\3451\305\304<\242\367\037\374^ n\340\3673\207\375n"
 197      3CA2F71F 
 197      FC5E206E 
 197      E0F73387 
 197      FD6E
 198 0156 E65D2281 		.ascii	"\346]\"\201\001\325\337b\235\361bT\327KP\266*\010\301"
 198      01D5DF62 
 198      9DF16254 
 198      D74B50B6 
 198      2A08C1
 199 0169 B39E2523 		.ascii	"\263\236%#H\025-\224\276G\333\\\264$RL\340\013\260\300"
 199      48152D94 
 199      BE47DB5C 
 199      B424524C 
 199      E00BB0C0 
 200 017d 79B010F0 		.ascii	"y\260\020\360C\005K\331\003\225\004\372\320\330\213"
 200      43054BD9 
 200      039504FA 
 200      D0D88B
 201 018c C6CF19A3 		.ascii	"\306\317\031\243\371S\003/\016Q\272\016| A?\210\334"
 201      F953032F 
 201      0E51BA0E 
 201      7C20413F 
 201      88DC
 202 019e 05CBB14A 		.ascii	"\005\313\261J\012\305_~\365\304\362\014X\026w\330i`"
 202      0AC55F7E 
 202      F5C4F20C 
 202      581677D8 
 202      6960
 203 01b0 B63F97BA 		.ascii	"\266?\227\272\027\362KO\360\202\\\264\314\000\365\217"
 203      17F24B4F 
 203      F0825CB4 
 203      CC00F58F 
 204 01c0 A790085C 		.ascii	"\247\220\010\\\200R\274\016\200AI\020\366\335\0356n"
ARM GAS  C:\Users\Daniela\AppData\Local\Temp\ccg8mWQK.s 			page 15


 204      8052BC0E 
 204      80414910 
 204      F6DD1D36 
 204      6E
 205 01d1 ECA6DD7E 		.ascii	"\354\246\335~:\357\031\263\236p\321\010\306\22517\360"
 205      3AEF19B3 
 205      9E70D108 
 205      C6953137 
 205      F0
 206 01e2 6A785EB6 		.ascii	"jx^\266\035\004\316\301\035\354d\0006b\344\241\300\334"
 206      1D04CEC1 
 206      1DEC6400 
 206      3662E4A1 
 206      C0DC
 207 01f4 31A3D8C8 		.ascii	"1\243\330\310k_\2358\325)\344\204\274\304!w\252\210"
 207      6B5F9D38 
 207      D529E484 
 207      BCC42177 
 207      AA88
 208 0206 CBF1B57B 		.ascii	"\313\361\265{f\0051\2746VD\333\016Q\372\022\363\201"
 208      660531BC 
 208      365644DB 
 208      0E51FA12 
 208      F381
 209 0218 8B1ADE45 		.ascii	"\213\032\336E=^\220\343-\370\227Z\013\305w8\236\357"
 209      3D5E90E3 
 209      2DF8975A 
 209      0BC57738 
 209      9EEF
 210 022a C88F3DF9 		.ascii	"\310\217=\371\330\\\013N\006tc\261(c9\331\036_+\024"
 210      D85C0B4E 
 210      067463B1 
 210      286339D9 
 210      1E5F2B14 
 211 023e 3F05A608 		.ascii	"?\005\246\010\263\361\276\207\006\250\220\324~\366("
 211      B3F1BE87 
 211      06A890D4 
 211      7EF628
 212 024d FD0C61BB 		.ascii	"\375\014a\273\256hx\026\326O>\233\3053\324TJ\240\332"
 212      AE687816 
 212      D64F3E9B 
 212      C533D454 
 212      4AA0DA
 213 0260 02CFE260 		.ascii	"\002\317\342`\276\304\301X\324\301\014aA\227\261 \004"
 213      BEC4C158 
 213      D4C10C61 
 213      4197B120 
 213      04
 214 0271 78F0B1E7 		.ascii	"x\360\261\347\221\211\267=\224j\373g\177\375\275\310"
 214      9189B73D 
 214      946AFB67 
 214      7FFDBDC8 
 215 0281 E65FCEB6 		.ascii	"\346_\316\266E\324\221*WHyO\217\005$\261\227\223\202"
 215      45D4912A 
 215      5748794F 
 215      8F0524B1 
 215      979382
ARM GAS  C:\Users\Daniela\AppData\Local\Temp\ccg8mWQK.s 			page 16


 216 0294 D1C472D8 		.ascii	"\321\304r\330\254,\213\200\352\255\305\311\256BeY\326"
 216      AC2C8B80 
 216      EAADC5C9 
 216      AE426559 
 216      D6
 217 02a5 216577C7 		.ascii	"!ew\307\365\363\246\344\262P\027\225\274\270,\303\010"
 217      F5F3A6E4 
 217      B2501795 
 217      BCB82CC3 
 217      08
 218 02b6 7F9D2DCB 		.ascii	"\177\235-\313\327\310\251\\\345t\015\215_%\227%|{\003"
 218      D7C8A95C 
 218      E5740D8D 
 218      5F259725 
 218      7C7B03
 219 02c9 15600419 		.ascii	"\025`\004\031\205\265\312\312\325M9\376\323\361\371"
 219      85B5CACA 
 219      D54D39FE 
 219      D3F1F9
 220 02d8 024E9939 		.ascii	"\002N\2319\\\005\316y\"\372\3419c\316\271\215\361\271"
 220      5C05CE79 
 220      22FAE139 
 220      63CEB98D 
 220      F1B9
 221 02ea 8D2657E5 		.ascii	"\215&W\345\333\333\035\013brU\336\257\375\341\002\245"
 221      DBDB1D0B 
 221      627255DE 
 221      AFFDE102 
 221      A5
 222 02fb AD186860 		.ascii	"\255\030h`~0\250!\016\352g7\316g\327;\031\270Z,\016"
 222      7E30A821 
 222      0EEA6737 
 222      CE67D73B 
 222      19B85A2C 
 223 0310 28B57F1F 		.ascii	"(\265\177\037\216\257JzPFHC\235H\333\226c\037=t\231"
 223      8EAF4A7A 
 223      50464843 
 223      9D48DB96 
 223      631F3D74 
 224 0325 D46D9939 		.ascii	"\324m\2319Zt\222\206\017c\234\300\274 \242aF\364\230"
 224      5A749286 
 224      0F639CC0 
 224      BC20A261 
 224      46F498
 225 0338 518E393D 		.ascii	"Q\2169=\334q\244X\274\251`N\037\035u\231\365\230\241"
 225      DC71A458 
 225      BCA9604E 
 225      1F1D7599 
 225      F598A1
 226 034b 34CCC934 		.ascii	"4\314\3114\314.\317\310Y\366N\370\021\263kJLa\242\027"
 226      CC2ECFC8 
 226      59F64EF8 
 226      11B36B4A 
 226      4C61A217 
 227 035f DCD0306F 		.ascii	"\334\3200o\3501c\014St_\233\035\024A\262\000f\206\026"
 227      E831630C 
 227      53745F9B 
ARM GAS  C:\Users\Daniela\AppData\Local\Temp\ccg8mWQK.s 			page 17


 227      1D1441B2 
 227      00668616 
 228 0373 152DED55 		.ascii	"\025-\355U'0\0058\021\230F\375&\352\235\024\335\026"
 228      27300538 
 228      119846FD 
 228      26EA9D14 
 228      DD16
 229 0385 13897713 		.ascii	"\023\211w\023\211<\376\210\033h\373\231--\355Op\003"
 229      893CFE88 
 229      1B68FB99 
 229      2D2DED4F 
 229      7003
 230 0397 BB20A92B 		.ascii	"\273 \251+\375\276OD\251\205\255\303\377\372|\260\220"
 230      FDBE4F44 
 230      A985ADC3 
 230      FFFA7CB0 
 230      90
 231 03a8 7BD46D14 		.ascii	"{\324m\024\227\225\327`\350\362\243\376be\247\262d\370"
 231      9795D760 
 231      E8F2A3FE 
 231      6265A7B2 
 231      64F8
 232 03ba 26F70768 		.ascii	"&\367\007he[{+\253~\026;vK\253~\006\324\305\012Ff.\345"
 232      655B7B2B 
 232      AB7E163B 
 232      764BAB7E 
 232      06D4C50A 
 233 03d2 157DA07D 		.ascii	"\025}\240}\327\270\247V\357\034\024\361/0\373/y\335"
 233      D7B8A756 
 233      EF1C14F1 
 233      2F30FB2F 
 233      79DD
 234 03e4 BE5776D4 		.ascii	"\276Wv\32446\333\336\334Q\347lp8_~;\277\366\2257\312"
 234      3436DBDE 
 234      DC51E76C 
 234      70385F7E 
 234      3BBFF695 
 235 03fa 6AAAAA88 		.ascii	"j\252\252\210\351\200\275\311Y\275\371\251Z\271Iv48"
 235      E980BDC9 
 235      59BDF9A9 
 235      5AB94976 
 235      3438
 236 040c E55D3BEA 		.ascii	"\345];\352\232\0178l\362\366W\353\232k\236\333d;\350"
 236      9A0F386C 
 236      F2F657EB 
 236      9A6B9EDB 
 236      643BE8
 237 041f 3CB84FDE 		.ascii	"<\270O\336_\271\207<\235\335c\273\226\273\322F\314i"
 237      5FB9873C 
 237      9DDD63BB 
 237      96BBD246 
 237      CC69
 238 0431 48CDFBAC 		.ascii	"H\315\373\254z]vnu4\330\234\366\346\246\206\306-\366"
 238      7A5D766E 
 238      7534D89C 
 238      F6E6A686 
 238      C62DF6
ARM GAS  C:\Users\Daniela\AppData\Local\Temp\ccg8mWQK.s 			page 18


 239 0444 B7ECBB64 		.ascii	"\267\354\273d\307k\362n\373~\247\35402\026/p.U\317?"
 239      C76BF26E 
 239      FB7EA7EC 
 239      3032162F 
 239      702E55CF 
 240 0459 A90BAA95 		.ascii	"\251\013\252\225\235\031\256\326\364\247\271S:\344\335"
 240      9D19AED6 
 240      F4A7B953 
 240      3AE4DD
 241 0468 D59BFF05 		.ascii	"\325\233\377\005\322\324Cr"
 241      D2D44372 
 242              		.text
 243              		.section	.gnu.lto_.symtab.58565549,"",%progbits
 244 0000 54696D65 		.ascii	"TimerClock_StartEx\000"
 244      72436C6F 
 244      636B5F53 
 244      74617274 
 244      457800
 245 0013 00       		.ascii	"\000"
 246 0014 00       		.ascii	"\000"
 247 0015 00       		.ascii	"\000"
 248 0016 00000000 		.ascii	"\000\000\000\000\000\000\000\000"
 248      00000000 
 249 001e B3000000 		.ascii	"\263\000\000\000"
 250 0022 54696D65 		.ascii	"TimerClock_Stop\000"
 250      72436C6F 
 250      636B5F53 
 250      746F7000 
 251 0032 00       		.ascii	"\000"
 252 0033 00       		.ascii	"\000"
 253 0034 00       		.ascii	"\000"
 254 0035 00000000 		.ascii	"\000\000\000\000\000\000\000\000"
 254      00000000 
 255 003d B6000000 		.ascii	"\266\000\000\000"
 256 0041 54696D65 		.ascii	"TimerClock_SetFractionalDividerRegister\000"
 256      72436C6F 
 256      636B5F53 
 256      65744672 
 256      61637469 
 257 0069 00       		.ascii	"\000"
 258 006a 00       		.ascii	"\000"
 259 006b 00       		.ascii	"\000"
 260 006c 00000000 		.ascii	"\000\000\000\000\000\000\000\000"
 260      00000000 
 261 0074 C7000000 		.ascii	"\307\000\000\000"
 262 0078 54696D65 		.ascii	"TimerClock_GetDividerRegister\000"
 262      72436C6F 
 262      636B5F47 
 262      65744469 
 262      76696465 
 263 0096 00       		.ascii	"\000"
 264 0097 00       		.ascii	"\000"
 265 0098 00       		.ascii	"\000"
 266 0099 00000000 		.ascii	"\000\000\000\000\000\000\000\000"
 266      00000000 
 267 00a1 CA000000 		.ascii	"\312\000\000\000"
 268 00a5 54696D65 		.ascii	"TimerClock_GetFractionalDividerRegister\000"
ARM GAS  C:\Users\Daniela\AppData\Local\Temp\ccg8mWQK.s 			page 19


 268      72436C6F 
 268      636B5F47 
 268      65744672 
 268      61637469 
 269 00cd 00       		.ascii	"\000"
 270 00ce 00       		.ascii	"\000"
 271 00cf 00       		.ascii	"\000"
 272 00d0 00000000 		.ascii	"\000\000\000\000\000\000\000\000"
 272      00000000 
 273 00d8 CD000000 		.ascii	"\315\000\000\000"
 274              		.text
 275              		.section	.gnu.lto_.opts,"",%progbits
 276 0000 272D666D 		.ascii	"'-fmath-errno' '-fsigned-zeros' '-ftrapping-math' '"
 276      6174682D 
 276      6572726E 
 276      6F272027 
 276      2D667369 
 277 0033 2D666E6F 		.ascii	"-fno-trapv' '-fno-openmp' '-fno-openacc' '-mcpu=cor"
 277      2D747261 
 277      70762720 
 277      272D666E 
 277      6F2D6F70 
 278 0066 7465782D 		.ascii	"tex-m0' '-mthumb' '-g' '-O3' '-ffunction-sections' "
 278      6D302720 
 278      272D6D74 
 278      68756D62 
 278      2720272D 
 279 0099 272D6666 		.ascii	"'-ffat-lto-objects' '-finline-functions' '-flto'\000"
 279      61742D6C 
 279      746F2D6F 
 279      626A6563 
 279      74732720 
 280              		.text
 281              		.cfi_sections	.debug_frame
 282              		.section	.text.TimerClock_StartEx,"ax",%progbits
 283              		.align	2
 284              		.global	TimerClock_StartEx
 285              		.code	16
 286              		.thumb_func
 287              		.type	TimerClock_StartEx, %function
 288              	TimerClock_StartEx:
 289              	.LFB0:
 290              		.file 1 "Generated_Source\\PSoC4\\TimerClock.c"
   1:Generated_Source\PSoC4/TimerClock.c **** /*******************************************************************************
   2:Generated_Source\PSoC4/TimerClock.c **** * File Name: TimerClock.c
   3:Generated_Source\PSoC4/TimerClock.c **** * Version 2.20
   4:Generated_Source\PSoC4/TimerClock.c **** *
   5:Generated_Source\PSoC4/TimerClock.c **** *  Description:
   6:Generated_Source\PSoC4/TimerClock.c **** *   Provides system API for the clocking, interrupts and watchdog timer.
   7:Generated_Source\PSoC4/TimerClock.c **** *
   8:Generated_Source\PSoC4/TimerClock.c **** *  Note:
   9:Generated_Source\PSoC4/TimerClock.c **** *   Documentation of the API's in this file is located in the
  10:Generated_Source\PSoC4/TimerClock.c **** *   System Reference Guide provided with PSoC Creator.
  11:Generated_Source\PSoC4/TimerClock.c **** *
  12:Generated_Source\PSoC4/TimerClock.c **** ********************************************************************************
  13:Generated_Source\PSoC4/TimerClock.c **** * Copyright 2008-2012, Cypress Semiconductor Corporation.  All rights reserved.
  14:Generated_Source\PSoC4/TimerClock.c **** * You may use this file only in accordance with the license, terms, conditions,
ARM GAS  C:\Users\Daniela\AppData\Local\Temp\ccg8mWQK.s 			page 20


  15:Generated_Source\PSoC4/TimerClock.c **** * disclaimers, and limitations in the end user license agreement accompanying
  16:Generated_Source\PSoC4/TimerClock.c **** * the software package with which this file was provided.
  17:Generated_Source\PSoC4/TimerClock.c **** *******************************************************************************/
  18:Generated_Source\PSoC4/TimerClock.c **** 
  19:Generated_Source\PSoC4/TimerClock.c **** #include <cydevice_trm.h>
  20:Generated_Source\PSoC4/TimerClock.c **** #include "TimerClock.h"
  21:Generated_Source\PSoC4/TimerClock.c **** 
  22:Generated_Source\PSoC4/TimerClock.c **** #if defined CYREG_PERI_DIV_CMD
  23:Generated_Source\PSoC4/TimerClock.c **** 
  24:Generated_Source\PSoC4/TimerClock.c **** /*******************************************************************************
  25:Generated_Source\PSoC4/TimerClock.c **** * Function Name: TimerClock_StartEx
  26:Generated_Source\PSoC4/TimerClock.c **** ********************************************************************************
  27:Generated_Source\PSoC4/TimerClock.c **** *
  28:Generated_Source\PSoC4/TimerClock.c **** * Summary:
  29:Generated_Source\PSoC4/TimerClock.c **** *  Starts the clock, aligned to the specified running clock.
  30:Generated_Source\PSoC4/TimerClock.c **** *
  31:Generated_Source\PSoC4/TimerClock.c **** * Parameters:
  32:Generated_Source\PSoC4/TimerClock.c **** *  alignClkDiv:  The divider to which phase alignment is performed when the
  33:Generated_Source\PSoC4/TimerClock.c **** *    clock is started.
  34:Generated_Source\PSoC4/TimerClock.c **** *
  35:Generated_Source\PSoC4/TimerClock.c **** * Returns:
  36:Generated_Source\PSoC4/TimerClock.c **** *  None
  37:Generated_Source\PSoC4/TimerClock.c **** *
  38:Generated_Source\PSoC4/TimerClock.c **** *******************************************************************************/
  39:Generated_Source\PSoC4/TimerClock.c **** void TimerClock_StartEx(uint32 alignClkDiv)
  40:Generated_Source\PSoC4/TimerClock.c **** {
 291              		.loc 1 40 0
 292              		.cfi_startproc
 293              		@ args = 0, pretend = 0, frame = 0
 294              		@ frame_needed = 0, uses_anonymous_args = 0
 295              		@ link register save eliminated.
 296              	.LVL0:
  41:Generated_Source\PSoC4/TimerClock.c ****     /* Make sure any previous start command has finished. */
  42:Generated_Source\PSoC4/TimerClock.c ****     while((TimerClock_CMD_REG & TimerClock_CMD_ENABLE_MASK) != 0u)
 297              		.loc 1 42 0
 298 0000 044A     		ldr	r2, .L5
 299              	.L2:
 300              		.loc 1 42 0 is_stmt 0 discriminator 1
 301 0002 1368     		ldr	r3, [r2]
 302 0004 002B     		cmp	r3, #0
 303 0006 FCDB     		blt	.L2
  43:Generated_Source\PSoC4/TimerClock.c ****     {
  44:Generated_Source\PSoC4/TimerClock.c ****     }
  45:Generated_Source\PSoC4/TimerClock.c ****     
  46:Generated_Source\PSoC4/TimerClock.c ****     /* Specify the target divider and it's alignment divider, and enable. */
  47:Generated_Source\PSoC4/TimerClock.c ****     TimerClock_CMD_REG =
  48:Generated_Source\PSoC4/TimerClock.c ****         ((uint32)TimerClock__DIV_ID << TimerClock_CMD_DIV_SHIFT)|
  49:Generated_Source\PSoC4/TimerClock.c ****         (alignClkDiv << TimerClock_CMD_PA_DIV_SHIFT) |
 304              		.loc 1 49 0 is_stmt 1
 305 0008 034B     		ldr	r3, .L5+4
 306 000a 0002     		lsls	r0, r0, #8
 307              	.LVL1:
 308 000c 1843     		orrs	r0, r3
  47:Generated_Source\PSoC4/TimerClock.c ****         ((uint32)TimerClock__DIV_ID << TimerClock_CMD_DIV_SHIFT)|
 309              		.loc 1 47 0
 310 000e 014B     		ldr	r3, .L5
  50:Generated_Source\PSoC4/TimerClock.c ****         (uint32)TimerClock_CMD_ENABLE_MASK;
ARM GAS  C:\Users\Daniela\AppData\Local\Temp\ccg8mWQK.s 			page 21


  51:Generated_Source\PSoC4/TimerClock.c **** }
 311              		.loc 1 51 0
 312              		@ sp needed
  47:Generated_Source\PSoC4/TimerClock.c ****         ((uint32)TimerClock__DIV_ID << TimerClock_CMD_DIV_SHIFT)|
 313              		.loc 1 47 0
 314 0010 1860     		str	r0, [r3]
 315              		.loc 1 51 0
 316 0012 7047     		bx	lr
 317              	.L6:
 318              		.align	2
 319              	.L5:
 320 0014 00000140 		.word	1073807360
 321 0018 41000080 		.word	-2147483583
 322              		.cfi_endproc
 323              	.LFE0:
 324              		.size	TimerClock_StartEx, .-TimerClock_StartEx
 325              		.section	.text.TimerClock_Stop,"ax",%progbits
 326              		.align	2
 327              		.global	TimerClock_Stop
 328              		.code	16
 329              		.thumb_func
 330              		.type	TimerClock_Stop, %function
 331              	TimerClock_Stop:
 332              	.LFB1:
  52:Generated_Source\PSoC4/TimerClock.c **** 
  53:Generated_Source\PSoC4/TimerClock.c **** #else
  54:Generated_Source\PSoC4/TimerClock.c **** 
  55:Generated_Source\PSoC4/TimerClock.c **** /*******************************************************************************
  56:Generated_Source\PSoC4/TimerClock.c **** * Function Name: TimerClock_Start
  57:Generated_Source\PSoC4/TimerClock.c **** ********************************************************************************
  58:Generated_Source\PSoC4/TimerClock.c **** *
  59:Generated_Source\PSoC4/TimerClock.c **** * Summary:
  60:Generated_Source\PSoC4/TimerClock.c **** *  Starts the clock.
  61:Generated_Source\PSoC4/TimerClock.c **** *
  62:Generated_Source\PSoC4/TimerClock.c **** * Parameters:
  63:Generated_Source\PSoC4/TimerClock.c **** *  None
  64:Generated_Source\PSoC4/TimerClock.c **** *
  65:Generated_Source\PSoC4/TimerClock.c **** * Returns:
  66:Generated_Source\PSoC4/TimerClock.c **** *  None
  67:Generated_Source\PSoC4/TimerClock.c **** *
  68:Generated_Source\PSoC4/TimerClock.c **** *******************************************************************************/
  69:Generated_Source\PSoC4/TimerClock.c **** 
  70:Generated_Source\PSoC4/TimerClock.c **** void TimerClock_Start(void)
  71:Generated_Source\PSoC4/TimerClock.c **** {
  72:Generated_Source\PSoC4/TimerClock.c ****     /* Set the bit to enable the clock. */
  73:Generated_Source\PSoC4/TimerClock.c ****     TimerClock_ENABLE_REG |= TimerClock__ENABLE_MASK;
  74:Generated_Source\PSoC4/TimerClock.c **** }
  75:Generated_Source\PSoC4/TimerClock.c **** 
  76:Generated_Source\PSoC4/TimerClock.c **** #endif /* CYREG_PERI_DIV_CMD */
  77:Generated_Source\PSoC4/TimerClock.c **** 
  78:Generated_Source\PSoC4/TimerClock.c **** 
  79:Generated_Source\PSoC4/TimerClock.c **** /*******************************************************************************
  80:Generated_Source\PSoC4/TimerClock.c **** * Function Name: TimerClock_Stop
  81:Generated_Source\PSoC4/TimerClock.c **** ********************************************************************************
  82:Generated_Source\PSoC4/TimerClock.c **** *
  83:Generated_Source\PSoC4/TimerClock.c **** * Summary:
  84:Generated_Source\PSoC4/TimerClock.c **** *  Stops the clock and returns immediately. This API does not require the
ARM GAS  C:\Users\Daniela\AppData\Local\Temp\ccg8mWQK.s 			page 22


  85:Generated_Source\PSoC4/TimerClock.c **** *  source clock to be running but may return before the hardware is actually
  86:Generated_Source\PSoC4/TimerClock.c **** *  disabled.
  87:Generated_Source\PSoC4/TimerClock.c **** *
  88:Generated_Source\PSoC4/TimerClock.c **** * Parameters:
  89:Generated_Source\PSoC4/TimerClock.c **** *  None
  90:Generated_Source\PSoC4/TimerClock.c **** *
  91:Generated_Source\PSoC4/TimerClock.c **** * Returns:
  92:Generated_Source\PSoC4/TimerClock.c **** *  None
  93:Generated_Source\PSoC4/TimerClock.c **** *
  94:Generated_Source\PSoC4/TimerClock.c **** *******************************************************************************/
  95:Generated_Source\PSoC4/TimerClock.c **** void TimerClock_Stop(void)
  96:Generated_Source\PSoC4/TimerClock.c **** {
 333              		.loc 1 96 0
 334              		.cfi_startproc
 335              		@ args = 0, pretend = 0, frame = 0
 336              		@ frame_needed = 0, uses_anonymous_args = 0
 337              		@ link register save eliminated.
  97:Generated_Source\PSoC4/TimerClock.c **** #if defined CYREG_PERI_DIV_CMD
  98:Generated_Source\PSoC4/TimerClock.c **** 
  99:Generated_Source\PSoC4/TimerClock.c ****     /* Make sure any previous start command has finished. */
 100:Generated_Source\PSoC4/TimerClock.c ****     while((TimerClock_CMD_REG & TimerClock_CMD_ENABLE_MASK) != 0u)
 338              		.loc 1 100 0
 339 0000 034A     		ldr	r2, .L10
 340              	.L8:
 341              		.loc 1 100 0 is_stmt 0 discriminator 1
 342 0002 1368     		ldr	r3, [r2]
 343 0004 002B     		cmp	r3, #0
 344 0006 FCDB     		blt	.L8
 101:Generated_Source\PSoC4/TimerClock.c ****     {
 102:Generated_Source\PSoC4/TimerClock.c ****     }
 103:Generated_Source\PSoC4/TimerClock.c ****     
 104:Generated_Source\PSoC4/TimerClock.c ****     /* Specify the target divider and it's alignment divider, and disable. */
 105:Generated_Source\PSoC4/TimerClock.c ****     TimerClock_CMD_REG =
 345              		.loc 1 105 0 is_stmt 1
 346 0008 024A     		ldr	r2, .L10+4
 347 000a 014B     		ldr	r3, .L10
 106:Generated_Source\PSoC4/TimerClock.c ****         ((uint32)TimerClock__DIV_ID << TimerClock_CMD_DIV_SHIFT)|
 107:Generated_Source\PSoC4/TimerClock.c ****         ((uint32)TimerClock_CMD_DISABLE_MASK);
 108:Generated_Source\PSoC4/TimerClock.c **** 
 109:Generated_Source\PSoC4/TimerClock.c **** #else
 110:Generated_Source\PSoC4/TimerClock.c **** 
 111:Generated_Source\PSoC4/TimerClock.c ****     /* Clear the bit to disable the clock. */
 112:Generated_Source\PSoC4/TimerClock.c ****     TimerClock_ENABLE_REG &= (uint32)(~TimerClock__ENABLE_MASK);
 113:Generated_Source\PSoC4/TimerClock.c ****     
 114:Generated_Source\PSoC4/TimerClock.c **** #endif /* CYREG_PERI_DIV_CMD */
 115:Generated_Source\PSoC4/TimerClock.c **** }
 348              		.loc 1 115 0
 349              		@ sp needed
 105:Generated_Source\PSoC4/TimerClock.c ****         ((uint32)TimerClock__DIV_ID << TimerClock_CMD_DIV_SHIFT)|
 350              		.loc 1 105 0
 351 000c 1A60     		str	r2, [r3]
 352              		.loc 1 115 0
 353 000e 7047     		bx	lr
 354              	.L11:
 355              		.align	2
 356              	.L10:
 357 0010 00000140 		.word	1073807360
ARM GAS  C:\Users\Daniela\AppData\Local\Temp\ccg8mWQK.s 			page 23


 358 0014 41000040 		.word	1073741889
 359              		.cfi_endproc
 360              	.LFE1:
 361              		.size	TimerClock_Stop, .-TimerClock_Stop
 362              		.section	.text.TimerClock_SetFractionalDividerRegister,"ax",%progbits
 363              		.align	2
 364              		.global	TimerClock_SetFractionalDividerRegister
 365              		.code	16
 366              		.thumb_func
 367              		.type	TimerClock_SetFractionalDividerRegister, %function
 368              	TimerClock_SetFractionalDividerRegister:
 369              	.LFB2:
 116:Generated_Source\PSoC4/TimerClock.c **** 
 117:Generated_Source\PSoC4/TimerClock.c **** 
 118:Generated_Source\PSoC4/TimerClock.c **** /*******************************************************************************
 119:Generated_Source\PSoC4/TimerClock.c **** * Function Name: TimerClock_SetFractionalDividerRegister
 120:Generated_Source\PSoC4/TimerClock.c **** ********************************************************************************
 121:Generated_Source\PSoC4/TimerClock.c **** *
 122:Generated_Source\PSoC4/TimerClock.c **** * Summary:
 123:Generated_Source\PSoC4/TimerClock.c **** *  Modifies the clock divider and the fractional divider.
 124:Generated_Source\PSoC4/TimerClock.c **** *
 125:Generated_Source\PSoC4/TimerClock.c **** * Parameters:
 126:Generated_Source\PSoC4/TimerClock.c **** *  clkDivider:  Divider register value (0-65535). This value is NOT the
 127:Generated_Source\PSoC4/TimerClock.c **** *    divider; the clock hardware divides by clkDivider plus one. For example,
 128:Generated_Source\PSoC4/TimerClock.c **** *    to divide the clock by 2, this parameter should be set to 1.
 129:Generated_Source\PSoC4/TimerClock.c **** *  fracDivider:  Fractional Divider register value (0-31).
 130:Generated_Source\PSoC4/TimerClock.c **** * Returns:
 131:Generated_Source\PSoC4/TimerClock.c **** *  None
 132:Generated_Source\PSoC4/TimerClock.c **** *
 133:Generated_Source\PSoC4/TimerClock.c **** *******************************************************************************/
 134:Generated_Source\PSoC4/TimerClock.c **** void TimerClock_SetFractionalDividerRegister(uint16 clkDivider, uint8 clkFractional)
 135:Generated_Source\PSoC4/TimerClock.c **** {
 370              		.loc 1 135 0
 371              		.cfi_startproc
 372              		@ args = 0, pretend = 0, frame = 0
 373              		@ frame_needed = 0, uses_anonymous_args = 0
 374              	.LVL2:
 375 0000 10B5     		push	{r4, lr}
 376              		.cfi_def_cfa_offset 8
 377              		.cfi_offset 4, -8
 378              		.cfi_offset 14, -4
 136:Generated_Source\PSoC4/TimerClock.c ****     uint32 maskVal;
 137:Generated_Source\PSoC4/TimerClock.c ****     uint32 regVal;
 138:Generated_Source\PSoC4/TimerClock.c ****     
 139:Generated_Source\PSoC4/TimerClock.c **** #if defined (TimerClock__FRAC_MASK) || defined (CYREG_PERI_DIV_CMD)
 140:Generated_Source\PSoC4/TimerClock.c ****     
 141:Generated_Source\PSoC4/TimerClock.c **** 	/* get all but divider bits */
 142:Generated_Source\PSoC4/TimerClock.c ****     maskVal = TimerClock_DIV_REG & 
 143:Generated_Source\PSoC4/TimerClock.c ****                     (uint32)(~(uint32)(TimerClock_DIV_INT_MASK | TimerClock_DIV_FRAC_MASK)); 
 144:Generated_Source\PSoC4/TimerClock.c **** 	/* combine mask and new divider vals into 32-bit value */
 145:Generated_Source\PSoC4/TimerClock.c ****     regVal = maskVal |
 379              		.loc 1 145 0
 380 0002 FF24     		movs	r4, #255
 381 0004 C900     		lsls	r1, r1, #3
 382              	.LVL3:
 383 0006 2140     		ands	r1, r4
 384 0008 0002     		lsls	r0, r0, #8
ARM GAS  C:\Users\Daniela\AppData\Local\Temp\ccg8mWQK.s 			page 24


 385              	.LVL4:
 386 000a 0843     		orrs	r0, r1
 387 000c 0721     		movs	r1, #7
 142:Generated_Source\PSoC4/TimerClock.c ****                     (uint32)(~(uint32)(TimerClock_DIV_INT_MASK | TimerClock_DIV_FRAC_MASK)); 
 388              		.loc 1 142 0
 389 000e 034A     		ldr	r2, .L13
 146:Generated_Source\PSoC4/TimerClock.c ****         ((uint32)((uint32)clkDivider <<  TimerClock_DIV_INT_SHIFT) & TimerClock_DIV_INT_MASK) |
 147:Generated_Source\PSoC4/TimerClock.c ****         ((uint32)((uint32)clkFractional << TimerClock_DIV_FRAC_SHIFT) & TimerClock_DIV_FRAC_MASK);
 148:Generated_Source\PSoC4/TimerClock.c ****     
 149:Generated_Source\PSoC4/TimerClock.c **** #else
 150:Generated_Source\PSoC4/TimerClock.c ****     /* get all but integer divider bits */
 151:Generated_Source\PSoC4/TimerClock.c ****     maskVal = TimerClock_DIV_REG & (uint32)(~(uint32)TimerClock__DIVIDER_MASK);
 152:Generated_Source\PSoC4/TimerClock.c ****     /* combine mask and new divider val into 32-bit value */
 153:Generated_Source\PSoC4/TimerClock.c ****     regVal = clkDivider | maskVal;
 154:Generated_Source\PSoC4/TimerClock.c ****     
 155:Generated_Source\PSoC4/TimerClock.c **** #endif /* TimerClock__FRAC_MASK || CYREG_PERI_DIV_CMD */
 156:Generated_Source\PSoC4/TimerClock.c **** 
 157:Generated_Source\PSoC4/TimerClock.c ****     TimerClock_DIV_REG = regVal;
 158:Generated_Source\PSoC4/TimerClock.c **** }
 390              		.loc 1 158 0
 391              		@ sp needed
 142:Generated_Source\PSoC4/TimerClock.c ****                     (uint32)(~(uint32)(TimerClock_DIV_INT_MASK | TimerClock_DIV_FRAC_MASK)); 
 392              		.loc 1 142 0
 393 0010 1368     		ldr	r3, [r2]
 394              	.LVL5:
 145:Generated_Source\PSoC4/TimerClock.c ****         ((uint32)((uint32)clkDivider <<  TimerClock_DIV_INT_SHIFT) & TimerClock_DIV_INT_MASK) |
 395              		.loc 1 145 0
 396 0012 0B40     		ands	r3, r1
 397              	.LVL6:
 398 0014 1843     		orrs	r0, r3
 399              	.LVL7:
 157:Generated_Source\PSoC4/TimerClock.c **** }
 400              		.loc 1 157 0
 401 0016 1060     		str	r0, [r2]
 402              		.loc 1 158 0
 403 0018 10BD     		pop	{r4, pc}
 404              	.L14:
 405 001a C046     		.align	2
 406              	.L13:
 407 001c 04030140 		.word	1073808132
 408              		.cfi_endproc
 409              	.LFE2:
 410              		.size	TimerClock_SetFractionalDividerRegister, .-TimerClock_SetFractionalDividerRegister
 411              		.section	.text.TimerClock_GetDividerRegister,"ax",%progbits
 412              		.align	2
 413              		.global	TimerClock_GetDividerRegister
 414              		.code	16
 415              		.thumb_func
 416              		.type	TimerClock_GetDividerRegister, %function
 417              	TimerClock_GetDividerRegister:
 418              	.LFB3:
 159:Generated_Source\PSoC4/TimerClock.c **** 
 160:Generated_Source\PSoC4/TimerClock.c **** 
 161:Generated_Source\PSoC4/TimerClock.c **** /*******************************************************************************
 162:Generated_Source\PSoC4/TimerClock.c **** * Function Name: TimerClock_GetDividerRegister
 163:Generated_Source\PSoC4/TimerClock.c **** ********************************************************************************
 164:Generated_Source\PSoC4/TimerClock.c **** *
ARM GAS  C:\Users\Daniela\AppData\Local\Temp\ccg8mWQK.s 			page 25


 165:Generated_Source\PSoC4/TimerClock.c **** * Summary:
 166:Generated_Source\PSoC4/TimerClock.c **** *  Gets the clock divider register value.
 167:Generated_Source\PSoC4/TimerClock.c **** *
 168:Generated_Source\PSoC4/TimerClock.c **** * Parameters:
 169:Generated_Source\PSoC4/TimerClock.c **** *  None
 170:Generated_Source\PSoC4/TimerClock.c **** *
 171:Generated_Source\PSoC4/TimerClock.c **** * Returns:
 172:Generated_Source\PSoC4/TimerClock.c **** *  Divide value of the clock minus 1. For example, if the clock is set to
 173:Generated_Source\PSoC4/TimerClock.c **** *  divide by 2, the return value will be 1.
 174:Generated_Source\PSoC4/TimerClock.c **** *
 175:Generated_Source\PSoC4/TimerClock.c **** *******************************************************************************/
 176:Generated_Source\PSoC4/TimerClock.c **** uint16 TimerClock_GetDividerRegister(void)
 177:Generated_Source\PSoC4/TimerClock.c **** {
 419              		.loc 1 177 0
 420              		.cfi_startproc
 421              		@ args = 0, pretend = 0, frame = 0
 422              		@ frame_needed = 0, uses_anonymous_args = 0
 423              		@ link register save eliminated.
 178:Generated_Source\PSoC4/TimerClock.c ****     return (uint16)((TimerClock_DIV_REG & TimerClock_DIV_INT_MASK)
 424              		.loc 1 178 0
 425 0000 024B     		ldr	r3, .L16
 179:Generated_Source\PSoC4/TimerClock.c ****         >> TimerClock_DIV_INT_SHIFT);
 180:Generated_Source\PSoC4/TimerClock.c **** }
 426              		.loc 1 180 0
 427              		@ sp needed
 178:Generated_Source\PSoC4/TimerClock.c ****     return (uint16)((TimerClock_DIV_REG & TimerClock_DIV_INT_MASK)
 428              		.loc 1 178 0
 429 0002 1868     		ldr	r0, [r3]
 430 0004 000A     		lsrs	r0, r0, #8
 431 0006 80B2     		uxth	r0, r0
 432              		.loc 1 180 0
 433 0008 7047     		bx	lr
 434              	.L17:
 435 000a C046     		.align	2
 436              	.L16:
 437 000c 04030140 		.word	1073808132
 438              		.cfi_endproc
 439              	.LFE3:
 440              		.size	TimerClock_GetDividerRegister, .-TimerClock_GetDividerRegister
 441              		.section	.text.TimerClock_GetFractionalDividerRegister,"ax",%progbits
 442              		.align	2
 443              		.global	TimerClock_GetFractionalDividerRegister
 444              		.code	16
 445              		.thumb_func
 446              		.type	TimerClock_GetFractionalDividerRegister, %function
 447              	TimerClock_GetFractionalDividerRegister:
 448              	.LFB4:
 181:Generated_Source\PSoC4/TimerClock.c **** 
 182:Generated_Source\PSoC4/TimerClock.c **** 
 183:Generated_Source\PSoC4/TimerClock.c **** /*******************************************************************************
 184:Generated_Source\PSoC4/TimerClock.c **** * Function Name: TimerClock_GetFractionalDividerRegister
 185:Generated_Source\PSoC4/TimerClock.c **** ********************************************************************************
 186:Generated_Source\PSoC4/TimerClock.c **** *
 187:Generated_Source\PSoC4/TimerClock.c **** * Summary:
 188:Generated_Source\PSoC4/TimerClock.c **** *  Gets the clock fractional divider register value.
 189:Generated_Source\PSoC4/TimerClock.c **** *
 190:Generated_Source\PSoC4/TimerClock.c **** * Parameters:
ARM GAS  C:\Users\Daniela\AppData\Local\Temp\ccg8mWQK.s 			page 26


 191:Generated_Source\PSoC4/TimerClock.c **** *  None
 192:Generated_Source\PSoC4/TimerClock.c **** *
 193:Generated_Source\PSoC4/TimerClock.c **** * Returns:
 194:Generated_Source\PSoC4/TimerClock.c **** *  Fractional Divide value of the clock
 195:Generated_Source\PSoC4/TimerClock.c **** *  0 if the fractional divider is not in use.
 196:Generated_Source\PSoC4/TimerClock.c **** *
 197:Generated_Source\PSoC4/TimerClock.c **** *******************************************************************************/
 198:Generated_Source\PSoC4/TimerClock.c **** uint8 TimerClock_GetFractionalDividerRegister(void)
 199:Generated_Source\PSoC4/TimerClock.c **** {
 449              		.loc 1 199 0
 450              		.cfi_startproc
 451              		@ args = 0, pretend = 0, frame = 0
 452              		@ frame_needed = 0, uses_anonymous_args = 0
 453              		@ link register save eliminated.
 200:Generated_Source\PSoC4/TimerClock.c **** #if defined (TimerClock__FRAC_MASK)
 201:Generated_Source\PSoC4/TimerClock.c ****     /* return fractional divider bits */
 202:Generated_Source\PSoC4/TimerClock.c ****     return (uint8)((TimerClock_DIV_REG & TimerClock_DIV_FRAC_MASK)
 203:Generated_Source\PSoC4/TimerClock.c ****         >> TimerClock_DIV_FRAC_SHIFT);
 204:Generated_Source\PSoC4/TimerClock.c **** #else
 205:Generated_Source\PSoC4/TimerClock.c ****     return 0u;
 206:Generated_Source\PSoC4/TimerClock.c **** #endif /* TimerClock__FRAC_MASK */
 207:Generated_Source\PSoC4/TimerClock.c **** }
 454              		.loc 1 207 0
 455 0000 0020     		movs	r0, #0
 456              		@ sp needed
 457 0002 7047     		bx	lr
 458              		.cfi_endproc
 459              	.LFE4:
 460              		.size	TimerClock_GetFractionalDividerRegister, .-TimerClock_GetFractionalDividerRegister
 461              		.text
 462              	.Letext0:
 463              		.file 2 "Generated_Source\\PSoC4/cytypes.h"
 464              		.section	.debug_info,"",%progbits
 465              	.Ldebug_info0:
 466 0000 62010000 		.4byte	0x162
 467 0004 0400     		.2byte	0x4
 468 0006 00000000 		.4byte	.Ldebug_abbrev0
 469 000a 04       		.byte	0x4
 470 000b 01       		.uleb128 0x1
 471 000c C1000000 		.4byte	.LASF25
 472 0010 0C       		.byte	0xc
 473 0011 0E000000 		.4byte	.LASF26
 474 0015 40020000 		.4byte	.LASF27
 475 0019 00000000 		.4byte	.Ldebug_ranges0+0
 476 001d 00000000 		.4byte	0
 477 0021 00000000 		.4byte	.Ldebug_line0
 478 0025 02       		.uleb128 0x2
 479 0026 01       		.byte	0x1
 480 0027 06       		.byte	0x6
 481 0028 34020000 		.4byte	.LASF0
 482 002c 02       		.uleb128 0x2
 483 002d 01       		.byte	0x1
 484 002e 08       		.byte	0x8
 485 002f 60000000 		.4byte	.LASF1
 486 0033 02       		.uleb128 0x2
 487 0034 02       		.byte	0x2
 488 0035 05       		.byte	0x5
ARM GAS  C:\Users\Daniela\AppData\Local\Temp\ccg8mWQK.s 			page 27


 489 0036 1B020000 		.4byte	.LASF2
 490 003a 02       		.uleb128 0x2
 491 003b 02       		.byte	0x2
 492 003c 07       		.byte	0x7
 493 003d AE000000 		.4byte	.LASF3
 494 0041 02       		.uleb128 0x2
 495 0042 04       		.byte	0x4
 496 0043 05       		.byte	0x5
 497 0044 2B020000 		.4byte	.LASF4
 498 0048 02       		.uleb128 0x2
 499 0049 04       		.byte	0x4
 500 004a 07       		.byte	0x7
 501 004b 9C000000 		.4byte	.LASF5
 502 004f 02       		.uleb128 0x2
 503 0050 08       		.byte	0x8
 504 0051 05       		.byte	0x5
 505 0052 08020000 		.4byte	.LASF6
 506 0056 02       		.uleb128 0x2
 507 0057 08       		.byte	0x8
 508 0058 07       		.byte	0x7
 509 0059 F1010000 		.4byte	.LASF7
 510 005d 03       		.uleb128 0x3
 511 005e 04       		.byte	0x4
 512 005f 05       		.byte	0x5
 513 0060 696E7400 		.ascii	"int\000"
 514 0064 02       		.uleb128 0x2
 515 0065 04       		.byte	0x4
 516 0066 07       		.byte	0x7
 517 0067 BC010000 		.4byte	.LASF8
 518 006b 04       		.uleb128 0x4
 519 006c 25020000 		.4byte	.LASF9
 520 0070 02       		.byte	0x2
 521 0071 D201     		.2byte	0x1d2
 522 0073 2C000000 		.4byte	0x2c
 523 0077 04       		.uleb128 0x4
 524 0078 9B010000 		.4byte	.LASF10
 525 007c 02       		.byte	0x2
 526 007d D301     		.2byte	0x1d3
 527 007f 3A000000 		.4byte	0x3a
 528 0083 04       		.uleb128 0x4
 529 0084 A2010000 		.4byte	.LASF11
 530 0088 02       		.byte	0x2
 531 0089 D401     		.2byte	0x1d4
 532 008b 48000000 		.4byte	0x48
 533 008f 02       		.uleb128 0x2
 534 0090 04       		.byte	0x4
 535 0091 04       		.byte	0x4
 536 0092 32000000 		.4byte	.LASF12
 537 0096 02       		.uleb128 0x2
 538 0097 08       		.byte	0x8
 539 0098 04       		.byte	0x4
 540 0099 73010000 		.4byte	.LASF13
 541 009d 02       		.uleb128 0x2
 542 009e 01       		.byte	0x1
 543 009f 08       		.byte	0x8
 544 00a0 16020000 		.4byte	.LASF14
 545 00a4 04       		.uleb128 0x4
ARM GAS  C:\Users\Daniela\AppData\Local\Temp\ccg8mWQK.s 			page 28


 546 00a5 00000000 		.4byte	.LASF15
 547 00a9 02       		.byte	0x2
 548 00aa 7E02     		.2byte	0x27e
 549 00ac B0000000 		.4byte	0xb0
 550 00b0 05       		.uleb128 0x5
 551 00b1 83000000 		.4byte	0x83
 552 00b5 06       		.uleb128 0x6
 553 00b6 A9010000 		.4byte	.LASF16
 554 00ba 01       		.byte	0x1
 555 00bb 27       		.byte	0x27
 556 00bc 00000000 		.4byte	.LFB0
 557 00c0 1C000000 		.4byte	.LFE0-.LFB0
 558 00c4 01       		.uleb128 0x1
 559 00c5 9C       		.byte	0x9c
 560 00c6 DA000000 		.4byte	0xda
 561 00ca 07       		.uleb128 0x7
 562 00cb 81010000 		.4byte	.LASF18
 563 00cf 01       		.byte	0x1
 564 00d0 27       		.byte	0x27
 565 00d1 83000000 		.4byte	0x83
 566 00d5 00000000 		.4byte	.LLST0
 567 00d9 00       		.byte	0
 568 00da 08       		.uleb128 0x8
 569 00db 6E000000 		.4byte	.LASF28
 570 00df 01       		.byte	0x1
 571 00e0 5F       		.byte	0x5f
 572 00e1 00000000 		.4byte	.LFB1
 573 00e5 18000000 		.4byte	.LFE1-.LFB1
 574 00e9 01       		.uleb128 0x1
 575 00ea 9C       		.byte	0x9c
 576 00eb 06       		.uleb128 0x6
 577 00ec C9010000 		.4byte	.LASF17
 578 00f0 01       		.byte	0x1
 579 00f1 86       		.byte	0x86
 580 00f2 00000000 		.4byte	.LFB2
 581 00f6 20000000 		.4byte	.LFE2-.LFB2
 582 00fa 01       		.uleb128 0x1
 583 00fb 9C       		.byte	0x9c
 584 00fc 3B010000 		.4byte	0x13b
 585 0100 07       		.uleb128 0x7
 586 0101 68010000 		.4byte	.LASF19
 587 0105 01       		.byte	0x1
 588 0106 86       		.byte	0x86
 589 0107 77000000 		.4byte	0x77
 590 010b 21000000 		.4byte	.LLST1
 591 010f 07       		.uleb128 0x7
 592 0110 8D010000 		.4byte	.LASF20
 593 0114 01       		.byte	0x1
 594 0115 86       		.byte	0x86
 595 0116 6B000000 		.4byte	0x6b
 596 011a 42000000 		.4byte	.LLST2
 597 011e 09       		.uleb128 0x9
 598 011f 06000000 		.4byte	.LASF21
 599 0123 01       		.byte	0x1
 600 0124 88       		.byte	0x88
 601 0125 83000000 		.4byte	0x83
 602 0129 63000000 		.4byte	.LLST3
ARM GAS  C:\Users\Daniela\AppData\Local\Temp\ccg8mWQK.s 			page 29


 603 012d 0A       		.uleb128 0xa
 604 012e 7A010000 		.4byte	.LASF22
 605 0132 01       		.byte	0x1
 606 0133 89       		.byte	0x89
 607 0134 83000000 		.4byte	0x83
 608 0138 01       		.uleb128 0x1
 609 0139 50       		.byte	0x50
 610 013a 00       		.byte	0
 611 013b 0B       		.uleb128 0xb
 612 013c 7E000000 		.4byte	.LASF23
 613 0140 01       		.byte	0x1
 614 0141 B0       		.byte	0xb0
 615 0142 77000000 		.4byte	0x77
 616 0146 00000000 		.4byte	.LFB3
 617 014a 10000000 		.4byte	.LFE3-.LFB3
 618 014e 01       		.uleb128 0x1
 619 014f 9C       		.byte	0x9c
 620 0150 0B       		.uleb128 0xb
 621 0151 38000000 		.4byte	.LASF24
 622 0155 01       		.byte	0x1
 623 0156 C6       		.byte	0xc6
 624 0157 6B000000 		.4byte	0x6b
 625 015b 00000000 		.4byte	.LFB4
 626 015f 04000000 		.4byte	.LFE4-.LFB4
 627 0163 01       		.uleb128 0x1
 628 0164 9C       		.byte	0x9c
 629 0165 00       		.byte	0
 630              		.section	.debug_abbrev,"",%progbits
 631              	.Ldebug_abbrev0:
 632 0000 01       		.uleb128 0x1
 633 0001 11       		.uleb128 0x11
 634 0002 01       		.byte	0x1
 635 0003 25       		.uleb128 0x25
 636 0004 0E       		.uleb128 0xe
 637 0005 13       		.uleb128 0x13
 638 0006 0B       		.uleb128 0xb
 639 0007 03       		.uleb128 0x3
 640 0008 0E       		.uleb128 0xe
 641 0009 1B       		.uleb128 0x1b
 642 000a 0E       		.uleb128 0xe
 643 000b 55       		.uleb128 0x55
 644 000c 17       		.uleb128 0x17
 645 000d 11       		.uleb128 0x11
 646 000e 01       		.uleb128 0x1
 647 000f 10       		.uleb128 0x10
 648 0010 17       		.uleb128 0x17
 649 0011 00       		.byte	0
 650 0012 00       		.byte	0
 651 0013 02       		.uleb128 0x2
 652 0014 24       		.uleb128 0x24
 653 0015 00       		.byte	0
 654 0016 0B       		.uleb128 0xb
 655 0017 0B       		.uleb128 0xb
 656 0018 3E       		.uleb128 0x3e
 657 0019 0B       		.uleb128 0xb
 658 001a 03       		.uleb128 0x3
 659 001b 0E       		.uleb128 0xe
ARM GAS  C:\Users\Daniela\AppData\Local\Temp\ccg8mWQK.s 			page 30


 660 001c 00       		.byte	0
 661 001d 00       		.byte	0
 662 001e 03       		.uleb128 0x3
 663 001f 24       		.uleb128 0x24
 664 0020 00       		.byte	0
 665 0021 0B       		.uleb128 0xb
 666 0022 0B       		.uleb128 0xb
 667 0023 3E       		.uleb128 0x3e
 668 0024 0B       		.uleb128 0xb
 669 0025 03       		.uleb128 0x3
 670 0026 08       		.uleb128 0x8
 671 0027 00       		.byte	0
 672 0028 00       		.byte	0
 673 0029 04       		.uleb128 0x4
 674 002a 16       		.uleb128 0x16
 675 002b 00       		.byte	0
 676 002c 03       		.uleb128 0x3
 677 002d 0E       		.uleb128 0xe
 678 002e 3A       		.uleb128 0x3a
 679 002f 0B       		.uleb128 0xb
 680 0030 3B       		.uleb128 0x3b
 681 0031 05       		.uleb128 0x5
 682 0032 49       		.uleb128 0x49
 683 0033 13       		.uleb128 0x13
 684 0034 00       		.byte	0
 685 0035 00       		.byte	0
 686 0036 05       		.uleb128 0x5
 687 0037 35       		.uleb128 0x35
 688 0038 00       		.byte	0
 689 0039 49       		.uleb128 0x49
 690 003a 13       		.uleb128 0x13
 691 003b 00       		.byte	0
 692 003c 00       		.byte	0
 693 003d 06       		.uleb128 0x6
 694 003e 2E       		.uleb128 0x2e
 695 003f 01       		.byte	0x1
 696 0040 3F       		.uleb128 0x3f
 697 0041 19       		.uleb128 0x19
 698 0042 03       		.uleb128 0x3
 699 0043 0E       		.uleb128 0xe
 700 0044 3A       		.uleb128 0x3a
 701 0045 0B       		.uleb128 0xb
 702 0046 3B       		.uleb128 0x3b
 703 0047 0B       		.uleb128 0xb
 704 0048 27       		.uleb128 0x27
 705 0049 19       		.uleb128 0x19
 706 004a 11       		.uleb128 0x11
 707 004b 01       		.uleb128 0x1
 708 004c 12       		.uleb128 0x12
 709 004d 06       		.uleb128 0x6
 710 004e 40       		.uleb128 0x40
 711 004f 18       		.uleb128 0x18
 712 0050 9742     		.uleb128 0x2117
 713 0052 19       		.uleb128 0x19
 714 0053 01       		.uleb128 0x1
 715 0054 13       		.uleb128 0x13
 716 0055 00       		.byte	0
ARM GAS  C:\Users\Daniela\AppData\Local\Temp\ccg8mWQK.s 			page 31


 717 0056 00       		.byte	0
 718 0057 07       		.uleb128 0x7
 719 0058 05       		.uleb128 0x5
 720 0059 00       		.byte	0
 721 005a 03       		.uleb128 0x3
 722 005b 0E       		.uleb128 0xe
 723 005c 3A       		.uleb128 0x3a
 724 005d 0B       		.uleb128 0xb
 725 005e 3B       		.uleb128 0x3b
 726 005f 0B       		.uleb128 0xb
 727 0060 49       		.uleb128 0x49
 728 0061 13       		.uleb128 0x13
 729 0062 02       		.uleb128 0x2
 730 0063 17       		.uleb128 0x17
 731 0064 00       		.byte	0
 732 0065 00       		.byte	0
 733 0066 08       		.uleb128 0x8
 734 0067 2E       		.uleb128 0x2e
 735 0068 00       		.byte	0
 736 0069 3F       		.uleb128 0x3f
 737 006a 19       		.uleb128 0x19
 738 006b 03       		.uleb128 0x3
 739 006c 0E       		.uleb128 0xe
 740 006d 3A       		.uleb128 0x3a
 741 006e 0B       		.uleb128 0xb
 742 006f 3B       		.uleb128 0x3b
 743 0070 0B       		.uleb128 0xb
 744 0071 27       		.uleb128 0x27
 745 0072 19       		.uleb128 0x19
 746 0073 11       		.uleb128 0x11
 747 0074 01       		.uleb128 0x1
 748 0075 12       		.uleb128 0x12
 749 0076 06       		.uleb128 0x6
 750 0077 40       		.uleb128 0x40
 751 0078 18       		.uleb128 0x18
 752 0079 9742     		.uleb128 0x2117
 753 007b 19       		.uleb128 0x19
 754 007c 00       		.byte	0
 755 007d 00       		.byte	0
 756 007e 09       		.uleb128 0x9
 757 007f 34       		.uleb128 0x34
 758 0080 00       		.byte	0
 759 0081 03       		.uleb128 0x3
 760 0082 0E       		.uleb128 0xe
 761 0083 3A       		.uleb128 0x3a
 762 0084 0B       		.uleb128 0xb
 763 0085 3B       		.uleb128 0x3b
 764 0086 0B       		.uleb128 0xb
 765 0087 49       		.uleb128 0x49
 766 0088 13       		.uleb128 0x13
 767 0089 02       		.uleb128 0x2
 768 008a 17       		.uleb128 0x17
 769 008b 00       		.byte	0
 770 008c 00       		.byte	0
 771 008d 0A       		.uleb128 0xa
 772 008e 34       		.uleb128 0x34
 773 008f 00       		.byte	0
ARM GAS  C:\Users\Daniela\AppData\Local\Temp\ccg8mWQK.s 			page 32


 774 0090 03       		.uleb128 0x3
 775 0091 0E       		.uleb128 0xe
 776 0092 3A       		.uleb128 0x3a
 777 0093 0B       		.uleb128 0xb
 778 0094 3B       		.uleb128 0x3b
 779 0095 0B       		.uleb128 0xb
 780 0096 49       		.uleb128 0x49
 781 0097 13       		.uleb128 0x13
 782 0098 02       		.uleb128 0x2
 783 0099 18       		.uleb128 0x18
 784 009a 00       		.byte	0
 785 009b 00       		.byte	0
 786 009c 0B       		.uleb128 0xb
 787 009d 2E       		.uleb128 0x2e
 788 009e 00       		.byte	0
 789 009f 3F       		.uleb128 0x3f
 790 00a0 19       		.uleb128 0x19
 791 00a1 03       		.uleb128 0x3
 792 00a2 0E       		.uleb128 0xe
 793 00a3 3A       		.uleb128 0x3a
 794 00a4 0B       		.uleb128 0xb
 795 00a5 3B       		.uleb128 0x3b
 796 00a6 0B       		.uleb128 0xb
 797 00a7 27       		.uleb128 0x27
 798 00a8 19       		.uleb128 0x19
 799 00a9 49       		.uleb128 0x49
 800 00aa 13       		.uleb128 0x13
 801 00ab 11       		.uleb128 0x11
 802 00ac 01       		.uleb128 0x1
 803 00ad 12       		.uleb128 0x12
 804 00ae 06       		.uleb128 0x6
 805 00af 40       		.uleb128 0x40
 806 00b0 18       		.uleb128 0x18
 807 00b1 9742     		.uleb128 0x2117
 808 00b3 19       		.uleb128 0x19
 809 00b4 00       		.byte	0
 810 00b5 00       		.byte	0
 811 00b6 00       		.byte	0
 812              		.section	.debug_loc,"",%progbits
 813              	.Ldebug_loc0:
 814              	.LLST0:
 815 0000 00000000 		.4byte	.LVL0
 816 0004 0C000000 		.4byte	.LVL1
 817 0008 0100     		.2byte	0x1
 818 000a 50       		.byte	0x50
 819 000b 0C000000 		.4byte	.LVL1
 820 000f 1C000000 		.4byte	.LFE0
 821 0013 0400     		.2byte	0x4
 822 0015 F3       		.byte	0xf3
 823 0016 01       		.uleb128 0x1
 824 0017 50       		.byte	0x50
 825 0018 9F       		.byte	0x9f
 826 0019 00000000 		.4byte	0
 827 001d 00000000 		.4byte	0
 828              	.LLST1:
 829 0021 00000000 		.4byte	.LVL2
 830 0025 0A000000 		.4byte	.LVL4
ARM GAS  C:\Users\Daniela\AppData\Local\Temp\ccg8mWQK.s 			page 33


 831 0029 0100     		.2byte	0x1
 832 002b 50       		.byte	0x50
 833 002c 0A000000 		.4byte	.LVL4
 834 0030 20000000 		.4byte	.LFE2
 835 0034 0400     		.2byte	0x4
 836 0036 F3       		.byte	0xf3
 837 0037 01       		.uleb128 0x1
 838 0038 50       		.byte	0x50
 839 0039 9F       		.byte	0x9f
 840 003a 00000000 		.4byte	0
 841 003e 00000000 		.4byte	0
 842              	.LLST2:
 843 0042 00000000 		.4byte	.LVL2
 844 0046 06000000 		.4byte	.LVL3
 845 004a 0100     		.2byte	0x1
 846 004c 51       		.byte	0x51
 847 004d 06000000 		.4byte	.LVL3
 848 0051 20000000 		.4byte	.LFE2
 849 0055 0400     		.2byte	0x4
 850 0057 F3       		.byte	0xf3
 851 0058 01       		.uleb128 0x1
 852 0059 51       		.byte	0x51
 853 005a 9F       		.byte	0x9f
 854 005b 00000000 		.4byte	0
 855 005f 00000000 		.4byte	0
 856              	.LLST3:
 857 0063 12000000 		.4byte	.LVL5
 858 0067 14000000 		.4byte	.LVL6
 859 006b 0500     		.2byte	0x5
 860 006d 73       		.byte	0x73
 861 006e 00       		.sleb128 0
 862 006f 37       		.byte	0x37
 863 0070 1A       		.byte	0x1a
 864 0071 9F       		.byte	0x9f
 865 0072 14000000 		.4byte	.LVL6
 866 0076 20000000 		.4byte	.LFE2
 867 007a 0100     		.2byte	0x1
 868 007c 53       		.byte	0x53
 869 007d 00000000 		.4byte	0
 870 0081 00000000 		.4byte	0
 871              		.section	.debug_aranges,"",%progbits
 872 0000 3C000000 		.4byte	0x3c
 873 0004 0200     		.2byte	0x2
 874 0006 00000000 		.4byte	.Ldebug_info0
 875 000a 04       		.byte	0x4
 876 000b 00       		.byte	0
 877 000c 0000     		.2byte	0
 878 000e 0000     		.2byte	0
 879 0010 00000000 		.4byte	.LFB0
 880 0014 1C000000 		.4byte	.LFE0-.LFB0
 881 0018 00000000 		.4byte	.LFB1
 882 001c 18000000 		.4byte	.LFE1-.LFB1
 883 0020 00000000 		.4byte	.LFB2
 884 0024 20000000 		.4byte	.LFE2-.LFB2
 885 0028 00000000 		.4byte	.LFB3
 886 002c 10000000 		.4byte	.LFE3-.LFB3
 887 0030 00000000 		.4byte	.LFB4
ARM GAS  C:\Users\Daniela\AppData\Local\Temp\ccg8mWQK.s 			page 34


 888 0034 04000000 		.4byte	.LFE4-.LFB4
 889 0038 00000000 		.4byte	0
 890 003c 00000000 		.4byte	0
 891              		.section	.debug_ranges,"",%progbits
 892              	.Ldebug_ranges0:
 893 0000 00000000 		.4byte	.LFB0
 894 0004 1C000000 		.4byte	.LFE0
 895 0008 00000000 		.4byte	.LFB1
 896 000c 18000000 		.4byte	.LFE1
 897 0010 00000000 		.4byte	.LFB2
 898 0014 20000000 		.4byte	.LFE2
 899 0018 00000000 		.4byte	.LFB3
 900 001c 10000000 		.4byte	.LFE3
 901 0020 00000000 		.4byte	.LFB4
 902 0024 04000000 		.4byte	.LFE4
 903 0028 00000000 		.4byte	0
 904 002c 00000000 		.4byte	0
 905              		.section	.debug_line,"",%progbits
 906              	.Ldebug_line0:
 907 0000 CF000000 		.section	.debug_str,"MS",%progbits,1
 907      02004700 
 907      00000201 
 907      FB0E0D00 
 907      01010101 
 908              	.LASF15:
 909 0000 72656733 		.ascii	"reg32\000"
 909      3200
 910              	.LASF21:
 911 0006 6D61736B 		.ascii	"maskVal\000"
 911      56616C00 
 912              	.LASF26:
 913 000e 47656E65 		.ascii	"Generated_Source\\PSoC4\\TimerClock.c\000"
 913      72617465 
 913      645F536F 
 913      75726365 
 913      5C50536F 
 914              	.LASF12:
 915 0032 666C6F61 		.ascii	"float\000"
 915      7400
 916              	.LASF24:
 917 0038 54696D65 		.ascii	"TimerClock_GetFractionalDividerRegister\000"
 917      72436C6F 
 917      636B5F47 
 917      65744672 
 917      61637469 
 918              	.LASF1:
 919 0060 756E7369 		.ascii	"unsigned char\000"
 919      676E6564 
 919      20636861 
 919      7200
 920              	.LASF28:
 921 006e 54696D65 		.ascii	"TimerClock_Stop\000"
 921      72436C6F 
 921      636B5F53 
 921      746F7000 
 922              	.LASF23:
 923 007e 54696D65 		.ascii	"TimerClock_GetDividerRegister\000"
ARM GAS  C:\Users\Daniela\AppData\Local\Temp\ccg8mWQK.s 			page 35


 923      72436C6F 
 923      636B5F47 
 923      65744469 
 923      76696465 
 924              	.LASF5:
 925 009c 6C6F6E67 		.ascii	"long unsigned int\000"
 925      20756E73 
 925      69676E65 
 925      6420696E 
 925      7400
 926              	.LASF3:
 927 00ae 73686F72 		.ascii	"short unsigned int\000"
 927      7420756E 
 927      7369676E 
 927      65642069 
 927      6E7400
 928              	.LASF25:
 929 00c1 474E5520 		.ascii	"GNU C11 5.4.1 20160609 (release) [ARM/embedded-5-br"
 929      43313120 
 929      352E342E 
 929      31203230 
 929      31363036 
 930 00f4 616E6368 		.ascii	"anch revision 237715] -mcpu=cortex-m0 -mthumb -g -O"
 930      20726576 
 930      6973696F 
 930      6E203233 
 930      37373135 
 931 0127 33202D66 		.ascii	"3 -ffunction-sections -ffat-lto-objects -finline-fu"
 931      66756E63 
 931      74696F6E 
 931      2D736563 
 931      74696F6E 
 932 015a 6E637469 		.ascii	"nctions -flto\000"
 932      6F6E7320 
 932      2D666C74 
 932      6F00
 933              	.LASF19:
 934 0168 636C6B44 		.ascii	"clkDivider\000"
 934      69766964 
 934      657200
 935              	.LASF13:
 936 0173 646F7562 		.ascii	"double\000"
 936      6C6500
 937              	.LASF22:
 938 017a 72656756 		.ascii	"regVal\000"
 938      616C00
 939              	.LASF18:
 940 0181 616C6967 		.ascii	"alignClkDiv\000"
 940      6E436C6B 
 940      44697600 
 941              	.LASF20:
 942 018d 636C6B46 		.ascii	"clkFractional\000"
 942      72616374 
 942      696F6E61 
 942      6C00
 943              	.LASF10:
 944 019b 75696E74 		.ascii	"uint16\000"
ARM GAS  C:\Users\Daniela\AppData\Local\Temp\ccg8mWQK.s 			page 36


 944      313600
 945              	.LASF11:
 946 01a2 75696E74 		.ascii	"uint32\000"
 946      333200
 947              	.LASF16:
 948 01a9 54696D65 		.ascii	"TimerClock_StartEx\000"
 948      72436C6F 
 948      636B5F53 
 948      74617274 
 948      457800
 949              	.LASF8:
 950 01bc 756E7369 		.ascii	"unsigned int\000"
 950      676E6564 
 950      20696E74 
 950      00
 951              	.LASF17:
 952 01c9 54696D65 		.ascii	"TimerClock_SetFractionalDividerRegister\000"
 952      72436C6F 
 952      636B5F53 
 952      65744672 
 952      61637469 
 953              	.LASF7:
 954 01f1 6C6F6E67 		.ascii	"long long unsigned int\000"
 954      206C6F6E 
 954      6720756E 
 954      7369676E 
 954      65642069 
 955              	.LASF6:
 956 0208 6C6F6E67 		.ascii	"long long int\000"
 956      206C6F6E 
 956      6720696E 
 956      7400
 957              	.LASF14:
 958 0216 63686172 		.ascii	"char\000"
 958      00
 959              	.LASF2:
 960 021b 73686F72 		.ascii	"short int\000"
 960      7420696E 
 960      7400
 961              	.LASF9:
 962 0225 75696E74 		.ascii	"uint8\000"
 962      3800
 963              	.LASF4:
 964 022b 6C6F6E67 		.ascii	"long int\000"
 964      20696E74 
 964      00
 965              	.LASF0:
 966 0234 7369676E 		.ascii	"signed char\000"
 966      65642063 
 966      68617200 
 967              	.LASF27:
 968 0240 433A5C55 		.ascii	"C:\\Users\\Daniela\\Desktop\\Bluetooth_Project\\Thr"
 968      73657273 
 968      5C44616E 
 968      69656C61 
 968      5C446573 
 969 026e 6F756768 		.ascii	"oughput\\GATT Notification - Data Incoming.cydsn\000"
ARM GAS  C:\Users\Daniela\AppData\Local\Temp\ccg8mWQK.s 			page 37


 969      7075745C 
 969      47415454 
 969      204E6F74 
 969      69666963 
 970              		.comm	__gnu_lto_v1,1,1
 971              		.ident	"GCC: (GNU Tools for ARM Embedded Processors) 5.4.1 20160609 (release) [ARM/embedded-5-bran
