ARM GAS  C:\Users\Daniela\AppData\Local\Temp\cc6Tgybw.s 			page 1


   1              		.syntax unified
   2              		.cpu cortex-m0
   3              		.fpu softvfp
   4              		.eabi_attribute 20, 1
   5              		.eabi_attribute 21, 1
   6              		.eabi_attribute 23, 3
   7              		.eabi_attribute 24, 1
   8              		.eabi_attribute 25, 1
   9              		.eabi_attribute 26, 1
  10              		.eabi_attribute 30, 2
  11              		.eabi_attribute 34, 0
  12              		.eabi_attribute 18, 4
  13              		.thumb
  14              		.syntax unified
  15              		.file	"UART_tx.c"
  16              		.text
  17              	.Ltext0:
  18              		.section	.gnu.lto_.profile.58567be5,"",%progbits
  19 0000 789C6361 		.ascii	"x\234ca`d`a`\000\222\352\212\000\000\331\000S"
  19      60646061 
  19      600092EA 
  19      8A0000D9 
  19      0053
  20              		.text
  21              		.section	.gnu.lto_.icf.58567be5,"",%progbits
  22 0000 789C6361 		.ascii	"x\234ca`d\000\0015\006\004`c\230\272\364\322\035F\306"
  22      60640001 
  22      35060460 
  22      6398BAF4 
  22      D21D46C6 
  23 0014 A353BA5E 		.ascii	"\243S\272^\2613\235\232yj\012\007\363\341\277_'\260"
  23      B1339D9A 
  23      796A0A07 
  23      F3E1BF5F 
  23      27B0
  24 0026 B03CBCF7 		.ascii	"\260<\274\367\365\004\013\353\245}\033\036\2621\000"
  24      F5040BEB 
  24      A57D1B1E 
  24      B23100
  25 0035 0066FE12 		.ascii	"\000f\376\022\267"
  25      B7
  26              		.text
  27              		.section	.gnu.lto_.jmpfuncs.58567be5,"",%progbits
  28 0000 789C45C9 		.ascii	"x\234E\311\261\001\000 \010\300\260\026\320+\374\225"
  28      B1010020 
  28      08C0B016 
  28      D02BFC95 
  29 0010 D795C90C 		.ascii	"\327\225\311\014]Z\3108|\033\265\235\004$Thv\257\367"
  29      5D5AC838 
  29      7C1BB59D 
  29      04245468 
  29      76AFF7
  30 0023 2E215502 		.ascii	".!U\002@"
  30      40
  31              		.text
  32              		.section	.gnu.lto_.inline.58567be5,"",%progbits
  33 0000 789C658D 		.ascii	"x\234e\215\311\015\2000\014\004\327\216\343\030\011"
ARM GAS  C:\Users\Daniela\AppData\Local\Temp\cc6Tgybw.s 			page 2


  33      C90D8030 
  33      0C04D78E 
  33      E31809
  34 000f 093A4807 		.ascii	"\011:H\007\224@\245<R\012%P\012%`\203\004B\231\307>"
  34      9440A53C 
  34      520A2550 
  34      0A256083 
  34      044299C7 
  35 0024 767C0808 		.ascii	"v|\010\010\301\206\017\005\254\020\301\\%\333Wh\253"
  35      C1860F05 
  35      AC10C15C 
  35      25DB5768 
  35      AB
  36 0035 0C3E2609 		.ascii	"\014>&\011K\030\254\223\322\352-\031\232\011\254\347"
  36      4B18AC93 
  36      D2EA2D19 
  36      9A09ACE7 
  37 0045 F2F44EEA 		.ascii	"\362\364N\352+\211\023\214\331OP\204\374\237x\2141\226"
  37      2B89138C 
  37      D94F5084 
  37      FC9F788C 
  37      3196
  38 0057 51D4375F 		.ascii	"Q\3247_\031\\\353\300\017\342"
  38      195CEBC0 
  38      0FE2
  39              		.text
  40              		.section	.gnu.lto_.pureconst.58567be5,"",%progbits
  41 0000 789C6361 		.ascii	"x\234ca`d\340e```c\220b\224b\222b\226b\221b\225\002"
  41      6064E065 
  41      60606063 
  41      90629462 
  41      92629662 
  42 0018 00059500 		.ascii	"\000\005\225\000\304"
  42      C4
  43              		.text
  44              		.section	.gnu.lto_UART_tx_SetDriveMode.58567be5,"",%progbits
  45 0000 789C7D51 		.ascii	"x\234}QMK\033Q\024\275\347\275\311\214\"6[\241\263P"
  45      4D4B1B51 
  45      14BDE7BD 
  45      C98C2236 
  45      5BA1B350 
  46 0014 28A81B11 		.ascii	"(\250\033\021\354\037\020\027\335\206\330\356\024\021"
  46      EC1F1017 
  46      DD86D8EE 
  46      1411
  47 0022 9D651B10 		.ascii	"\235e\033\020\005w\276d\034\024\027\022(\006J)\256\202"
  47      0577BE64 
  47      1C141712 
  47      28064A29 
  47      AE82
  48 0034 AD1F5109 		.ascii	"\255\037Q\011(\335\205\024\213\253\024\272(]\211\010"
  48      28DD8514 
  48      8BAB14BA 
  48      285D8908 
  49 0044 CE423789 		.ascii	"\316B7\211\037 \322f\274w\222\265\017\336\275\367\035"
  49      1F20D266 
  49      BC7792B5 
ARM GAS  C:\Users\Daniela\AppData\Local\Temp\cc6Tgybw.s 			page 3


  49      0FDEBDF7 
  49      1D
  50 0055 CE399CF7 		.ascii	"\3169\234\367\236E Y?\270\015p\177\311\033\232\240\362"
  50      9E452059 
  50      3FB80D70 
  50      7FC91B9A 
  50      A0F2
  51 0067 35A26C87 		.ascii	"5\242l\207\002d0\035\240%\205%\334\253\377\012\325\225"
  51      0264301D 
  51      A0258525 
  51      DCABFF0A 
  51      D595
  52 0079 F0BB1ADC 		.ascii	"\360\273\032\3342\274\316\2030\2255AO\240\211\"\025"
  52      32BCCE83 
  52      30953541 
  52      4FA08922 
  52      15
  53 008a 3B11B630 		.ascii	";\021\2660\310\254\333r\361c\227~\005\342\271Q\253\237"
  53      C8ACDB72 
  53      F163977E 
  53      05E2B951 
  53      AB9F
  54 009c BDE82F1A 		.ascii	"\275\350/\032\2233\346\363\244\321\201\006\276B\263"
  54      9333E6F3 
  54      A4D18106 
  54      BE42B3
  55 00ab 02232E86 		.ascii	"\002#.\206]b\200\360\015\375B\2768lnt\333\313b\337\333"
  55      5D6280F0 
  55      0DFD42BE 
  55      386C6E74 
  55      DBCB62DF 
  56 00c0 32C5366C 		.ascii	"2\3056l\211\271\237\256\230(\362M\245l\237\034\331\235"
  56      89B99FAE 
  56      9828F24D 
  56      A56C9F1C 
  56      D99D
  57 00d2 8A654A4B 		.ascii	"\212eJK\261 \342\204\214\266\024G\012Q\235\267\304o"
  57      B120E284 
  57      8CB61447 
  57      0A519DB7 
  57      C46F
  58 00e4 28255D87 		.ascii	"(%]\207\250>\256\375\371d\213\237\257\345*\205\240\372"
  58      A83EAEFD 
  58      F9648B9F 
  58      AFE52A85 
  58      A0FA
  59 00f6 CBB95381 		.ascii	"\313\271S\201\326q\316\362\372\357fW\353\270\232\313"
  59      D671CEF2 
  59      FAEF6657 
  59      EBB89ACB 
  60 0106 1B8BA1EB 		.ascii	"\033\213\241\353b\355\324\331\304\227\3542\002ma\027"
  60      62EDD4D9 
  60      C497EC32 
  60      026D6117 
  61 0116 2E76E072 		.ascii	".v\340r\246=l\202B\370\377\332v\272\345\270}\371\367"
  61      A63D6C82 
  61      42F8FFDA 
ARM GAS  C:\Users\Daniela\AppData\Local\Temp\cc6Tgybw.s 			page 4


  61      76BAE5B8 
  61      7DF9F7
  62 0129 0062A110 		.ascii	"\000b\241\020E\215(\211\022\263C\344n\234\026-\341k"
  62      458D2889 
  62      12B343E4 
  62      6E9C162D 
  62      E16B
  63 013b 4B64F5B6 		.ascii	"Kd\365\266L \226\225n\356J\266\310\022Hb?\226\370\017"
  63      4C209695 
  63      6EEE4AB6 
  63      C8124862 
  63      3F96F80F 
  64 014f 6D8A139B 		.ascii	"m\212\023\233\333\014U\013\020\350\271X\007\034\213"
  64      DB0C550B 
  64      10E8B958 
  64      071C8B
  65 015e 2574855C 		.ascii	"%t\205\\\345\370\247\022z\374+u\005y\003~\221\2767\336"
  65      E5F8A712 
  65      7AFC2B75 
  65      0579037E 
  65      91BE37DE 
  66 0172 076F6E7A 		.ascii	"\007onz\336\233\235\032\317,\314\315x\023\251\361\314"
  66      DE9B9D1A 
  66      CF2CCCCD 
  66      7813A9F1 
  66      CC
  67 0183 D8EB8977 		.ascii	"\330\353\211w\243\351\267S\363\213C3d\275\317\314zO"
  67      A3E9B753 
  67      F38B4333 
  67      64BDCFCC 
  67      7A4F
  68 0195 B0809F72 		.ascii	"\260\200\237r"
  69              		.text
  70              		.section	.gnu.lto_UART_tx_Write.58567be5,"",%progbits
  71 0000 789C5551 		.ascii	"x\234UQMk\023Q\024\275\347\275\231\314\224X\334\270"
  71      4D6B1351 
  71      14BDE7BD 
  71      99CC9458 
  71      DCB8
  72 0012 338B0896 		.ascii	"3\213\010\226R\027Z\320? .\272\225\266\272\012\226\320"
  72      52175AD0 
  72      3F202EBA 
  72      95B6BA0A 
  72      96D0
  73 0024 CECA6021 		.ascii	"\316\312`!\264\305]_\222&\001\335\324\205\355\312\024"
  73      B4C55D5F 
  73      922601DD 
  73      D485EDCA 
  73      14
  74 0035 BF68FCAC 		.ascii	"\277h\374\254UP\374\202q6\245\233\212(\242PT\012\246"
  74      5550FC82 
  74      7136A59B 
  74      8A28A250 
  74      540AA6
  75 0048 B4AB540C 		.ascii	"\264\253T\014\026\251\306{\347m\314e\336\307\2349\347"
  75      16A9C67B 
  75      E76DCC65 
ARM GAS  C:\Users\Daniela\AppData\Local\Temp\cc6Tgybw.s 			page 5


  75      DEC79C39 
  75      E7
  76 0059 DE73EF38 		.ascii	"\336s\3578\004\2228\257\210\216\361y\220\0274A\315\256"
  76      049238AF 
  76      888EF179 
  76      90173441 
  76      CDAE
  77 006b 11157C05 		.ascii	"\021\025|\005\310\305\370\240i\205i\264\324\037\205"
  77      C8C5F8A0 
  77      698569B4 
  77      D41F85
  78 007a A8DA78AE 		.ascii	"\250\332x\256\372\026\015\307\267\357\277\372M=DY\023"
  78      FA160DC7 
  78      B7EFBFFA 
  78      4D3D4459 
  78      13
  79 008b B5559C89 		.ascii	"\265U\234\211\260\210>fm\276\252~\200>\014\342{%j5\223"
  79      B0883E66 
  79      6DBEAA7E 
  79      803E0CE2 
  79      7B256A35 
  80 00a0 BDB78D29 		.ascii	"\275\267\215)\032\323\312\030]\326@\035\232\0258\236"
  80      1AD3CA18 
  80      5DD6401D 
  80      9A15389E 
  81 00b0 427F8A18 		.ascii	"B\177\212\030 \334A\257\220\267\242\3139}$\326\255<"
  81      20DC41AF 
  81      90B7A2CB 
  81      397D24D6 
  81      AD3C
  82 00c2 BDD246CF 		.ascii	"\275\322F\317M\321\205\357W\272\347MXH\213\366\356\377"
  82      4DD185EF 
  82      57BAE74D 
  82      58488BF6 
  82      EEFF
  83 00d4 5A09E66E 		.ascii	"Z\011\346n,\377\275\332\235\230\021Wi\334C\217\365\203"
  83      2CFFBDDA 
  83      9D981157 
  83      69DC438F 
  83      F583
  84 00e6 FB487087 		.ascii	"\373Hp\207\020di04\355v\311\204\357\2747\237\274\244"
  84      10646930 
  84      34ED76C9 
  84      84EFBC37 
  84      9FBCA4
  85 00f9 E2AA4AF3 		.ascii	"\342\252J\363\246\035\222\317.\304AB\000O6?F\273\204"
  85      A61D92CF 
  85      2EC44142 
  85      004F363F 
  85      46BB84
  86 010c 45D4E425 		.ascii	"E\324\344%\223\330QJN\335@\364\373\322ZmJ\362\227\264"
  86      93D8514A 
  86      4EDD40F4 
  86      FBD25A6D 
  86      4AF297B4 
  87 0120 4C65AE1C 		.ascii	"Le\256\034\275\365~\252\262vb\353/w\303y\327\276\232"
  87      BDF57EAA 
ARM GAS  C:\Users\Daniela\AppData\Local\Temp\cc6Tgybw.s 			page 6


  87      B27662EB 
  87      2F77C379 
  87      D7BE9A
  88 0133 E2AC7164 		.ascii	"\342\254qd\"\233\317V\367/\340Za\206\347\345\342!Rx"
  88      229BCF56 
  88      F72FE05A 
  88      6186E7E5 
  88      E2215278 
  89 0147 00F68F25 		.ascii	"\000\366\217%,\200\032(\376\250\256+\233PsNFJ{\225u"
  89      2C801A28 
  89      FEA8AE2B 
  89      9B50734E 
  89      464A7B95 
  90 015c 58C46190 		.ascii	"X\304a\220sl\357\334\250\307U4\276\002\217X\276\201"
  90      736CEFDC 
  90      A8C75534 
  90      BE028F58 
  90      BE81
  91 016e 58235E99 		.ascii	"X#^\231%\242f\345c\355\234U\361\343\262j\365\326\213"
  91      25A266E5 
  91      63ED9C55 
  91      F1E3B26A 
  91      F5D68B
  92 0181 BD7DA24A 		.ascii	"\275}\242J\300\3052\213:R{\314cRu\313\274v\204\004\244"
  92      C0C5328B 
  92      3A527BCC 
  92      635275CB 
  92      BC768404 
  93 0196 F1D89276 		.ascii	"\361\330\222v\023\226\342\307\006\274\316b\276\365\374"
  93      1396E2C7 
  93      06BCCE62 
  93      BEF5FC
  94 01a5 A5366C49 		.ascii	"\2456lI]\026\212\346\256\037\020\240\243\343\2021\311"
  94      5D168AE6 
  94      AE1F10A0 
  94      A3E38231 
  94      C9
  95 01b6 CEA69F70 		.ascii	"\316\246\237p\323\254\241m\024\303\317\003\"\210\377"
  95      D3ACA16D 
  95      14C3CF03 
  95      2288FF
  96 01c5 64534106 		.ascii	"dSA\006\314\343>4\020\\\010\362\331\211`ldh|2?\032d"
  96      CCE33E34 
  96      105C08F2 
  96      D989606C 
  96      64687C32 
  97 01dc 4E0F8D9F 		.ascii	"N\017\215\237:\2219srpxd\342\342\321Qr\247\262\271\311"
  97      3A913973 
  97      72707864 
  97      E2E2D151 
  97      72A7B2B9 
  98 01f1 C01DCB9F 		.ascii	"\300\035\313\237\315\346\376\001l\341\325\006"
  98      CDE6FE01 
  98      6CE1D506 
  99              		.text
 100              		.section	.gnu.lto_UART_tx_Read.58567be5,"",%progbits
 101 0000 789C2D8F 		.ascii	"x\234-\217\277KBQ\024\307\317\367\336\247\211\345_\220"
ARM GAS  C:\Users\Daniela\AppData\Local\Temp\cc6Tgybw.s 			page 7


 101      BF4B4251 
 101      14C7CFF7 
 101      DEA789E5 
 101      5F90
 102 0012 43D1E412 		.ascii	"C\321\344\022A-M\021A\255\221\265\204 aoM\020\2036\257"
 102      412D4D11 
 102      41AD91B5 
 102      8420616F 
 102      4D108336 
 103 0027 EFF914A2 		.ascii	"\357\371\024\242\301\245\202 \\*\265\037D\024\015N&"
 103      C1A58220 
 103      5C2AB51F 
 103      44140D4E 
 103      26
 104 0038 4246505B 		.ascii	"BFP[sE84\225\024AXv\256\257\003\367\234{\317\375\334"
 104      73453834 
 104      95144158 
 104      76AEAF03 
 104      F79C7BCF 
 105 004e EFF75C83 		.ascii	"\357\367\\\203@:&\270\014q\355\347\005I\020\371;\242"
 105      403A26B8 
 105      0C71EDE7 
 105      054910F9 
 105      3BA2
 106 0060 B44F007A 		.ascii	"\264O\000z\243|\240\224@\012\237\342G\340\366\253\261"
 106      A37CA094 
 106      400A9FE2 
 106      47E0F6AB 
 106      B1
 107 0071 E10F1595 		.ascii	"\341\017\025\225\262\324\243s0\276]\252\302\221D\035"
 107      B2D4A373 
 107      30BE5DAA 
 107      C291441D 
 108 0081 41180D62 		.ascii	"A\030\015b$\250%\212\010\021\243\317g\277\233\001oF"
 108      24A8258A 
 108      0811A3CF 
 108      67BF9B01 
 108      6F46
 109 0093 710C6880 		.ascii	"q\014h\200oJ\360j\313\323\271\252\352tlU=\367_]\372"
 109      6F4AF06A 
 109      CBD3B9AA 
 109      EA746C55 
 109      3DF75F5D 
 110 00a8 B9E548F6 		.ascii	"\271\345H\366\345d\350\344!\255Ho\374B\373\277\013\241"
 110      E564E8E4 
 110      21AD486F 
 110      FC42FBBF 
 110      0BA1
 111 00ba AB6CA2F6 		.ascii	"\253l\242\366\275\376P^\324\"\266\224l\260\345\324\356"
 111      BDFE505E 
 111      D422B694 
 111      6CB0E5D4 
 111      EE
 112 00cb 7B3E8423 		.ascii	"{>\204#\005\264\237\225o<\005\334c\306\312+\203[\271"
 112      05B49F95 
 112      6F3C05DC 
 112      63C6CA2B 
ARM GAS  C:\Users\Daniela\AppData\Local\Temp\cc6Tgybw.s 			page 8


 112      835BB9
 113 00de FDCA4E6F 		.ascii	"\375\312No\001\273\351\014O)q\210 \312\340\031q\204"
 113      01BBE90C 
 113      4F297188 
 113      20CAE019 
 113      7184
 114 00f0 02A809BB 		.ascii	"\002\250\011\2735M\266\204+w\263Wi\367\351\367\006<"
 114      354DB684 
 114      2B77B357 
 114      69F7E9F7 
 114      063C
 115 0102 38668CEF 		.ascii	"8f\214\357\333\331\272\32754\230c\350\242~\235\365i"
 115      DBD9BAD7 
 115      35349863 
 115      E8A27E9D 
 115      F569
 116 0114 081C275D 		.ascii	"\010\034']\310j\345^\340B\036\346\350\025\342\377D\335"
 116      C86AE55E 
 116      E0421EE6 
 116      E815E2FF 
 116      44DD
 117 0126 6F408FCF 		.ascii	"o@\217\317\237\031\2341W\314\304R\322\\\216\206\343"
 117      9F199C31 
 117      57CCC452 
 117      D25C8E86 
 117      E3
 118 0137 AB899819 		.ascii	"\253\211\230\031\231\015\307\247\306\"\013\223s\363"
 118      990DC7A7 
 118      C6220B93 
 118      73F3
 119 0145 D1E4DA70 		.ascii	"\321\344\332p\214\376\000\037\377s\335"
 119      8CFE001F 
 119      FF73DD
 120              		.text
 121              		.section	.gnu.lto_UART_tx_ReadDataReg.58567be5,"",%progbits
 122 0000 789C2D8F 		.ascii	"x\234-\217OKBA\024\305\357\231y\317$\213>@.\212Vn\""
 122      4F4B4241 
 122      14C5EF99 
 122      79CF248B 
 122      3E402E8A 
 123 0017 A84DAB88 		.ascii	"\250M\253\210\240\266\241\265\011A\302\334&\210A;G\237"
 123      A0B6A1B5 
 123      0941C2DC 
 123      2688413B 
 123      479F
 124 0029 CF205AB8 		.ascii	"\317 Z\270)\027Qn\002\255\214\210\202\2406/\021J\202"
 124      2917516E 
 124      02AD8C88 
 124      82A0362F 
 124      114A82
 125 003c FA0A11A1 		.ascii	"\372\012\021\241\320\252\244\177\204ew\264\013s\357"
 125      D0AAA47F 
 125      846577B4 
 125      0B73EF
 126 004b CC9DDF9C 		.ascii	"\314\235\337\234s\307 \220\216\011.C\\\373yA\022D\366"
 126      73C72090 
 126      8E092E43 
ARM GAS  C:\Users\Daniela\AppData\Local\Temp\cc6Tgybw.s 			page 9


 126      5CFB7941 
 126      1244F6
 127 005e 8E28E916 		.ascii	"\216(\351\026\200\336(7(!\220\300\273\370\021\270\375"
 127      80DE2837 
 127      282190C0 
 127      BBF811B8 
 127      FD
 128 006f BCD9E8F6 		.ascii	"\274\331\350\366\025\224J\251\007\373t<Wt`K\242\226"
 128      15944AA9 
 128      07FB743C 
 128      5774604B 
 128      A296
 129 0081 208C7A31 		.ascii	" \214z1\342\325\022\005\370\210\321\307\223\337\315"
 129      E2D51205 
 129      F888D1C7 
 129      93DFCD
 130 0090 5E575A71 		.ascii	"^WZq\014h\200o\212pi\313c\277\243Z-K9\333\236\253]\017"
 130      0C68806F 
 130      8A7069CB 
 130      63BFA35A 
 130      2D4B39DB 
 131 00a8 B76CC9BE 		.ascii	"\267l\311\276\234\014\235L\322\212\364\302/\264\377"
 131      9C0C9D4C 
 131      D28AF4C2 
 131      2FB4FF
 132 00b7 AB10BACA 		.ascii	"\253\020\272\312\032\312\337\353\037\245\005-bI\311"
 132      1ACADFEB 
 132      1FA5052D 
 132      6249C9
 133 00c6 065B76F9 		.ascii	"\006[v\371\276\353M\330R@\373]~99\263sT\251\2542\270"
 133      BEEB4DD8 
 133      5240FB5D 
 133      7E3939B3 
 133      7354A9AC 
 134 00dc 55AF9F57 		.ascii	"U\257\237W\373\362\330I\246yJ\211\003x\261\017\236\021"
 134      FBF2D849 
 134      A6794A89 
 134      0378B10F 
 134      9E11
 135 00ee 87C8836A 		.ascii	"\207\310\203j\260\032\323dIt\344\252{\027\315\036\375"
 135      B01AD364 
 135      4974E4AA 
 135      7B17CD1E 
 135      FD
 136 00ff DE808912 		.ascii	"\336\200\211\022c|\337\314T\\\035C\2039\206\316*\327"
 136      637CDFCC 
 136      545C1D43 
 136      833986CE 
 136      2AD7
 137 0111 19B786C0 		.ascii	"\031\267\206\300q\324\206R\215\265't \2239z\206\370"
 137      71D48652 
 137      8DB52774 
 137      2093397A 
 137      86F8
 138 0123 3F51FB1B 		.ascii	"?Q\373\033\320\343\363g\006g\"\313\221\330b<\262\024"
 138      D0E3F367 
 138      066722CB 
ARM GAS  C:\Users\Daniela\AppData\Local\Temp\cc6Tgybw.s 			page 10


 138      91D8623C 
 138      B214
 139 0135 0A445762 		.ascii	"\012DWb\341Hp6\020\235\032\013\316O\372\347B\361\325"
 139      E1487036 
 139      109D1A0B 
 139      CE4FFAE7 
 139      42F1D5
 140 0148 E130FD01 		.ascii	"\3410\375\001\341Dt\364"
 140      E14474F4 
 141              		.text
 142              		.section	.gnu.lto_UART_tx_SetInterruptMode.58567be5,"",%progbits
 143 0000 789C6D91 		.ascii	"x\234m\221Mh\023A\024\307\347\315l\262\233\244I=y\261"
 143      4D681341 
 143      14C7E7CD 
 143      6CB29BA4 
 143      493D79B1 
 144 0014 870896D0 		.ascii	"\207\010\226\320\203\202\342\305c\351\301\233\224Vo"
 144      8382E2C5 
 144      63E9C19B 
 144      94566F
 145 0023 8552DA55 		.ascii	"\205R\332Ur0+1\202\267N\262I\012E\244(\006,\015E\313"
 145      72302B31 
 145      82B74EB2 
 145      490A45A4 
 145      28062C0D 
 146 0039 D268D5B6 		.ascii	"\322h\325\266i\025\332\323\032\360V\225\372\201\370"
 146      6915DAD3 
 146      1AF05695 
 146      FA81F8
 147 0048 814AB529 		.ascii	"\201J\265)T\305\364C\024\321\306\367vr)8\260;\363~\274"
 147      54C5F443 
 147      14D1C6F7 
 147      76722938 
 147      B03BF37E 
 148 005d F79FFF7B 		.ascii	"\367\237\377{\2431`\264J\234\261c\270\357\303\017\004"
 148      A33160B4 
 148      4A9CB163 
 148      B8EFC30F 
 148      04
 149 006e 033EF284 		.ascii	"\003>\362\204\261\264\301\001\350 \015`\203\034\006"
 149      B1B4C101 
 149      E8200D60 
 149      831C06
 150 007d E107FFCB 		.ascii	"\341\007\377\313\2412T]\340m\223\022\327\307\325\265"
 150      A132545D 
 150      E06D9312 
 150      D7C7D5B5 
 151 008d C3B2E442 		.ascii	"\303\262\344BN0V\347\236\022\203Ih\303\254G\365\237"
 151      4E3056E7 
 151      9E128349 
 151      68C3AC47 
 151      F59F
 152 009f 6EF336CF 		.ascii	"n\3636\317\011\000*zV[*\206(\344\260\007\303\321u\247"
 152      09002A7A 
 152      565B2A86 
 152      28E4B007 
 152      C3D175A7 
ARM GAS  C:\Users\Daniela\AppData\Local\Temp\cc6Tgybw.s 			page 11


 153 00b3 10110780 		.ascii	"\020\021\007\200\341ym\376\346\253`\314\2212#e\261O"
 153      E1796DFE 
 153      E6AB60CC 
 153      91322365 
 153      B14F
 154 00c5 FA7242C0 		.ascii	"\372rB\300m\020\250\007\267\240\005J\320\302\0201\230"
 154      6D10A807 
 154      B7A0054A 
 154      D0C21031 
 154      98
 155 00d6 8218666F 		.ascii	"\202\030fo\3159WC\342\240W\271i;vS\243\362C\243\362"
 155      CD395743 
 155      E2A057B9 
 155      693B7653 
 155      A3F243A3 
 156 00eb CE7F2AEF 		.ascii	"\316\177*\357B\214\322\227\2633cBY\3220\334x<\372)\242"
 156      428CD297 
 156      B3336342 
 156      59D230DC 
 156      783CFA29 
 157 0100 2C45319C 		.ascii	",E1\234r^:\\\034\361\204\207__)\207['H\330}~9r]\272"
 157      725E3A5C 
 157      1CF18487 
 157      5F5F2987 
 157      5B2748D8 
 158 011a D9684E68 		.ascii	"\331hNh0\243\304\247Q\374\036\212\323\302\354\225\331"
 158      30A3C4A7 
 158      51FC1E8A 
 158      D3C2EC95 
 158      D9
 159 012b 9D6B617F 		.ascii	"\235ka\177\226\006\022\205YhU\243\2002\370q\270@d\272"
 159      96061285 
 159      596855A3 
 159      8032F871 
 159      B84064BA 
 160 013f CB95F5BA 		.ascii	"\313\225\365\272-\335\345\310\3037\221&\216\266|\350"
 160      2DDDE5C8 
 160      C3379126 
 160      8EB67CE8 
 161 014f 023BD2E8 		.ascii	"\002;\322\350\350\243\237\237Q\246\016\344\326@\340"
 161      E8A39F9F 
 161      51A60EE4 
 161      D640E0
 162 015e 0F100DD2 		.ascii	"\017\020\015\322\217\261\032*\322KlpN\273\250B\345\367"
 162      8FB11A2A 
 162      D24B6C70 
 162      4EBBA842 
 162      E5F7
 163 0170 F0FBC54E 		.ascii	"\360\373\305N\272\304\0264\340B\256\362T\247nt\257\203"
 163      BAC41634 
 163      E042AEF2 
 163      54A76E74 
 163      AF83
 164 0182 6FDF17C6 		.ascii	"o\337\027\306\302*\274\224\031\221\324oy\342\313\347"
 164      C22ABC94 
 164      1991D46F 
 164      79E2CBE7 
ARM GAS  C:\Users\Daniela\AppData\Local\Temp\cc6Tgybw.s 			page 12


 165 0192 E67128A6 		.ascii	"\346q(\246\263\370^\006\314c\023s\324\004\334\207q`"
 165      B3F85E06 
 165      CC631373 
 165      D404DC87 
 165      7160
 166 01a4 55C86C0E 		.ascii	"U\310l\016\275\363)A\315\306\261!\331\311/i\212\370"
 166      BDF32941 
 166      CDC6B121 
 166      D9C92F69 
 166      8AF8
 167 01b6 1022B1FF 		.ascii	"\020\"\261\377\344\277\202\"t/r\266\002\334k\025\315"
 167      E4BF8222 
 167      742F72B6 
 167      02DC6B15 
 167      CD
 168 01c7 235439D5 		.ascii	"#T9\325\305\027\215,\003\225l\241{\362\272B\001\244"
 168      C5178D2C 
 168      03956CA1 
 168      7BF2BA42 
 168      01A4
 169 01d9 94F62BBF 		.ascii	"\224\366+\277-\024\011zj\001\204\225\302\215\275\304"
 169      2D14097A 
 169      6A018495 
 169      C28DBDC4 
 170 01e9 76D94D4B 		.ascii	"v\331MK\031\332\355\370\001:\3062\266\016\031\367\355"
 170      19DAEDF8 
 170      013AC632 
 170      B60E19F7 
 170      ED
 171 01fa 092AF0DE 		.ascii	"\011*\360\336\242\306\201\246\203\263\332\177\334L\230"
 171      A2C681A6 
 171      83B3DA7F 
 171      DC4C98
 172 0209 C9BE9439 		.ascii	"\311\276\2249\320\333m]H\366\233=\235\335V\307\321\236"
 172      D0DB6D5D 
 172      48F69B3D 
 172      9DDD56C7 
 172      D19E
 173 021b 53ED5D27 		.ascii	"S\355]'{S\027\017\3653\343\234u>\236\212[\011\355\254"
 173      7B53170F 
 173      F533E39C 
 173      753E9E8A 
 173      5B09EDAC 
 174 022f 3560EAF1 		.ascii	"5`\352\361D*\331q\372\314?\304\365\356="
 174      442AD971 
 174      FACC3FC4 
 174      F5EE3D
 175              		.text
 176              		.section	.gnu.lto_UART_tx_ClearInterrupt.58567be5,"",%progbits
 177 0000 789C5590 		.ascii	"x\234U\220\277K[Q\024\307\317\367\336\367L(Q\377\000"
 177      BF4B5B51 
 177      14C7CFF7 
 177      DEF74C28 
 177      51FF00
 178 0013 3344D0C1 		.ascii	"3D\320\301\245\010v\250\2438t\025\243\233\020\202\276"
 178      A50876A8 
 178      A3387415 
ARM GAS  C:\Users\Daniela\AppData\Local\Temp\cc6Tgybw.s 			page 13


 178      A39B1082 
 178      BE
 179 0024 495A4123 		.ascii	"IZA#t\2527\211OA\004\263\250 \024\207\212Q\343\317\301"
 179      74AA3789 
 179      4F4104B3 
 179      A8201487 
 179      8A51E3CF 
 180 0039 4589BC86 		.ascii	"E\211\274\206\"\212h\241][*\012\016\205\202\212\032"
 180      228A68A1 
 180      5D5B2A0A 
 180      0E85828A 
 180      1A
 181 004a D0687A4E 		.ascii	"\320hzN^\207z\341q\357\375\276\363\375\334\3579\026"
 181      5E877AE1 
 181      71EFFDBE 
 181      F3FDDCEF 
 181      3916
 182 005c 8164FDE4 		.ascii	"\201d\375\344\255\231\367:\376\240\011*sB\224\014*@"
 182      AD99F73A 
 182      FEA0092A 
 182      7342940C 
 182      2A40
 183 006e 0E26081A 		.ascii	"\016&\010\032Q\030\301\255zT8*\036L\276h\312\032\223"
 183      5118C1AD 
 183      7A54382A 
 183      1E4CBE68 
 183      CA1A93
 184 0081 32A76EB1 		.ascii	"2\247n\261uv\311\203\253\211\312\212\320\022FsX\020"
 184      7576C983 
 184      AB89CA8A 
 184      D0124673 
 184      5810
 185 0093 59341197 		.ascii	"Y4\021\227\236\257?d\253u\003\344|\274\370g\033\215"
 185      9EAF3F64 
 185      AB7503E4 
 185      7CBCF867 
 185      1B8D
 186 00a5 9FC4E6E5 		.ascii	"\237\304\346\345\247B\263\306KF\330\207%\350\377\255"
 186      A742B3C6 
 186      4B46D887 
 186      25E8FFAD 
 187 00b5 24B5675B 		.ascii	"$\265g[O\323\325U\243\206W\004\313h\0248SWP\3059!\312"
 187      4FD3D555 
 187      A3865704 
 187      CB681438 
 187      535750C5 
 188 00cc 46A767CA 		.ascii	"F\247g\312\345\264\361vk?\177\253\015*r5\347v\265\262"
 188      E5B4F176 
 188      6B3F7FAB 
 188      0D2A7235 
 188      E776B5B2 
 189 00e0 487EDB72 		.ascii	"H~\333r\017\220\344\242K\366J\027WJ\311\256/P\270\237"
 189      0F90E4A2 
 189      4BF64A17 
 189      574AC9AE 
 189      2F50B89F 
 190 00f4 B8CB7F10 		.ascii	"\270\313\177\020\\ZKG3n\341k\340F\271ZW\222\236\356"
ARM GAS  C:\Users\Daniela\AppData\Local\Temp\cc6Tgybw.s 			page 14


 190      5C5A4B47 
 190      336EE16B 
 190      E046B95A 
 190      57929EEE 
 191 0108 EDFC0AFA 		.ascii	"\355\374\012\372\327L*c,\226~|/\346j\346\36119\312\275"
 191      D74C2A63 
 191      2C967E7C 
 191      2FE66AE6 
 191      F13139CA 
 192 011d 5A584518 		.ascii	"ZXE\0309p\\\254a\036t\201\324\365xI\371@\315LV\322\245"
 192      39705CAC 
 192      611E7481 
 192      D4F57849 
 192      F940CD4C 
 193 0134 B12FF015 		.ascii	"\261/\360\025\213Ef\\\035\317\235\327\010V!\202uv\237"
 193      8B45665C 
 193      1DCF9DD7 
 193      08562182 
 193      75769F
 194 0147 A16291BC 		.ascii	"\241b\221\274\\\344S\236\362]\276\311\366\245\302L\005"
 194      5CE4539E 
 194      F25DBEC9 
 194      F6A5C24C 
 194      05
 195 0158 F22C42D2 		.ascii	"\362,B\322\030\373y\212\015N\301\026y\366zl\177\357"
 195      18FB798A 
 195      0D4EC116 
 195      79F67A6C 
 195      7FEF
 196 016a B58F0830 		.ascii	"\265\217\0100\202\215\207\013;\245\220\274k\303\306"
 196      828D870B 
 196      3BA590BC 
 196      6BC3C6
 197 0179 26D7FFC6 		.ascii	"&\327\377\306\277\250\001\252\214\0072\026\036R\375"
 197      BFA801AA 
 197      8C073216 
 197      1E52FD
 198 0188 1BE79D33 		.ascii	"\033\347\2353\030O8}\261\350\300\360`\257\323\323\021"
 198      184F387D 
 198      B1E8C0F0 
 198      60AFD3D3 
 198      11
 199 0199 1D687FD5 		.ascii	"\035h\177\325\323\335\326\331\025K\274\177\331K\241"
 199      D3DDD6D9 
 199      154BBC7F 
 199      D94BA1
 200 01a8 B7F1A17E 		.ascii	"\267\361\241~\247/\232\210'\206\207\376\002\021\271"
 200      A72F9A88 
 200      278687FE 
 200      0211B9
 201 01b7 AD1C     		.ascii	"\255\034"
 202              		.text
 203              		.section	.gnu.lto_.symbol_nodes.58567be5,"",%progbits
 204 0000 789C6361 		.ascii	"x\234ca`d\310`\000\002&\206z\006\206\011\347\030@\324"
 204      6064C860 
 204      00022686 
 204      7A068609 
ARM GAS  C:\Users\Daniela\AppData\Local\Temp\cc6Tgybw.s 			page 15


 204      E71840D4 
 205 0014 AE0645A0 		.ascii	"\256\006E\240\000c=#\252\000S=\023\252\000s=3\252\000"
 205      00633D23 
 205      AA00533D 
 205      13AA0073 
 205      3D33AA00 
 206 0028 4B3D0BAA 		.ascii	"K=\013\252\000k=+\212\000\003\000\305\333\026\342"
 206      006B3D2B 
 206      8A000300 
 206      C5DB16E2 
 207              		.text
 208              		.section	.gnu.lto_.refs.58567be5,"",%progbits
 209 0000 789C6361 		.ascii	"x\234ca`\004B \000\000\0009\000\007"
 209      60044220 
 209      00000039 
 209      0007
 210              		.text
 211              		.section	.gnu.lto_.decls.58567be5,"",%progbits
 212 0000 789C8D54 		.ascii	"x\234\215ToL[U\024\277\347\275\266\260G\201\005\311"
 212      6F4C5B55 
 212      14BFE7BD 
 212      B6B04781 
 212      05C9
 213 0012 C2877EC0 		.ascii	"\302\207~\300}h\371\2042\214\361\213\211\206\305i\242"
 213      7D68F984 
 213      328CF18B 
 213      8986C569 
 213      A2
 214 0023 CE809B5F 		.ascii	"\316\200\233_\226\220\016^&\213\201\245\026\263}\273"
 214      96900E5E 
 214      268B81A5 
 214      16B37DBB 
 215 0033 5A985393 		.ascii	"Z\230S\223\205Ee\303t\031\033Q[)\177;\220v*\355\224"
 215      854565C3 
 215      74191B51 
 215      5B297F3B 
 215      90762AED 
 216 0048 AE3226FF 		.ascii	"\2562&\377>\030\263\351\226 1\223E\253lYpn\365\334{"
 216      3E18B3E9 
 216      96203193 
 216      45AB6C59 
 216      706EF5DC 
 217 005d DFEB7D62 		.ascii	"\337\353}b\211\334\364\274\367\316\275\347\374\316\357"
 217      89DCF4BC 
 217      F7CEBDE7 
 217      FCCEEF
 218 006c FCEE496D 		.ascii	"\374\356Im\004\010[v\007!\327\360\035A7\213\253\000"
 218      04085B76 
 218      0721D7F0 
 218      1D41378B 
 218      AB00
 219 007e BFF712B9 		.ascii	"\277\367\022\271\360\230D\321\306\320&\320\342h)\264"
 219      F09844D1 
 219      C6D026D0 
 219      E26829B4 
 220 008e 34F9EF8A 		.ascii	"4\371\357\212\032\361,\177\020\315\203\266\2006\207"
 220      1AF12C7F 
ARM GAS  C:\Users\Daniela\AppData\Local\Temp\cc6Tgybw.s 			page 16


 220      10CD83B6 
 220      803687
 221 009d B6DB8801 		.ascii	"\266\333\210\001#n\375b\370\005\353r]\033\344\217\345"
 221      236EFD62 
 221      F805EB72 
 221      5D1BE48F 
 221      E5
 222 00ae C967DCEC 		.ascii	"\311g\334\354\377Sw\"O^|\023y\361<yL\203-\006\3372\264"
 222      FF537722 
 222      4F5E7C13 
 222      79F13C79 
 222      4C832D06 
 223 00c5 72B424DA 		.ascii	"r\264$\332\214\201\343\266`\2318\251<8LG\307&z\316\247"
 223      8C81E3B6 
 223      609938A9 
 223      3C384C47 
 223      C7267ACE 
 224 00da F77D0542 		.ascii	"\367}\005B\213\253T\273\012?\200J\214\013%\000\342\011"
 224      8BAB54BB 
 224      0A3F804A 
 224      8C0B2500 
 224      E209
 225 00ec DC8830EE 		.ascii	"\334\2100\356\342\207B\304\207\271\225[\004\304\211"
 225      E28742C4 
 225      87B9955B 
 225      04C489
 226 00fb 62EC1209 		.ascii	"b\354\022\011\306\177F>d\315\305A$:\030I\220c\300\217"
 226      C67F463E 
 226      64CDC541 
 226      243A1849 
 226      9063C08F 
 227 010f 4512E450 		.ascii	"E\022\344P\305K\221\031\026\274u\214L\316f\031\242\344"
 227      C54B9119 
 227      16BC758C 
 227      4CCE6619 
 227      A2E4
 228 0121 9AEE0F67 		.ascii	"\232\356\017g\235\252\002\354\373\372Z\350\231\352\010"
 228      9DAA02EC 
 228      FBFA5AE8 
 228      99EA08
 229 0130 C5D545A9 		.ascii	"\305\325E\251\362\210Tf\250\363\347p\341m\005\\\032"
 229      F2885466 
 229      A8F3E770 
 229      E16D055C 
 229      1A
 230 0141 6481F9B7 		.ascii	"d\201\371\267bk\305\302g\307='\226\036\024\251\225\354"
 230      626BC5C2 
 230      67C73D27 
 230      961E14A9 
 230      95EC
 231 0153 5B595CEA 		.ascii	"[Y\\\352\277i\203*\355\023\006s\343t\370\311\030\245"
 231      BF69832A 
 231      ED130673 
 231      E374F8C9 
 231      18A5
 232 0165 5B611034 		.ascii	"[a\0204\210\200\012a\250f\034\\\032>\217Q\372\026\315"
 232      88800A61 
ARM GAS  C:\Users\Daniela\AppData\Local\Temp\cc6Tgybw.s 			page 17


 232      A8661C5C 
 232      1A3E8F51 
 232      FA16CD
 233 0178 9CA38E0A 		.ascii	"\234\243\216\012\002\265.x\324E`\000\252\030&\213\202"
 233      02B52E78 
 233      D4456000 
 233      AA18268B 
 233      82
 234 0189 7E70C167 		.ascii	"~p\301g\340b\370\313'\317\2548lH\231\343\354\267\261"
 234      E062F8CB 
 234      27CFAC38 
 234      6C4899E3 
 234      ECB7B1
 235 019c BDF98EE1 		.ascii	"\275\371\216\341\240\212\024\3124\260\241\373\307\225"
 235      A08A14CA 
 235      34B0A1FB 
 235      C795
 236 01aa 8F964AD0 		.ascii	"\217\226J\320-\327\240\022\335H\374\332-GE7o%@+m\260"
 236      2DD7A012 
 236      DD48FCDA 
 236      2D474537 
 236      6F25402B 
 237 01c0 771B8C20 		.ascii	"w\033\214 \3400\002\022\030\205\012|\016\201Mt\027\357"
 237      E0300212 
 237      18850A7C 
 237      0E814D74 
 237      17EF
 238 01d2 0BDE2CD9 		.ascii	"\013\336,\331\336K{\207\351\215\221\243\317\237\355"
 238      DE4B7B87 
 238      E98D91A3 
 238      CF9FED
 239 01e1 3B4ABBDE 		.ascii	";J\273\336\244\364)\036\010!I;\304&\203\300\247p\025"
 239      A4F4291E 
 239      0821493B 
 239      C42683C0 
 239      A77015
 240 01f4 558CC276 		.ascii	"U\214\302v\314\215\306\357\364\026\253\007\271\014\231"
 240      CC8DC6EF 
 240      F416AB07 
 240      B90C99
 241 0203 C99EA443 		.ascii	"\311\236\244C\340$&\337V{h\242\003\353+\034\345\274"
 241      E02426DF 
 241      567B68A2 
 241      03EB2B1C 
 241      E5BC
 242 0215 44396F45 		.ascii	"D9oE\031\343(\303\335\017\356(\352a\2162\367\336T\240"
 242      19E328C3 
 242      DD0FEE28 
 242      EA618E32 
 242      F7DE54A0 
 243 0229 D44A9DF5 		.ascii	"\324J\235\365,\271\177\316\271\3577\250g\216\217\306"
 243      2CB97FCE 
 243      B9EF37A8 
 243      678E8FC6 
 244 0239 6C46C991 		.ascii	"lF\311\221iY\022\243`\\\226\034\267\226\234\340%\177"
 244      695912A3 
 244      605C961C 
ARM GAS  C:\Users\Daniela\AppData\Local\Temp\cc6Tgybw.s 			page 18


 244      B7969CE0 
 244      257F
 245 024b 1DBA172B 		.ascii	"\035\272\027+U;\201\327\374{\341\303\210\241@\342\324"
 245      553B81D7 
 245      FC7BE1C3 
 245      88A140E2 
 245      D4
 246 025c 65A7689F 		.ascii	"e\247h\237\203\304$H\314\012\022\347 \035\203]\001\247"
 246      83C42448 
 246      CC0A12E7 
 246      201D835D 
 246      01A7
 247 026e DA23403E 		.ascii	"\332#@>\376\353^\206\335\210\033\207$\253Z\246\304-"
 247      FEEB5E86 
 247      DD881B87 
 247      24AB5AA6 
 247      C42D
 248 0280 A6247436 		.ascii	"\246$t6\025\325\324Q\021<\225\275\233(\025\327\247\240"
 248      15D5D451 
 248      113C95BD 
 248      9B2815D7 
 248      A7A0
 249 0292 BB909939 		.ascii	"\273\220\2319]$\256o+\016Q\360\203\344\200\003\264*"
 249      5D24AE6F 
 249      2B0E51F0 
 249      83E48003 
 249      B42A
 250 02a4 3E223440 		.ascii	">\"4@\265P\011\201\004j0\211\032\300E\234\022\2671%"
 250      B5500981 
 250      046A3089 
 250      1AC0459C 
 250      12B73125 
 251 02b8 5FE2E617 		.ascii	"_\342\346\027\270i\214\333\200\030\267$J\366\225d\356"
 251      B8698CDB 
 251      8018B724 
 251      4AF69564 
 251      EE
 252 02c9 D6845ADD 		.ascii	"\326\204Z\335\213\267\327\200\317Q27G\347~_=Q\230\333"
 252      8BB7D780 
 252      CF513237 
 252      47E77E5F 
 252      3D5198DB 
 253 02dd FB1AF866 		.ascii	"\373\032\370f \263<_\260\341\370L\361+\370\306\034\237"
 253      20B33C5F 
 253      B0E1F84C 
 253      F12BF8C6 
 253      1C9F
 254 02ef BBC1FEE3 		.ascii	"\273\301\376\343E\346\370\244v/\215R\372\016&\332X\034"
 254      45E6F8A4 
 254      762F8D52 
 254      FA0E26DA 
 254      581C
 255 0301 5C902C2E 		.ascii	"\\\220,.X\365Kq\375V\336\237=\251\2521!\311o\313\235"
 255      58F54B71 
 255      FD56DE9F 
 255      3DA9AA31 
 255      21C96FCB 
ARM GAS  C:\Users\Daniela\AppData\Local\Temp\cc6Tgybw.s 			page 19


 256 0316 51A77109 		.ascii	"Q\247q\011\261\331\177\337\345%\011s\311\012\223\346"
 256      B1D97FDF 
 256      E5250973 
 256      C90A93E6 
 257 0326 303FA6C3 		.ascii	"0?\246\303\375Ly\217\306\377RJ-\332{\204\366\323\327"
 257      FD4C798F 
 257      C6FF524A 
 257      2DDA7B84 
 257      F6D3D7
 258 0339 97FFDCA2 		.ascii	"\227\377\334\242\316\361B\312x\337\231U\273\251.\366"
 258      CEF142CA 
 258      78DF9955 
 258      BBA92EF6 
 259 0349 57964675 		.ascii	"W\226Fu\315\366\340\012\252\3531\324\235\306\315o\245"
 259      CDF6E00A 
 259      AAEB31D4 
 259      9DC6CD6F 
 259      A5
 260 035a BA2342DD 		.ascii	"\272#B\335\031\024\352\262$\3441\324\215G\206N\251\332"
 260      1914EAB2 
 260      24E431D4 
 260      8D47864E 
 260      A9DA
 261 036c 31765F9B 		.ascii	"1v_\233\002e)?\321\240]\375^\320\212M\254DJ\004\255"
 261      0265293F 
 261      D1A05DFD 
 261      5ED08A4D 
 261      AC444A04 
 262 0381 3C08F31B 		.ascii	"<\010\363\033\321J\334\377\345Y\024\012`\016i\315JZ"
 262      D14ADCFF 
 262      E559140A 
 262      600E69CD 
 262      4A5A
 263 0393 DF81C16B 		.ascii	"\337\201\301k<=?V\340|W6\313#\345u.\200\223\3771\262"
 263      3C3D3F56 
 263      E07C5736 
 263      CB23E575 
 263      2E8093FF 
 264 03a9 77F99EA7 		.ascii	"w\371\236\247\353_n\364\037nl\320\375;}-o\350/\2645"
 264      EB5F6EF4 
 264      1F6E6CD0 
 264      FD3B7D2D 
 264      6FE82FB4 
 265 03be EB85BB5E 		.ascii	"\353\205\273^\334SYWSC\354\355-\255\376'\036\336\245"
 265      DC535957 
 265      5343ECED 
 265      2DADFE27 
 265      1EDEA5
 266 03d1 B7EA3EAF 		.ascii	"\267\352>\257_onlhk\3675\351\373^jh\253{l_\323\021\377"
 266      5F6F6E6C 
 266      686BF735 
 266      E9FB5E6A 
 266      68AB7B6C 
 267 03e9 9143FAEB 		.ascii	"\221C\372\353\325\257\222\215\"\014\360\352&Rl\326y"
 267      D5AF928D 
 267      220CF0EA 
 267      26526CD6 
ARM GAS  C:\Users\Daniela\AppData\Local\Temp\cc6Tgybw.s 			page 20


 267      79
 268 03fa C5D7E2D7 		.ascii	"\305\327\342\327\235\246W\257{\233\037\262:;\275~o\275"
 268      9DA657AF 
 268      7B9B1FB2 
 268      3A3BBD7E 
 268      6FBD
 269 040c 7EA0C242 		.ascii	"~\240\302B\353\271V\277\356\363\265\037\3623j\016\306"
 269      EBB956BF 
 269      EEF3B51F 
 269      F2336A0E 
 269      C6
 270 041d A8E6F16D 		.ascii	"\250\346\361m\346y\335k\272\327\227\213\340\247\265"
 270      E679DD6B 
 270      BAD7978B 
 270      E0A7B5
 271 042c 3BEC3EFD 		.ascii	";\354>\375@\355\216\177\000\033\010\035\\"
 271      40ED8E7F 
 271      001B081D 
 271      5C
 272              		.text
 273              		.section	.gnu.lto_.symtab.58567be5,"",%progbits
 274 0000 55415254 		.ascii	"UART_tx_SetDriveMode\000"
 274      5F74785F 
 274      53657444 
 274      72697665 
 274      4D6F6465 
 275 0015 00       		.ascii	"\000"
 276 0016 00       		.ascii	"\000"
 277 0017 00       		.ascii	"\000"
 278 0018 00000000 		.ascii	"\000\000\000\000\000\000\000\000"
 278      00000000 
 279 0020 B3000000 		.ascii	"\263\000\000\000"
 280 0024 55415254 		.ascii	"UART_tx_Write\000"
 280      5F74785F 
 280      57726974 
 280      6500
 281 0032 00       		.ascii	"\000"
 282 0033 00       		.ascii	"\000"
 283 0034 00       		.ascii	"\000"
 284 0035 00000000 		.ascii	"\000\000\000\000\000\000\000\000"
 284      00000000 
 285 003d B5000000 		.ascii	"\265\000\000\000"
 286 0041 55415254 		.ascii	"UART_tx_Read\000"
 286      5F74785F 
 286      52656164 
 286      00
 287 004e 00       		.ascii	"\000"
 288 004f 00       		.ascii	"\000"
 289 0050 00       		.ascii	"\000"
 290 0051 00000000 		.ascii	"\000\000\000\000\000\000\000\000"
 290      00000000 
 291 0059 B8000000 		.ascii	"\270\000\000\000"
 292 005d 55415254 		.ascii	"UART_tx_ReadDataReg\000"
 292      5F74785F 
 292      52656164 
 292      44617461 
 292      52656700 
ARM GAS  C:\Users\Daniela\AppData\Local\Temp\cc6Tgybw.s 			page 21


 293 0071 00       		.ascii	"\000"
 294 0072 00       		.ascii	"\000"
 295 0073 00       		.ascii	"\000"
 296 0074 00000000 		.ascii	"\000\000\000\000\000\000\000\000"
 296      00000000 
 297 007c BA000000 		.ascii	"\272\000\000\000"
 298 0080 55415254 		.ascii	"UART_tx_SetInterruptMode\000"
 298      5F74785F 
 298      53657449 
 298      6E746572 
 298      72757074 
 299 0099 00       		.ascii	"\000"
 300 009a 00       		.ascii	"\000"
 301 009b 00       		.ascii	"\000"
 302 009c 00000000 		.ascii	"\000\000\000\000\000\000\000\000"
 302      00000000 
 303 00a4 C6000000 		.ascii	"\306\000\000\000"
 304 00a8 55415254 		.ascii	"UART_tx_ClearInterrupt\000"
 304      5F74785F 
 304      436C6561 
 304      72496E74 
 304      65727275 
 305 00bf 00       		.ascii	"\000"
 306 00c0 00       		.ascii	"\000"
 307 00c1 00       		.ascii	"\000"
 308 00c2 00000000 		.ascii	"\000\000\000\000\000\000\000\000"
 308      00000000 
 309 00ca C8000000 		.ascii	"\310\000\000\000"
 310              		.text
 311              		.section	.gnu.lto_.opts,"",%progbits
 312 0000 272D666D 		.ascii	"'-fmath-errno' '-fsigned-zeros' '-ftrapping-math' '"
 312      6174682D 
 312      6572726E 
 312      6F272027 
 312      2D667369 
 313 0033 2D666E6F 		.ascii	"-fno-trapv' '-fno-openmp' '-fno-openacc' '-mcpu=cor"
 313      2D747261 
 313      70762720 
 313      272D666E 
 313      6F2D6F70 
 314 0066 7465782D 		.ascii	"tex-m0' '-mthumb' '-g' '-O3' '-ffunction-sections' "
 314      6D302720 
 314      272D6D74 
 314      68756D62 
 314      2720272D 
 315 0099 272D6666 		.ascii	"'-ffat-lto-objects' '-finline-functions' '-flto'\000"
 315      61742D6C 
 315      746F2D6F 
 315      626A6563 
 315      74732720 
 316              		.text
 317              		.cfi_sections	.debug_frame
 318              		.section	.text.UART_tx_SetDriveMode,"ax",%progbits
 319              		.align	2
 320              		.global	UART_tx_SetDriveMode
 321              		.code	16
 322              		.thumb_func
ARM GAS  C:\Users\Daniela\AppData\Local\Temp\cc6Tgybw.s 			page 22


 323              		.type	UART_tx_SetDriveMode, %function
 324              	UART_tx_SetDriveMode:
 325              	.LFB0:
 326              		.file 1 "Generated_Source\\PSoC4\\UART_tx.c"
   1:Generated_Source\PSoC4/UART_tx.c **** /*******************************************************************************
   2:Generated_Source\PSoC4/UART_tx.c **** * File Name: UART_tx.c  
   3:Generated_Source\PSoC4/UART_tx.c **** * Version 2.20
   4:Generated_Source\PSoC4/UART_tx.c **** *
   5:Generated_Source\PSoC4/UART_tx.c **** * Description:
   6:Generated_Source\PSoC4/UART_tx.c **** *  This file contains API to enable firmware control of a Pins component.
   7:Generated_Source\PSoC4/UART_tx.c **** *
   8:Generated_Source\PSoC4/UART_tx.c **** ********************************************************************************
   9:Generated_Source\PSoC4/UART_tx.c **** * Copyright 2008-2015, Cypress Semiconductor Corporation.  All rights reserved.
  10:Generated_Source\PSoC4/UART_tx.c **** * You may use this file only in accordance with the license, terms, conditions, 
  11:Generated_Source\PSoC4/UART_tx.c **** * disclaimers, and limitations in the end user license agreement accompanying 
  12:Generated_Source\PSoC4/UART_tx.c **** * the software package with which this file was provided.
  13:Generated_Source\PSoC4/UART_tx.c **** *******************************************************************************/
  14:Generated_Source\PSoC4/UART_tx.c **** 
  15:Generated_Source\PSoC4/UART_tx.c **** #include "cytypes.h"
  16:Generated_Source\PSoC4/UART_tx.c **** #include "UART_tx.h"
  17:Generated_Source\PSoC4/UART_tx.c **** 
  18:Generated_Source\PSoC4/UART_tx.c **** 
  19:Generated_Source\PSoC4/UART_tx.c **** #if defined(UART_tx__PC)
  20:Generated_Source\PSoC4/UART_tx.c ****     #define UART_tx_SetP4PinDriveMode(shift, mode)  \
  21:Generated_Source\PSoC4/UART_tx.c ****     do { \
  22:Generated_Source\PSoC4/UART_tx.c ****         UART_tx_PC =   (UART_tx_PC & \
  23:Generated_Source\PSoC4/UART_tx.c ****                                 (uint32)(~(uint32)(UART_tx_DRIVE_MODE_IND_MASK << \
  24:Generated_Source\PSoC4/UART_tx.c ****                                 (UART_tx_DRIVE_MODE_BITS * (shift))))) | \
  25:Generated_Source\PSoC4/UART_tx.c ****                                 (uint32)((uint32)(mode) << \
  26:Generated_Source\PSoC4/UART_tx.c ****                                 (UART_tx_DRIVE_MODE_BITS * (shift))); \
  27:Generated_Source\PSoC4/UART_tx.c ****     } while (0)
  28:Generated_Source\PSoC4/UART_tx.c **** #else
  29:Generated_Source\PSoC4/UART_tx.c ****     #if (CY_PSOC4_4200L)
  30:Generated_Source\PSoC4/UART_tx.c ****         #define UART_tx_SetP4PinDriveMode(shift, mode)  \
  31:Generated_Source\PSoC4/UART_tx.c ****         do { \
  32:Generated_Source\PSoC4/UART_tx.c ****             UART_tx_USBIO_CTRL_REG = (UART_tx_USBIO_CTRL_REG & \
  33:Generated_Source\PSoC4/UART_tx.c ****                                     (uint32)(~(uint32)(UART_tx_DRIVE_MODE_IND_MASK << \
  34:Generated_Source\PSoC4/UART_tx.c ****                                     (UART_tx_DRIVE_MODE_BITS * (shift))))) | \
  35:Generated_Source\PSoC4/UART_tx.c ****                                     (uint32)((uint32)(mode) << \
  36:Generated_Source\PSoC4/UART_tx.c ****                                     (UART_tx_DRIVE_MODE_BITS * (shift))); \
  37:Generated_Source\PSoC4/UART_tx.c ****         } while (0)
  38:Generated_Source\PSoC4/UART_tx.c ****     #endif
  39:Generated_Source\PSoC4/UART_tx.c **** #endif
  40:Generated_Source\PSoC4/UART_tx.c ****   
  41:Generated_Source\PSoC4/UART_tx.c **** 
  42:Generated_Source\PSoC4/UART_tx.c **** #if defined(UART_tx__PC) || (CY_PSOC4_4200L) 
  43:Generated_Source\PSoC4/UART_tx.c ****     /*******************************************************************************
  44:Generated_Source\PSoC4/UART_tx.c ****     * Function Name: UART_tx_SetDriveMode
  45:Generated_Source\PSoC4/UART_tx.c ****     ****************************************************************************//**
  46:Generated_Source\PSoC4/UART_tx.c ****     *
  47:Generated_Source\PSoC4/UART_tx.c ****     * \brief Sets the drive mode for each of the Pins component's pins.
  48:Generated_Source\PSoC4/UART_tx.c ****     * 
  49:Generated_Source\PSoC4/UART_tx.c ****     * <b>Note</b> This affects all pins in the Pins component instance. Use the
  50:Generated_Source\PSoC4/UART_tx.c ****     * Per-Pin APIs if you wish to control individual pin's drive modes.
  51:Generated_Source\PSoC4/UART_tx.c ****     *
  52:Generated_Source\PSoC4/UART_tx.c ****     * <b>Note</b> USBIOs have limited drive functionality. Refer to the Drive Mode
  53:Generated_Source\PSoC4/UART_tx.c ****     * parameter for more information.
ARM GAS  C:\Users\Daniela\AppData\Local\Temp\cc6Tgybw.s 			page 23


  54:Generated_Source\PSoC4/UART_tx.c ****     *
  55:Generated_Source\PSoC4/UART_tx.c ****     * \param mode
  56:Generated_Source\PSoC4/UART_tx.c ****     *  Mode for the selected signals. Valid options are documented in 
  57:Generated_Source\PSoC4/UART_tx.c ****     *  \ref driveMode.
  58:Generated_Source\PSoC4/UART_tx.c ****     *
  59:Generated_Source\PSoC4/UART_tx.c ****     * \return
  60:Generated_Source\PSoC4/UART_tx.c ****     *  None
  61:Generated_Source\PSoC4/UART_tx.c ****     *
  62:Generated_Source\PSoC4/UART_tx.c ****     * \sideeffect
  63:Generated_Source\PSoC4/UART_tx.c ****     *  If you use read-modify-write operations that are not atomic, the ISR can
  64:Generated_Source\PSoC4/UART_tx.c ****     *  cause corruption of this function. An ISR that interrupts this function 
  65:Generated_Source\PSoC4/UART_tx.c ****     *  and performs writes to the Pins component Drive Mode registers can cause 
  66:Generated_Source\PSoC4/UART_tx.c ****     *  corrupted port data. To avoid this issue, you should either use the Per-Pin
  67:Generated_Source\PSoC4/UART_tx.c ****     *  APIs (primary method) or disable interrupts around this function.
  68:Generated_Source\PSoC4/UART_tx.c ****     *
  69:Generated_Source\PSoC4/UART_tx.c ****     * \funcusage
  70:Generated_Source\PSoC4/UART_tx.c ****     *  \snippet UART_tx_SUT.c usage_UART_tx_SetDriveMode
  71:Generated_Source\PSoC4/UART_tx.c ****     *******************************************************************************/
  72:Generated_Source\PSoC4/UART_tx.c ****     void UART_tx_SetDriveMode(uint8 mode)
  73:Generated_Source\PSoC4/UART_tx.c ****     {
 327              		.loc 1 73 0
 328              		.cfi_startproc
 329              		@ args = 0, pretend = 0, frame = 0
 330              		@ frame_needed = 0, uses_anonymous_args = 0
 331              		@ link register save eliminated.
 332              	.LVL0:
  74:Generated_Source\PSoC4/UART_tx.c **** 		UART_tx_SetP4PinDriveMode(UART_tx__0__SHIFT, mode);
 333              		.loc 1 74 0
 334 0000 034A     		ldr	r2, .L2
 335 0002 044B     		ldr	r3, .L2+4
 336 0004 1168     		ldr	r1, [r2]
 337 0006 C003     		lsls	r0, r0, #15
 338              	.LVL1:
 339 0008 0B40     		ands	r3, r1
 340 000a 1843     		orrs	r0, r3
 341 000c 1060     		str	r0, [r2]
  75:Generated_Source\PSoC4/UART_tx.c ****     }
 342              		.loc 1 75 0
 343              		@ sp needed
 344 000e 7047     		bx	lr
 345              	.L3:
 346              		.align	2
 347              	.L2:
 348 0010 08010440 		.word	1074004232
 349 0014 FF7FFCFF 		.word	-229377
 350              		.cfi_endproc
 351              	.LFE0:
 352              		.size	UART_tx_SetDriveMode, .-UART_tx_SetDriveMode
 353              		.section	.text.UART_tx_Write,"ax",%progbits
 354              		.align	2
 355              		.global	UART_tx_Write
 356              		.code	16
 357              		.thumb_func
 358              		.type	UART_tx_Write, %function
 359              	UART_tx_Write:
 360              	.LFB1:
  76:Generated_Source\PSoC4/UART_tx.c **** #endif
ARM GAS  C:\Users\Daniela\AppData\Local\Temp\cc6Tgybw.s 			page 24


  77:Generated_Source\PSoC4/UART_tx.c **** 
  78:Generated_Source\PSoC4/UART_tx.c **** 
  79:Generated_Source\PSoC4/UART_tx.c **** /*******************************************************************************
  80:Generated_Source\PSoC4/UART_tx.c **** * Function Name: UART_tx_Write
  81:Generated_Source\PSoC4/UART_tx.c **** ****************************************************************************//**
  82:Generated_Source\PSoC4/UART_tx.c **** *
  83:Generated_Source\PSoC4/UART_tx.c **** * \brief Writes the value to the physical port (data output register), masking
  84:Generated_Source\PSoC4/UART_tx.c **** *  and shifting the bits appropriately. 
  85:Generated_Source\PSoC4/UART_tx.c **** *
  86:Generated_Source\PSoC4/UART_tx.c **** * The data output register controls the signal applied to the physical pin in 
  87:Generated_Source\PSoC4/UART_tx.c **** * conjunction with the drive mode parameter. This function avoids changing 
  88:Generated_Source\PSoC4/UART_tx.c **** * other bits in the port by using the appropriate method (read-modify-write or
  89:Generated_Source\PSoC4/UART_tx.c **** * bit banding).
  90:Generated_Source\PSoC4/UART_tx.c **** *
  91:Generated_Source\PSoC4/UART_tx.c **** * <b>Note</b> This function should not be used on a hardware digital output pin 
  92:Generated_Source\PSoC4/UART_tx.c **** * as it is driven by the hardware signal attached to it.
  93:Generated_Source\PSoC4/UART_tx.c **** *
  94:Generated_Source\PSoC4/UART_tx.c **** * \param value
  95:Generated_Source\PSoC4/UART_tx.c **** *  Value to write to the component instance.
  96:Generated_Source\PSoC4/UART_tx.c **** *
  97:Generated_Source\PSoC4/UART_tx.c **** * \return 
  98:Generated_Source\PSoC4/UART_tx.c **** *  None 
  99:Generated_Source\PSoC4/UART_tx.c **** *
 100:Generated_Source\PSoC4/UART_tx.c **** * \sideeffect
 101:Generated_Source\PSoC4/UART_tx.c **** *  If you use read-modify-write operations that are not atomic; the Interrupt 
 102:Generated_Source\PSoC4/UART_tx.c **** *  Service Routines (ISR) can cause corruption of this function. An ISR that 
 103:Generated_Source\PSoC4/UART_tx.c **** *  interrupts this function and performs writes to the Pins component data 
 104:Generated_Source\PSoC4/UART_tx.c **** *  register can cause corrupted port data. To avoid this issue, you should 
 105:Generated_Source\PSoC4/UART_tx.c **** *  either use the Per-Pin APIs (primary method) or disable interrupts around 
 106:Generated_Source\PSoC4/UART_tx.c **** *  this function.
 107:Generated_Source\PSoC4/UART_tx.c **** *
 108:Generated_Source\PSoC4/UART_tx.c **** * \funcusage
 109:Generated_Source\PSoC4/UART_tx.c **** *  \snippet UART_tx_SUT.c usage_UART_tx_Write
 110:Generated_Source\PSoC4/UART_tx.c **** *******************************************************************************/
 111:Generated_Source\PSoC4/UART_tx.c **** void UART_tx_Write(uint8 value)
 112:Generated_Source\PSoC4/UART_tx.c **** {
 361              		.loc 1 112 0
 362              		.cfi_startproc
 363              		@ args = 0, pretend = 0, frame = 0
 364              		@ frame_needed = 0, uses_anonymous_args = 0
 365              		@ link register save eliminated.
 366              	.LVL2:
 367              		.loc 1 112 0
 368 0000 0300     		movs	r3, r0
 113:Generated_Source\PSoC4/UART_tx.c ****     uint8 drVal = (uint8)(UART_tx_DR & (uint8)(~UART_tx_MASK));
 369              		.loc 1 113 0
 370 0002 2020     		movs	r0, #32
 371              	.LVL3:
 372 0004 0449     		ldr	r1, .L5
 114:Generated_Source\PSoC4/UART_tx.c ****     drVal = (drVal | ((uint8)(value << UART_tx_SHIFT) & UART_tx_MASK));
 115:Generated_Source\PSoC4/UART_tx.c ****     UART_tx_DR = (uint32)drVal;
 373              		.loc 1 115 0
 374 0006 5B01     		lsls	r3, r3, #5
 113:Generated_Source\PSoC4/UART_tx.c ****     uint8 drVal = (uint8)(UART_tx_DR & (uint8)(~UART_tx_MASK));
 375              		.loc 1 113 0
 376 0008 0A68     		ldr	r2, [r1]
 116:Generated_Source\PSoC4/UART_tx.c **** }
ARM GAS  C:\Users\Daniela\AppData\Local\Temp\cc6Tgybw.s 			page 25


 377              		.loc 1 116 0
 378              		@ sp needed
 113:Generated_Source\PSoC4/UART_tx.c ****     uint8 drVal = (uint8)(UART_tx_DR & (uint8)(~UART_tx_MASK));
 379              		.loc 1 113 0
 380 000a 8243     		bics	r2, r0
 381 000c D2B2     		uxtb	r2, r2
 115:Generated_Source\PSoC4/UART_tx.c **** }
 382              		.loc 1 115 0
 383 000e 1840     		ands	r0, r3
 384 0010 1043     		orrs	r0, r2
 385 0012 0860     		str	r0, [r1]
 386              		.loc 1 116 0
 387 0014 7047     		bx	lr
 388              	.L6:
 389 0016 C046     		.align	2
 390              	.L5:
 391 0018 00010440 		.word	1074004224
 392              		.cfi_endproc
 393              	.LFE1:
 394              		.size	UART_tx_Write, .-UART_tx_Write
 395              		.section	.text.UART_tx_Read,"ax",%progbits
 396              		.align	2
 397              		.global	UART_tx_Read
 398              		.code	16
 399              		.thumb_func
 400              		.type	UART_tx_Read, %function
 401              	UART_tx_Read:
 402              	.LFB2:
 117:Generated_Source\PSoC4/UART_tx.c **** 
 118:Generated_Source\PSoC4/UART_tx.c **** 
 119:Generated_Source\PSoC4/UART_tx.c **** /*******************************************************************************
 120:Generated_Source\PSoC4/UART_tx.c **** * Function Name: UART_tx_Read
 121:Generated_Source\PSoC4/UART_tx.c **** ****************************************************************************//**
 122:Generated_Source\PSoC4/UART_tx.c **** *
 123:Generated_Source\PSoC4/UART_tx.c **** * \brief Reads the associated physical port (pin status register) and masks 
 124:Generated_Source\PSoC4/UART_tx.c **** *  the required bits according to the width and bit position of the component
 125:Generated_Source\PSoC4/UART_tx.c **** *  instance. 
 126:Generated_Source\PSoC4/UART_tx.c **** *
 127:Generated_Source\PSoC4/UART_tx.c **** * The pin's status register returns the current logic level present on the 
 128:Generated_Source\PSoC4/UART_tx.c **** * physical pin.
 129:Generated_Source\PSoC4/UART_tx.c **** *
 130:Generated_Source\PSoC4/UART_tx.c **** * \return 
 131:Generated_Source\PSoC4/UART_tx.c **** *  The current value for the pins in the component as a right justified number.
 132:Generated_Source\PSoC4/UART_tx.c **** *
 133:Generated_Source\PSoC4/UART_tx.c **** * \funcusage
 134:Generated_Source\PSoC4/UART_tx.c **** *  \snippet UART_tx_SUT.c usage_UART_tx_Read  
 135:Generated_Source\PSoC4/UART_tx.c **** *******************************************************************************/
 136:Generated_Source\PSoC4/UART_tx.c **** uint8 UART_tx_Read(void)
 137:Generated_Source\PSoC4/UART_tx.c **** {
 403              		.loc 1 137 0
 404              		.cfi_startproc
 405              		@ args = 0, pretend = 0, frame = 0
 406              		@ frame_needed = 0, uses_anonymous_args = 0
 407              		@ link register save eliminated.
 138:Generated_Source\PSoC4/UART_tx.c ****     return (uint8)((UART_tx_PS & UART_tx_MASK) >> UART_tx_SHIFT);
 408              		.loc 1 138 0
 409 0000 024B     		ldr	r3, .L8
ARM GAS  C:\Users\Daniela\AppData\Local\Temp\cc6Tgybw.s 			page 26


 139:Generated_Source\PSoC4/UART_tx.c **** }
 410              		.loc 1 139 0
 411              		@ sp needed
 138:Generated_Source\PSoC4/UART_tx.c ****     return (uint8)((UART_tx_PS & UART_tx_MASK) >> UART_tx_SHIFT);
 412              		.loc 1 138 0
 413 0002 1868     		ldr	r0, [r3]
 414 0004 8006     		lsls	r0, r0, #26
 415 0006 C00F     		lsrs	r0, r0, #31
 416              		.loc 1 139 0
 417 0008 7047     		bx	lr
 418              	.L9:
 419 000a C046     		.align	2
 420              	.L8:
 421 000c 04010440 		.word	1074004228
 422              		.cfi_endproc
 423              	.LFE2:
 424              		.size	UART_tx_Read, .-UART_tx_Read
 425              		.section	.text.UART_tx_ReadDataReg,"ax",%progbits
 426              		.align	2
 427              		.global	UART_tx_ReadDataReg
 428              		.code	16
 429              		.thumb_func
 430              		.type	UART_tx_ReadDataReg, %function
 431              	UART_tx_ReadDataReg:
 432              	.LFB3:
 140:Generated_Source\PSoC4/UART_tx.c **** 
 141:Generated_Source\PSoC4/UART_tx.c **** 
 142:Generated_Source\PSoC4/UART_tx.c **** /*******************************************************************************
 143:Generated_Source\PSoC4/UART_tx.c **** * Function Name: UART_tx_ReadDataReg
 144:Generated_Source\PSoC4/UART_tx.c **** ****************************************************************************//**
 145:Generated_Source\PSoC4/UART_tx.c **** *
 146:Generated_Source\PSoC4/UART_tx.c **** * \brief Reads the associated physical port's data output register and masks 
 147:Generated_Source\PSoC4/UART_tx.c **** *  the correct bits according to the width and bit position of the component 
 148:Generated_Source\PSoC4/UART_tx.c **** *  instance. 
 149:Generated_Source\PSoC4/UART_tx.c **** *
 150:Generated_Source\PSoC4/UART_tx.c **** * The data output register controls the signal applied to the physical pin in 
 151:Generated_Source\PSoC4/UART_tx.c **** * conjunction with the drive mode parameter. This is not the same as the 
 152:Generated_Source\PSoC4/UART_tx.c **** * preferred UART_tx_Read() API because the 
 153:Generated_Source\PSoC4/UART_tx.c **** * UART_tx_ReadDataReg() reads the data register instead of the status 
 154:Generated_Source\PSoC4/UART_tx.c **** * register. For output pins this is a useful function to determine the value 
 155:Generated_Source\PSoC4/UART_tx.c **** * just written to the pin.
 156:Generated_Source\PSoC4/UART_tx.c **** *
 157:Generated_Source\PSoC4/UART_tx.c **** * \return 
 158:Generated_Source\PSoC4/UART_tx.c **** *  The current value of the data register masked and shifted into a right 
 159:Generated_Source\PSoC4/UART_tx.c **** *  justified number for the component instance.
 160:Generated_Source\PSoC4/UART_tx.c **** *
 161:Generated_Source\PSoC4/UART_tx.c **** * \funcusage
 162:Generated_Source\PSoC4/UART_tx.c **** *  \snippet UART_tx_SUT.c usage_UART_tx_ReadDataReg 
 163:Generated_Source\PSoC4/UART_tx.c **** *******************************************************************************/
 164:Generated_Source\PSoC4/UART_tx.c **** uint8 UART_tx_ReadDataReg(void)
 165:Generated_Source\PSoC4/UART_tx.c **** {
 433              		.loc 1 165 0
 434              		.cfi_startproc
 435              		@ args = 0, pretend = 0, frame = 0
 436              		@ frame_needed = 0, uses_anonymous_args = 0
 437              		@ link register save eliminated.
 166:Generated_Source\PSoC4/UART_tx.c ****     return (uint8)((UART_tx_DR & UART_tx_MASK) >> UART_tx_SHIFT);
ARM GAS  C:\Users\Daniela\AppData\Local\Temp\cc6Tgybw.s 			page 27


 438              		.loc 1 166 0
 439 0000 024B     		ldr	r3, .L11
 167:Generated_Source\PSoC4/UART_tx.c **** }
 440              		.loc 1 167 0
 441              		@ sp needed
 166:Generated_Source\PSoC4/UART_tx.c ****     return (uint8)((UART_tx_DR & UART_tx_MASK) >> UART_tx_SHIFT);
 442              		.loc 1 166 0
 443 0002 1868     		ldr	r0, [r3]
 444 0004 8006     		lsls	r0, r0, #26
 445 0006 C00F     		lsrs	r0, r0, #31
 446              		.loc 1 167 0
 447 0008 7047     		bx	lr
 448              	.L12:
 449 000a C046     		.align	2
 450              	.L11:
 451 000c 00010440 		.word	1074004224
 452              		.cfi_endproc
 453              	.LFE3:
 454              		.size	UART_tx_ReadDataReg, .-UART_tx_ReadDataReg
 455              		.section	.text.UART_tx_SetInterruptMode,"ax",%progbits
 456              		.align	2
 457              		.global	UART_tx_SetInterruptMode
 458              		.code	16
 459              		.thumb_func
 460              		.type	UART_tx_SetInterruptMode, %function
 461              	UART_tx_SetInterruptMode:
 462              	.LFB4:
 168:Generated_Source\PSoC4/UART_tx.c **** 
 169:Generated_Source\PSoC4/UART_tx.c **** 
 170:Generated_Source\PSoC4/UART_tx.c **** /*******************************************************************************
 171:Generated_Source\PSoC4/UART_tx.c **** * Function Name: UART_tx_SetInterruptMode
 172:Generated_Source\PSoC4/UART_tx.c **** ****************************************************************************//**
 173:Generated_Source\PSoC4/UART_tx.c **** *
 174:Generated_Source\PSoC4/UART_tx.c **** * \brief Configures the interrupt mode for each of the Pins component's
 175:Generated_Source\PSoC4/UART_tx.c **** *  pins. Alternatively you may set the interrupt mode for all the pins
 176:Generated_Source\PSoC4/UART_tx.c **** *  specified in the Pins component.
 177:Generated_Source\PSoC4/UART_tx.c **** *
 178:Generated_Source\PSoC4/UART_tx.c **** *  <b>Note</b> The interrupt is port-wide and therefore any enabled pin
 179:Generated_Source\PSoC4/UART_tx.c **** *  interrupt may trigger it.
 180:Generated_Source\PSoC4/UART_tx.c **** *
 181:Generated_Source\PSoC4/UART_tx.c **** * \param position
 182:Generated_Source\PSoC4/UART_tx.c **** *  The pin position as listed in the Pins component. You may OR these to be 
 183:Generated_Source\PSoC4/UART_tx.c **** *  able to configure the interrupt mode of multiple pins within a Pins 
 184:Generated_Source\PSoC4/UART_tx.c **** *  component. Or you may use UART_tx_INTR_ALL to configure the
 185:Generated_Source\PSoC4/UART_tx.c **** *  interrupt mode of all the pins in the Pins component.       
 186:Generated_Source\PSoC4/UART_tx.c **** *  - UART_tx_0_INTR       (First pin in the list)
 187:Generated_Source\PSoC4/UART_tx.c **** *  - UART_tx_1_INTR       (Second pin in the list)
 188:Generated_Source\PSoC4/UART_tx.c **** *  - ...
 189:Generated_Source\PSoC4/UART_tx.c **** *  - UART_tx_INTR_ALL     (All pins in Pins component)
 190:Generated_Source\PSoC4/UART_tx.c **** *
 191:Generated_Source\PSoC4/UART_tx.c **** * \param mode
 192:Generated_Source\PSoC4/UART_tx.c **** *  Interrupt mode for the selected pins. Valid options are documented in
 193:Generated_Source\PSoC4/UART_tx.c **** *  \ref intrMode.
 194:Generated_Source\PSoC4/UART_tx.c **** *
 195:Generated_Source\PSoC4/UART_tx.c **** * \return 
 196:Generated_Source\PSoC4/UART_tx.c **** *  None
 197:Generated_Source\PSoC4/UART_tx.c **** *  
ARM GAS  C:\Users\Daniela\AppData\Local\Temp\cc6Tgybw.s 			page 28


 198:Generated_Source\PSoC4/UART_tx.c **** * \sideeffect
 199:Generated_Source\PSoC4/UART_tx.c **** *  It is recommended that the interrupt be disabled before calling this 
 200:Generated_Source\PSoC4/UART_tx.c **** *  function to avoid unintended interrupt requests. Note that the interrupt
 201:Generated_Source\PSoC4/UART_tx.c **** *  type is port wide, and therefore will trigger for any enabled pin on the 
 202:Generated_Source\PSoC4/UART_tx.c **** *  port.
 203:Generated_Source\PSoC4/UART_tx.c **** *
 204:Generated_Source\PSoC4/UART_tx.c **** * \funcusage
 205:Generated_Source\PSoC4/UART_tx.c **** *  \snippet UART_tx_SUT.c usage_UART_tx_SetInterruptMode
 206:Generated_Source\PSoC4/UART_tx.c **** *******************************************************************************/
 207:Generated_Source\PSoC4/UART_tx.c **** void UART_tx_SetInterruptMode(uint16 position, uint16 mode)
 208:Generated_Source\PSoC4/UART_tx.c **** {
 463              		.loc 1 208 0
 464              		.cfi_startproc
 465              		@ args = 0, pretend = 0, frame = 0
 466              		@ frame_needed = 0, uses_anonymous_args = 0
 467              		@ link register save eliminated.
 468              	.LVL4:
 209:Generated_Source\PSoC4/UART_tx.c ****     uint32 intrCfg;
 210:Generated_Source\PSoC4/UART_tx.c ****     
 211:Generated_Source\PSoC4/UART_tx.c ****     intrCfg =  UART_tx_INTCFG & (uint32)(~(uint32)position);
 469              		.loc 1 211 0
 470 0000 034A     		ldr	r2, .L14
 212:Generated_Source\PSoC4/UART_tx.c ****     UART_tx_INTCFG = intrCfg | ((uint32)position & (uint32)mode);
 213:Generated_Source\PSoC4/UART_tx.c **** }
 471              		.loc 1 213 0
 472              		@ sp needed
 211:Generated_Source\PSoC4/UART_tx.c ****     UART_tx_INTCFG = intrCfg | ((uint32)position & (uint32)mode);
 473              		.loc 1 211 0
 474 0002 1368     		ldr	r3, [r2]
 475              	.LVL5:
 212:Generated_Source\PSoC4/UART_tx.c ****     UART_tx_INTCFG = intrCfg | ((uint32)position & (uint32)mode);
 476              		.loc 1 212 0
 477 0004 8343     		bics	r3, r0
 478              	.LVL6:
 479 0006 0840     		ands	r0, r1
 480              	.LVL7:
 481 0008 1843     		orrs	r0, r3
 482 000a 1060     		str	r0, [r2]
 483              		.loc 1 213 0
 484 000c 7047     		bx	lr
 485              	.L15:
 486 000e C046     		.align	2
 487              	.L14:
 488 0010 0C010440 		.word	1074004236
 489              		.cfi_endproc
 490              	.LFE4:
 491              		.size	UART_tx_SetInterruptMode, .-UART_tx_SetInterruptMode
 492              		.section	.text.UART_tx_ClearInterrupt,"ax",%progbits
 493              		.align	2
 494              		.global	UART_tx_ClearInterrupt
 495              		.code	16
 496              		.thumb_func
 497              		.type	UART_tx_ClearInterrupt, %function
 498              	UART_tx_ClearInterrupt:
 499              	.LFB5:
 214:Generated_Source\PSoC4/UART_tx.c **** 
 215:Generated_Source\PSoC4/UART_tx.c **** 
ARM GAS  C:\Users\Daniela\AppData\Local\Temp\cc6Tgybw.s 			page 29


 216:Generated_Source\PSoC4/UART_tx.c **** /*******************************************************************************
 217:Generated_Source\PSoC4/UART_tx.c **** * Function Name: UART_tx_ClearInterrupt
 218:Generated_Source\PSoC4/UART_tx.c **** ****************************************************************************//**
 219:Generated_Source\PSoC4/UART_tx.c **** *
 220:Generated_Source\PSoC4/UART_tx.c **** * \brief Clears any active interrupts attached with the component and returns 
 221:Generated_Source\PSoC4/UART_tx.c **** *  the value of the interrupt status register allowing determination of which
 222:Generated_Source\PSoC4/UART_tx.c **** *  pins generated an interrupt event.
 223:Generated_Source\PSoC4/UART_tx.c **** *
 224:Generated_Source\PSoC4/UART_tx.c **** * \return 
 225:Generated_Source\PSoC4/UART_tx.c **** *  The right-shifted current value of the interrupt status register. Each pin 
 226:Generated_Source\PSoC4/UART_tx.c **** *  has one bit set if it generated an interrupt event. For example, bit 0 is 
 227:Generated_Source\PSoC4/UART_tx.c **** *  for pin 0 and bit 1 is for pin 1 of the Pins component.
 228:Generated_Source\PSoC4/UART_tx.c **** *  
 229:Generated_Source\PSoC4/UART_tx.c **** * \sideeffect
 230:Generated_Source\PSoC4/UART_tx.c **** *  Clears all bits of the physical port's interrupt status register, not just
 231:Generated_Source\PSoC4/UART_tx.c **** *  those associated with the Pins component.
 232:Generated_Source\PSoC4/UART_tx.c **** *
 233:Generated_Source\PSoC4/UART_tx.c **** * \funcusage
 234:Generated_Source\PSoC4/UART_tx.c **** *  \snippet UART_tx_SUT.c usage_UART_tx_ClearInterrupt
 235:Generated_Source\PSoC4/UART_tx.c **** *******************************************************************************/
 236:Generated_Source\PSoC4/UART_tx.c **** uint8 UART_tx_ClearInterrupt(void)
 237:Generated_Source\PSoC4/UART_tx.c **** {
 500              		.loc 1 237 0
 501              		.cfi_startproc
 502              		@ args = 0, pretend = 0, frame = 0
 503              		@ frame_needed = 0, uses_anonymous_args = 0
 504              		@ link register save eliminated.
 238:Generated_Source\PSoC4/UART_tx.c **** 	uint8 maskedStatus = (uint8)(UART_tx_INTSTAT & UART_tx_MASK);
 505              		.loc 1 238 0
 506 0000 2020     		movs	r0, #32
 507 0002 034A     		ldr	r2, .L17
 239:Generated_Source\PSoC4/UART_tx.c **** 	UART_tx_INTSTAT = maskedStatus;
 240:Generated_Source\PSoC4/UART_tx.c ****     return maskedStatus >> UART_tx_SHIFT;
 241:Generated_Source\PSoC4/UART_tx.c **** }
 508              		.loc 1 241 0
 509              		@ sp needed
 238:Generated_Source\PSoC4/UART_tx.c **** 	uint8 maskedStatus = (uint8)(UART_tx_INTSTAT & UART_tx_MASK);
 510              		.loc 1 238 0
 511 0004 1368     		ldr	r3, [r2]
 512 0006 1840     		ands	r0, r3
 513              	.LVL8:
 239:Generated_Source\PSoC4/UART_tx.c **** 	UART_tx_INTSTAT = maskedStatus;
 514              		.loc 1 239 0
 515 0008 1060     		str	r0, [r2]
 240:Generated_Source\PSoC4/UART_tx.c **** }
 516              		.loc 1 240 0
 517 000a 4009     		lsrs	r0, r0, #5
 518              	.LVL9:
 519 000c C0B2     		uxtb	r0, r0
 520              		.loc 1 241 0
 521 000e 7047     		bx	lr
 522              	.L18:
 523              		.align	2
 524              	.L17:
 525 0010 10010440 		.word	1074004240
 526              		.cfi_endproc
 527              	.LFE5:
ARM GAS  C:\Users\Daniela\AppData\Local\Temp\cc6Tgybw.s 			page 30


 528              		.size	UART_tx_ClearInterrupt, .-UART_tx_ClearInterrupt
 529              		.text
 530              	.Letext0:
 531              		.file 2 "Generated_Source\\PSoC4\\cytypes.h"
 532              		.section	.debug_info,"",%progbits
 533              	.Ldebug_info0:
 534 0000 97010000 		.4byte	0x197
 535 0004 0400     		.2byte	0x4
 536 0006 00000000 		.4byte	.Ldebug_abbrev0
 537 000a 04       		.byte	0x4
 538 000b 01       		.uleb128 0x1
 539 000c 70000000 		.4byte	.LASF27
 540 0010 0C       		.byte	0xc
 541 0011 BC010000 		.4byte	.LASF28
 542 0015 1B020000 		.4byte	.LASF29
 543 0019 00000000 		.4byte	.Ldebug_ranges0+0
 544 001d 00000000 		.4byte	0
 545 0021 00000000 		.4byte	.Ldebug_line0
 546 0025 02       		.uleb128 0x2
 547 0026 01       		.byte	0x1
 548 0027 06       		.byte	0x6
 549 0028 0F020000 		.4byte	.LASF0
 550 002c 02       		.uleb128 0x2
 551 002d 01       		.byte	0x1
 552 002e 08       		.byte	0x8
 553 002f 12000000 		.4byte	.LASF1
 554 0033 02       		.uleb128 0x2
 555 0034 02       		.byte	0x2
 556 0035 05       		.byte	0x5
 557 0036 F6010000 		.4byte	.LASF2
 558 003a 02       		.uleb128 0x2
 559 003b 02       		.byte	0x2
 560 003c 07       		.byte	0x7
 561 003d 46000000 		.4byte	.LASF3
 562 0041 02       		.uleb128 0x2
 563 0042 04       		.byte	0x4
 564 0043 05       		.byte	0x5
 565 0044 06020000 		.4byte	.LASF4
 566 0048 02       		.uleb128 0x2
 567 0049 04       		.byte	0x4
 568 004a 07       		.byte	0x7
 569 004b 26000000 		.4byte	.LASF5
 570 004f 02       		.uleb128 0x2
 571 0050 08       		.byte	0x8
 572 0051 05       		.byte	0x5
 573 0052 87010000 		.4byte	.LASF6
 574 0056 02       		.uleb128 0x2
 575 0057 08       		.byte	0x8
 576 0058 07       		.byte	0x7
 577 0059 4A010000 		.4byte	.LASF7
 578 005d 03       		.uleb128 0x3
 579 005e 04       		.byte	0x4
 580 005f 05       		.byte	0x5
 581 0060 696E7400 		.ascii	"int\000"
 582 0064 02       		.uleb128 0x2
 583 0065 04       		.byte	0x4
 584 0066 07       		.byte	0x7
ARM GAS  C:\Users\Daniela\AppData\Local\Temp\cc6Tgybw.s 			page 31


 585 0067 3D010000 		.4byte	.LASF8
 586 006b 04       		.uleb128 0x4
 587 006c 00020000 		.4byte	.LASF9
 588 0070 02       		.byte	0x2
 589 0071 D201     		.2byte	0x1d2
 590 0073 2C000000 		.4byte	0x2c
 591 0077 04       		.uleb128 0x4
 592 0078 1E010000 		.4byte	.LASF10
 593 007c 02       		.byte	0x2
 594 007d D301     		.2byte	0x1d3
 595 007f 3A000000 		.4byte	0x3a
 596 0083 04       		.uleb128 0x4
 597 0084 2E010000 		.4byte	.LASF11
 598 0088 02       		.byte	0x2
 599 0089 D401     		.2byte	0x1d4
 600 008b 48000000 		.4byte	0x48
 601 008f 02       		.uleb128 0x2
 602 0090 04       		.byte	0x4
 603 0091 04       		.byte	0x4
 604 0092 0C000000 		.4byte	.LASF12
 605 0096 02       		.uleb128 0x2
 606 0097 08       		.byte	0x8
 607 0098 04       		.byte	0x4
 608 0099 17010000 		.4byte	.LASF13
 609 009d 02       		.uleb128 0x2
 610 009e 01       		.byte	0x1
 611 009f 08       		.byte	0x8
 612 00a0 B7010000 		.4byte	.LASF14
 613 00a4 04       		.uleb128 0x4
 614 00a5 00000000 		.4byte	.LASF15
 615 00a9 02       		.byte	0x2
 616 00aa 7E02     		.2byte	0x27e
 617 00ac B0000000 		.4byte	0xb0
 618 00b0 05       		.uleb128 0x5
 619 00b1 83000000 		.4byte	0x83
 620 00b5 06       		.uleb128 0x6
 621 00b6 95010000 		.4byte	.LASF16
 622 00ba 01       		.byte	0x1
 623 00bb 48       		.byte	0x48
 624 00bc 00000000 		.4byte	.LFB0
 625 00c0 18000000 		.4byte	.LFE0-.LFB0
 626 00c4 01       		.uleb128 0x1
 627 00c5 9C       		.byte	0x9c
 628 00c6 DA000000 		.4byte	0xda
 629 00ca 07       		.uleb128 0x7
 630 00cb 61010000 		.4byte	.LASF18
 631 00cf 01       		.byte	0x1
 632 00d0 48       		.byte	0x48
 633 00d1 6B000000 		.4byte	0x6b
 634 00d5 00000000 		.4byte	.LLST0
 635 00d9 00       		.byte	0
 636 00da 06       		.uleb128 0x6
 637 00db 38000000 		.4byte	.LASF17
 638 00df 01       		.byte	0x1
 639 00e0 6F       		.byte	0x6f
 640 00e1 00000000 		.4byte	.LFB1
 641 00e5 1C000000 		.4byte	.LFE1-.LFB1
ARM GAS  C:\Users\Daniela\AppData\Local\Temp\cc6Tgybw.s 			page 32


 642 00e9 01       		.uleb128 0x1
 643 00ea 9C       		.byte	0x9c
 644 00eb 0A010000 		.4byte	0x10a
 645 00ef 07       		.uleb128 0x7
 646 00f0 06000000 		.4byte	.LASF19
 647 00f4 01       		.byte	0x1
 648 00f5 6F       		.byte	0x6f
 649 00f6 6B000000 		.4byte	0x6b
 650 00fa 21000000 		.4byte	.LLST1
 651 00fe 08       		.uleb128 0x8
 652 00ff 20000000 		.4byte	.LASF30
 653 0103 01       		.byte	0x1
 654 0104 71       		.byte	0x71
 655 0105 6B000000 		.4byte	0x6b
 656 0109 00       		.byte	0
 657 010a 09       		.uleb128 0x9
 658 010b 7A010000 		.4byte	.LASF20
 659 010f 01       		.byte	0x1
 660 0110 88       		.byte	0x88
 661 0111 6B000000 		.4byte	0x6b
 662 0115 00000000 		.4byte	.LFB2
 663 0119 10000000 		.4byte	.LFE2-.LFB2
 664 011d 01       		.uleb128 0x1
 665 011e 9C       		.byte	0x9c
 666 011f 09       		.uleb128 0x9
 667 0120 66010000 		.4byte	.LASF21
 668 0124 01       		.byte	0x1
 669 0125 A4       		.byte	0xa4
 670 0126 6B000000 		.4byte	0x6b
 671 012a 00000000 		.4byte	.LFB3
 672 012e 10000000 		.4byte	.LFE3-.LFB3
 673 0132 01       		.uleb128 0x1
 674 0133 9C       		.byte	0x9c
 675 0134 06       		.uleb128 0x6
 676 0135 DD010000 		.4byte	.LASF22
 677 0139 01       		.byte	0x1
 678 013a CF       		.byte	0xcf
 679 013b 00000000 		.4byte	.LFB4
 680 013f 14000000 		.4byte	.LFE4-.LFB4
 681 0143 01       		.uleb128 0x1
 682 0144 9C       		.byte	0x9c
 683 0145 75010000 		.4byte	0x175
 684 0149 07       		.uleb128 0x7
 685 014a 25010000 		.4byte	.LASF23
 686 014e 01       		.byte	0x1
 687 014f CF       		.byte	0xcf
 688 0150 77000000 		.4byte	0x77
 689 0154 42000000 		.4byte	.LLST2
 690 0158 0A       		.uleb128 0xa
 691 0159 61010000 		.4byte	.LASF18
 692 015d 01       		.byte	0x1
 693 015e CF       		.byte	0xcf
 694 015f 77000000 		.4byte	0x77
 695 0163 01       		.uleb128 0x1
 696 0164 51       		.byte	0x51
 697 0165 0B       		.uleb128 0xb
 698 0166 35010000 		.4byte	.LASF25
ARM GAS  C:\Users\Daniela\AppData\Local\Temp\cc6Tgybw.s 			page 33


 699 016a 01       		.byte	0x1
 700 016b D1       		.byte	0xd1
 701 016c 83000000 		.4byte	0x83
 702 0170 63000000 		.4byte	.LLST3
 703 0174 00       		.byte	0
 704 0175 0C       		.uleb128 0xc
 705 0176 59000000 		.4byte	.LASF24
 706 017a 01       		.byte	0x1
 707 017b EC       		.byte	0xec
 708 017c 6B000000 		.4byte	0x6b
 709 0180 00000000 		.4byte	.LFB5
 710 0184 14000000 		.4byte	.LFE5-.LFB5
 711 0188 01       		.uleb128 0x1
 712 0189 9C       		.byte	0x9c
 713 018a 0B       		.uleb128 0xb
 714 018b AA010000 		.4byte	.LASF26
 715 018f 01       		.byte	0x1
 716 0190 EE       		.byte	0xee
 717 0191 6B000000 		.4byte	0x6b
 718 0195 80000000 		.4byte	.LLST4
 719 0199 00       		.byte	0
 720 019a 00       		.byte	0
 721              		.section	.debug_abbrev,"",%progbits
 722              	.Ldebug_abbrev0:
 723 0000 01       		.uleb128 0x1
 724 0001 11       		.uleb128 0x11
 725 0002 01       		.byte	0x1
 726 0003 25       		.uleb128 0x25
 727 0004 0E       		.uleb128 0xe
 728 0005 13       		.uleb128 0x13
 729 0006 0B       		.uleb128 0xb
 730 0007 03       		.uleb128 0x3
 731 0008 0E       		.uleb128 0xe
 732 0009 1B       		.uleb128 0x1b
 733 000a 0E       		.uleb128 0xe
 734 000b 55       		.uleb128 0x55
 735 000c 17       		.uleb128 0x17
 736 000d 11       		.uleb128 0x11
 737 000e 01       		.uleb128 0x1
 738 000f 10       		.uleb128 0x10
 739 0010 17       		.uleb128 0x17
 740 0011 00       		.byte	0
 741 0012 00       		.byte	0
 742 0013 02       		.uleb128 0x2
 743 0014 24       		.uleb128 0x24
 744 0015 00       		.byte	0
 745 0016 0B       		.uleb128 0xb
 746 0017 0B       		.uleb128 0xb
 747 0018 3E       		.uleb128 0x3e
 748 0019 0B       		.uleb128 0xb
 749 001a 03       		.uleb128 0x3
 750 001b 0E       		.uleb128 0xe
 751 001c 00       		.byte	0
 752 001d 00       		.byte	0
 753 001e 03       		.uleb128 0x3
 754 001f 24       		.uleb128 0x24
 755 0020 00       		.byte	0
ARM GAS  C:\Users\Daniela\AppData\Local\Temp\cc6Tgybw.s 			page 34


 756 0021 0B       		.uleb128 0xb
 757 0022 0B       		.uleb128 0xb
 758 0023 3E       		.uleb128 0x3e
 759 0024 0B       		.uleb128 0xb
 760 0025 03       		.uleb128 0x3
 761 0026 08       		.uleb128 0x8
 762 0027 00       		.byte	0
 763 0028 00       		.byte	0
 764 0029 04       		.uleb128 0x4
 765 002a 16       		.uleb128 0x16
 766 002b 00       		.byte	0
 767 002c 03       		.uleb128 0x3
 768 002d 0E       		.uleb128 0xe
 769 002e 3A       		.uleb128 0x3a
 770 002f 0B       		.uleb128 0xb
 771 0030 3B       		.uleb128 0x3b
 772 0031 05       		.uleb128 0x5
 773 0032 49       		.uleb128 0x49
 774 0033 13       		.uleb128 0x13
 775 0034 00       		.byte	0
 776 0035 00       		.byte	0
 777 0036 05       		.uleb128 0x5
 778 0037 35       		.uleb128 0x35
 779 0038 00       		.byte	0
 780 0039 49       		.uleb128 0x49
 781 003a 13       		.uleb128 0x13
 782 003b 00       		.byte	0
 783 003c 00       		.byte	0
 784 003d 06       		.uleb128 0x6
 785 003e 2E       		.uleb128 0x2e
 786 003f 01       		.byte	0x1
 787 0040 3F       		.uleb128 0x3f
 788 0041 19       		.uleb128 0x19
 789 0042 03       		.uleb128 0x3
 790 0043 0E       		.uleb128 0xe
 791 0044 3A       		.uleb128 0x3a
 792 0045 0B       		.uleb128 0xb
 793 0046 3B       		.uleb128 0x3b
 794 0047 0B       		.uleb128 0xb
 795 0048 27       		.uleb128 0x27
 796 0049 19       		.uleb128 0x19
 797 004a 11       		.uleb128 0x11
 798 004b 01       		.uleb128 0x1
 799 004c 12       		.uleb128 0x12
 800 004d 06       		.uleb128 0x6
 801 004e 40       		.uleb128 0x40
 802 004f 18       		.uleb128 0x18
 803 0050 9742     		.uleb128 0x2117
 804 0052 19       		.uleb128 0x19
 805 0053 01       		.uleb128 0x1
 806 0054 13       		.uleb128 0x13
 807 0055 00       		.byte	0
 808 0056 00       		.byte	0
 809 0057 07       		.uleb128 0x7
 810 0058 05       		.uleb128 0x5
 811 0059 00       		.byte	0
 812 005a 03       		.uleb128 0x3
ARM GAS  C:\Users\Daniela\AppData\Local\Temp\cc6Tgybw.s 			page 35


 813 005b 0E       		.uleb128 0xe
 814 005c 3A       		.uleb128 0x3a
 815 005d 0B       		.uleb128 0xb
 816 005e 3B       		.uleb128 0x3b
 817 005f 0B       		.uleb128 0xb
 818 0060 49       		.uleb128 0x49
 819 0061 13       		.uleb128 0x13
 820 0062 02       		.uleb128 0x2
 821 0063 17       		.uleb128 0x17
 822 0064 00       		.byte	0
 823 0065 00       		.byte	0
 824 0066 08       		.uleb128 0x8
 825 0067 34       		.uleb128 0x34
 826 0068 00       		.byte	0
 827 0069 03       		.uleb128 0x3
 828 006a 0E       		.uleb128 0xe
 829 006b 3A       		.uleb128 0x3a
 830 006c 0B       		.uleb128 0xb
 831 006d 3B       		.uleb128 0x3b
 832 006e 0B       		.uleb128 0xb
 833 006f 49       		.uleb128 0x49
 834 0070 13       		.uleb128 0x13
 835 0071 00       		.byte	0
 836 0072 00       		.byte	0
 837 0073 09       		.uleb128 0x9
 838 0074 2E       		.uleb128 0x2e
 839 0075 00       		.byte	0
 840 0076 3F       		.uleb128 0x3f
 841 0077 19       		.uleb128 0x19
 842 0078 03       		.uleb128 0x3
 843 0079 0E       		.uleb128 0xe
 844 007a 3A       		.uleb128 0x3a
 845 007b 0B       		.uleb128 0xb
 846 007c 3B       		.uleb128 0x3b
 847 007d 0B       		.uleb128 0xb
 848 007e 27       		.uleb128 0x27
 849 007f 19       		.uleb128 0x19
 850 0080 49       		.uleb128 0x49
 851 0081 13       		.uleb128 0x13
 852 0082 11       		.uleb128 0x11
 853 0083 01       		.uleb128 0x1
 854 0084 12       		.uleb128 0x12
 855 0085 06       		.uleb128 0x6
 856 0086 40       		.uleb128 0x40
 857 0087 18       		.uleb128 0x18
 858 0088 9742     		.uleb128 0x2117
 859 008a 19       		.uleb128 0x19
 860 008b 00       		.byte	0
 861 008c 00       		.byte	0
 862 008d 0A       		.uleb128 0xa
 863 008e 05       		.uleb128 0x5
 864 008f 00       		.byte	0
 865 0090 03       		.uleb128 0x3
 866 0091 0E       		.uleb128 0xe
 867 0092 3A       		.uleb128 0x3a
 868 0093 0B       		.uleb128 0xb
 869 0094 3B       		.uleb128 0x3b
ARM GAS  C:\Users\Daniela\AppData\Local\Temp\cc6Tgybw.s 			page 36


 870 0095 0B       		.uleb128 0xb
 871 0096 49       		.uleb128 0x49
 872 0097 13       		.uleb128 0x13
 873 0098 02       		.uleb128 0x2
 874 0099 18       		.uleb128 0x18
 875 009a 00       		.byte	0
 876 009b 00       		.byte	0
 877 009c 0B       		.uleb128 0xb
 878 009d 34       		.uleb128 0x34
 879 009e 00       		.byte	0
 880 009f 03       		.uleb128 0x3
 881 00a0 0E       		.uleb128 0xe
 882 00a1 3A       		.uleb128 0x3a
 883 00a2 0B       		.uleb128 0xb
 884 00a3 3B       		.uleb128 0x3b
 885 00a4 0B       		.uleb128 0xb
 886 00a5 49       		.uleb128 0x49
 887 00a6 13       		.uleb128 0x13
 888 00a7 02       		.uleb128 0x2
 889 00a8 17       		.uleb128 0x17
 890 00a9 00       		.byte	0
 891 00aa 00       		.byte	0
 892 00ab 0C       		.uleb128 0xc
 893 00ac 2E       		.uleb128 0x2e
 894 00ad 01       		.byte	0x1
 895 00ae 3F       		.uleb128 0x3f
 896 00af 19       		.uleb128 0x19
 897 00b0 03       		.uleb128 0x3
 898 00b1 0E       		.uleb128 0xe
 899 00b2 3A       		.uleb128 0x3a
 900 00b3 0B       		.uleb128 0xb
 901 00b4 3B       		.uleb128 0x3b
 902 00b5 0B       		.uleb128 0xb
 903 00b6 27       		.uleb128 0x27
 904 00b7 19       		.uleb128 0x19
 905 00b8 49       		.uleb128 0x49
 906 00b9 13       		.uleb128 0x13
 907 00ba 11       		.uleb128 0x11
 908 00bb 01       		.uleb128 0x1
 909 00bc 12       		.uleb128 0x12
 910 00bd 06       		.uleb128 0x6
 911 00be 40       		.uleb128 0x40
 912 00bf 18       		.uleb128 0x18
 913 00c0 9742     		.uleb128 0x2117
 914 00c2 19       		.uleb128 0x19
 915 00c3 00       		.byte	0
 916 00c4 00       		.byte	0
 917 00c5 00       		.byte	0
 918              		.section	.debug_loc,"",%progbits
 919              	.Ldebug_loc0:
 920              	.LLST0:
 921 0000 00000000 		.4byte	.LVL0
 922 0004 08000000 		.4byte	.LVL1
 923 0008 0100     		.2byte	0x1
 924 000a 50       		.byte	0x50
 925 000b 08000000 		.4byte	.LVL1
 926 000f 18000000 		.4byte	.LFE0
ARM GAS  C:\Users\Daniela\AppData\Local\Temp\cc6Tgybw.s 			page 37


 927 0013 0400     		.2byte	0x4
 928 0015 F3       		.byte	0xf3
 929 0016 01       		.uleb128 0x1
 930 0017 50       		.byte	0x50
 931 0018 9F       		.byte	0x9f
 932 0019 00000000 		.4byte	0
 933 001d 00000000 		.4byte	0
 934              	.LLST1:
 935 0021 00000000 		.4byte	.LVL2
 936 0025 04000000 		.4byte	.LVL3
 937 0029 0100     		.2byte	0x1
 938 002b 50       		.byte	0x50
 939 002c 04000000 		.4byte	.LVL3
 940 0030 1C000000 		.4byte	.LFE1
 941 0034 0400     		.2byte	0x4
 942 0036 F3       		.byte	0xf3
 943 0037 01       		.uleb128 0x1
 944 0038 50       		.byte	0x50
 945 0039 9F       		.byte	0x9f
 946 003a 00000000 		.4byte	0
 947 003e 00000000 		.4byte	0
 948              	.LLST2:
 949 0042 00000000 		.4byte	.LVL4
 950 0046 08000000 		.4byte	.LVL7
 951 004a 0100     		.2byte	0x1
 952 004c 50       		.byte	0x50
 953 004d 08000000 		.4byte	.LVL7
 954 0051 14000000 		.4byte	.LFE4
 955 0055 0400     		.2byte	0x4
 956 0057 F3       		.byte	0xf3
 957 0058 01       		.uleb128 0x1
 958 0059 50       		.byte	0x50
 959 005a 9F       		.byte	0x9f
 960 005b 00000000 		.4byte	0
 961 005f 00000000 		.4byte	0
 962              	.LLST3:
 963 0063 04000000 		.4byte	.LVL5
 964 0067 06000000 		.4byte	.LVL6
 965 006b 0B00     		.2byte	0xb
 966 006d 70       		.byte	0x70
 967 006e 00       		.sleb128 0
 968 006f 0A       		.byte	0xa
 969 0070 FFFF     		.2byte	0xffff
 970 0072 1A       		.byte	0x1a
 971 0073 20       		.byte	0x20
 972 0074 73       		.byte	0x73
 973 0075 00       		.sleb128 0
 974 0076 1A       		.byte	0x1a
 975 0077 9F       		.byte	0x9f
 976 0078 00000000 		.4byte	0
 977 007c 00000000 		.4byte	0
 978              	.LLST4:
 979 0080 08000000 		.4byte	.LVL8
 980 0084 0C000000 		.4byte	.LVL9
 981 0088 0100     		.2byte	0x1
 982 008a 50       		.byte	0x50
 983 008b 0C000000 		.4byte	.LVL9
ARM GAS  C:\Users\Daniela\AppData\Local\Temp\cc6Tgybw.s 			page 38


 984 008f 14000000 		.4byte	.LFE5
 985 0093 0400     		.2byte	0x4
 986 0095 72       		.byte	0x72
 987 0096 00       		.sleb128 0
 988 0097 06       		.byte	0x6
 989 0098 9F       		.byte	0x9f
 990 0099 00000000 		.4byte	0
 991 009d 00000000 		.4byte	0
 992              		.section	.debug_aranges,"",%progbits
 993 0000 44000000 		.4byte	0x44
 994 0004 0200     		.2byte	0x2
 995 0006 00000000 		.4byte	.Ldebug_info0
 996 000a 04       		.byte	0x4
 997 000b 00       		.byte	0
 998 000c 0000     		.2byte	0
 999 000e 0000     		.2byte	0
 1000 0010 00000000 		.4byte	.LFB0
 1001 0014 18000000 		.4byte	.LFE0-.LFB0
 1002 0018 00000000 		.4byte	.LFB1
 1003 001c 1C000000 		.4byte	.LFE1-.LFB1
 1004 0020 00000000 		.4byte	.LFB2
 1005 0024 10000000 		.4byte	.LFE2-.LFB2
 1006 0028 00000000 		.4byte	.LFB3
 1007 002c 10000000 		.4byte	.LFE3-.LFB3
 1008 0030 00000000 		.4byte	.LFB4
 1009 0034 14000000 		.4byte	.LFE4-.LFB4
 1010 0038 00000000 		.4byte	.LFB5
 1011 003c 14000000 		.4byte	.LFE5-.LFB5
 1012 0040 00000000 		.4byte	0
 1013 0044 00000000 		.4byte	0
 1014              		.section	.debug_ranges,"",%progbits
 1015              	.Ldebug_ranges0:
 1016 0000 00000000 		.4byte	.LFB0
 1017 0004 18000000 		.4byte	.LFE0
 1018 0008 00000000 		.4byte	.LFB1
 1019 000c 1C000000 		.4byte	.LFE1
 1020 0010 00000000 		.4byte	.LFB2
 1021 0014 10000000 		.4byte	.LFE2
 1022 0018 00000000 		.4byte	.LFB3
 1023 001c 10000000 		.4byte	.LFE3
 1024 0020 00000000 		.4byte	.LFB4
 1025 0024 14000000 		.4byte	.LFE4
 1026 0028 00000000 		.4byte	.LFB5
 1027 002c 14000000 		.4byte	.LFE5
 1028 0030 00000000 		.4byte	0
 1029 0034 00000000 		.4byte	0
 1030              		.section	.debug_line,"",%progbits
 1031              	.Ldebug_line0:
 1032 0000 C7000000 		.section	.debug_str,"MS",%progbits,1
 1032      02004400 
 1032      00000201 
 1032      FB0E0D00 
 1032      01010101 
 1033              	.LASF15:
 1034 0000 72656733 		.ascii	"reg32\000"
 1034      3200
 1035              	.LASF19:
ARM GAS  C:\Users\Daniela\AppData\Local\Temp\cc6Tgybw.s 			page 39


 1036 0006 76616C75 		.ascii	"value\000"
 1036      6500
 1037              	.LASF12:
 1038 000c 666C6F61 		.ascii	"float\000"
 1038      7400
 1039              	.LASF1:
 1040 0012 756E7369 		.ascii	"unsigned char\000"
 1040      676E6564 
 1040      20636861 
 1040      7200
 1041              	.LASF30:
 1042 0020 64725661 		.ascii	"drVal\000"
 1042      6C00
 1043              	.LASF5:
 1044 0026 6C6F6E67 		.ascii	"long unsigned int\000"
 1044      20756E73 
 1044      69676E65 
 1044      6420696E 
 1044      7400
 1045              	.LASF17:
 1046 0038 55415254 		.ascii	"UART_tx_Write\000"
 1046      5F74785F 
 1046      57726974 
 1046      6500
 1047              	.LASF3:
 1048 0046 73686F72 		.ascii	"short unsigned int\000"
 1048      7420756E 
 1048      7369676E 
 1048      65642069 
 1048      6E7400
 1049              	.LASF24:
 1050 0059 55415254 		.ascii	"UART_tx_ClearInterrupt\000"
 1050      5F74785F 
 1050      436C6561 
 1050      72496E74 
 1050      65727275 
 1051              	.LASF27:
 1052 0070 474E5520 		.ascii	"GNU C11 5.4.1 20160609 (release) [ARM/embedded-5-br"
 1052      43313120 
 1052      352E342E 
 1052      31203230 
 1052      31363036 
 1053 00a3 616E6368 		.ascii	"anch revision 237715] -mcpu=cortex-m0 -mthumb -g -O"
 1053      20726576 
 1053      6973696F 
 1053      6E203233 
 1053      37373135 
 1054 00d6 33202D66 		.ascii	"3 -ffunction-sections -ffat-lto-objects -finline-fu"
 1054      66756E63 
 1054      74696F6E 
 1054      2D736563 
 1054      74696F6E 
 1055 0109 6E637469 		.ascii	"nctions -flto\000"
 1055      6F6E7320 
 1055      2D666C74 
 1055      6F00
 1056              	.LASF13:
ARM GAS  C:\Users\Daniela\AppData\Local\Temp\cc6Tgybw.s 			page 40


 1057 0117 646F7562 		.ascii	"double\000"
 1057      6C6500
 1058              	.LASF10:
 1059 011e 75696E74 		.ascii	"uint16\000"
 1059      313600
 1060              	.LASF23:
 1061 0125 706F7369 		.ascii	"position\000"
 1061      74696F6E 
 1061      00
 1062              	.LASF11:
 1063 012e 75696E74 		.ascii	"uint32\000"
 1063      333200
 1064              	.LASF25:
 1065 0135 696E7472 		.ascii	"intrCfg\000"
 1065      43666700 
 1066              	.LASF8:
 1067 013d 756E7369 		.ascii	"unsigned int\000"
 1067      676E6564 
 1067      20696E74 
 1067      00
 1068              	.LASF7:
 1069 014a 6C6F6E67 		.ascii	"long long unsigned int\000"
 1069      206C6F6E 
 1069      6720756E 
 1069      7369676E 
 1069      65642069 
 1070              	.LASF18:
 1071 0161 6D6F6465 		.ascii	"mode\000"
 1071      00
 1072              	.LASF21:
 1073 0166 55415254 		.ascii	"UART_tx_ReadDataReg\000"
 1073      5F74785F 
 1073      52656164 
 1073      44617461 
 1073      52656700 
 1074              	.LASF20:
 1075 017a 55415254 		.ascii	"UART_tx_Read\000"
 1075      5F74785F 
 1075      52656164 
 1075      00
 1076              	.LASF6:
 1077 0187 6C6F6E67 		.ascii	"long long int\000"
 1077      206C6F6E 
 1077      6720696E 
 1077      7400
 1078              	.LASF16:
 1079 0195 55415254 		.ascii	"UART_tx_SetDriveMode\000"
 1079      5F74785F 
 1079      53657444 
 1079      72697665 
 1079      4D6F6465 
 1080              	.LASF26:
 1081 01aa 6D61736B 		.ascii	"maskedStatus\000"
 1081      65645374 
 1081      61747573 
 1081      00
 1082              	.LASF14:
ARM GAS  C:\Users\Daniela\AppData\Local\Temp\cc6Tgybw.s 			page 41


 1083 01b7 63686172 		.ascii	"char\000"
 1083      00
 1084              	.LASF28:
 1085 01bc 47656E65 		.ascii	"Generated_Source\\PSoC4\\UART_tx.c\000"
 1085      72617465 
 1085      645F536F 
 1085      75726365 
 1085      5C50536F 
 1086              	.LASF22:
 1087 01dd 55415254 		.ascii	"UART_tx_SetInterruptMode\000"
 1087      5F74785F 
 1087      53657449 
 1087      6E746572 
 1087      72757074 
 1088              	.LASF2:
 1089 01f6 73686F72 		.ascii	"short int\000"
 1089      7420696E 
 1089      7400
 1090              	.LASF9:
 1091 0200 75696E74 		.ascii	"uint8\000"
 1091      3800
 1092              	.LASF4:
 1093 0206 6C6F6E67 		.ascii	"long int\000"
 1093      20696E74 
 1093      00
 1094              	.LASF0:
 1095 020f 7369676E 		.ascii	"signed char\000"
 1095      65642063 
 1095      68617200 
 1096              	.LASF29:
 1097 021b 433A5C55 		.ascii	"C:\\Users\\Daniela\\Desktop\\Bluetooth_Project\\Thr"
 1097      73657273 
 1097      5C44616E 
 1097      69656C61 
 1097      5C446573 
 1098 0249 6F756768 		.ascii	"oughput\\GATT Notification - Data Incoming.cydsn\000"
 1098      7075745C 
 1098      47415454 
 1098      204E6F74 
 1098      69666963 
 1099              		.comm	__gnu_lto_v1,1,1
 1100              		.ident	"GCC: (GNU Tools for ARM Embedded Processors) 5.4.1 20160609 (release) [ARM/embedded-5-bran
