ARM GAS  C:\Users\Daniela\AppData\Local\Temp\cceeFh5c.s 			page 1


   1              		.syntax unified
   2              		.cpu cortex-m0
   3              		.fpu softvfp
   4              		.eabi_attribute 20, 1
   5              		.eabi_attribute 21, 1
   6              		.eabi_attribute 23, 3
   7              		.eabi_attribute 24, 1
   8              		.eabi_attribute 25, 1
   9              		.eabi_attribute 26, 1
  10              		.eabi_attribute 30, 2
  11              		.eabi_attribute 34, 0
  12              		.eabi_attribute 18, 4
  13              		.thumb
  14              		.syntax unified
  15              		.file	"UART_rx.c"
  16              		.text
  17              	.Ltext0:
  18              		.section	.gnu.lto_.profile.585669ec,"",%progbits
  19 0000 789C6361 		.ascii	"x\234ca`d`a`\000\222\352\212\000\000\331\000S"
  19      60646061 
  19      600092EA 
  19      8A0000D9 
  19      0053
  20              		.text
  21              		.section	.gnu.lto_.icf.585669ec,"",%progbits
  22 0000 789C6361 		.ascii	"x\234ca`d\000\001U\006\004`c\330\376\253}\017\037c\363"
  22      60640001 
  22      55060460 
  22      63D8FEAB 
  22      7D0F1F63 
  23 0015 952F4C4C 		.ascii	"\225/LLG:[ws1\037x\323\330\314\301\362\360\336\327\023"
  23      473A5B77 
  23      73311F78 
  23      D3D8CCC1 
  23      F2F0DED7 
  24 002a 2CACFB0F 		.ascii	",\254\373\017=\337\300\307\000\000Ip\021\204"
  24      3DDFC0C7 
  24      00004970 
  24      1184
  25              		.text
  26              		.section	.gnu.lto_.jmpfuncs.585669ec,"",%progbits
  27 0000 789C45C9 		.ascii	"x\234E\311\261\001\000 \010\300\260\026\320+\374\225"
  27      B1010020 
  27      08C0B016 
  27      D02BFC95 
  28 0010 D795C90C 		.ascii	"\327\225\311\014]Z\3108|\033\265\235\004$Thv\257\367"
  28      5D5AC838 
  28      7C1BB59D 
  28      04245468 
  28      76AFF7
  29 0023 2E215502 		.ascii	".!U\002@"
  29      40
  30              		.text
  31              		.section	.gnu.lto_.inline.585669ec,"",%progbits
  32 0000 789C658D 		.ascii	"x\234e\215\311\015\2000\014\004\327\216\343\030\011"
  32      C90D8030 
  32      0C04D78E 
ARM GAS  C:\Users\Daniela\AppData\Local\Temp\cceeFh5c.s 			page 2


  32      E31809
  33 000f 093A4807 		.ascii	"\011:H\007\224@\245<R\012%P\012%`\203\004B\231\307>"
  33      9440A53C 
  33      520A2550 
  33      0A256083 
  33      044299C7 
  34 0024 767C0808 		.ascii	"v|\010\010\301\206\017\005\254\020\301\\%\333Wh\253"
  34      C1860F05 
  34      AC10C15C 
  34      25DB5768 
  34      AB
  35 0035 0C3E2609 		.ascii	"\014>&\011K\030\254\223\322\352-\031\232\011\254\347"
  35      4B18AC93 
  35      D2EA2D19 
  35      9A09ACE7 
  36 0045 F2F44EEA 		.ascii	"\362\364N\352+\211\023\214\331OP\204\374\237x\2141\226"
  36      2B89138C 
  36      D94F5084 
  36      FC9F788C 
  36      3196
  37 0057 51D4375F 		.ascii	"Q\3247_\031\\\353\300\017\342"
  37      195CEBC0 
  37      0FE2
  38              		.text
  39              		.section	.gnu.lto_.pureconst.585669ec,"",%progbits
  40 0000 789C6361 		.ascii	"x\234ca`d\340e```c\220b\224b\222b\226b\221b\225\002"
  40      6064E065 
  40      60606063 
  40      90629462 
  40      92629662 
  41 0018 00059500 		.ascii	"\000\005\225\000\304"
  41      C4
  42              		.text
  43              		.section	.gnu.lto_UART_rx_SetDriveMode.585669ec,"",%progbits
  44 0000 789C7D51 		.ascii	"x\234}Q=K\\A\024\275g\346\355{\212&\266\201la@P\033"
  44      3D4B5C41 
  44      14BD67E6 
  44      ED7B8A26 
  44      B6816C61 
  45 0017 11E21F10 		.ascii	"\021\342\037\020\013[\321\244SD\364\225\311\302\242"
  45      0B5BD1A4 
  45      5344F495 
  45      C9C2A2
  46 0026 60E7EC3E 		.ascii	"`\347\354>\037J\012\0214B\010a\253\215I\374\014\013"
  46      1F4A0A11 
  46      34420861 
  46      AB8D49FC 
  46      0C0B
  47 0038 8ADDBA21 		.ascii	"\212\335\272!b\265\242\205`#!\305C\324b\375\002\361"
  47      62B5A285 
  47      602321C5 
  47      43D462FD 
  47      02F1
  48 004a 639FF7BE 		.ascii	"c\237\367\276\335\332\201\271\367\316\341\234\303\231"
  48      DDDA81B9 
  48      F7CEE19C 
  48      C399
ARM GAS  C:\Users\Daniela\AppData\Local\Temp\cceeFh5c.s 			page 3


  49 0058 198B40B2 		.ascii	"\031\213@\262\376pk\341\376\23274A\315\026\211R5\012"
  49      FE706BE1 
  49      FE9A3734 
  49      41CD1689 
  49      52350A
  50 006b 90C1D480 		.ascii	"\220\301\324\200&\024&p\243\036\025\012S\301\226j]4"
  50      26142670 
  50      A31E150A 
  50      53C1966A 
  50      5D34
  51 007d BCFEF941 		.ascii	"\274\376\371AO\312\370\257|M\024\252\310\211\260\210"
  51      4FCAF8AF 
  51      7C4D14AA 
  51      C889B088 
  52 008d 56665DE5 		.ascii	"Vf]\345\262su\272\011\304\363E\261t\374\2629kL\332\230"
  52      B27375BA 
  52      09C4F345 
  52      B174FCB2 
  52      396B4CDA 
  53 00a2 AF0346FB 		.ascii	"\257\003F\373\032\370\001\315\012\274\215\243=N\014"
  53      1AF801CD 
  53      0ABC8DA3 
  53      3D4E0C
  54 00b1 107EA259 		.ascii	"\020~\242Y\310\377\177\227?\277\260'\305\276\261b\212"
  54      C8FF7F97 
  54      3FBFB027 
  54      C5BEB162 
  54      8A
  55 00c2 5FB025E6 		.ascii	"_\260%\346Zo\336\204\241g\3629\373\357\206]\253X\246"
  55      5A6FDE84 
  55      A167F239 
  55      FBEF865D 
  55      AB58A6
  56 00d5 B4140B22 		.ascii	"\264\024\013\"\216\311hKq\244\020\225xK\374\013\245"
  56      8EC9684B 
  56      71A41095 
  56      784BFC0B 
  56      A5
  57 00e6 A4EB0085 		.ascii	"\244\353\000\205\273O\207_l\361\363\264\\e\301/\354"
  57      BB4F875F 
  57      6CF1F3B4 
  57      5C65C12F 
  57      EC
  58 00f7 39D7CAD7 		.ascii	"9\327\312\327:\312\231\2339(\327U\216\323\351Yc1t\226"
  58      3ACA999B 
  58      3928D755 
  58      8ED3E959 
  58      63317496 
  59 010b 2DEE3A19 		.ascii	"-\356:\031|KM\302\327\026\226\021\307\022\342\234i\005"
  59      7C4B4DC2 
  59      D7169611 
  59      C712E29C 
  59      6905
  60 011d 195000EF 		.ascii	"\031P\000\357\241j\247+\216\347\337\267\367\033\304"
  60      A16AA72B 
  60      8EE7DFB7 
  60      F71BC4
ARM GAS  C:\Users\Daniela\AppData\Local\Temp\cceeFh5c.s 			page 4


  61 012c 4221CC94 		.ascii	"B!\314\224\303\006\2542;@\372\322\251\320b\236\266D"
  61      C306AC32 
  61      3B40FAD2 
  61      A9D0629E 
  61      B644
  62 013e 56AACA04 		.ascii	"V\252\312\004b\331\375\311\374\021D\026C=\326\"\211"
  62      62D9FDC9 
  62      FC114416 
  62      433DD622 
  62      89
  63 014f 775BA538 		.ascii	"w[\2458\221\271\315Pa\001\002=\027k\235c\261\204N\221"
  63      91B9CD50 
  63      6101023D 
  63      176B9D63 
  63      B1844E91 
  64 0163 CE6FEE28 		.ascii	"\316o\356(\241G\277RR\2207\340\027y\323\355~t\223C\243"
  64      A147BF52 
  64      529037E0 
  64      1779D3ED 
  64      7E749343 
  65 0178 EEC8605F 		.ascii	"\356\310`_b,9\354\366\367\364%\272:\372\337w\366\276"
  65      622C39EC 
  65      F6F7F425 
  65      BA3AFADF 
  65      77F6BE
  66 018b 1B4C8EB7 		.ascii	"\033L\216\267\015\223\365!1\342>\001\214\007\237>"
  66      0D93F521 
  66      31E23E01 
  66      8C079F3E 
  67              		.text
  68              		.section	.gnu.lto_UART_rx_Write.585669ec,"",%progbits
  69 0000 789C5551 		.ascii	"x\234UQMk\023Q\024\275\347\275\231\314\224Pt\341\316"
  69      4D6B1351 
  69      14BDE7BD 
  69      99CC9450 
  69      74E1CE
  70 0013 2C2A584A 		.ascii	",*XJ]hA\377\200\270\350V\332\352*XB;+\203\205`\213\273"
  70      5D6841FF 
  70      80B8E856 
  70      DAEA2A58 
  70      423B2B83 
  71 002b BE7C836E 		.ascii	"\276|\203n*b\273\321\024\021i\375l\242\240\210.\306"
  71      2A62BBD1 
  71      141169FD 
  71      6CA2A088 
  71      2EC6
  72 003d D914112A 		.ascii	"\331\024\021*E\221\012E\244`\212n\214\037\301\"\325"
  72      45910A45 
  72      A4608A6E 
  72      8C1FC122 
  72      D5
  73 004e 78EFBC8D 		.ascii	"x\357\274\215y\314\373\2303\347\234w\356\035\207@2\316"
  73      79CCFB98 
  73      33E79C77 
  73      EE1D8740 
  73      32CE
  74 0060 2AA223BC 		.ascii	"*\242#\274\357\347\011MPskDy_\001r0>hVa\026m\365G!\252"
ARM GAS  C:\Users\Daniela\AppData\Local\Temp\cceeFh5c.s 			page 5


  74      EFE7094D 
  74      50736B44 
  74      795F0172 
  74      303E6856 
  75 007b 369FAAC1 		.ascii	"6\237\252\301%\303\343\343\247_Cf9DY\023uT\354DX\302"
  75      25C3E3E3 
  75      A75F4366 
  75      39445913 
  75      7554EC44 
  76 0091 20B3B69F 		.ascii	" \263\266\237W\337B\037\004\361\271\022\265[\311\201"
  76      57DF421F 
  76      04F1B912 
  76      B55BC981 
  77 00a1 5BC6148C 		.ascii	"[\306\024\214i\247\215.k`\031\232\0258\232\302P\212"
  77      69A78D2E 
  77      6B60199A 
  77      15389AC2 
  77      508A
  78 00b3 1820DCC6 		.ascii	"\030 \334\306\200\220?G\227\262\372P\254[}|\271\203"
  78      80903F47 
  78      97B2FA50 
  78      AC5B7D7C 
  78      B983
  79 00c5 FE9BA20B 		.ascii	"\376\233\242\013\337\254\366.\2300\337'\332;\377ke0"
  79      DFACF62E 
  79      9830DF27 
  79      DA3BFF6B 
  79      6530
  80 00d7 77ABF1F7 		.ascii	"w\253\361\367jo\242$\251\372p\027\3756\017\356!\301"
  80      6A6FA224 
  80      A9FA7017 
  80      FD360FEE 
  80      21C1
  81 00e9 15429095 		.ascii	"\025B\220\225\221\320t:E\023\256{/6\274\244\342[\225"
  81      91D0743A 
  81      4513AE7B 
  81      2F36BCA4 
  81      E25B95
  82 00fc E6453B24 		.ascii	"\346E;$\237]H\202\204\000\236,~\214\366\010\213\250"
  82      9F5D4882 
  82      84009E2C 
  82      7E8CF608 
  82      8BA8
  83 010e C5533AF1 		.ascii	"\305S:\361M)\331u\023\321\357\213k\265\031\361/j\351"
  83      4D29D975 
  83      13D1EF8B 
  83      6BB519F1 
  83      2F6AE9
  84 0121 CA7C397A 		.ascii	"\312|9z\355\375Te\355\304\321\237\355\204\013\256}5"
  84      EDFD5465 
  84      EDC4D19F 
  84      ED840BAE 
  84      7D35
  85 0133 8539E348 		.ascii	"\2059\343HG\266\237\274\334\263\210\353\371\022\367"
  85      47B69FBC 
  85      DCB388EB 
  85      F912F7
ARM GAS  C:\Users\Daniela\AppData\Local\Temp\cceeFh5c.s 			page 6


  86 0142 CBC503A4 		.ascii	"\313\305\003\244p\037\234\037+X\0045Q\370^\335T\326"
  86      701F9C1F 
  86      2B580435 
  86      51F85EDD 
  86      54D6
  87 0154 50B32723 		.ascii	"P\263'#\305\335\312&,\3420\310\036\033\215+\365\330"
  87      C5DDCA26 
  87      2CE230C8 
  87      1E1B8D2B 
  87      F5D8
  88 0166 56E32B50 		.ascii	"V\343+Pg\371\026b\215de\226\210Z\225w\2653V\305\217"
  88      67F91662 
  88      8D646596 
  88      885A9577 
  88      B53356C5 
  89 017b CBAAF552 		.ascii	"\313\252\365R\375\232\026U\002\016\032,\352\262\366"
  89      FD9A1655 
  89      020E1A2C 
  89      EAB2F6
  90 018a 9827897F 		.ascii	"\230'\211\177\354\276RB\002\366\342\241%\355$,\305\217"
  90      ECBE5242 
  90      02F6E2A1 
  90      25ED242C 
  90      C58F
  91 019c 0378DD97 		.ascii	"\003x\335\227\3716\363\207\332\230%\365X(\232\277\261"
  91      F936F387 
  91      DA9825F5 
  91      58289ABF 
  91      B1
  92 01ad 4F80AE8A 		.ascii	"O\200\256\212\363\306$\273\213~\304E\263\206\276\240"
  92      F3C624BB 
  92      8B7EC445 
  92      B386BEA0 
  93 01bd 10BE1F16 		.ascii	"\020\276\037\026A\374'[\012\322`n\367\201\341\340\\"
  93      41FC275B 
  93      0AD2606E 
  93      F781E1E0 
  93      5C
  94 01ce 90CB9C0F 		.ascii	"\220\313\234\017&\307G\247\246s\023A\372\344\350\324"
  94      26C747A7 
  94      A6731341 
  94      FAE4E8D4 
  95 01de 8963E953 		.ascii	"\211c\351S\307G\306\306s\027\016O\220;\223\311N\007"
  95      C747C6C6 
  95      73170E4F 
  95      903B93C9 
  95      4E07
  96 01f0 EE64EE74 		.ascii	"\356d\356t&\373\017&\011\324\343"
  96      26FB0F26 
  96      09D4E3
  97              		.text
  98              		.section	.gnu.lto_UART_rx_Read.585669ec,"",%progbits
  99 0000 789C2D8F 		.ascii	"x\234-\217\275K\202Q\024\306\317s\357\253\211\341_\220"
  99      BD4B8251 
  99      14C6CF73 
  99      EFAB89E1 
  99      5F90
ARM GAS  C:\Users\Daniela\AppData\Local\Temp\cceeFh5c.s 			page 7


 100 0012 43D1E412 		.ascii	"C\321\344\022A-M\021A\255\241\265\204 a\357\232 \005"
 100      412D4D11 
 100      41ADA1B5 
 100      842061EF 
 100      9A2005
 101 0025 6D5EDF0F 		.ascii	"m^\337\017\205hp\251 \012\247R\373\240\242hh2\021\022"
 101      856870A9 
 101      200AA752 
 101      FBA0A268 
 101      68321112 
 102 0039 82A2A5B9 		.ascii	"\202\242\245\271\"\034\232J\212 *;\327\267\003\367\234"
 102      221C9A4A 
 102      8A202A3B 
 102      D7B703F7 
 102      9C
 103 004a 7BCFFDDD 		.ascii	"{\317\375\335\3479\327 \220\216Q.\375\\{xA\022D\341"
 103      E739D720 
 103      908E512E 
 103      FD5C7B78 
 103      411244E1 
 104 005e 86281B10 		.ascii	"\206(\033\020\200\336\250\000(#\220\301\207\370\021"
 104      80DEA800 
 104      282390C1 
 104      87F811
 105 006d B8FE6CAC 		.ascii	"\270\376l\254\006#%\245,\365\340\356\216l\224\253p%"
 105      062325A5 
 105      2CF5E0EE 
 105      8E6C94AB 
 105      7025
 106 007f 515B1086 		.ascii	"Q[\020\206\302\030\014k\211\022\"\304\350\323\311\357"
 106      C2180C6B 
 106      891222C4 
 106      E8D3C9EF 
 107 008f 5AC8EF28 		.ascii	"Z\310\357(\216^\015\360M\031~my\024\255\252v\333V\325"
 107      8E5E0DF0 
 107      4D197E6D 
 107      7914ADAA 
 107      76DB56D5 
 108 00a3 D3E0E579 		.ascii	"\323\340\345y\220[\256d_N\206N>\322\212\364\312/\264"
 108      905BAE64 
 108      5F4E864E 
 108      3ED28AF4 
 108      CA2FB4
 109 00b6 FF9B10BA 		.ascii	"\377\233\020\272\312&j_+\367\225Y-bK\311\006\353n\355"
 109      CA266A5F 
 109      2BF79559 
 109      2D624BC9 
 109      06EB6EED 
 110 00ca B6EB5DB8 		.ascii	"\266\353]\270R@\373Y\205\306c\310;:VA\031\334\312\357"
 110      5240FB59 
 110      85C663C8 
 110      3B3A5641 
 110      19DCCAEF 
 111 00de 5C6C7617 		.ascii	"\\lv\027\261\235uxJ\211=\204Q\001\317\210}\024AM\330"
 111      B19D7578 
 111      4A893D84 
 111      5101CF88 
ARM GAS  C:\Users\Daniela\AppData\Local\Temp\cceeFh5c.s 			page 8


 111      7D14414D 
 112 00f3 AD09B225 		.ascii	"\255\011\262%<\271;\347xK\352\367\006\014\0340\306\367"
 112      3CB93BE7 
 112      784BEAF7 
 112      060C1C30 
 112      C6F7
 113 0105 DFB9BADF 		.ascii	"\337\271\272\33734\230c\350\254~\225\013h\010\034\207"
 113      33349863 
 113      E8AC7E95 
 113      0B68081C 
 113      87
 114 0116 1DC86AE5 		.ascii	"\035\310j\345\237\341A>\346\350\005\342\377D\235o@\217"
 114      9FE1413E 
 114      E6E805E2 
 114      FF449D6F 
 114      408F
 115 0128 CF9FE99B 		.ascii	"\317\237\351\2334\027\314\364\334\2429\237\210\245\226"
 115      3417CCF4 
 115      DCA2399F 
 115      88A596
 116 0137 D249333E 		.ascii	"\322I3>\025K\215\017\307g\306\242\323\211\364\362@\222"
 116      154B8D0F 
 116      C767C6A2 
 116      D389F4F2 
 116      4092
 117 0149 FE00DA51 		.ascii	"\376\000\332QsO"
 117      734F
 118              		.text
 119              		.section	.gnu.lto_UART_rx_ReadDataReg.585669ec,"",%progbits
 120 0000 789C2D8F 		.ascii	"x\234-\217OKBA\024\305\357\231y\232$\321\007\310E\321"
 120      4F4B4241 
 120      14C5EF99 
 120      799A24D1 
 120      07C845D1 
 121 0014 CA4D04B5 		.ascii	"\312M\004\265i\025\021\3246\2646!H\330\333&HA;G\237"
 121      691511D4 
 121      36B43621 
 121      48D8DB26 
 121      48413B47 
 122 0029 CF205AB8 		.ascii	"\317 Z\270)\027Y.\2652*\012Z\264y\211P\021\024}\203"
 122      2917592E 
 122      B5322A0A 
 122      5AB47989 
 122      5011147D 
 123 003e 88506855 		.ascii	"\210PhU\322?\242\262;\276.\314\2753w~s\316\035\203@"
 123      D23FA2B2 
 123      3BBE2ECC 
 123      BD33777E 
 123      73CE1D83 
 124 0053 3A46B9F4 		.ascii	":F\271\364s\355\341\005I\020\271\033\242\224O\000z\243"
 124      73EDE105 
 124      4910B91B 
 124      A2944F00 
 124      7AA3
 125 0065 7CA0A440 		.ascii	"|\240\244@\022o\342G\340\372\343r\2553XR*\255\356\355"
 125      126FE247 
 125      E0FAE372 
ARM GAS  C:\Users\Daniela\AppData\Local\Temp\cceeFh5c.s 			page 9


 125      AD335852 
 125      2AADEEED 
 126 0079 E3917CD9 		.ascii	"\343\221|\331\201-\211Z\2020\024\300`@K\224\020$F\037"
 126      812D895A 
 126      823014C0 
 126      60404B94 
 126      1024461F 
 127 008d 8E7ED7BB 		.ascii	"\216~\327\273\274\031\305\321\253\001\276)\303\253-"
 127      BC19C5D1 
 127      AB01BE29 
 127      C3AB2D
 128 009c 0F428E6A 		.ascii	"\017B\216j\265,\345l\372\317\267\375\334\262%\373r2"
 128      B52CE56C 
 128      FACFB7FD 
 128      DCB225FB 
 128      7232
 129 00ae 74F29056 		.ascii	"t\362\220V\244g~\241\375_\204\320U\326Q\375Z}\257\314"
 129      A4677EA1 
 129      FD5F84D0 
 129      55D651FD 
 129      5A7DAFCC 
 130 00c2 6A114B4A 		.ascii	"j\021KJ6\330\260\253\267\035\257\302\226\002\332\357"
 130      36D8B0AB 
 130      B71DAFC2 
 130      9602DAEF 
 131 00d2 ECD3C97B 		.ascii	"\354\323\311{\334\243J\347\224\301\255F\343\364\252"
 131      DCA34AE7 
 131      94C1AD46 
 131      E3F4AA
 132 00e1 BB88AD54 		.ascii	"\273\210\255T\206\247\224\330E\000;\340\031\261\207"
 132      86A794D8 
 132      45003BE0 
 132      19B187
 133 00f0 22A80EAB 		.ascii	"\"\250\016\2539A\226\204+w\2279,H\375\336\200\201\012"
 133      39419684 
 133      2B779739 
 133      2C48FDDE 
 133      80810A
 134 0103 637CFF9D 		.ascii	"c|\377\235\255y]C\2039\206Nj\027Y\237\206\300\261\337"
 134      AD795D43 
 134      8339864E 
 134      6A17599F 
 134      86C0B1DF 
 135 0117 86D2CD95 		.ascii	"\206\322\315\225G\270\220\2079z\202\370?Q\373\033\320"
 135      47B89087 
 135      397A82F8 
 135      3F51FB1B 
 135      D0
 136 0128 E3F367FA 		.ascii	"\343\363g\372&\315\00531\267h\316G\303\361\245D\314"
 136      26CD0533 
 136      31B768CE 
 136      47C3F1A5 
 136      44CC
 137 013a 8C4C85E3 		.ascii	"\214L\205\343\343\303\221\231\261\320t4\261<\020\243"
 137      E3C39199 
 137      B1D07434 
 137      B13C10A3 
ARM GAS  C:\Users\Daniela\AppData\Local\Temp\cceeFh5c.s 			page 10


 138 014a 3F9BA574 		.ascii	"?\233\245tf"
 138      66
 139              		.text
 140              		.section	.gnu.lto_UART_rx_SetInterruptMode.585669ec,"",%progbits
 141 0000 789C6D91 		.ascii	"x\234m\221Mh\023A\024\307\347\315l\262\233\244I=y\261"
 141      4D681341 
 141      14C7E7CD 
 141      6CB29BA4 
 141      493D79B1 
 142 0014 870896D0 		.ascii	"\207\010\226\320\203\202\342\305c\351\301\233\224Vo"
 142      8382E2C5 
 142      63E9C19B 
 142      94566F
 143 0023 8552DA55 		.ascii	"\205R\332Ur0+1\202\267N\262I\012E\244(\006,\015E\313"
 143      72302B31 
 143      82B74EB2 
 143      490A45A4 
 143      28062C0D 
 144 0039 D268D5B6 		.ascii	"\322h\325\266i\025\332\323\032\360V\225\372\201\370"
 144      6915DAD3 
 144      1AF05695 
 144      FA81F8
 145 0048 814AB529 		.ascii	"\201J\265)T\305\364C\024\321\306\367vr)8\260;\363~\274"
 145      54C5F443 
 145      14D1C6F7 
 145      76722938 
 145      B03BF37E 
 146 005d F79FFF7B 		.ascii	"\367\237\377{\2431`\264J\234\261c\270\357\303\017\004"
 146      A33160B4 
 146      4A9CB163 
 146      B8EFC30F 
 146      04
 147 006e 033EF284 		.ascii	"\003>\362\204\261\264\301\001\350 \015`\203\034\006"
 147      B1B4C101 
 147      E8200D60 
 147      831C06
 148 007d E107FFCB 		.ascii	"\341\007\377\313\2412T]\340m\223\022\327\307\325\265"
 148      A132545D 
 148      E06D9312 
 148      D7C7D5B5 
 149 008d C3B2E442 		.ascii	"\303\262\344BN0V\347\236\022\203Ih\303\254G\365\237"
 149      4E3056E7 
 149      9E128349 
 149      68C3AC47 
 149      F59F
 150 009f 6EF336CF 		.ascii	"n\3636\317\011\000*zV[*\206(\344\260\007\303\321u\247"
 150      09002A7A 
 150      565B2A86 
 150      28E4B007 
 150      C3D175A7 
 151 00b3 10110780 		.ascii	"\020\021\007\200\341ym\376\346\253`\314\2212#e\261O"
 151      E1796DFE 
 151      E6AB60CC 
 151      91322365 
 151      B14F
 152 00c5 FA7242C0 		.ascii	"\372rB\300m\020\250\007\267\240\005J\320\302\0201\230"
 152      6D10A807 
ARM GAS  C:\Users\Daniela\AppData\Local\Temp\cceeFh5c.s 			page 11


 152      B7A0054A 
 152      D0C21031 
 152      98
 153 00d6 8218666F 		.ascii	"\202\030fo\3159WC\342\240W\271i;vS\243\362C\243\362"
 153      CD395743 
 153      E2A057B9 
 153      693B7653 
 153      A3F243A3 
 154 00eb CE7F2AEF 		.ascii	"\316\177*\357B\214\322\227\2633cBY\3220\334x<\372)\242"
 154      428CD297 
 154      B3336342 
 154      59D230DC 
 154      783CFA29 
 155 0100 2C45319C 		.ascii	",E1\234r^:\\\034\361\204\207__)\207['H\330}~9r]\272"
 155      725E3A5C 
 155      1CF18487 
 155      5F5F2987 
 155      5B2748D8 
 156 011a D9684E68 		.ascii	"\331hNh0\243\304\247Q\374\036\212\323\302\354\225\331"
 156      30A3C4A7 
 156      51FC1E8A 
 156      D3C2EC95 
 156      D9
 157 012b 9D6B617F 		.ascii	"\235ka\177\226\006\022\205YhU\243\2002\370q\270@d\272"
 157      96061285 
 157      596855A3 
 157      8032F871 
 157      B84064BA 
 158 013f CB95F5BA 		.ascii	"\313\225\365\272-\335\345\310\3037\221&\216\266|\350"
 158      2DDDE5C8 
 158      C3379126 
 158      8EB67CE8 
 159 014f 023BD2E8 		.ascii	"\002;\322\350\350\243\237\237Q\246\016\344\326@\340"
 159      E8A39F9F 
 159      51A60EE4 
 159      D640E0
 160 015e 0F100DD2 		.ascii	"\017\020\015\322\217\261\032*\322KlpN\273\250B\345\367"
 160      8FB11A2A 
 160      D24B6C70 
 160      4EBBA842 
 160      E5F7
 161 0170 F0FBC54E 		.ascii	"\360\373\305N\272\304\0264\340B\256\362T\247nt\257\203"
 161      BAC41634 
 161      E042AEF2 
 161      54A76E74 
 161      AF83
 162 0182 6FDF17C6 		.ascii	"o\337\027\306\302*\274\224\031\221\324oy\342\313\347"
 162      C22ABC94 
 162      1991D46F 
 162      79E2CBE7 
 163 0192 E67128A6 		.ascii	"\346q(\246\263\370^\006\314c\023s\324\004\334\207q`"
 163      B3F85E06 
 163      CC631373 
 163      D404DC87 
 163      7160
 164 01a4 55C86C0E 		.ascii	"U\310l\016\275\363)A\315\306\261!\331\311/i\212\370"
 164      BDF32941 
ARM GAS  C:\Users\Daniela\AppData\Local\Temp\cceeFh5c.s 			page 12


 164      CDC6B121 
 164      D9C92F69 
 164      8AF8
 165 01b6 1022B1FF 		.ascii	"\020\"\261\377\344\277\202\"t/r\266\002\334k\025\315"
 165      E4BF8222 
 165      742F72B6 
 165      02DC6B15 
 165      CD
 166 01c7 235439D5 		.ascii	"#T9\325\305\027\215,\003\225l\241{\362\272B\001\244"
 166      C5178D2C 
 166      03956CA1 
 166      7BF2BA42 
 166      01A4
 167 01d9 94F62BBF 		.ascii	"\224\366+\277-\024\011zj\001\204\225\302\215\275\304"
 167      2D14097A 
 167      6A018495 
 167      C28DBDC4 
 168 01e9 76D94D4B 		.ascii	"v\331MK\031\332\355\370\001:\3062\266\016\031\367\355"
 168      19DAEDF8 
 168      013AC632 
 168      B60E19F7 
 168      ED
 169 01fa 092AF0DE 		.ascii	"\011*\360\336\242\306\201\246\203\263\332\177\334L\230"
 169      A2C681A6 
 169      83B3DA7F 
 169      DC4C98
 170 0209 C9BE9439 		.ascii	"\311\276\2249\320\333m]H\366\233=\235\335V\307\321\236"
 170      D0DB6D5D 
 170      48F69B3D 
 170      9DDD56C7 
 170      D19E
 171 021b 53ED5D27 		.ascii	"S\355]'{\223\027\017\3653\343\234u>\236\212[\011\355"
 171      7B93170F 
 171      F533E39C 
 171      753E9E8A 
 171      5B09ED
 172 022e AC3560EA 		.ascii	"\2545`\352\361D*\331q\372\314?\304\277\356;"
 172      F1442AD9 
 172      71FACC3F 
 172      C4BFEE3B 
 173              		.text
 174              		.section	.gnu.lto_UART_rx_ClearInterrupt.585669ec,"",%progbits
 175 0000 789C5590 		.ascii	"x\234U\220?H[Q\024\306\317w\357\213\011Uk\367fH\241"
 175      3F485B51 
 175      14C6CF77 
 175      EF8B0955 
 175      6BF76648 
 176 0015 0E5944A8 		.ascii	"\016YD\250\203\035\305\241k1q\023$\350\233D\0031B\247"
 176      831DC5A1 
 176      6B317113 
 176      24E89B44 
 176      033142A7 
 177 0029 7AF3E759 		.ascii	"z\363\347Y\020\241Y\214K\305A0\321X\377\014.-\221g("
 177      10A1598C 
 177      4BC54130 
 177      D158FF0C 
 177      2E2D9167 
ARM GAS  C:\Users\Daniela\AppData\Local\Temp\cceeFh5c.s 			page 13


 178 003e 45505B6A 		.ascii	"EP[j\327\212\242\340P(\250\264\015\324?\3519y\016z\341"
 178      D78AA2E0 
 178      5028A8B4 
 178      0DD43FE9 
 178      39790E7A 
 179 0053 71EFFDDE 		.ascii	"q\357\375\336\371~\367;\307\"\220\254\003\336\332y\177"
 179      F97EF73B 
 179      C72290AC 
 179      03DEDA79 
 179      7F
 180 0064 CC1F3441 		.ascii	"\314\0374A\345\276\020\245\002\012\220\203\011\200\306"
 180      E5BE10A5 
 180      020A9083 
 180      0980C6
 181 0073 15C6F147 		.ascii	"\025\306\361G]+\354T\267\247\036\204\013\306\244\315"
 181      5D2BEC54 
 181      B7A71E84 
 181      0BC6A4CD 
 182 0083 91537D3E 		.ascii	"\221S}>St\341h\242\232\"<\013\242=(\210\002\302\304"
 182      5374E168 
 182      A29A223C 
 182      0BA23D28 
 182      8802C2C4 
 183 0097 A5272B97 		.ascii	"\245'+\227\205f\375\024r\336[\370\265\201\326y\261\271"
 183      8566FD14 
 183      72DE5BF8 
 183      B581D679 
 183      B1B9
 184 00a9 E5B74D33 		.ascii	"\345\267M3\306M\205\330\207\"\364]+I\355\361\372\315"
 184      C64D85D8 
 184      8722F45D 
 184      2B49EDF1 
 184      FACD
 185 00bb 747343D6 		.ascii	"tsC\326\360\012a\021\255\002g\352\022\0328'DY\355qM"
 185      F00A6111 
 185      AD0267EA 
 185      121A3827 
 185      4459ED71 
 186 00d0 AD9631EE 		.ascii	"\255\2261\356\307\226\255\375\226\200\"GsnG+\213\344"
 186      C796ADFD 
 186      96802247 
 186      736E472B 
 186      8BE4
 187 00e2 B74FEE7E 		.ascii	"\267O\356~\222\\t\306^\351\342\\)\331\365)*\377&\377"
 187      925C74C6 
 187      5EE9E25C 
 187      29D9F529 
 187      2AFF26FF 
 188 00f6 965F0B2E 		.ascii	"\226_\013.\243\245\243\274S\371\352\377\255\034\255"
 188      A3A5A3BC 
 188      53F9EAFF 
 188      AD1CAD
 189 0105 EB498F36 		.ascii	"\353I\2176?\034\006\274k.\2353\026K?\276WK\017\3470"
 189      3F1C06BC 
 189      6B2E9D33 
 189      164B3FBE 
 189      574B0FE7 
ARM GAS  C:\Users\Daniela\AppData\Local\Temp\cceeFh5c.s 			page 14


 190 011a 9BCA72AF 		.ascii	"\233\312r\257\026\226\021D\011\034\027\3571\007:E\372"
 190      16961144 
 190      091C17EF 
 190      31073A45 
 190      FA
 191 012b E2CD95F2 		.ascii	"\342\315\225\362\200\232\231\254d\256&>\301S,\026\231"
 191      809A99AC 
 191      64AE263E 
 191      C1532C16 
 191      99
 192 013c B17FB63B 		.ascii	"\261\177\266;\333(X\205GXa\3671\352\026\311\313E\036"
 192      DB285885 
 192      475861F7 
 192      31EA16C9 
 192      CB451E
 193 014f E5A61CF5 		.ascii	"\345\246\034\365L>O\252\344\353\220{\021R\306\370\356"
 193      4C3E4FAA 
 193      E4EB907B 
 193      1152C6F8 
 193      EE
 194 0160 A758E514 		.ascii	"\247X\345\024l\221g/&>ovz\010?#\330\370-\273\366N\313"
 194      6C91672F 
 194      263E6F76 
 194      7A083F23 
 194      D8F82DBB 
 195 0177 BB3E5858 		.ascii	"\273>XX\343\372\237\270\215\352\247\372x c\341!=ya\217"
 195      E3FA9FB8 
 195      8DEAA7FA 
 195      782063E1 
 195      213D7961 
 196 018c D88958D2 		.ascii	"\330\211X\322\036\354\217\304\307\022\003v\337\313H"
 196      1EEC8FC4 
 196      C7120376 
 196      DFCB48
 197 019b BCBBA3AF 		.ascii	"\274\273\243\257\267\253'\332\237x\3256@M\303\261\321"
 197      B7AB27DA 
 197      9F78D536 
 197      404DC3B1 
 197      D1
 198 01ac 217B3092 		.ascii	"!{0\222\214%\307F\377\003\307\200\254k"
 198      8C25C746 
 198      FF03C780 
 198      AC6B
 199              		.text
 200              		.section	.gnu.lto_.symbol_nodes.585669ec,"",%progbits
 201 0000 789C6361 		.ascii	"x\234ca`d\310`\000\002&\206z\006\206\011\347\030@\324"
 201      6064C860 
 201      00022686 
 201      7A068609 
 201      E71840D4 
 202 0014 AE0645A0 		.ascii	"\256\006E\240\000c=#\252\000S=\023\252\000s=3\252\000"
 202      00633D23 
 202      AA00533D 
 202      13AA0073 
 202      3D33AA00 
 203 0028 4B3D0BAA 		.ascii	"K=\013\252\000k=+\212\000\003\000\305\333\026\342"
 203      006B3D2B 
ARM GAS  C:\Users\Daniela\AppData\Local\Temp\cceeFh5c.s 			page 15


 203      8A000300 
 203      C5DB16E2 
 204              		.text
 205              		.section	.gnu.lto_.refs.585669ec,"",%progbits
 206 0000 789C6361 		.ascii	"x\234ca`\004B \000\000\0009\000\007"
 206      60044220 
 206      00000039 
 206      0007
 207              		.text
 208              		.section	.gnu.lto_.decls.585669ec,"",%progbits
 209 0000 789C8D54 		.ascii	"x\234\215T]L\034U\024\276gfv\201\201B\203\244\341a\037"
 209      5D4C1C55 
 209      14BE6766 
 209      76818142 
 209      83A4E161 
 210 0015 B00FBB3C 		.ascii	"\260\017\273<a)\306\370b\242\241\261\032\177j\300\326"
 210      6129C6F8 
 210      62A2A1B1 
 210      1A7F6AC0 
 210      D6
 211 0026 9726640B 		.ascii	"\227&d\013\223\2121\320\214\213i\337n\245\255\265&\332"
 211      938A31D0 
 211      8C8B69DF 
 211      6EA5ADB5 
 211      26DA
 212 0038 46D39606 		.ascii	"F\323\226\006\322\226\206\272\224\345g\331\262\260["
 212      D29686BA 
 212      94E567D9 
 212      B2B05B
 213 0047 B54BED6E 		.ascii	"\265K\355nW\012\226\237\007\323\024\245\011\022bK\""
 213      570A969F 
 213      07D314A5 
 213      0912624B 
 213      22
 214 0058 0AA662C5 		.ascii	"\012\246b\305\365\334{gvF\\\"7{f\346\334{\316w\276\373"
 214      F5DC7B67 
 214      76465C22 
 214      377B66E6 
 214      DC7BCE77 
 215 006e 9D935508 		.ascii	"\235\223U\010\020\266\024'!\323\370\016\240\233\302"
 215      10B61427 
 215      21D3F80E 
 215      A09BC2
 216 007d 9585DF7B 		.ascii	"\225\205\337{\210\265\360\230\204\320\006\320\206\320"
 216      88B5F098 
 216      84D006D0 
 216      86D0
 217 008b A26809B4 		.ascii	"\242h\011\264$\371\357\012\031\361,\277\007\315\203"
 217      24F9EF0A 
 217      19F12CBF 
 217      07CD83
 218 009a 3689368E 		.ascii	"6\2116\216\266\313\210\001#n\355b\370Ykr]\353\344\017"
 218      B6CB8801 
 218      236EED62 
 218      F8596B72 
 218      5DEBE40F 
 219 00ae 64C867DC 		.ascii	"d\310g\334\034\377Sw(C^t\003y\321\014yL\203\034\203"
ARM GAS  C:\Users\Daniela\AppData\Local\Temp\cceeFh5c.s 			page 16


 219      1CFF5377 
 219      28435E74 
 219      0379D10C 
 219      794C831C 
 220 00c3 6F215A11 		.ascii	"o!Z\021\3320\332\250\201\343\266a\2318\211\0148LG\347"
 220      DA30DAA8 
 220      81E3B661 
 220      9938890C 
 220      384C47E7 
 221 00d7 06EE9C49 		.ascii	"\006\356\234I\357U\011\374SKT\275\007wA&FC\011\200x"
 221      EF5509FC 
 221      534B54BD 
 221      07774126 
 221      46430980 
 222 00ec 0237228C 		.ascii	"\0027\"\214\273\370!\021\361an\245\027\001q\"\031\273"
 222      BBF82111 
 222      F1616EA5 
 222      17017122 
 222      19BB
 223 00fe C402E33F 		.ascii	"\304\002\343?#\037R\346\342 \026:\030I\220f\300\217"
 223      231F52E6 
 223      E220163A 
 223      18499066 
 223      C08F
 224 0110 4512A451 		.ascii	"E\022\244Q\305K\2622lxk\030\231\234\3152D2/}\243\275"
 224      C54BB232 
 224      6C786B18 
 224      999CCD32 
 224      44322F7D 
 225 0126 ED2F5996 		.ascii	"\355/Y\226\200}\317\254\370_,\013P\\')\225\236\262\224"
 225      807DCFAC 
 225      F85F2C0B 
 225      505C2729 
 225      959EB294 
 226 013a E93DFA53 		.ascii	"\351=\372Sg\366\262\004.\025R\300\374\205\310\312&\341"
 226      67F6B204 
 226      2E1552C0 
 226      FC85C8CA 
 226      26E1
 227 014c B3E39653 		.ascii	"\263\343\226S\263\177\347\312%\354[\232\232\355\372"
 227      B37FE7CA 
 227      25EC5B9A 
 227      9AEDFA
 228 015b 598152F5 		.ascii	"Y\201R\3652\203\271\337\326\371\\\204\322\315\320\003"
 228      3283B9DF 
 228      D6F95C84 
 228      D2CDD003 
 229 016b 2A044086 		.ascii	"*\004@\206N(c\034\\*>\217S\372\001]l\247\316b\002\025"
 229      4E28631C 
 229      5C2A3E8F 
 229      53FA015D 
 229      6CA7CE62 
 230 0181 2ED8E622 		.ascii	".\330\346\"\320\015\245\014\223EA\027\270\340\012\270"
 230      D00DA50C 
 230      93454117 
 230      B8E00AB8 
 231 0191 18FEDC99 		.ascii	"\030\376\334\231\363\017\235\012R\3468\373\024\2667"
ARM GAS  C:\Users\Daniela\AppData\Local\Temp\cceeFh5c.s 			page 17


 231      F30F9D0A 
 231      52E638FB 
 231      14B637
 232 01a0 71A4AF55 		.ascii	"q\244\257UF\012\205*(\350\376:vn6\037\335\"\025J\320"
 232      460A852A 
 232      28E8FE3A 
 232      766E361F 
 232      DD22154A 
 233 01b5 0D44A717 		.ascii	"\015D\247\027\234\305\247\371U\232i\211\002{\266@\020"
 233      9CC5A7F9 
 233      559A6989 
 233      027BB640 
 233      10
 234 01c6 01FB1090 		.ascii	"\001\373\020\220@?\024\343\263\027\024q\273\323\217"
 234      403F14E3 
 234      B3171471 
 234      BBD38F
 235 01d5 E6171C5B 		.ascii	"\346\027\034[/\320\013}\364~\360\330\253\027/\035\243"
 235      2FD00B7D 
 235      F47EF0D8 
 235      AB172F1D 
 235      A3
 236 01e6 270F53FA 		.ascii	"'\017S\372<\017\004\277E\333\317&\203\300\027p\017U"
 236      3C0F04BF 
 236      45DBCF26 
 236      83C01770 
 236      0F55
 237 01f8 0CC156CC 		.ascii	"\014\301V\314\015\323\007s\262\374\016\227\341\223?"
 237      0DD30773 
 237      B2FC0E97 
 237      E1933F
 238 0207 7A83B902 		.ascii	"z\203\271\002'v\375C\271\205\306\216`}\211\243\\\265"
 238      2776FD43 
 238      B985C68E 
 238      607D89A3 
 238      5CB5
 239 0219 50AEDA51 		.ascii	"P\256\332Q\0068\312\340t\307+\362A\0162\376q\274\271"
 239      0638CAE0 
 239      74C72BF2 
 239      410E32FE 
 239      71BCB9
 240 022c C0CE9C5D 		.ascii	"\300\316\234]\331\242>\310\251\3573\230/\307/\307s\214"
 240      D9A23EC8 
 240      A9EF3398 
 240      2FC72FC7 
 240      738C
 241 023e 8AC111AB 		.ascii	"\212\301\021\253\"FA\330\252\030\266W\034\342\025?\375"
 241      224641D8 
 241      AA18B657 
 241      1CE2153F 
 241      FD
 242 024f 6CAC3D47 		.ascii	"l\254=G>\012\274\346\374\231\301\337%\003\346\354\355"
 242      3E0ABCE6 
 242      FC99C1DF 
 242      2503E6EC 
 242      ED
 243 0260 3C717B0E 		.ascii	"<q{\016\022\261@\"v\220(\0079\327\326\323\221+\267\010"
ARM GAS  C:\Users\Daniela\AppData\Local\Temp\cceeFh5c.s 			page 18


 243      12B14022 
 243      76902807 
 243      39D7D6D3 
 243      912BB708 
 244 0274 908E3F1F 		.ascii	"\220\216?\037/\262\206\270qFR\262mH\334bH\374\027\023"
 244      2FB286B8 
 244      714652B2 
 244      6D48DC62 
 244      48FC1713 
 245 0288 2155EE17 		.ascii	"!U\356\027\301\361\324\243X\201\350\236\204\356\344"
 245      C1F1D4A3 
 245      5881E89E 
 245      84EEE4
 246 0297 E2685BAE 		.ascii	"\342h[\256\350\336f\234\241\326\317\207\273\235\240"
 246      E8DE669C 
 246      A1D6CF87 
 246      BB9DA0
 247 02a6 96F209A1 		.ascii	"\226\362\011\241\315T\365\347\023\210\241\006\327Q\003"
 247      CD54F5E7 
 247      1388A106 
 247      D75103
 248 02b5 B88143E2 		.ascii	"\270\201C\3426\206\344+\334\374\0227\215i\353\026\323"
 248      3686E42B 
 248      DCFC1237 
 248      8D69EB16 
 248      D3
 249 02c6 368C927D 		.ascii	"6\214\222}m1w\253F\237\247\226W\200\217\321pz\214\332"
 249      6D3177AB 
 249      469FA796 
 249      57808FD1 
 249      707A8CDA 
 250 02da 7F593A95 		.ascii	"\177Y:\225\235\336\373\006\370f\363\342\334D\326\272"
 250      9DDEFB06 
 250      F866F3E2 
 250      DC44D6BA 
 251 02ea D313E72D 		.ascii	"\323\023\347-\270iNO\350\356\225\233\2129=\211]\263"
 251      B8694E4F 
 251      E8EE959B 
 251      8A393D89 
 251      5DB3
 252 02fc FD947E84 		.ascii	"\375\224~\204\211\012\213\203k\026\213kv\375\022\\\277"
 252      890A8B83 
 252      6B168B6B 
 252      76FD125C 
 252      BF
 253 030d 138757C3 		.ascii	"\023\207W\303\371rDH\362`\306\377\330lB\344\316\277"
 253      F9724448 
 253      F260C6FF 
 253      D86C42E4 
 253      CEBF
 254 031f 7B79CB82 		.ascii	"{y\313\202\271e\207Ir\230\037\222\235]Ly\217\312\377"
 254      B9658749 
 254      72981F92 
 254      9D5D4C79 
 254      8FCAFF
 255 0332 510A6CDA 		.ascii	"Q\012l\332{\204\366#3s\277\345\310\343\274\220\024\276"
 255      7B84F623 
ARM GAS  C:\Users\Daniela\AppData\Local\Temp\cceeFh5c.s 			page 19


 255      3373BFE5 
 255      C8E3BC90 
 255      14BE
 256 0344 747EC961 		.ascii	"t~\311a\252\213\367+L\242\272\346\365`\014\325\365\030"
 256      AA8BF72B 
 256      4CA2BAE6 
 256      F5600CD5 
 256      F518
 257 0356 EA8EE0E6 		.ascii	"\352\216\340\346\267\226\272A\241\356(\012u\333\"\344"
 257      B796BA41 
 257      A1EE280A 
 257      75DB22E4 
 258 0366 31D48D06 		.ascii	"1\324\215\006z\317\312\352q\326\257\015\201\262\224"
 258      7ACFCAEA 
 258      71D6AF0D 
 258      81B294
 259 0375 1F69AB43 		.ascii	"\037i\253C\376^\320\212\014=\014\344\013Z\031\020&\326"
 259      FE5ED08A 
 259      0C3D0CE4 
 259      0B5A1910 
 259      26D6
 260 0387 A3155B9D 		.ascii	"\243\025[\235\177\011\205\002\030GZw,Z\337\201\301+"
 260      7F098502 
 260      18475A77 
 260      2C5ADF81 
 260      C12B
 261 0399 9C9C18C8 		.ascii	"\234\234\030\310\312;a]\226GZ\355\234\204<\376\277\310"
 261      CA3B615D 
 261      96475AED 
 261      9C843CFE 
 261      BFC8
 262 03ab DE45BB5F 		.ascii	"\336E\273_\250z\263F?XS\255\371v\350\365\357k\2575\326"
 262      A87AB346 
 262      3F5853AD 
 262      F976E8F5 
 262      EF6BAF35 
 263 03c0 69D93B5F 		.ascii	"i\331;_\337]RY^N\034M\365\015\276g\237\334\2515h\272"
 263      DF5D5259 
 263      5E4E1C4D 
 263      F50DBE67 
 263      9FDCA935 
 264 03d6 D7A7D5D5 		.ascii	"\327\247\325\325T76\351\265\332\3367\252\033+\237\336"
 264      543736E9 
 264      B5DADE37 
 264      AA1B2B9F 
 264      DE
 265 03e7 5B7BC877 		.ascii	"[{\310w\350\200\366^\331\333d\275\010\003\274\254\226"
 265      E880F65E 
 265      D9DB64BD 
 265      0803BCAC 
 265      96
 266 03f8 6C32EBBC 		.ascii	"l2\353\274\245\327\373\264<\323\253\322\274uO\330\235"
 266      A5D7FBB4 
 266      3CD3ABD2 
 266      BC754FD8 
 266      9D
 267 0409 1D5E9FB7 		.ascii	"\035^\237\267J\333_l\243\365r\203O\323\365\246\003>"
ARM GAS  C:\Users\Daniela\AppData\Local\Temp\cceeFh5c.s 			page 20


 267      4ADB5F6C 
 267      A3F57283 
 267      4FD3F5A6 
 267      033E
 268 041b 46CDC918 		.ascii	"F\315\311\030\225?\263\305<\257|W\363\352\351\010~Z"
 268      953FB3C5 
 268      3CAF7C57 
 268      F3EAE908 
 268      7E5A
 269 042d B1DDA16B 		.ascii	"\261\335\241k\373+\266\377\003\307~\035\022"
 269      FB2BB6FF 
 269      03C77E1D 
 269      12
 270              		.text
 271              		.section	.gnu.lto_.symtab.585669ec,"",%progbits
 272 0000 55415254 		.ascii	"UART_rx_SetDriveMode\000"
 272      5F72785F 
 272      53657444 
 272      72697665 
 272      4D6F6465 
 273 0015 00       		.ascii	"\000"
 274 0016 00       		.ascii	"\000"
 275 0017 00       		.ascii	"\000"
 276 0018 00000000 		.ascii	"\000\000\000\000\000\000\000\000"
 276      00000000 
 277 0020 B3000000 		.ascii	"\263\000\000\000"
 278 0024 55415254 		.ascii	"UART_rx_Write\000"
 278      5F72785F 
 278      57726974 
 278      6500
 279 0032 00       		.ascii	"\000"
 280 0033 00       		.ascii	"\000"
 281 0034 00       		.ascii	"\000"
 282 0035 00000000 		.ascii	"\000\000\000\000\000\000\000\000"
 282      00000000 
 283 003d B5000000 		.ascii	"\265\000\000\000"
 284 0041 55415254 		.ascii	"UART_rx_Read\000"
 284      5F72785F 
 284      52656164 
 284      00
 285 004e 00       		.ascii	"\000"
 286 004f 00       		.ascii	"\000"
 287 0050 00       		.ascii	"\000"
 288 0051 00000000 		.ascii	"\000\000\000\000\000\000\000\000"
 288      00000000 
 289 0059 B8000000 		.ascii	"\270\000\000\000"
 290 005d 55415254 		.ascii	"UART_rx_ReadDataReg\000"
 290      5F72785F 
 290      52656164 
 290      44617461 
 290      52656700 
 291 0071 00       		.ascii	"\000"
 292 0072 00       		.ascii	"\000"
 293 0073 00       		.ascii	"\000"
 294 0074 00000000 		.ascii	"\000\000\000\000\000\000\000\000"
 294      00000000 
 295 007c BA000000 		.ascii	"\272\000\000\000"
ARM GAS  C:\Users\Daniela\AppData\Local\Temp\cceeFh5c.s 			page 21


 296 0080 55415254 		.ascii	"UART_rx_SetInterruptMode\000"
 296      5F72785F 
 296      53657449 
 296      6E746572 
 296      72757074 
 297 0099 00       		.ascii	"\000"
 298 009a 00       		.ascii	"\000"
 299 009b 00       		.ascii	"\000"
 300 009c 00000000 		.ascii	"\000\000\000\000\000\000\000\000"
 300      00000000 
 301 00a4 C6000000 		.ascii	"\306\000\000\000"
 302 00a8 55415254 		.ascii	"UART_rx_ClearInterrupt\000"
 302      5F72785F 
 302      436C6561 
 302      72496E74 
 302      65727275 
 303 00bf 00       		.ascii	"\000"
 304 00c0 00       		.ascii	"\000"
 305 00c1 00       		.ascii	"\000"
 306 00c2 00000000 		.ascii	"\000\000\000\000\000\000\000\000"
 306      00000000 
 307 00ca C8000000 		.ascii	"\310\000\000\000"
 308              		.text
 309              		.section	.gnu.lto_.opts,"",%progbits
 310 0000 272D666D 		.ascii	"'-fmath-errno' '-fsigned-zeros' '-ftrapping-math' '"
 310      6174682D 
 310      6572726E 
 310      6F272027 
 310      2D667369 
 311 0033 2D666E6F 		.ascii	"-fno-trapv' '-fno-openmp' '-fno-openacc' '-mcpu=cor"
 311      2D747261 
 311      70762720 
 311      272D666E 
 311      6F2D6F70 
 312 0066 7465782D 		.ascii	"tex-m0' '-mthumb' '-g' '-O3' '-ffunction-sections' "
 312      6D302720 
 312      272D6D74 
 312      68756D62 
 312      2720272D 
 313 0099 272D6666 		.ascii	"'-ffat-lto-objects' '-finline-functions' '-flto'\000"
 313      61742D6C 
 313      746F2D6F 
 313      626A6563 
 313      74732720 
 314              		.text
 315              		.cfi_sections	.debug_frame
 316              		.section	.text.UART_rx_SetDriveMode,"ax",%progbits
 317              		.align	2
 318              		.global	UART_rx_SetDriveMode
 319              		.code	16
 320              		.thumb_func
 321              		.type	UART_rx_SetDriveMode, %function
 322              	UART_rx_SetDriveMode:
 323              	.LFB0:
 324              		.file 1 "Generated_Source\\PSoC4\\UART_rx.c"
   1:Generated_Source\PSoC4/UART_rx.c **** /*******************************************************************************
   2:Generated_Source\PSoC4/UART_rx.c **** * File Name: UART_rx.c  
ARM GAS  C:\Users\Daniela\AppData\Local\Temp\cceeFh5c.s 			page 22


   3:Generated_Source\PSoC4/UART_rx.c **** * Version 2.20
   4:Generated_Source\PSoC4/UART_rx.c **** *
   5:Generated_Source\PSoC4/UART_rx.c **** * Description:
   6:Generated_Source\PSoC4/UART_rx.c **** *  This file contains API to enable firmware control of a Pins component.
   7:Generated_Source\PSoC4/UART_rx.c **** *
   8:Generated_Source\PSoC4/UART_rx.c **** ********************************************************************************
   9:Generated_Source\PSoC4/UART_rx.c **** * Copyright 2008-2015, Cypress Semiconductor Corporation.  All rights reserved.
  10:Generated_Source\PSoC4/UART_rx.c **** * You may use this file only in accordance with the license, terms, conditions, 
  11:Generated_Source\PSoC4/UART_rx.c **** * disclaimers, and limitations in the end user license agreement accompanying 
  12:Generated_Source\PSoC4/UART_rx.c **** * the software package with which this file was provided.
  13:Generated_Source\PSoC4/UART_rx.c **** *******************************************************************************/
  14:Generated_Source\PSoC4/UART_rx.c **** 
  15:Generated_Source\PSoC4/UART_rx.c **** #include "cytypes.h"
  16:Generated_Source\PSoC4/UART_rx.c **** #include "UART_rx.h"
  17:Generated_Source\PSoC4/UART_rx.c **** 
  18:Generated_Source\PSoC4/UART_rx.c **** 
  19:Generated_Source\PSoC4/UART_rx.c **** #if defined(UART_rx__PC)
  20:Generated_Source\PSoC4/UART_rx.c ****     #define UART_rx_SetP4PinDriveMode(shift, mode)  \
  21:Generated_Source\PSoC4/UART_rx.c ****     do { \
  22:Generated_Source\PSoC4/UART_rx.c ****         UART_rx_PC =   (UART_rx_PC & \
  23:Generated_Source\PSoC4/UART_rx.c ****                                 (uint32)(~(uint32)(UART_rx_DRIVE_MODE_IND_MASK << \
  24:Generated_Source\PSoC4/UART_rx.c ****                                 (UART_rx_DRIVE_MODE_BITS * (shift))))) | \
  25:Generated_Source\PSoC4/UART_rx.c ****                                 (uint32)((uint32)(mode) << \
  26:Generated_Source\PSoC4/UART_rx.c ****                                 (UART_rx_DRIVE_MODE_BITS * (shift))); \
  27:Generated_Source\PSoC4/UART_rx.c ****     } while (0)
  28:Generated_Source\PSoC4/UART_rx.c **** #else
  29:Generated_Source\PSoC4/UART_rx.c ****     #if (CY_PSOC4_4200L)
  30:Generated_Source\PSoC4/UART_rx.c ****         #define UART_rx_SetP4PinDriveMode(shift, mode)  \
  31:Generated_Source\PSoC4/UART_rx.c ****         do { \
  32:Generated_Source\PSoC4/UART_rx.c ****             UART_rx_USBIO_CTRL_REG = (UART_rx_USBIO_CTRL_REG & \
  33:Generated_Source\PSoC4/UART_rx.c ****                                     (uint32)(~(uint32)(UART_rx_DRIVE_MODE_IND_MASK << \
  34:Generated_Source\PSoC4/UART_rx.c ****                                     (UART_rx_DRIVE_MODE_BITS * (shift))))) | \
  35:Generated_Source\PSoC4/UART_rx.c ****                                     (uint32)((uint32)(mode) << \
  36:Generated_Source\PSoC4/UART_rx.c ****                                     (UART_rx_DRIVE_MODE_BITS * (shift))); \
  37:Generated_Source\PSoC4/UART_rx.c ****         } while (0)
  38:Generated_Source\PSoC4/UART_rx.c ****     #endif
  39:Generated_Source\PSoC4/UART_rx.c **** #endif
  40:Generated_Source\PSoC4/UART_rx.c ****   
  41:Generated_Source\PSoC4/UART_rx.c **** 
  42:Generated_Source\PSoC4/UART_rx.c **** #if defined(UART_rx__PC) || (CY_PSOC4_4200L) 
  43:Generated_Source\PSoC4/UART_rx.c ****     /*******************************************************************************
  44:Generated_Source\PSoC4/UART_rx.c ****     * Function Name: UART_rx_SetDriveMode
  45:Generated_Source\PSoC4/UART_rx.c ****     ****************************************************************************//**
  46:Generated_Source\PSoC4/UART_rx.c ****     *
  47:Generated_Source\PSoC4/UART_rx.c ****     * \brief Sets the drive mode for each of the Pins component's pins.
  48:Generated_Source\PSoC4/UART_rx.c ****     * 
  49:Generated_Source\PSoC4/UART_rx.c ****     * <b>Note</b> This affects all pins in the Pins component instance. Use the
  50:Generated_Source\PSoC4/UART_rx.c ****     * Per-Pin APIs if you wish to control individual pin's drive modes.
  51:Generated_Source\PSoC4/UART_rx.c ****     *
  52:Generated_Source\PSoC4/UART_rx.c ****     * <b>Note</b> USBIOs have limited drive functionality. Refer to the Drive Mode
  53:Generated_Source\PSoC4/UART_rx.c ****     * parameter for more information.
  54:Generated_Source\PSoC4/UART_rx.c ****     *
  55:Generated_Source\PSoC4/UART_rx.c ****     * \param mode
  56:Generated_Source\PSoC4/UART_rx.c ****     *  Mode for the selected signals. Valid options are documented in 
  57:Generated_Source\PSoC4/UART_rx.c ****     *  \ref driveMode.
  58:Generated_Source\PSoC4/UART_rx.c ****     *
  59:Generated_Source\PSoC4/UART_rx.c ****     * \return
ARM GAS  C:\Users\Daniela\AppData\Local\Temp\cceeFh5c.s 			page 23


  60:Generated_Source\PSoC4/UART_rx.c ****     *  None
  61:Generated_Source\PSoC4/UART_rx.c ****     *
  62:Generated_Source\PSoC4/UART_rx.c ****     * \sideeffect
  63:Generated_Source\PSoC4/UART_rx.c ****     *  If you use read-modify-write operations that are not atomic, the ISR can
  64:Generated_Source\PSoC4/UART_rx.c ****     *  cause corruption of this function. An ISR that interrupts this function 
  65:Generated_Source\PSoC4/UART_rx.c ****     *  and performs writes to the Pins component Drive Mode registers can cause 
  66:Generated_Source\PSoC4/UART_rx.c ****     *  corrupted port data. To avoid this issue, you should either use the Per-Pin
  67:Generated_Source\PSoC4/UART_rx.c ****     *  APIs (primary method) or disable interrupts around this function.
  68:Generated_Source\PSoC4/UART_rx.c ****     *
  69:Generated_Source\PSoC4/UART_rx.c ****     * \funcusage
  70:Generated_Source\PSoC4/UART_rx.c ****     *  \snippet UART_rx_SUT.c usage_UART_rx_SetDriveMode
  71:Generated_Source\PSoC4/UART_rx.c ****     *******************************************************************************/
  72:Generated_Source\PSoC4/UART_rx.c ****     void UART_rx_SetDriveMode(uint8 mode)
  73:Generated_Source\PSoC4/UART_rx.c ****     {
 325              		.loc 1 73 0
 326              		.cfi_startproc
 327              		@ args = 0, pretend = 0, frame = 0
 328              		@ frame_needed = 0, uses_anonymous_args = 0
 329              		@ link register save eliminated.
 330              	.LVL0:
  74:Generated_Source\PSoC4/UART_rx.c **** 		UART_rx_SetP4PinDriveMode(UART_rx__0__SHIFT, mode);
 331              		.loc 1 74 0
 332 0000 034A     		ldr	r2, .L2
 333 0002 044B     		ldr	r3, .L2+4
 334 0004 1168     		ldr	r1, [r2]
 335 0006 0003     		lsls	r0, r0, #12
 336              	.LVL1:
 337 0008 0B40     		ands	r3, r1
 338 000a 1843     		orrs	r0, r3
 339 000c 1060     		str	r0, [r2]
  75:Generated_Source\PSoC4/UART_rx.c ****     }
 340              		.loc 1 75 0
 341              		@ sp needed
 342 000e 7047     		bx	lr
 343              	.L3:
 344              		.align	2
 345              	.L2:
 346 0010 08010440 		.word	1074004232
 347 0014 FF8FFFFF 		.word	-28673
 348              		.cfi_endproc
 349              	.LFE0:
 350              		.size	UART_rx_SetDriveMode, .-UART_rx_SetDriveMode
 351              		.section	.text.UART_rx_Write,"ax",%progbits
 352              		.align	2
 353              		.global	UART_rx_Write
 354              		.code	16
 355              		.thumb_func
 356              		.type	UART_rx_Write, %function
 357              	UART_rx_Write:
 358              	.LFB1:
  76:Generated_Source\PSoC4/UART_rx.c **** #endif
  77:Generated_Source\PSoC4/UART_rx.c **** 
  78:Generated_Source\PSoC4/UART_rx.c **** 
  79:Generated_Source\PSoC4/UART_rx.c **** /*******************************************************************************
  80:Generated_Source\PSoC4/UART_rx.c **** * Function Name: UART_rx_Write
  81:Generated_Source\PSoC4/UART_rx.c **** ****************************************************************************//**
  82:Generated_Source\PSoC4/UART_rx.c **** *
ARM GAS  C:\Users\Daniela\AppData\Local\Temp\cceeFh5c.s 			page 24


  83:Generated_Source\PSoC4/UART_rx.c **** * \brief Writes the value to the physical port (data output register), masking
  84:Generated_Source\PSoC4/UART_rx.c **** *  and shifting the bits appropriately. 
  85:Generated_Source\PSoC4/UART_rx.c **** *
  86:Generated_Source\PSoC4/UART_rx.c **** * The data output register controls the signal applied to the physical pin in 
  87:Generated_Source\PSoC4/UART_rx.c **** * conjunction with the drive mode parameter. This function avoids changing 
  88:Generated_Source\PSoC4/UART_rx.c **** * other bits in the port by using the appropriate method (read-modify-write or
  89:Generated_Source\PSoC4/UART_rx.c **** * bit banding).
  90:Generated_Source\PSoC4/UART_rx.c **** *
  91:Generated_Source\PSoC4/UART_rx.c **** * <b>Note</b> This function should not be used on a hardware digital output pin 
  92:Generated_Source\PSoC4/UART_rx.c **** * as it is driven by the hardware signal attached to it.
  93:Generated_Source\PSoC4/UART_rx.c **** *
  94:Generated_Source\PSoC4/UART_rx.c **** * \param value
  95:Generated_Source\PSoC4/UART_rx.c **** *  Value to write to the component instance.
  96:Generated_Source\PSoC4/UART_rx.c **** *
  97:Generated_Source\PSoC4/UART_rx.c **** * \return 
  98:Generated_Source\PSoC4/UART_rx.c **** *  None 
  99:Generated_Source\PSoC4/UART_rx.c **** *
 100:Generated_Source\PSoC4/UART_rx.c **** * \sideeffect
 101:Generated_Source\PSoC4/UART_rx.c **** *  If you use read-modify-write operations that are not atomic; the Interrupt 
 102:Generated_Source\PSoC4/UART_rx.c **** *  Service Routines (ISR) can cause corruption of this function. An ISR that 
 103:Generated_Source\PSoC4/UART_rx.c **** *  interrupts this function and performs writes to the Pins component data 
 104:Generated_Source\PSoC4/UART_rx.c **** *  register can cause corrupted port data. To avoid this issue, you should 
 105:Generated_Source\PSoC4/UART_rx.c **** *  either use the Per-Pin APIs (primary method) or disable interrupts around 
 106:Generated_Source\PSoC4/UART_rx.c **** *  this function.
 107:Generated_Source\PSoC4/UART_rx.c **** *
 108:Generated_Source\PSoC4/UART_rx.c **** * \funcusage
 109:Generated_Source\PSoC4/UART_rx.c **** *  \snippet UART_rx_SUT.c usage_UART_rx_Write
 110:Generated_Source\PSoC4/UART_rx.c **** *******************************************************************************/
 111:Generated_Source\PSoC4/UART_rx.c **** void UART_rx_Write(uint8 value)
 112:Generated_Source\PSoC4/UART_rx.c **** {
 359              		.loc 1 112 0
 360              		.cfi_startproc
 361              		@ args = 0, pretend = 0, frame = 0
 362              		@ frame_needed = 0, uses_anonymous_args = 0
 363              		@ link register save eliminated.
 364              	.LVL2:
 365              		.loc 1 112 0
 366 0000 0300     		movs	r3, r0
 113:Generated_Source\PSoC4/UART_rx.c ****     uint8 drVal = (uint8)(UART_rx_DR & (uint8)(~UART_rx_MASK));
 367              		.loc 1 113 0
 368 0002 1020     		movs	r0, #16
 369              	.LVL3:
 370 0004 0449     		ldr	r1, .L5
 114:Generated_Source\PSoC4/UART_rx.c ****     drVal = (drVal | ((uint8)(value << UART_rx_SHIFT) & UART_rx_MASK));
 115:Generated_Source\PSoC4/UART_rx.c ****     UART_rx_DR = (uint32)drVal;
 371              		.loc 1 115 0
 372 0006 1B01     		lsls	r3, r3, #4
 113:Generated_Source\PSoC4/UART_rx.c ****     uint8 drVal = (uint8)(UART_rx_DR & (uint8)(~UART_rx_MASK));
 373              		.loc 1 113 0
 374 0008 0A68     		ldr	r2, [r1]
 116:Generated_Source\PSoC4/UART_rx.c **** }
 375              		.loc 1 116 0
 376              		@ sp needed
 113:Generated_Source\PSoC4/UART_rx.c ****     uint8 drVal = (uint8)(UART_rx_DR & (uint8)(~UART_rx_MASK));
 377              		.loc 1 113 0
 378 000a 8243     		bics	r2, r0
 379 000c D2B2     		uxtb	r2, r2
ARM GAS  C:\Users\Daniela\AppData\Local\Temp\cceeFh5c.s 			page 25


 115:Generated_Source\PSoC4/UART_rx.c **** }
 380              		.loc 1 115 0
 381 000e 1840     		ands	r0, r3
 382 0010 1043     		orrs	r0, r2
 383 0012 0860     		str	r0, [r1]
 384              		.loc 1 116 0
 385 0014 7047     		bx	lr
 386              	.L6:
 387 0016 C046     		.align	2
 388              	.L5:
 389 0018 00010440 		.word	1074004224
 390              		.cfi_endproc
 391              	.LFE1:
 392              		.size	UART_rx_Write, .-UART_rx_Write
 393              		.section	.text.UART_rx_Read,"ax",%progbits
 394              		.align	2
 395              		.global	UART_rx_Read
 396              		.code	16
 397              		.thumb_func
 398              		.type	UART_rx_Read, %function
 399              	UART_rx_Read:
 400              	.LFB2:
 117:Generated_Source\PSoC4/UART_rx.c **** 
 118:Generated_Source\PSoC4/UART_rx.c **** 
 119:Generated_Source\PSoC4/UART_rx.c **** /*******************************************************************************
 120:Generated_Source\PSoC4/UART_rx.c **** * Function Name: UART_rx_Read
 121:Generated_Source\PSoC4/UART_rx.c **** ****************************************************************************//**
 122:Generated_Source\PSoC4/UART_rx.c **** *
 123:Generated_Source\PSoC4/UART_rx.c **** * \brief Reads the associated physical port (pin status register) and masks 
 124:Generated_Source\PSoC4/UART_rx.c **** *  the required bits according to the width and bit position of the component
 125:Generated_Source\PSoC4/UART_rx.c **** *  instance. 
 126:Generated_Source\PSoC4/UART_rx.c **** *
 127:Generated_Source\PSoC4/UART_rx.c **** * The pin's status register returns the current logic level present on the 
 128:Generated_Source\PSoC4/UART_rx.c **** * physical pin.
 129:Generated_Source\PSoC4/UART_rx.c **** *
 130:Generated_Source\PSoC4/UART_rx.c **** * \return 
 131:Generated_Source\PSoC4/UART_rx.c **** *  The current value for the pins in the component as a right justified number.
 132:Generated_Source\PSoC4/UART_rx.c **** *
 133:Generated_Source\PSoC4/UART_rx.c **** * \funcusage
 134:Generated_Source\PSoC4/UART_rx.c **** *  \snippet UART_rx_SUT.c usage_UART_rx_Read  
 135:Generated_Source\PSoC4/UART_rx.c **** *******************************************************************************/
 136:Generated_Source\PSoC4/UART_rx.c **** uint8 UART_rx_Read(void)
 137:Generated_Source\PSoC4/UART_rx.c **** {
 401              		.loc 1 137 0
 402              		.cfi_startproc
 403              		@ args = 0, pretend = 0, frame = 0
 404              		@ frame_needed = 0, uses_anonymous_args = 0
 405              		@ link register save eliminated.
 138:Generated_Source\PSoC4/UART_rx.c ****     return (uint8)((UART_rx_PS & UART_rx_MASK) >> UART_rx_SHIFT);
 406              		.loc 1 138 0
 407 0000 024B     		ldr	r3, .L8
 139:Generated_Source\PSoC4/UART_rx.c **** }
 408              		.loc 1 139 0
 409              		@ sp needed
 138:Generated_Source\PSoC4/UART_rx.c ****     return (uint8)((UART_rx_PS & UART_rx_MASK) >> UART_rx_SHIFT);
 410              		.loc 1 138 0
 411 0002 1868     		ldr	r0, [r3]
ARM GAS  C:\Users\Daniela\AppData\Local\Temp\cceeFh5c.s 			page 26


 412 0004 C006     		lsls	r0, r0, #27
 413 0006 C00F     		lsrs	r0, r0, #31
 414              		.loc 1 139 0
 415 0008 7047     		bx	lr
 416              	.L9:
 417 000a C046     		.align	2
 418              	.L8:
 419 000c 04010440 		.word	1074004228
 420              		.cfi_endproc
 421              	.LFE2:
 422              		.size	UART_rx_Read, .-UART_rx_Read
 423              		.section	.text.UART_rx_ReadDataReg,"ax",%progbits
 424              		.align	2
 425              		.global	UART_rx_ReadDataReg
 426              		.code	16
 427              		.thumb_func
 428              		.type	UART_rx_ReadDataReg, %function
 429              	UART_rx_ReadDataReg:
 430              	.LFB3:
 140:Generated_Source\PSoC4/UART_rx.c **** 
 141:Generated_Source\PSoC4/UART_rx.c **** 
 142:Generated_Source\PSoC4/UART_rx.c **** /*******************************************************************************
 143:Generated_Source\PSoC4/UART_rx.c **** * Function Name: UART_rx_ReadDataReg
 144:Generated_Source\PSoC4/UART_rx.c **** ****************************************************************************//**
 145:Generated_Source\PSoC4/UART_rx.c **** *
 146:Generated_Source\PSoC4/UART_rx.c **** * \brief Reads the associated physical port's data output register and masks 
 147:Generated_Source\PSoC4/UART_rx.c **** *  the correct bits according to the width and bit position of the component 
 148:Generated_Source\PSoC4/UART_rx.c **** *  instance. 
 149:Generated_Source\PSoC4/UART_rx.c **** *
 150:Generated_Source\PSoC4/UART_rx.c **** * The data output register controls the signal applied to the physical pin in 
 151:Generated_Source\PSoC4/UART_rx.c **** * conjunction with the drive mode parameter. This is not the same as the 
 152:Generated_Source\PSoC4/UART_rx.c **** * preferred UART_rx_Read() API because the 
 153:Generated_Source\PSoC4/UART_rx.c **** * UART_rx_ReadDataReg() reads the data register instead of the status 
 154:Generated_Source\PSoC4/UART_rx.c **** * register. For output pins this is a useful function to determine the value 
 155:Generated_Source\PSoC4/UART_rx.c **** * just written to the pin.
 156:Generated_Source\PSoC4/UART_rx.c **** *
 157:Generated_Source\PSoC4/UART_rx.c **** * \return 
 158:Generated_Source\PSoC4/UART_rx.c **** *  The current value of the data register masked and shifted into a right 
 159:Generated_Source\PSoC4/UART_rx.c **** *  justified number for the component instance.
 160:Generated_Source\PSoC4/UART_rx.c **** *
 161:Generated_Source\PSoC4/UART_rx.c **** * \funcusage
 162:Generated_Source\PSoC4/UART_rx.c **** *  \snippet UART_rx_SUT.c usage_UART_rx_ReadDataReg 
 163:Generated_Source\PSoC4/UART_rx.c **** *******************************************************************************/
 164:Generated_Source\PSoC4/UART_rx.c **** uint8 UART_rx_ReadDataReg(void)
 165:Generated_Source\PSoC4/UART_rx.c **** {
 431              		.loc 1 165 0
 432              		.cfi_startproc
 433              		@ args = 0, pretend = 0, frame = 0
 434              		@ frame_needed = 0, uses_anonymous_args = 0
 435              		@ link register save eliminated.
 166:Generated_Source\PSoC4/UART_rx.c ****     return (uint8)((UART_rx_DR & UART_rx_MASK) >> UART_rx_SHIFT);
 436              		.loc 1 166 0
 437 0000 024B     		ldr	r3, .L11
 167:Generated_Source\PSoC4/UART_rx.c **** }
 438              		.loc 1 167 0
 439              		@ sp needed
 166:Generated_Source\PSoC4/UART_rx.c ****     return (uint8)((UART_rx_DR & UART_rx_MASK) >> UART_rx_SHIFT);
ARM GAS  C:\Users\Daniela\AppData\Local\Temp\cceeFh5c.s 			page 27


 440              		.loc 1 166 0
 441 0002 1868     		ldr	r0, [r3]
 442 0004 C006     		lsls	r0, r0, #27
 443 0006 C00F     		lsrs	r0, r0, #31
 444              		.loc 1 167 0
 445 0008 7047     		bx	lr
 446              	.L12:
 447 000a C046     		.align	2
 448              	.L11:
 449 000c 00010440 		.word	1074004224
 450              		.cfi_endproc
 451              	.LFE3:
 452              		.size	UART_rx_ReadDataReg, .-UART_rx_ReadDataReg
 453              		.section	.text.UART_rx_SetInterruptMode,"ax",%progbits
 454              		.align	2
 455              		.global	UART_rx_SetInterruptMode
 456              		.code	16
 457              		.thumb_func
 458              		.type	UART_rx_SetInterruptMode, %function
 459              	UART_rx_SetInterruptMode:
 460              	.LFB4:
 168:Generated_Source\PSoC4/UART_rx.c **** 
 169:Generated_Source\PSoC4/UART_rx.c **** 
 170:Generated_Source\PSoC4/UART_rx.c **** /*******************************************************************************
 171:Generated_Source\PSoC4/UART_rx.c **** * Function Name: UART_rx_SetInterruptMode
 172:Generated_Source\PSoC4/UART_rx.c **** ****************************************************************************//**
 173:Generated_Source\PSoC4/UART_rx.c **** *
 174:Generated_Source\PSoC4/UART_rx.c **** * \brief Configures the interrupt mode for each of the Pins component's
 175:Generated_Source\PSoC4/UART_rx.c **** *  pins. Alternatively you may set the interrupt mode for all the pins
 176:Generated_Source\PSoC4/UART_rx.c **** *  specified in the Pins component.
 177:Generated_Source\PSoC4/UART_rx.c **** *
 178:Generated_Source\PSoC4/UART_rx.c **** *  <b>Note</b> The interrupt is port-wide and therefore any enabled pin
 179:Generated_Source\PSoC4/UART_rx.c **** *  interrupt may trigger it.
 180:Generated_Source\PSoC4/UART_rx.c **** *
 181:Generated_Source\PSoC4/UART_rx.c **** * \param position
 182:Generated_Source\PSoC4/UART_rx.c **** *  The pin position as listed in the Pins component. You may OR these to be 
 183:Generated_Source\PSoC4/UART_rx.c **** *  able to configure the interrupt mode of multiple pins within a Pins 
 184:Generated_Source\PSoC4/UART_rx.c **** *  component. Or you may use UART_rx_INTR_ALL to configure the
 185:Generated_Source\PSoC4/UART_rx.c **** *  interrupt mode of all the pins in the Pins component.       
 186:Generated_Source\PSoC4/UART_rx.c **** *  - UART_rx_0_INTR       (First pin in the list)
 187:Generated_Source\PSoC4/UART_rx.c **** *  - UART_rx_1_INTR       (Second pin in the list)
 188:Generated_Source\PSoC4/UART_rx.c **** *  - ...
 189:Generated_Source\PSoC4/UART_rx.c **** *  - UART_rx_INTR_ALL     (All pins in Pins component)
 190:Generated_Source\PSoC4/UART_rx.c **** *
 191:Generated_Source\PSoC4/UART_rx.c **** * \param mode
 192:Generated_Source\PSoC4/UART_rx.c **** *  Interrupt mode for the selected pins. Valid options are documented in
 193:Generated_Source\PSoC4/UART_rx.c **** *  \ref intrMode.
 194:Generated_Source\PSoC4/UART_rx.c **** *
 195:Generated_Source\PSoC4/UART_rx.c **** * \return 
 196:Generated_Source\PSoC4/UART_rx.c **** *  None
 197:Generated_Source\PSoC4/UART_rx.c **** *  
 198:Generated_Source\PSoC4/UART_rx.c **** * \sideeffect
 199:Generated_Source\PSoC4/UART_rx.c **** *  It is recommended that the interrupt be disabled before calling this 
 200:Generated_Source\PSoC4/UART_rx.c **** *  function to avoid unintended interrupt requests. Note that the interrupt
 201:Generated_Source\PSoC4/UART_rx.c **** *  type is port wide, and therefore will trigger for any enabled pin on the 
 202:Generated_Source\PSoC4/UART_rx.c **** *  port.
 203:Generated_Source\PSoC4/UART_rx.c **** *
ARM GAS  C:\Users\Daniela\AppData\Local\Temp\cceeFh5c.s 			page 28


 204:Generated_Source\PSoC4/UART_rx.c **** * \funcusage
 205:Generated_Source\PSoC4/UART_rx.c **** *  \snippet UART_rx_SUT.c usage_UART_rx_SetInterruptMode
 206:Generated_Source\PSoC4/UART_rx.c **** *******************************************************************************/
 207:Generated_Source\PSoC4/UART_rx.c **** void UART_rx_SetInterruptMode(uint16 position, uint16 mode)
 208:Generated_Source\PSoC4/UART_rx.c **** {
 461              		.loc 1 208 0
 462              		.cfi_startproc
 463              		@ args = 0, pretend = 0, frame = 0
 464              		@ frame_needed = 0, uses_anonymous_args = 0
 465              		@ link register save eliminated.
 466              	.LVL4:
 209:Generated_Source\PSoC4/UART_rx.c ****     uint32 intrCfg;
 210:Generated_Source\PSoC4/UART_rx.c ****     
 211:Generated_Source\PSoC4/UART_rx.c ****     intrCfg =  UART_rx_INTCFG & (uint32)(~(uint32)position);
 467              		.loc 1 211 0
 468 0000 034A     		ldr	r2, .L14
 212:Generated_Source\PSoC4/UART_rx.c ****     UART_rx_INTCFG = intrCfg | ((uint32)position & (uint32)mode);
 213:Generated_Source\PSoC4/UART_rx.c **** }
 469              		.loc 1 213 0
 470              		@ sp needed
 211:Generated_Source\PSoC4/UART_rx.c ****     UART_rx_INTCFG = intrCfg | ((uint32)position & (uint32)mode);
 471              		.loc 1 211 0
 472 0002 1368     		ldr	r3, [r2]
 473              	.LVL5:
 212:Generated_Source\PSoC4/UART_rx.c ****     UART_rx_INTCFG = intrCfg | ((uint32)position & (uint32)mode);
 474              		.loc 1 212 0
 475 0004 8343     		bics	r3, r0
 476              	.LVL6:
 477 0006 0840     		ands	r0, r1
 478              	.LVL7:
 479 0008 1843     		orrs	r0, r3
 480 000a 1060     		str	r0, [r2]
 481              		.loc 1 213 0
 482 000c 7047     		bx	lr
 483              	.L15:
 484 000e C046     		.align	2
 485              	.L14:
 486 0010 0C010440 		.word	1074004236
 487              		.cfi_endproc
 488              	.LFE4:
 489              		.size	UART_rx_SetInterruptMode, .-UART_rx_SetInterruptMode
 490              		.section	.text.UART_rx_ClearInterrupt,"ax",%progbits
 491              		.align	2
 492              		.global	UART_rx_ClearInterrupt
 493              		.code	16
 494              		.thumb_func
 495              		.type	UART_rx_ClearInterrupt, %function
 496              	UART_rx_ClearInterrupt:
 497              	.LFB5:
 214:Generated_Source\PSoC4/UART_rx.c **** 
 215:Generated_Source\PSoC4/UART_rx.c **** 
 216:Generated_Source\PSoC4/UART_rx.c **** /*******************************************************************************
 217:Generated_Source\PSoC4/UART_rx.c **** * Function Name: UART_rx_ClearInterrupt
 218:Generated_Source\PSoC4/UART_rx.c **** ****************************************************************************//**
 219:Generated_Source\PSoC4/UART_rx.c **** *
 220:Generated_Source\PSoC4/UART_rx.c **** * \brief Clears any active interrupts attached with the component and returns 
 221:Generated_Source\PSoC4/UART_rx.c **** *  the value of the interrupt status register allowing determination of which
ARM GAS  C:\Users\Daniela\AppData\Local\Temp\cceeFh5c.s 			page 29


 222:Generated_Source\PSoC4/UART_rx.c **** *  pins generated an interrupt event.
 223:Generated_Source\PSoC4/UART_rx.c **** *
 224:Generated_Source\PSoC4/UART_rx.c **** * \return 
 225:Generated_Source\PSoC4/UART_rx.c **** *  The right-shifted current value of the interrupt status register. Each pin 
 226:Generated_Source\PSoC4/UART_rx.c **** *  has one bit set if it generated an interrupt event. For example, bit 0 is 
 227:Generated_Source\PSoC4/UART_rx.c **** *  for pin 0 and bit 1 is for pin 1 of the Pins component.
 228:Generated_Source\PSoC4/UART_rx.c **** *  
 229:Generated_Source\PSoC4/UART_rx.c **** * \sideeffect
 230:Generated_Source\PSoC4/UART_rx.c **** *  Clears all bits of the physical port's interrupt status register, not just
 231:Generated_Source\PSoC4/UART_rx.c **** *  those associated with the Pins component.
 232:Generated_Source\PSoC4/UART_rx.c **** *
 233:Generated_Source\PSoC4/UART_rx.c **** * \funcusage
 234:Generated_Source\PSoC4/UART_rx.c **** *  \snippet UART_rx_SUT.c usage_UART_rx_ClearInterrupt
 235:Generated_Source\PSoC4/UART_rx.c **** *******************************************************************************/
 236:Generated_Source\PSoC4/UART_rx.c **** uint8 UART_rx_ClearInterrupt(void)
 237:Generated_Source\PSoC4/UART_rx.c **** {
 498              		.loc 1 237 0
 499              		.cfi_startproc
 500              		@ args = 0, pretend = 0, frame = 0
 501              		@ frame_needed = 0, uses_anonymous_args = 0
 502              		@ link register save eliminated.
 238:Generated_Source\PSoC4/UART_rx.c **** 	uint8 maskedStatus = (uint8)(UART_rx_INTSTAT & UART_rx_MASK);
 503              		.loc 1 238 0
 504 0000 1020     		movs	r0, #16
 505 0002 034A     		ldr	r2, .L17
 239:Generated_Source\PSoC4/UART_rx.c **** 	UART_rx_INTSTAT = maskedStatus;
 240:Generated_Source\PSoC4/UART_rx.c ****     return maskedStatus >> UART_rx_SHIFT;
 241:Generated_Source\PSoC4/UART_rx.c **** }
 506              		.loc 1 241 0
 507              		@ sp needed
 238:Generated_Source\PSoC4/UART_rx.c **** 	uint8 maskedStatus = (uint8)(UART_rx_INTSTAT & UART_rx_MASK);
 508              		.loc 1 238 0
 509 0004 1368     		ldr	r3, [r2]
 510 0006 1840     		ands	r0, r3
 511              	.LVL8:
 239:Generated_Source\PSoC4/UART_rx.c **** 	UART_rx_INTSTAT = maskedStatus;
 512              		.loc 1 239 0
 513 0008 1060     		str	r0, [r2]
 240:Generated_Source\PSoC4/UART_rx.c **** }
 514              		.loc 1 240 0
 515 000a 0009     		lsrs	r0, r0, #4
 516              	.LVL9:
 517 000c C0B2     		uxtb	r0, r0
 518              		.loc 1 241 0
 519 000e 7047     		bx	lr
 520              	.L18:
 521              		.align	2
 522              	.L17:
 523 0010 10010440 		.word	1074004240
 524              		.cfi_endproc
 525              	.LFE5:
 526              		.size	UART_rx_ClearInterrupt, .-UART_rx_ClearInterrupt
 527              		.text
 528              	.Letext0:
 529              		.file 2 "Generated_Source\\PSoC4\\cytypes.h"
 530              		.section	.debug_info,"",%progbits
 531              	.Ldebug_info0:
ARM GAS  C:\Users\Daniela\AppData\Local\Temp\cceeFh5c.s 			page 30


 532 0000 97010000 		.4byte	0x197
 533 0004 0400     		.2byte	0x4
 534 0006 00000000 		.4byte	.Ldebug_abbrev0
 535 000a 04       		.byte	0x4
 536 000b 01       		.uleb128 0x1
 537 000c 83000000 		.4byte	.LASF27
 538 0010 0C       		.byte	0xc
 539 0011 37000000 		.4byte	.LASF28
 540 0015 07020000 		.4byte	.LASF29
 541 0019 00000000 		.4byte	.Ldebug_ranges0+0
 542 001d 00000000 		.4byte	0
 543 0021 00000000 		.4byte	.Ldebug_line0
 544 0025 02       		.uleb128 0x2
 545 0026 01       		.byte	0x1
 546 0027 06       		.byte	0x6
 547 0028 FB010000 		.4byte	.LASF0
 548 002c 02       		.uleb128 0x2
 549 002d 01       		.byte	0x1
 550 002e 08       		.byte	0x8
 551 002f 29000000 		.4byte	.LASF1
 552 0033 02       		.uleb128 0x2
 553 0034 02       		.byte	0x2
 554 0035 05       		.byte	0x5
 555 0036 E2010000 		.4byte	.LASF2
 556 003a 02       		.uleb128 0x2
 557 003b 02       		.byte	0x2
 558 003c 07       		.byte	0x7
 559 003d 70000000 		.4byte	.LASF3
 560 0041 02       		.uleb128 0x2
 561 0042 04       		.byte	0x4
 562 0043 05       		.byte	0x5
 563 0044 F2010000 		.4byte	.LASF4
 564 0048 02       		.uleb128 0x2
 565 0049 04       		.byte	0x4
 566 004a 07       		.byte	0x7
 567 004b 5E000000 		.4byte	.LASF5
 568 004f 02       		.uleb128 0x2
 569 0050 08       		.byte	0x8
 570 0051 05       		.byte	0x5
 571 0052 C2010000 		.4byte	.LASF6
 572 0056 02       		.uleb128 0x2
 573 0057 08       		.byte	0x8
 574 0058 07       		.byte	0x7
 575 0059 7F010000 		.4byte	.LASF7
 576 005d 03       		.uleb128 0x3
 577 005e 04       		.byte	0x4
 578 005f 05       		.byte	0x5
 579 0060 696E7400 		.ascii	"int\000"
 580 0064 02       		.uleb128 0x2
 581 0065 04       		.byte	0x4
 582 0066 07       		.byte	0x7
 583 0067 72010000 		.4byte	.LASF8
 584 006b 04       		.uleb128 0x4
 585 006c EC010000 		.4byte	.LASF9
 586 0070 02       		.byte	0x2
 587 0071 D201     		.2byte	0x1d2
 588 0073 2C000000 		.4byte	0x2c
ARM GAS  C:\Users\Daniela\AppData\Local\Temp\cceeFh5c.s 			page 31


 589 0077 04       		.uleb128 0x4
 590 0078 53010000 		.4byte	.LASF10
 591 007c 02       		.byte	0x2
 592 007d D301     		.2byte	0x1d3
 593 007f 3A000000 		.4byte	0x3a
 594 0083 04       		.uleb128 0x4
 595 0084 63010000 		.4byte	.LASF11
 596 0088 02       		.byte	0x2
 597 0089 D401     		.2byte	0x1d4
 598 008b 48000000 		.4byte	0x48
 599 008f 02       		.uleb128 0x2
 600 0090 04       		.byte	0x4
 601 0091 04       		.byte	0x4
 602 0092 23000000 		.4byte	.LASF12
 603 0096 02       		.uleb128 0x2
 604 0097 08       		.byte	0x8
 605 0098 04       		.byte	0x4
 606 0099 2A010000 		.4byte	.LASF13
 607 009d 02       		.uleb128 0x2
 608 009e 01       		.byte	0x1
 609 009f 08       		.byte	0x8
 610 00a0 DD010000 		.4byte	.LASF14
 611 00a4 04       		.uleb128 0x4
 612 00a5 00000000 		.4byte	.LASF15
 613 00a9 02       		.byte	0x2
 614 00aa 7E02     		.2byte	0x27e
 615 00ac B0000000 		.4byte	0xb0
 616 00b0 05       		.uleb128 0x5
 617 00b1 83000000 		.4byte	0x83
 618 00b5 06       		.uleb128 0x6
 619 00b6 31010000 		.4byte	.LASF16
 620 00ba 01       		.byte	0x1
 621 00bb 48       		.byte	0x48
 622 00bc 00000000 		.4byte	.LFB0
 623 00c0 18000000 		.4byte	.LFE0-.LFB0
 624 00c4 01       		.uleb128 0x1
 625 00c5 9C       		.byte	0x9c
 626 00c6 DA000000 		.4byte	0xda
 627 00ca 07       		.uleb128 0x7
 628 00cb AF010000 		.4byte	.LASF18
 629 00cf 01       		.byte	0x1
 630 00d0 48       		.byte	0x48
 631 00d1 6B000000 		.4byte	0x6b
 632 00d5 00000000 		.4byte	.LLST0
 633 00d9 00       		.byte	0
 634 00da 06       		.uleb128 0x6
 635 00db B4010000 		.4byte	.LASF17
 636 00df 01       		.byte	0x1
 637 00e0 6F       		.byte	0x6f
 638 00e1 00000000 		.4byte	.LFB1
 639 00e5 1C000000 		.4byte	.LFE1-.LFB1
 640 00e9 01       		.uleb128 0x1
 641 00ea 9C       		.byte	0x9c
 642 00eb 0A010000 		.4byte	0x10a
 643 00ef 07       		.uleb128 0x7
 644 00f0 1D000000 		.4byte	.LASF19
 645 00f4 01       		.byte	0x1
ARM GAS  C:\Users\Daniela\AppData\Local\Temp\cceeFh5c.s 			page 32


 646 00f5 6F       		.byte	0x6f
 647 00f6 6B000000 		.4byte	0x6b
 648 00fa 21000000 		.4byte	.LLST1
 649 00fe 08       		.uleb128 0x8
 650 00ff 58000000 		.4byte	.LASF30
 651 0103 01       		.byte	0x1
 652 0104 71       		.byte	0x71
 653 0105 6B000000 		.4byte	0x6b
 654 0109 00       		.byte	0
 655 010a 09       		.uleb128 0x9
 656 010b 46010000 		.4byte	.LASF20
 657 010f 01       		.byte	0x1
 658 0110 88       		.byte	0x88
 659 0111 6B000000 		.4byte	0x6b
 660 0115 00000000 		.4byte	.LFB2
 661 0119 10000000 		.4byte	.LFE2-.LFB2
 662 011d 01       		.uleb128 0x1
 663 011e 9C       		.byte	0x9c
 664 011f 09       		.uleb128 0x9
 665 0120 65020000 		.4byte	.LASF21
 666 0124 01       		.byte	0x1
 667 0125 A4       		.byte	0xa4
 668 0126 6B000000 		.4byte	0x6b
 669 012a 00000000 		.4byte	.LFB3
 670 012e 10000000 		.4byte	.LFE3-.LFB3
 671 0132 01       		.uleb128 0x1
 672 0133 9C       		.byte	0x9c
 673 0134 06       		.uleb128 0x6
 674 0135 96010000 		.4byte	.LASF22
 675 0139 01       		.byte	0x1
 676 013a CF       		.byte	0xcf
 677 013b 00000000 		.4byte	.LFB4
 678 013f 14000000 		.4byte	.LFE4-.LFB4
 679 0143 01       		.uleb128 0x1
 680 0144 9C       		.byte	0x9c
 681 0145 75010000 		.4byte	0x175
 682 0149 07       		.uleb128 0x7
 683 014a 5A010000 		.4byte	.LASF23
 684 014e 01       		.byte	0x1
 685 014f CF       		.byte	0xcf
 686 0150 77000000 		.4byte	0x77
 687 0154 42000000 		.4byte	.LLST2
 688 0158 0A       		.uleb128 0xa
 689 0159 AF010000 		.4byte	.LASF18
 690 015d 01       		.byte	0x1
 691 015e CF       		.byte	0xcf
 692 015f 77000000 		.4byte	0x77
 693 0163 01       		.uleb128 0x1
 694 0164 51       		.byte	0x51
 695 0165 0B       		.uleb128 0xb
 696 0166 6A010000 		.4byte	.LASF25
 697 016a 01       		.byte	0x1
 698 016b D1       		.byte	0xd1
 699 016c 83000000 		.4byte	0x83
 700 0170 63000000 		.4byte	.LLST3
 701 0174 00       		.byte	0
 702 0175 0C       		.uleb128 0xc
ARM GAS  C:\Users\Daniela\AppData\Local\Temp\cceeFh5c.s 			page 33


 703 0176 06000000 		.4byte	.LASF24
 704 017a 01       		.byte	0x1
 705 017b EC       		.byte	0xec
 706 017c 6B000000 		.4byte	0x6b
 707 0180 00000000 		.4byte	.LFB5
 708 0184 14000000 		.4byte	.LFE5-.LFB5
 709 0188 01       		.uleb128 0x1
 710 0189 9C       		.byte	0x9c
 711 018a 0B       		.uleb128 0xb
 712 018b D0010000 		.4byte	.LASF26
 713 018f 01       		.byte	0x1
 714 0190 EE       		.byte	0xee
 715 0191 6B000000 		.4byte	0x6b
 716 0195 80000000 		.4byte	.LLST4
 717 0199 00       		.byte	0
 718 019a 00       		.byte	0
 719              		.section	.debug_abbrev,"",%progbits
 720              	.Ldebug_abbrev0:
 721 0000 01       		.uleb128 0x1
 722 0001 11       		.uleb128 0x11
 723 0002 01       		.byte	0x1
 724 0003 25       		.uleb128 0x25
 725 0004 0E       		.uleb128 0xe
 726 0005 13       		.uleb128 0x13
 727 0006 0B       		.uleb128 0xb
 728 0007 03       		.uleb128 0x3
 729 0008 0E       		.uleb128 0xe
 730 0009 1B       		.uleb128 0x1b
 731 000a 0E       		.uleb128 0xe
 732 000b 55       		.uleb128 0x55
 733 000c 17       		.uleb128 0x17
 734 000d 11       		.uleb128 0x11
 735 000e 01       		.uleb128 0x1
 736 000f 10       		.uleb128 0x10
 737 0010 17       		.uleb128 0x17
 738 0011 00       		.byte	0
 739 0012 00       		.byte	0
 740 0013 02       		.uleb128 0x2
 741 0014 24       		.uleb128 0x24
 742 0015 00       		.byte	0
 743 0016 0B       		.uleb128 0xb
 744 0017 0B       		.uleb128 0xb
 745 0018 3E       		.uleb128 0x3e
 746 0019 0B       		.uleb128 0xb
 747 001a 03       		.uleb128 0x3
 748 001b 0E       		.uleb128 0xe
 749 001c 00       		.byte	0
 750 001d 00       		.byte	0
 751 001e 03       		.uleb128 0x3
 752 001f 24       		.uleb128 0x24
 753 0020 00       		.byte	0
 754 0021 0B       		.uleb128 0xb
 755 0022 0B       		.uleb128 0xb
 756 0023 3E       		.uleb128 0x3e
 757 0024 0B       		.uleb128 0xb
 758 0025 03       		.uleb128 0x3
 759 0026 08       		.uleb128 0x8
ARM GAS  C:\Users\Daniela\AppData\Local\Temp\cceeFh5c.s 			page 34


 760 0027 00       		.byte	0
 761 0028 00       		.byte	0
 762 0029 04       		.uleb128 0x4
 763 002a 16       		.uleb128 0x16
 764 002b 00       		.byte	0
 765 002c 03       		.uleb128 0x3
 766 002d 0E       		.uleb128 0xe
 767 002e 3A       		.uleb128 0x3a
 768 002f 0B       		.uleb128 0xb
 769 0030 3B       		.uleb128 0x3b
 770 0031 05       		.uleb128 0x5
 771 0032 49       		.uleb128 0x49
 772 0033 13       		.uleb128 0x13
 773 0034 00       		.byte	0
 774 0035 00       		.byte	0
 775 0036 05       		.uleb128 0x5
 776 0037 35       		.uleb128 0x35
 777 0038 00       		.byte	0
 778 0039 49       		.uleb128 0x49
 779 003a 13       		.uleb128 0x13
 780 003b 00       		.byte	0
 781 003c 00       		.byte	0
 782 003d 06       		.uleb128 0x6
 783 003e 2E       		.uleb128 0x2e
 784 003f 01       		.byte	0x1
 785 0040 3F       		.uleb128 0x3f
 786 0041 19       		.uleb128 0x19
 787 0042 03       		.uleb128 0x3
 788 0043 0E       		.uleb128 0xe
 789 0044 3A       		.uleb128 0x3a
 790 0045 0B       		.uleb128 0xb
 791 0046 3B       		.uleb128 0x3b
 792 0047 0B       		.uleb128 0xb
 793 0048 27       		.uleb128 0x27
 794 0049 19       		.uleb128 0x19
 795 004a 11       		.uleb128 0x11
 796 004b 01       		.uleb128 0x1
 797 004c 12       		.uleb128 0x12
 798 004d 06       		.uleb128 0x6
 799 004e 40       		.uleb128 0x40
 800 004f 18       		.uleb128 0x18
 801 0050 9742     		.uleb128 0x2117
 802 0052 19       		.uleb128 0x19
 803 0053 01       		.uleb128 0x1
 804 0054 13       		.uleb128 0x13
 805 0055 00       		.byte	0
 806 0056 00       		.byte	0
 807 0057 07       		.uleb128 0x7
 808 0058 05       		.uleb128 0x5
 809 0059 00       		.byte	0
 810 005a 03       		.uleb128 0x3
 811 005b 0E       		.uleb128 0xe
 812 005c 3A       		.uleb128 0x3a
 813 005d 0B       		.uleb128 0xb
 814 005e 3B       		.uleb128 0x3b
 815 005f 0B       		.uleb128 0xb
 816 0060 49       		.uleb128 0x49
ARM GAS  C:\Users\Daniela\AppData\Local\Temp\cceeFh5c.s 			page 35


 817 0061 13       		.uleb128 0x13
 818 0062 02       		.uleb128 0x2
 819 0063 17       		.uleb128 0x17
 820 0064 00       		.byte	0
 821 0065 00       		.byte	0
 822 0066 08       		.uleb128 0x8
 823 0067 34       		.uleb128 0x34
 824 0068 00       		.byte	0
 825 0069 03       		.uleb128 0x3
 826 006a 0E       		.uleb128 0xe
 827 006b 3A       		.uleb128 0x3a
 828 006c 0B       		.uleb128 0xb
 829 006d 3B       		.uleb128 0x3b
 830 006e 0B       		.uleb128 0xb
 831 006f 49       		.uleb128 0x49
 832 0070 13       		.uleb128 0x13
 833 0071 00       		.byte	0
 834 0072 00       		.byte	0
 835 0073 09       		.uleb128 0x9
 836 0074 2E       		.uleb128 0x2e
 837 0075 00       		.byte	0
 838 0076 3F       		.uleb128 0x3f
 839 0077 19       		.uleb128 0x19
 840 0078 03       		.uleb128 0x3
 841 0079 0E       		.uleb128 0xe
 842 007a 3A       		.uleb128 0x3a
 843 007b 0B       		.uleb128 0xb
 844 007c 3B       		.uleb128 0x3b
 845 007d 0B       		.uleb128 0xb
 846 007e 27       		.uleb128 0x27
 847 007f 19       		.uleb128 0x19
 848 0080 49       		.uleb128 0x49
 849 0081 13       		.uleb128 0x13
 850 0082 11       		.uleb128 0x11
 851 0083 01       		.uleb128 0x1
 852 0084 12       		.uleb128 0x12
 853 0085 06       		.uleb128 0x6
 854 0086 40       		.uleb128 0x40
 855 0087 18       		.uleb128 0x18
 856 0088 9742     		.uleb128 0x2117
 857 008a 19       		.uleb128 0x19
 858 008b 00       		.byte	0
 859 008c 00       		.byte	0
 860 008d 0A       		.uleb128 0xa
 861 008e 05       		.uleb128 0x5
 862 008f 00       		.byte	0
 863 0090 03       		.uleb128 0x3
 864 0091 0E       		.uleb128 0xe
 865 0092 3A       		.uleb128 0x3a
 866 0093 0B       		.uleb128 0xb
 867 0094 3B       		.uleb128 0x3b
 868 0095 0B       		.uleb128 0xb
 869 0096 49       		.uleb128 0x49
 870 0097 13       		.uleb128 0x13
 871 0098 02       		.uleb128 0x2
 872 0099 18       		.uleb128 0x18
 873 009a 00       		.byte	0
ARM GAS  C:\Users\Daniela\AppData\Local\Temp\cceeFh5c.s 			page 36


 874 009b 00       		.byte	0
 875 009c 0B       		.uleb128 0xb
 876 009d 34       		.uleb128 0x34
 877 009e 00       		.byte	0
 878 009f 03       		.uleb128 0x3
 879 00a0 0E       		.uleb128 0xe
 880 00a1 3A       		.uleb128 0x3a
 881 00a2 0B       		.uleb128 0xb
 882 00a3 3B       		.uleb128 0x3b
 883 00a4 0B       		.uleb128 0xb
 884 00a5 49       		.uleb128 0x49
 885 00a6 13       		.uleb128 0x13
 886 00a7 02       		.uleb128 0x2
 887 00a8 17       		.uleb128 0x17
 888 00a9 00       		.byte	0
 889 00aa 00       		.byte	0
 890 00ab 0C       		.uleb128 0xc
 891 00ac 2E       		.uleb128 0x2e
 892 00ad 01       		.byte	0x1
 893 00ae 3F       		.uleb128 0x3f
 894 00af 19       		.uleb128 0x19
 895 00b0 03       		.uleb128 0x3
 896 00b1 0E       		.uleb128 0xe
 897 00b2 3A       		.uleb128 0x3a
 898 00b3 0B       		.uleb128 0xb
 899 00b4 3B       		.uleb128 0x3b
 900 00b5 0B       		.uleb128 0xb
 901 00b6 27       		.uleb128 0x27
 902 00b7 19       		.uleb128 0x19
 903 00b8 49       		.uleb128 0x49
 904 00b9 13       		.uleb128 0x13
 905 00ba 11       		.uleb128 0x11
 906 00bb 01       		.uleb128 0x1
 907 00bc 12       		.uleb128 0x12
 908 00bd 06       		.uleb128 0x6
 909 00be 40       		.uleb128 0x40
 910 00bf 18       		.uleb128 0x18
 911 00c0 9742     		.uleb128 0x2117
 912 00c2 19       		.uleb128 0x19
 913 00c3 00       		.byte	0
 914 00c4 00       		.byte	0
 915 00c5 00       		.byte	0
 916              		.section	.debug_loc,"",%progbits
 917              	.Ldebug_loc0:
 918              	.LLST0:
 919 0000 00000000 		.4byte	.LVL0
 920 0004 08000000 		.4byte	.LVL1
 921 0008 0100     		.2byte	0x1
 922 000a 50       		.byte	0x50
 923 000b 08000000 		.4byte	.LVL1
 924 000f 18000000 		.4byte	.LFE0
 925 0013 0400     		.2byte	0x4
 926 0015 F3       		.byte	0xf3
 927 0016 01       		.uleb128 0x1
 928 0017 50       		.byte	0x50
 929 0018 9F       		.byte	0x9f
 930 0019 00000000 		.4byte	0
ARM GAS  C:\Users\Daniela\AppData\Local\Temp\cceeFh5c.s 			page 37


 931 001d 00000000 		.4byte	0
 932              	.LLST1:
 933 0021 00000000 		.4byte	.LVL2
 934 0025 04000000 		.4byte	.LVL3
 935 0029 0100     		.2byte	0x1
 936 002b 50       		.byte	0x50
 937 002c 04000000 		.4byte	.LVL3
 938 0030 1C000000 		.4byte	.LFE1
 939 0034 0400     		.2byte	0x4
 940 0036 F3       		.byte	0xf3
 941 0037 01       		.uleb128 0x1
 942 0038 50       		.byte	0x50
 943 0039 9F       		.byte	0x9f
 944 003a 00000000 		.4byte	0
 945 003e 00000000 		.4byte	0
 946              	.LLST2:
 947 0042 00000000 		.4byte	.LVL4
 948 0046 08000000 		.4byte	.LVL7
 949 004a 0100     		.2byte	0x1
 950 004c 50       		.byte	0x50
 951 004d 08000000 		.4byte	.LVL7
 952 0051 14000000 		.4byte	.LFE4
 953 0055 0400     		.2byte	0x4
 954 0057 F3       		.byte	0xf3
 955 0058 01       		.uleb128 0x1
 956 0059 50       		.byte	0x50
 957 005a 9F       		.byte	0x9f
 958 005b 00000000 		.4byte	0
 959 005f 00000000 		.4byte	0
 960              	.LLST3:
 961 0063 04000000 		.4byte	.LVL5
 962 0067 06000000 		.4byte	.LVL6
 963 006b 0B00     		.2byte	0xb
 964 006d 70       		.byte	0x70
 965 006e 00       		.sleb128 0
 966 006f 0A       		.byte	0xa
 967 0070 FFFF     		.2byte	0xffff
 968 0072 1A       		.byte	0x1a
 969 0073 20       		.byte	0x20
 970 0074 73       		.byte	0x73
 971 0075 00       		.sleb128 0
 972 0076 1A       		.byte	0x1a
 973 0077 9F       		.byte	0x9f
 974 0078 00000000 		.4byte	0
 975 007c 00000000 		.4byte	0
 976              	.LLST4:
 977 0080 08000000 		.4byte	.LVL8
 978 0084 0C000000 		.4byte	.LVL9
 979 0088 0100     		.2byte	0x1
 980 008a 50       		.byte	0x50
 981 008b 0C000000 		.4byte	.LVL9
 982 008f 14000000 		.4byte	.LFE5
 983 0093 0400     		.2byte	0x4
 984 0095 72       		.byte	0x72
 985 0096 00       		.sleb128 0
 986 0097 06       		.byte	0x6
 987 0098 9F       		.byte	0x9f
ARM GAS  C:\Users\Daniela\AppData\Local\Temp\cceeFh5c.s 			page 38


 988 0099 00000000 		.4byte	0
 989 009d 00000000 		.4byte	0
 990              		.section	.debug_aranges,"",%progbits
 991 0000 44000000 		.4byte	0x44
 992 0004 0200     		.2byte	0x2
 993 0006 00000000 		.4byte	.Ldebug_info0
 994 000a 04       		.byte	0x4
 995 000b 00       		.byte	0
 996 000c 0000     		.2byte	0
 997 000e 0000     		.2byte	0
 998 0010 00000000 		.4byte	.LFB0
 999 0014 18000000 		.4byte	.LFE0-.LFB0
 1000 0018 00000000 		.4byte	.LFB1
 1001 001c 1C000000 		.4byte	.LFE1-.LFB1
 1002 0020 00000000 		.4byte	.LFB2
 1003 0024 10000000 		.4byte	.LFE2-.LFB2
 1004 0028 00000000 		.4byte	.LFB3
 1005 002c 10000000 		.4byte	.LFE3-.LFB3
 1006 0030 00000000 		.4byte	.LFB4
 1007 0034 14000000 		.4byte	.LFE4-.LFB4
 1008 0038 00000000 		.4byte	.LFB5
 1009 003c 14000000 		.4byte	.LFE5-.LFB5
 1010 0040 00000000 		.4byte	0
 1011 0044 00000000 		.4byte	0
 1012              		.section	.debug_ranges,"",%progbits
 1013              	.Ldebug_ranges0:
 1014 0000 00000000 		.4byte	.LFB0
 1015 0004 18000000 		.4byte	.LFE0
 1016 0008 00000000 		.4byte	.LFB1
 1017 000c 1C000000 		.4byte	.LFE1
 1018 0010 00000000 		.4byte	.LFB2
 1019 0014 10000000 		.4byte	.LFE2
 1020 0018 00000000 		.4byte	.LFB3
 1021 001c 10000000 		.4byte	.LFE3
 1022 0020 00000000 		.4byte	.LFB4
 1023 0024 14000000 		.4byte	.LFE4
 1024 0028 00000000 		.4byte	.LFB5
 1025 002c 14000000 		.4byte	.LFE5
 1026 0030 00000000 		.4byte	0
 1027 0034 00000000 		.4byte	0
 1028              		.section	.debug_line,"",%progbits
 1029              	.Ldebug_line0:
 1030 0000 C7000000 		.section	.debug_str,"MS",%progbits,1
 1030      02004400 
 1030      00000201 
 1030      FB0E0D00 
 1030      01010101 
 1031              	.LASF15:
 1032 0000 72656733 		.ascii	"reg32\000"
 1032      3200
 1033              	.LASF24:
 1034 0006 55415254 		.ascii	"UART_rx_ClearInterrupt\000"
 1034      5F72785F 
 1034      436C6561 
 1034      72496E74 
 1034      65727275 
 1035              	.LASF19:
ARM GAS  C:\Users\Daniela\AppData\Local\Temp\cceeFh5c.s 			page 39


 1036 001d 76616C75 		.ascii	"value\000"
 1036      6500
 1037              	.LASF12:
 1038 0023 666C6F61 		.ascii	"float\000"
 1038      7400
 1039              	.LASF1:
 1040 0029 756E7369 		.ascii	"unsigned char\000"
 1040      676E6564 
 1040      20636861 
 1040      7200
 1041              	.LASF28:
 1042 0037 47656E65 		.ascii	"Generated_Source\\PSoC4\\UART_rx.c\000"
 1042      72617465 
 1042      645F536F 
 1042      75726365 
 1042      5C50536F 
 1043              	.LASF30:
 1044 0058 64725661 		.ascii	"drVal\000"
 1044      6C00
 1045              	.LASF5:
 1046 005e 6C6F6E67 		.ascii	"long unsigned int\000"
 1046      20756E73 
 1046      69676E65 
 1046      6420696E 
 1046      7400
 1047              	.LASF3:
 1048 0070 73686F72 		.ascii	"short unsigned int\000"
 1048      7420756E 
 1048      7369676E 
 1048      65642069 
 1048      6E7400
 1049              	.LASF27:
 1050 0083 474E5520 		.ascii	"GNU C11 5.4.1 20160609 (release) [ARM/embedded-5-br"
 1050      43313120 
 1050      352E342E 
 1050      31203230 
 1050      31363036 
 1051 00b6 616E6368 		.ascii	"anch revision 237715] -mcpu=cortex-m0 -mthumb -g -O"
 1051      20726576 
 1051      6973696F 
 1051      6E203233 
 1051      37373135 
 1052 00e9 33202D66 		.ascii	"3 -ffunction-sections -ffat-lto-objects -finline-fu"
 1052      66756E63 
 1052      74696F6E 
 1052      2D736563 
 1052      74696F6E 
 1053 011c 6E637469 		.ascii	"nctions -flto\000"
 1053      6F6E7320 
 1053      2D666C74 
 1053      6F00
 1054              	.LASF13:
 1055 012a 646F7562 		.ascii	"double\000"
 1055      6C6500
 1056              	.LASF16:
 1057 0131 55415254 		.ascii	"UART_rx_SetDriveMode\000"
 1057      5F72785F 
ARM GAS  C:\Users\Daniela\AppData\Local\Temp\cceeFh5c.s 			page 40


 1057      53657444 
 1057      72697665 
 1057      4D6F6465 
 1058              	.LASF20:
 1059 0146 55415254 		.ascii	"UART_rx_Read\000"
 1059      5F72785F 
 1059      52656164 
 1059      00
 1060              	.LASF10:
 1061 0153 75696E74 		.ascii	"uint16\000"
 1061      313600
 1062              	.LASF23:
 1063 015a 706F7369 		.ascii	"position\000"
 1063      74696F6E 
 1063      00
 1064              	.LASF11:
 1065 0163 75696E74 		.ascii	"uint32\000"
 1065      333200
 1066              	.LASF25:
 1067 016a 696E7472 		.ascii	"intrCfg\000"
 1067      43666700 
 1068              	.LASF8:
 1069 0172 756E7369 		.ascii	"unsigned int\000"
 1069      676E6564 
 1069      20696E74 
 1069      00
 1070              	.LASF7:
 1071 017f 6C6F6E67 		.ascii	"long long unsigned int\000"
 1071      206C6F6E 
 1071      6720756E 
 1071      7369676E 
 1071      65642069 
 1072              	.LASF22:
 1073 0196 55415254 		.ascii	"UART_rx_SetInterruptMode\000"
 1073      5F72785F 
 1073      53657449 
 1073      6E746572 
 1073      72757074 
 1074              	.LASF18:
 1075 01af 6D6F6465 		.ascii	"mode\000"
 1075      00
 1076              	.LASF17:
 1077 01b4 55415254 		.ascii	"UART_rx_Write\000"
 1077      5F72785F 
 1077      57726974 
 1077      6500
 1078              	.LASF6:
 1079 01c2 6C6F6E67 		.ascii	"long long int\000"
 1079      206C6F6E 
 1079      6720696E 
 1079      7400
 1080              	.LASF26:
 1081 01d0 6D61736B 		.ascii	"maskedStatus\000"
 1081      65645374 
 1081      61747573 
 1081      00
 1082              	.LASF14:
ARM GAS  C:\Users\Daniela\AppData\Local\Temp\cceeFh5c.s 			page 41


 1083 01dd 63686172 		.ascii	"char\000"
 1083      00
 1084              	.LASF2:
 1085 01e2 73686F72 		.ascii	"short int\000"
 1085      7420696E 
 1085      7400
 1086              	.LASF9:
 1087 01ec 75696E74 		.ascii	"uint8\000"
 1087      3800
 1088              	.LASF4:
 1089 01f2 6C6F6E67 		.ascii	"long int\000"
 1089      20696E74 
 1089      00
 1090              	.LASF0:
 1091 01fb 7369676E 		.ascii	"signed char\000"
 1091      65642063 
 1091      68617200 
 1092              	.LASF29:
 1093 0207 433A5C55 		.ascii	"C:\\Users\\Daniela\\Desktop\\Bluetooth_Project\\Thr"
 1093      73657273 
 1093      5C44616E 
 1093      69656C61 
 1093      5C446573 
 1094 0235 6F756768 		.ascii	"oughput\\GATT Notification - Data Incoming.cydsn\000"
 1094      7075745C 
 1094      47415454 
 1094      204E6F74 
 1094      69666963 
 1095              	.LASF21:
 1096 0265 55415254 		.ascii	"UART_rx_ReadDataReg\000"
 1096      5F72785F 
 1096      52656164 
 1096      44617461 
 1096      52656700 
 1097              		.comm	__gnu_lto_v1,1,1
 1098              		.ident	"GCC: (GNU Tools for ARM Embedded Processors) 5.4.1 20160609 (release) [ARM/embedded-5-bran
