ARM GAS  C:\Users\Daniela\AppData\Local\Temp\cc7Em3IO.s 			page 1


   1              		.syntax unified
   2              		.cpu cortex-m0
   3              		.fpu softvfp
   4              		.eabi_attribute 20, 1
   5              		.eabi_attribute 21, 1
   6              		.eabi_attribute 23, 3
   7              		.eabi_attribute 24, 1
   8              		.eabi_attribute 25, 1
   9              		.eabi_attribute 26, 1
  10              		.eabi_attribute 30, 6
  11              		.eabi_attribute 34, 0
  12              		.eabi_attribute 18, 4
  13              		.thumb
  14              		.syntax unified
  15              		.file	"app_UART.c"
  16              		.text
  17              	.Ltext0:
  18              		.cfi_sections	.debug_frame
  19              		.comm	bleApiResult,2,2
  20              		.comm	count,4,4
  21              		.comm	mode,1,1
  22              		.section	.text.HandleUartTxTraffic,"ax",%progbits
  23              		.align	2
  24              		.global	HandleUartTxTraffic
  25              		.code	16
  26              		.thumb_func
  27              		.type	HandleUartTxTraffic, %function
  28              	HandleUartTxTraffic:
  29              	.LFB35:
  30              		.file 1 "app_UART.c"
   1:app_UART.c    **** /*****************************************************************************************
   2:app_UART.c    **** * File Name: app_UART.c
   3:app_UART.c    **** *
   4:app_UART.c    **** * Description:
   5:app_UART.c    **** *  Common BLE application code for client devices.
   6:app_UART.c    **** *
   7:app_UART.c    **** *****************************************************************************************
   8:app_UART.c    **** * Copyright 2015, Cypress Semiconductor Corporation.  All rights reserved.
   9:app_UART.c    **** * You may use this file only in accordance with the license, terms, conditions,
  10:app_UART.c    **** * disclaimers, and limitations in the end user license agreement accompanying
  11:app_UART.c    **** * the software package with which this file was provided.
  12:app_UART.c    **** *****************************************************************************************/
  13:app_UART.c    **** 
  14:app_UART.c    **** #include "app_UART.h"
  15:app_UART.c    **** #include "app_Ble.h"
  16:app_UART.c    **** 
  17:app_UART.c    **** 
  18:app_UART.c    **** /*****************************************************************************************
  19:app_UART.c    **** * Function Name: HandleUartTxTraffic
  20:app_UART.c    **** ******************************************************************************************
  21:app_UART.c    **** *
  22:app_UART.c    **** * Summary:
  23:app_UART.c    **** *  This function takes data from UART RX buffer and pushes it to the server 
  24:app_UART.c    **** *  as Notifications.
  25:app_UART.c    **** *
  26:app_UART.c    **** * Parameters:
  27:app_UART.c    **** *  uint16 - CCCD for checking if notifications are enabled  
ARM GAS  C:\Users\Daniela\AppData\Local\Temp\cc7Em3IO.s 			page 2


  28:app_UART.c    **** *
  29:app_UART.c    **** * Return:
  30:app_UART.c    **** *   None.
  31:app_UART.c    **** *
  32:app_UART.c    **** *****************************************************************************************/
  33:app_UART.c    **** void HandleUartTxTraffic(uint16 txDataClientConfigDesc)
  34:app_UART.c    **** {
  31              		.loc 1 34 0
  32              		.cfi_startproc
  33              		@ args = 0, pretend = 0, frame = 56
  34              		@ frame_needed = 1, uses_anonymous_args = 0
  35 0000 F0B5     		push	{r4, r5, r6, r7, lr}
  36              		.cfi_def_cfa_offset 20
  37              		.cfi_offset 4, -20
  38              		.cfi_offset 5, -16
  39              		.cfi_offset 6, -12
  40              		.cfi_offset 7, -8
  41              		.cfi_offset 14, -4
  42 0002 8FB0     		sub	sp, sp, #60
  43              		.cfi_def_cfa_offset 80
  44 0004 00AF     		add	r7, sp, #0
  45              		.cfi_def_cfa_register 7
  46 0006 0300     		movs	r3, r0
  47 0008 1620     		movs	r0, #22
  48 000a 3818     		adds	r0, r7, r0
  49 000c 9C46     		mov	ip, r3
  50 000e 6346     		mov	r3, ip
  51 0010 0380     		strh	r3, [r0]
  52              		.loc 1 34 0
  53 0012 6846     		mov	r0, sp
  54 0014 3861     		str	r0, [r7, #16]
  35:app_UART.c    ****     uint8   index;
  36:app_UART.c    ****     uint8   uartTxData[mtuSize - 3];
  55              		.loc 1 36 0
  56 0016 7748     		ldr	r0, .L8
  57 0018 0088     		ldrh	r0, [r0]
  58 001a 0338     		subs	r0, r0, #3
  59 001c 431E     		subs	r3, r0, #1
  60 001e 9C46     		mov	ip, r3
  61 0020 6346     		mov	r3, ip
  62 0022 3B63     		str	r3, [r7, #48]
  63 0024 0300     		movs	r3, r0
  64 0026 BB60     		str	r3, [r7, #8]
  65 0028 0023     		movs	r3, #0
  66 002a FB60     		str	r3, [r7, #12]
  67 002c BB68     		ldr	r3, [r7, #8]
  68 002e 5B0F     		lsrs	r3, r3, #29
  69 0030 9C46     		mov	ip, r3
  70 0032 FB68     		ldr	r3, [r7, #12]
  71 0034 DA00     		lsls	r2, r3, #3
  72 0036 6346     		mov	r3, ip
  73 0038 1A43     		orrs	r2, r3
  74 003a BB68     		ldr	r3, [r7, #8]
  75 003c D900     		lsls	r1, r3, #3
  76 003e 0200     		movs	r2, r0
  77 0040 1500     		movs	r5, r2
  78 0042 0022     		movs	r2, #0
ARM GAS  C:\Users\Daniela\AppData\Local\Temp\cc7Em3IO.s 			page 3


  79 0044 1600     		movs	r6, r2
  80 0046 6A0F     		lsrs	r2, r5, #29
  81 0048 F300     		lsls	r3, r6, #3
  82 004a 7B60     		str	r3, [r7, #4]
  83 004c 7B68     		ldr	r3, [r7, #4]
  84 004e 1343     		orrs	r3, r2
  85 0050 7B60     		str	r3, [r7, #4]
  86 0052 EB00     		lsls	r3, r5, #3
  87 0054 3B60     		str	r3, [r7]
  88 0056 0300     		movs	r3, r0
  89 0058 0733     		adds	r3, r3, #7
  90 005a DB08     		lsrs	r3, r3, #3
  91 005c DB00     		lsls	r3, r3, #3
  92 005e 6A46     		mov	r2, sp
  93 0060 D31A     		subs	r3, r2, r3
  94 0062 9D46     		mov	sp, r3
  95 0064 6B46     		mov	r3, sp
  96 0066 0033     		adds	r3, r3, #0
  97 0068 FB62     		str	r3, [r7, #44]
  37:app_UART.c    ****     uint16  uartTxDataLength;
  38:app_UART.c    ****     
  39:app_UART.c    ****     static uint16 uartIdleCount = UART_IDLE_TIMEOUT;
  40:app_UART.c    ****     
  41:app_UART.c    ****     CYBLE_API_RESULT_T                  bleApiResult;
  42:app_UART.c    ****     CYBLE_GATTS_HANDLE_VALUE_NTF_T      uartTxDataNtf;
  43:app_UART.c    ****     
  44:app_UART.c    ****     uartTxDataLength = UART_SpiUartGetRxBufferSize();
  98              		.loc 1 44 0
  99 006a FFF7FEFF 		bl	UART_SpiUartGetRxBufferSize
 100 006e 0200     		movs	r2, r0
 101 0070 2423     		movs	r3, #36
 102 0072 1021     		movs	r1, #16
 103 0074 8C46     		mov	ip, r1
 104 0076 BC44     		add	ip, ip, r7
 105 0078 6344     		add	r3, r3, ip
 106 007a 1A80     		strh	r2, [r3]
  45:app_UART.c    ****     
  46:app_UART.c    ****     #ifdef FLOW_CONTROL
  47:app_UART.c    ****         if(uartTxDataLength >= (UART_UART_RX_BUFFER_SIZE - (UART_UART_RX_BUFFER_SIZE/2)))
  48:app_UART.c    ****         {
  49:app_UART.c    ****             DisableUartRxInt();
  50:app_UART.c    ****         }
  51:app_UART.c    ****         else
  52:app_UART.c    ****         {
  53:app_UART.c    ****             EnableUartRxInt();
  54:app_UART.c    ****         }
  55:app_UART.c    ****     #endif
  56:app_UART.c    ****     
  57:app_UART.c    ****     if((0 != uartTxDataLength) && (NOTIFICATON_ENABLED == txDataClientConfigDesc))
 107              		.loc 1 57 0
 108 007c 2423     		movs	r3, #36
 109 007e 1022     		movs	r2, #16
 110 0080 9446     		mov	ip, r2
 111 0082 BC44     		add	ip, ip, r7
 112 0084 6344     		add	r3, r3, ip
 113 0086 1B88     		ldrh	r3, [r3]
 114 0088 002B     		cmp	r3, #0
ARM GAS  C:\Users\Daniela\AppData\Local\Temp\cc7Em3IO.s 			page 4


 115 008a 00D1     		bne	.LCB87
 116 008c ABE0     		b	.L2	@long jump
 117              	.LCB87:
 118              		.loc 1 57 0 is_stmt 0 discriminator 1
 119 008e 1623     		movs	r3, #22
 120 0090 FB18     		adds	r3, r7, r3
 121 0092 1B88     		ldrh	r3, [r3]
 122 0094 012B     		cmp	r3, #1
 123 0096 00D0     		beq	.LCB92
 124 0098 A5E0     		b	.L2	@long jump
 125              	.LCB92:
  58:app_UART.c    ****     {
  59:app_UART.c    ****         if(uartTxDataLength >= (mtuSize - 3))
 126              		.loc 1 59 0 is_stmt 1
 127 009a 2423     		movs	r3, #36
 128 009c 1022     		movs	r2, #16
 129 009e 9446     		mov	ip, r2
 130 00a0 BC44     		add	ip, ip, r7
 131 00a2 6344     		add	r3, r3, ip
 132 00a4 1A88     		ldrh	r2, [r3]
 133 00a6 534B     		ldr	r3, .L8
 134 00a8 1B88     		ldrh	r3, [r3]
 135 00aa 033B     		subs	r3, r3, #3
 136 00ac 9A42     		cmp	r2, r3
 137 00ae 0DDB     		blt	.L3
  60:app_UART.c    ****         {
  61:app_UART.c    ****             uartIdleCount       = UART_IDLE_TIMEOUT;
 138              		.loc 1 61 0
 139 00b0 514B     		ldr	r3, .L8+4
 140 00b2 FA22     		movs	r2, #250
 141 00b4 9200     		lsls	r2, r2, #2
 142 00b6 1A80     		strh	r2, [r3]
  62:app_UART.c    ****             uartTxDataLength    = mtuSize - 3;
 143              		.loc 1 62 0
 144 00b8 4E4B     		ldr	r3, .L8
 145 00ba 1A88     		ldrh	r2, [r3]
 146 00bc 2423     		movs	r3, #36
 147 00be 1021     		movs	r1, #16
 148 00c0 8C46     		mov	ip, r1
 149 00c2 BC44     		add	ip, ip, r7
 150 00c4 6344     		add	r3, r3, ip
 151 00c6 033A     		subs	r2, r2, #3
 152 00c8 1A80     		strh	r2, [r3]
 153 00ca 10E0     		b	.L4
 154              	.L3:
  63:app_UART.c    ****         }
  64:app_UART.c    ****         else
  65:app_UART.c    ****         {
  66:app_UART.c    ****             if(--uartIdleCount == 0)
 155              		.loc 1 66 0
 156 00cc 4A4B     		ldr	r3, .L8+4
 157 00ce 1B88     		ldrh	r3, [r3]
 158 00d0 013B     		subs	r3, r3, #1
 159 00d2 9AB2     		uxth	r2, r3
 160 00d4 484B     		ldr	r3, .L8+4
 161 00d6 1A80     		strh	r2, [r3]
 162 00d8 474B     		ldr	r3, .L8+4
ARM GAS  C:\Users\Daniela\AppData\Local\Temp\cc7Em3IO.s 			page 5


 163 00da 1B88     		ldrh	r3, [r3]
 164 00dc 002B     		cmp	r3, #0
 165 00de 06D0     		beq	.L4
  67:app_UART.c    ****             {
  68:app_UART.c    ****                 /*uartTxDataLength remains unchanged */;
  69:app_UART.c    ****             }
  70:app_UART.c    ****             else
  71:app_UART.c    ****             {
  72:app_UART.c    ****                 uartTxDataLength = 0;
 166              		.loc 1 72 0
 167 00e0 2423     		movs	r3, #36
 168 00e2 1022     		movs	r2, #16
 169 00e4 9446     		mov	ip, r2
 170 00e6 BC44     		add	ip, ip, r7
 171 00e8 6344     		add	r3, r3, ip
 172 00ea 0022     		movs	r2, #0
 173 00ec 1A80     		strh	r2, [r3]
 174              	.L4:
  73:app_UART.c    ****             }
  74:app_UART.c    ****         }
  75:app_UART.c    ****         
  76:app_UART.c    ****         if(0 != uartTxDataLength)
 175              		.loc 1 76 0
 176 00ee 2423     		movs	r3, #36
 177 00f0 1022     		movs	r2, #16
 178 00f2 9446     		mov	ip, r2
 179 00f4 BC44     		add	ip, ip, r7
 180 00f6 6344     		add	r3, r3, ip
 181 00f8 1B88     		ldrh	r3, [r3]
 182 00fa 002B     		cmp	r3, #0
 183 00fc 73D0     		beq	.L2
  77:app_UART.c    ****         {
  78:app_UART.c    ****             uartIdleCount       = UART_IDLE_TIMEOUT;
 184              		.loc 1 78 0
 185 00fe 3E4B     		ldr	r3, .L8+4
 186 0100 FA22     		movs	r2, #250
 187 0102 9200     		lsls	r2, r2, #2
 188 0104 1A80     		strh	r2, [r3]
  79:app_UART.c    ****             
  80:app_UART.c    ****             for(index = 0; index < uartTxDataLength; index++)
 189              		.loc 1 80 0
 190 0106 2723     		movs	r3, #39
 191 0108 1022     		movs	r2, #16
 192 010a 9446     		mov	ip, r2
 193 010c BC44     		add	ip, ip, r7
 194 010e 6344     		add	r3, r3, ip
 195 0110 0022     		movs	r2, #0
 196 0112 1A70     		strb	r2, [r3]
 197 0114 18E0     		b	.L5
 198              	.L6:
  81:app_UART.c    ****             {
  82:app_UART.c    ****                 uartTxData[index] = (uint8) UART_UartGetByte();
 199              		.loc 1 82 0 discriminator 3
 200 0116 2723     		movs	r3, #39
 201 0118 1022     		movs	r2, #16
 202 011a 9446     		mov	ip, r2
 203 011c BC44     		add	ip, ip, r7
ARM GAS  C:\Users\Daniela\AppData\Local\Temp\cc7Em3IO.s 			page 6


 204 011e 6344     		add	r3, r3, ip
 205 0120 1C78     		ldrb	r4, [r3]
 206 0122 FFF7FEFF 		bl	UART_UartGetByte
 207 0126 0300     		movs	r3, r0
 208 0128 DAB2     		uxtb	r2, r3
 209 012a FB6A     		ldr	r3, [r7, #44]
 210 012c 1A55     		strb	r2, [r3, r4]
  80:app_UART.c    ****             {
 211              		.loc 1 80 0 discriminator 3
 212 012e 2723     		movs	r3, #39
 213 0130 1022     		movs	r2, #16
 214 0132 9446     		mov	ip, r2
 215 0134 BC44     		add	ip, ip, r7
 216 0136 6344     		add	r3, r3, ip
 217 0138 1A78     		ldrb	r2, [r3]
 218 013a 2723     		movs	r3, #39
 219 013c 1021     		movs	r1, #16
 220 013e 8C46     		mov	ip, r1
 221 0140 BC44     		add	ip, ip, r7
 222 0142 6344     		add	r3, r3, ip
 223 0144 0132     		adds	r2, r2, #1
 224 0146 1A70     		strb	r2, [r3]
 225              	.L5:
  80:app_UART.c    ****             {
 226              		.loc 1 80 0 is_stmt 0 discriminator 1
 227 0148 2723     		movs	r3, #39
 228 014a 1022     		movs	r2, #16
 229 014c 9446     		mov	ip, r2
 230 014e BC44     		add	ip, ip, r7
 231 0150 6344     		add	r3, r3, ip
 232 0152 1B78     		ldrb	r3, [r3]
 233 0154 9BB2     		uxth	r3, r3
 234 0156 2422     		movs	r2, #36
 235 0158 1021     		movs	r1, #16
 236 015a 8C46     		mov	ip, r1
 237 015c BC44     		add	ip, ip, r7
 238 015e 6244     		add	r2, r2, ip
 239 0160 1288     		ldrh	r2, [r2]
 240 0162 9A42     		cmp	r2, r3
 241 0164 D7D8     		bhi	.L6
  83:app_UART.c    ****             }
  84:app_UART.c    ****             
  85:app_UART.c    ****             uartTxDataNtf.value.val  = uartTxData;
 242              		.loc 1 85 0 is_stmt 1
 243 0166 FA6A     		ldr	r2, [r7, #44]
 244 0168 0C23     		movs	r3, #12
 245 016a 1021     		movs	r1, #16
 246 016c 8C46     		mov	ip, r1
 247 016e BC44     		add	ip, ip, r7
 248 0170 6344     		add	r3, r3, ip
 249 0172 1A60     		str	r2, [r3]
  86:app_UART.c    ****             uartTxDataNtf.value.len  = uartTxDataLength;
 250              		.loc 1 86 0
 251 0174 0C23     		movs	r3, #12
 252 0176 1022     		movs	r2, #16
 253 0178 9446     		mov	ip, r2
 254 017a BC44     		add	ip, ip, r7
ARM GAS  C:\Users\Daniela\AppData\Local\Temp\cc7Em3IO.s 			page 7


 255 017c 6344     		add	r3, r3, ip
 256 017e 2422     		movs	r2, #36
 257 0180 1021     		movs	r1, #16
 258 0182 8C46     		mov	ip, r1
 259 0184 BC44     		add	ip, ip, r7
 260 0186 6244     		add	r2, r2, ip
 261 0188 1288     		ldrh	r2, [r2]
 262 018a 9A80     		strh	r2, [r3, #4]
  87:app_UART.c    ****             uartTxDataNtf.attrHandle = CYBLE_SERVER_UART_SERVER_UART_TX_DATA_CHAR_HANDLE;
 263              		.loc 1 87 0
 264 018c 0C23     		movs	r3, #12
 265 018e 1022     		movs	r2, #16
 266 0190 9446     		mov	ip, r2
 267 0192 BC44     		add	ip, ip, r7
 268 0194 6344     		add	r3, r3, ip
 269 0196 0E22     		movs	r2, #14
 270 0198 1A81     		strh	r2, [r3, #8]
 271              	.L7:
  88:app_UART.c    ****             
  89:app_UART.c    ****             #ifdef FLOW_CONTROL
  90:app_UART.c    ****                 DisableUartRxInt();
  91:app_UART.c    ****             #endif
  92:app_UART.c    ****             
  93:app_UART.c    ****             do
  94:app_UART.c    ****             {
  95:app_UART.c    ****                 bleApiResult = CyBle_GattsNotification(cyBle_connHandle, &uartTxDataNtf);
 272              		.loc 1 95 0 discriminator 2
 273 019a 1A23     		movs	r3, #26
 274 019c 1022     		movs	r2, #16
 275 019e BA18     		adds	r2, r7, r2
 276 01a0 D418     		adds	r4, r2, r3
 277 01a2 0C23     		movs	r3, #12
 278 01a4 1022     		movs	r2, #16
 279 01a6 BA18     		adds	r2, r7, r2
 280 01a8 D118     		adds	r1, r2, r3
 281 01aa 144B     		ldr	r3, .L8+8
 282 01ac 1A78     		ldrb	r2, [r3]
 283 01ae 5B78     		ldrb	r3, [r3, #1]
 284 01b0 1B02     		lsls	r3, r3, #8
 285 01b2 1A43     		orrs	r2, r3
 286 01b4 0023     		movs	r3, #0
 287 01b6 1204     		lsls	r2, r2, #16
 288 01b8 120C     		lsrs	r2, r2, #16
 289 01ba 1B0C     		lsrs	r3, r3, #16
 290 01bc 1B04     		lsls	r3, r3, #16
 291 01be 1343     		orrs	r3, r2
 292 01c0 1800     		movs	r0, r3
 293 01c2 FFF7FEFF 		bl	CyBle_GattsNotification
 294 01c6 0300     		movs	r3, r0
 295 01c8 2380     		strh	r3, [r4]
  96:app_UART.c    ****                 CyBle_ProcessEvents();
 296              		.loc 1 96 0 discriminator 2
 297 01ca FFF7FEFF 		bl	CyBle_ProcessEvents
  97:app_UART.c    ****             }
  98:app_UART.c    ****             while((CYBLE_ERROR_OK != bleApiResult)  && (CYBLE_STATE_CONNECTED == cyBle_state));
 298              		.loc 1 98 0 discriminator 2
 299 01ce 1A23     		movs	r3, #26
ARM GAS  C:\Users\Daniela\AppData\Local\Temp\cc7Em3IO.s 			page 8


 300 01d0 1022     		movs	r2, #16
 301 01d2 9446     		mov	ip, r2
 302 01d4 BC44     		add	ip, ip, r7
 303 01d6 6344     		add	r3, r3, ip
 304 01d8 1B88     		ldrh	r3, [r3]
 305 01da 002B     		cmp	r3, #0
 306 01dc 03D0     		beq	.L2
 307              		.loc 1 98 0 is_stmt 0 discriminator 1
 308 01de 084B     		ldr	r3, .L8+12
 309 01e0 1B78     		ldrb	r3, [r3]
 310 01e2 022B     		cmp	r3, #2
 311 01e4 D9D0     		beq	.L7
 312              	.L2:
 313 01e6 3B69     		ldr	r3, [r7, #16]
 314 01e8 9D46     		mov	sp, r3
  99:app_UART.c    ****         }
 100:app_UART.c    ****     }
 101:app_UART.c    **** }
 315              		.loc 1 101 0 is_stmt 1
 316 01ea C046     		nop
 317 01ec BD46     		mov	sp, r7
 318 01ee 0FB0     		add	sp, sp, #60
 319              		@ sp needed
 320 01f0 F0BD     		pop	{r4, r5, r6, r7, pc}
 321              	.L9:
 322 01f2 C046     		.align	2
 323              	.L8:
 324 01f4 00000000 		.word	mtuSize
 325 01f8 00000000 		.word	uartIdleCount.7225
 326 01fc 00000000 		.word	cyBle_connHandle
 327 0200 00000000 		.word	cyBle_state
 328              		.cfi_endproc
 329              	.LFE35:
 330              		.size	HandleUartTxTraffic, .-HandleUartTxTraffic
 331              		.section	.text.HandleUartRxTraffic,"ax",%progbits
 332              		.align	2
 333              		.global	HandleUartRxTraffic
 334              		.code	16
 335              		.thumb_func
 336              		.type	HandleUartRxTraffic, %function
 337              	HandleUartRxTraffic:
 338              	.LFB36:
 102:app_UART.c    **** 
 103:app_UART.c    **** /*****************************************************************************************
 104:app_UART.c    **** * Function Name: HandleUartRxTraffic
 105:app_UART.c    **** ******************************************************************************************
 106:app_UART.c    **** *
 107:app_UART.c    **** * Summary:
 108:app_UART.c    **** *  This function takes data from received "write without response" command from
 109:app_UART.c    **** *  server and, pushes it to the UART TX buffer. 
 110:app_UART.c    **** *
 111:app_UART.c    **** * Parameters:
 112:app_UART.c    **** *  CYBLE_GATTS_WRITE_REQ_PARAM_T * - the "write without response" param as
 113:app_UART.c    **** *                                    recieved by the BLE stack
 114:app_UART.c    **** *
 115:app_UART.c    **** * Return:
 116:app_UART.c    **** *   None.
ARM GAS  C:\Users\Daniela\AppData\Local\Temp\cc7Em3IO.s 			page 9


 117:app_UART.c    **** *
 118:app_UART.c    **** *****************************************************************************************/
 119:app_UART.c    **** void HandleUartRxTraffic(CYBLE_GATTS_WRITE_REQ_PARAM_T * uartRxDataWrReq)
 120:app_UART.c    **** {
 339              		.loc 1 120 0
 340              		.cfi_startproc
 341              		@ args = 0, pretend = 0, frame = 8
 342              		@ frame_needed = 1, uses_anonymous_args = 0
 343 0000 80B5     		push	{r7, lr}
 344              		.cfi_def_cfa_offset 8
 345              		.cfi_offset 7, -8
 346              		.cfi_offset 14, -4
 347 0002 82B0     		sub	sp, sp, #8
 348              		.cfi_def_cfa_offset 16
 349 0004 00AF     		add	r7, sp, #0
 350              		.cfi_def_cfa_register 7
 351 0006 7860     		str	r0, [r7, #4]
 121:app_UART.c    ****     if(uartRxDataWrReq->handleValPair.attrHandle == CYBLE_SERVER_UART_SERVER_UART_RX_DATA_CHAR_HAND
 352              		.loc 1 121 0
 353 0008 7B68     		ldr	r3, [r7, #4]
 354 000a 9B89     		ldrh	r3, [r3, #12]
 355 000c 112B     		cmp	r3, #17
 356 000e 07D1     		bne	.L12
 122:app_UART.c    ****     {
 123:app_UART.c    ****         UART_SpiUartPutArray(uartRxDataWrReq->handleValPair.value.val, \
 357              		.loc 1 123 0
 358 0010 7B68     		ldr	r3, [r7, #4]
 359 0012 5A68     		ldr	r2, [r3, #4]
 124:app_UART.c    ****                                     (uint32) uartRxDataWrReq->handleValPair.value.len);
 360              		.loc 1 124 0
 361 0014 7B68     		ldr	r3, [r7, #4]
 362 0016 1B89     		ldrh	r3, [r3, #8]
 123:app_UART.c    ****                                     (uint32) uartRxDataWrReq->handleValPair.value.len);
 363              		.loc 1 123 0
 364 0018 1900     		movs	r1, r3
 365 001a 1000     		movs	r0, r2
 366 001c FFF7FEFF 		bl	UART_SpiUartPutArray
 367              	.L12:
 125:app_UART.c    ****     }
 126:app_UART.c    **** }
 368              		.loc 1 126 0
 369 0020 C046     		nop
 370 0022 BD46     		mov	sp, r7
 371 0024 02B0     		add	sp, sp, #8
 372              		@ sp needed
 373 0026 80BD     		pop	{r7, pc}
 374              		.cfi_endproc
 375              	.LFE36:
 376              		.size	HandleUartRxTraffic, .-HandleUartRxTraffic
 377              		.section	.text.DisableUartRxInt,"ax",%progbits
 378              		.align	2
 379              		.global	DisableUartRxInt
 380              		.code	16
 381              		.thumb_func
 382              		.type	DisableUartRxInt, %function
 383              	DisableUartRxInt:
 384              	.LFB37:
ARM GAS  C:\Users\Daniela\AppData\Local\Temp\cc7Em3IO.s 			page 10


 127:app_UART.c    **** 
 128:app_UART.c    **** /*****************************************************************************************
 129:app_UART.c    **** * Function Name: DisableUartRxInt
 130:app_UART.c    **** ******************************************************************************************
 131:app_UART.c    **** *
 132:app_UART.c    **** * Summary:
 133:app_UART.c    **** *  This function disables the UART RX interrupt.
 134:app_UART.c    **** *
 135:app_UART.c    **** * Parameters:
 136:app_UART.c    **** *   None.
 137:app_UART.c    **** *
 138:app_UART.c    **** * Return:
 139:app_UART.c    **** *   None.
 140:app_UART.c    **** *
 141:app_UART.c    **** *****************************************************************************************/
 142:app_UART.c    **** void DisableUartRxInt(void)
 143:app_UART.c    **** {
 385              		.loc 1 143 0
 386              		.cfi_startproc
 387              		@ args = 0, pretend = 0, frame = 0
 388              		@ frame_needed = 1, uses_anonymous_args = 0
 389 0000 80B5     		push	{r7, lr}
 390              		.cfi_def_cfa_offset 8
 391              		.cfi_offset 7, -8
 392              		.cfi_offset 14, -4
 393 0002 00AF     		add	r7, sp, #0
 394              		.cfi_def_cfa_register 7
 144:app_UART.c    ****     UART_INTR_RX_MASK_REG &= ~UART_RX_INTR_MASK;  
 395              		.loc 1 144 0
 396 0004 044B     		ldr	r3, .L14
 397 0006 044A     		ldr	r2, .L14
 398 0008 1268     		ldr	r2, [r2]
 399 000a 0421     		movs	r1, #4
 400 000c 8A43     		bics	r2, r1
 401 000e 1A60     		str	r2, [r3]
 145:app_UART.c    **** }
 402              		.loc 1 145 0
 403 0010 C046     		nop
 404 0012 BD46     		mov	sp, r7
 405              		@ sp needed
 406 0014 80BD     		pop	{r7, pc}
 407              	.L15:
 408 0016 C046     		.align	2
 409              	.L14:
 410 0018 C80F2440 		.word	1076105160
 411              		.cfi_endproc
 412              	.LFE37:
 413              		.size	DisableUartRxInt, .-DisableUartRxInt
 414              		.section	.text.EnableUartRxInt,"ax",%progbits
 415              		.align	2
 416              		.global	EnableUartRxInt
 417              		.code	16
 418              		.thumb_func
 419              		.type	EnableUartRxInt, %function
 420              	EnableUartRxInt:
 421              	.LFB38:
 146:app_UART.c    **** 
ARM GAS  C:\Users\Daniela\AppData\Local\Temp\cc7Em3IO.s 			page 11


 147:app_UART.c    **** /*****************************************************************************************
 148:app_UART.c    **** * Function Name: EnableUartRxInt
 149:app_UART.c    **** ******************************************************************************************
 150:app_UART.c    **** *
 151:app_UART.c    **** * Summary:
 152:app_UART.c    **** *  This function enables the UART RX interrupt.
 153:app_UART.c    **** *
 154:app_UART.c    **** * Parameters:
 155:app_UART.c    **** *   None.
 156:app_UART.c    **** *
 157:app_UART.c    **** * Return:
 158:app_UART.c    **** *   None.
 159:app_UART.c    **** *
 160:app_UART.c    **** *****************************************************************************************/
 161:app_UART.c    **** void EnableUartRxInt(void)
 162:app_UART.c    **** {
 422              		.loc 1 162 0
 423              		.cfi_startproc
 424              		@ args = 0, pretend = 0, frame = 0
 425              		@ frame_needed = 1, uses_anonymous_args = 0
 426 0000 80B5     		push	{r7, lr}
 427              		.cfi_def_cfa_offset 8
 428              		.cfi_offset 7, -8
 429              		.cfi_offset 14, -4
 430 0002 00AF     		add	r7, sp, #0
 431              		.cfi_def_cfa_register 7
 163:app_UART.c    ****     UART_INTR_RX_MASK_REG |= UART_RX_INTR_MASK;  
 432              		.loc 1 163 0
 433 0004 044B     		ldr	r3, .L17
 434 0006 044A     		ldr	r2, .L17
 435 0008 1268     		ldr	r2, [r2]
 436 000a 0421     		movs	r1, #4
 437 000c 0A43     		orrs	r2, r1
 438 000e 1A60     		str	r2, [r3]
 164:app_UART.c    **** }
 439              		.loc 1 164 0
 440 0010 C046     		nop
 441 0012 BD46     		mov	sp, r7
 442              		@ sp needed
 443 0014 80BD     		pop	{r7, pc}
 444              	.L18:
 445 0016 C046     		.align	2
 446              	.L17:
 447 0018 C80F2440 		.word	1076105160
 448              		.cfi_endproc
 449              	.LFE38:
 450              		.size	EnableUartRxInt, .-EnableUartRxInt
 451              		.data
 452              		.align	1
 453              		.type	uartIdleCount.7225, %object
 454              		.size	uartIdleCount.7225, 2
 455              	uartIdleCount.7225:
 456 0000 E803     		.short	1000
 457              		.text
 458              	.Letext0:
 459              		.file 2 "Generated_Source\\PSoC4/cytypes.h"
 460              		.file 3 "Generated_Source\\PSoC4/BLE_Stack.h"
ARM GAS  C:\Users\Daniela\AppData\Local\Temp\cc7Em3IO.s 			page 12


 461              		.file 4 "Generated_Source\\PSoC4/BLE_StackGatt.h"
 462              		.file 5 "Generated_Source\\PSoC4/BLE_StackGattServer.h"
 463              		.file 6 "Generated_Source\\PSoC4/BLE_eventHandler.h"
 464              		.file 7 "app_UART.h"
 465              		.file 8 "main.h"
 466              		.section	.debug_info,"",%progbits
 467              	.Ldebug_info0:
 468 0000 E5050000 		.4byte	0x5e5
 469 0004 0400     		.2byte	0x4
 470 0006 00000000 		.4byte	.Ldebug_abbrev0
 471 000a 04       		.byte	0x4
 472 000b 01       		.uleb128 0x1
 473 000c 30080000 		.4byte	.LASF164
 474 0010 0C       		.byte	0xc
 475 0011 DC050000 		.4byte	.LASF165
 476 0015 E8060000 		.4byte	.LASF166
 477 0019 00000000 		.4byte	.Ldebug_ranges0+0
 478 001d 00000000 		.4byte	0
 479 0021 00000000 		.4byte	.Ldebug_line0
 480 0025 02       		.uleb128 0x2
 481 0026 01       		.byte	0x1
 482 0027 06       		.byte	0x6
 483 0028 44030000 		.4byte	.LASF0
 484 002c 02       		.uleb128 0x2
 485 002d 01       		.byte	0x1
 486 002e 08       		.byte	0x8
 487 002f 200C0000 		.4byte	.LASF1
 488 0033 02       		.uleb128 0x2
 489 0034 02       		.byte	0x2
 490 0035 05       		.byte	0x5
 491 0036 590C0000 		.4byte	.LASF2
 492 003a 02       		.uleb128 0x2
 493 003b 02       		.byte	0x2
 494 003c 07       		.byte	0x7
 495 003d CF0E0000 		.4byte	.LASF3
 496 0041 02       		.uleb128 0x2
 497 0042 04       		.byte	0x4
 498 0043 05       		.byte	0x5
 499 0044 EF010000 		.4byte	.LASF4
 500 0048 02       		.uleb128 0x2
 501 0049 04       		.byte	0x4
 502 004a 07       		.byte	0x7
 503 004b 3F060000 		.4byte	.LASF5
 504 004f 02       		.uleb128 0x2
 505 0050 08       		.byte	0x8
 506 0051 05       		.byte	0x5
 507 0052 36030000 		.4byte	.LASF6
 508 0056 02       		.uleb128 0x2
 509 0057 08       		.byte	0x8
 510 0058 07       		.byte	0x7
 511 0059 A3050000 		.4byte	.LASF7
 512 005d 03       		.uleb128 0x3
 513 005e 04       		.byte	0x4
 514 005f 05       		.byte	0x5
 515 0060 696E7400 		.ascii	"int\000"
 516 0064 02       		.uleb128 0x2
 517 0065 04       		.byte	0x4
ARM GAS  C:\Users\Daniela\AppData\Local\Temp\cc7Em3IO.s 			page 13


 518 0066 07       		.byte	0x7
 519 0067 D70D0000 		.4byte	.LASF8
 520 006b 04       		.uleb128 0x4
 521 006c 8C040000 		.4byte	.LASF9
 522 0070 02       		.byte	0x2
 523 0071 D201     		.2byte	0x1d2
 524 0073 2C000000 		.4byte	0x2c
 525 0077 04       		.uleb128 0x4
 526 0078 2E0C0000 		.4byte	.LASF10
 527 007c 02       		.byte	0x2
 528 007d D301     		.2byte	0x1d3
 529 007f 3A000000 		.4byte	0x3a
 530 0083 04       		.uleb128 0x4
 531 0084 F7040000 		.4byte	.LASF11
 532 0088 02       		.byte	0x2
 533 0089 D401     		.2byte	0x1d4
 534 008b 48000000 		.4byte	0x48
 535 008f 02       		.uleb128 0x2
 536 0090 04       		.byte	0x4
 537 0091 04       		.byte	0x4
 538 0092 D50B0000 		.4byte	.LASF12
 539 0096 02       		.uleb128 0x2
 540 0097 08       		.byte	0x8
 541 0098 04       		.byte	0x4
 542 0099 B1040000 		.4byte	.LASF13
 543 009d 02       		.uleb128 0x2
 544 009e 01       		.byte	0x1
 545 009f 08       		.byte	0x8
 546 00a0 AD0D0000 		.4byte	.LASF14
 547 00a4 04       		.uleb128 0x4
 548 00a5 FB080000 		.4byte	.LASF15
 549 00a9 02       		.byte	0x2
 550 00aa 7E02     		.2byte	0x27e
 551 00ac B0000000 		.4byte	0xb0
 552 00b0 05       		.uleb128 0x5
 553 00b1 83000000 		.4byte	0x83
 554 00b5 02       		.uleb128 0x2
 555 00b6 08       		.byte	0x8
 556 00b7 04       		.byte	0x4
 557 00b8 A10D0000 		.4byte	.LASF16
 558 00bc 02       		.uleb128 0x2
 559 00bd 04       		.byte	0x4
 560 00be 07       		.byte	0x7
 561 00bf D3090000 		.4byte	.LASF17
 562 00c3 06       		.uleb128 0x6
 563 00c4 01       		.byte	0x1
 564 00c5 2C000000 		.4byte	0x2c
 565 00c9 03       		.byte	0x3
 566 00ca 3501     		.2byte	0x135
 567 00cc 81020000 		.4byte	0x281
 568 00d0 07       		.uleb128 0x7
 569 00d1 72070000 		.4byte	.LASF18
 570 00d5 00       		.byte	0
 571 00d6 07       		.uleb128 0x7
 572 00d7 50030000 		.4byte	.LASF19
 573 00db 01       		.byte	0x1
 574 00dc 07       		.uleb128 0x7
ARM GAS  C:\Users\Daniela\AppData\Local\Temp\cc7Em3IO.s 			page 14


 575 00dd DD010000 		.4byte	.LASF20
 576 00e1 02       		.byte	0x2
 577 00e2 07       		.uleb128 0x7
 578 00e3 B60E0000 		.4byte	.LASF21
 579 00e7 03       		.byte	0x3
 580 00e8 07       		.uleb128 0x7
 581 00e9 4D020000 		.4byte	.LASF22
 582 00ed 04       		.byte	0x4
 583 00ee 07       		.uleb128 0x7
 584 00ef 65010000 		.4byte	.LASF23
 585 00f3 05       		.byte	0x5
 586 00f4 07       		.uleb128 0x7
 587 00f5 A7070000 		.4byte	.LASF24
 588 00f9 06       		.byte	0x6
 589 00fa 07       		.uleb128 0x7
 590 00fb 01090000 		.4byte	.LASF25
 591 00ff 20       		.byte	0x20
 592 0100 07       		.uleb128 0x7
 593 0101 AC030000 		.4byte	.LASF26
 594 0105 21       		.byte	0x21
 595 0106 07       		.uleb128 0x7
 596 0107 C0070000 		.4byte	.LASF27
 597 010b 22       		.byte	0x22
 598 010c 07       		.uleb128 0x7
 599 010d 900E0000 		.4byte	.LASF28
 600 0111 23       		.byte	0x23
 601 0112 07       		.uleb128 0x7
 602 0113 E40A0000 		.4byte	.LASF29
 603 0117 24       		.byte	0x24
 604 0118 07       		.uleb128 0x7
 605 0119 400A0000 		.4byte	.LASF30
 606 011d 25       		.byte	0x25
 607 011e 07       		.uleb128 0x7
 608 011f 41040000 		.4byte	.LASF31
 609 0123 26       		.byte	0x26
 610 0124 07       		.uleb128 0x7
 611 0125 E4070000 		.4byte	.LASF32
 612 0129 27       		.byte	0x27
 613 012a 07       		.uleb128 0x7
 614 012b B6020000 		.4byte	.LASF33
 615 012f 28       		.byte	0x28
 616 0130 07       		.uleb128 0x7
 617 0131 D8020000 		.4byte	.LASF34
 618 0135 29       		.byte	0x29
 619 0136 07       		.uleb128 0x7
 620 0137 A0000000 		.4byte	.LASF35
 621 013b 2A       		.byte	0x2a
 622 013c 07       		.uleb128 0x7
 623 013d 1D010000 		.4byte	.LASF36
 624 0141 2B       		.byte	0x2b
 625 0142 07       		.uleb128 0x7
 626 0143 34100000 		.4byte	.LASF37
 627 0147 2C       		.byte	0x2c
 628 0148 07       		.uleb128 0x7
 629 0149 F5020000 		.4byte	.LASF38
 630 014d 2D       		.byte	0x2d
 631 014e 07       		.uleb128 0x7
ARM GAS  C:\Users\Daniela\AppData\Local\Temp\cc7Em3IO.s 			page 15


 632 014f 350C0000 		.4byte	.LASF39
 633 0153 2E       		.byte	0x2e
 634 0154 07       		.uleb128 0x7
 635 0155 3C010000 		.4byte	.LASF40
 636 0159 2F       		.byte	0x2f
 637 015a 07       		.uleb128 0x7
 638 015b A60A0000 		.4byte	.LASF41
 639 015f 30       		.byte	0x30
 640 0160 07       		.uleb128 0x7
 641 0161 87100000 		.4byte	.LASF42
 642 0165 31       		.byte	0x31
 643 0166 07       		.uleb128 0x7
 644 0167 850A0000 		.4byte	.LASF43
 645 016b 32       		.byte	0x32
 646 016c 07       		.uleb128 0x7
 647 016d 630D0000 		.4byte	.LASF44
 648 0171 33       		.byte	0x33
 649 0172 07       		.uleb128 0x7
 650 0173 51060000 		.4byte	.LASF45
 651 0177 34       		.byte	0x34
 652 0178 07       		.uleb128 0x7
 653 0179 C70A0000 		.4byte	.LASF46
 654 017d 35       		.byte	0x35
 655 017e 07       		.uleb128 0x7
 656 017f 03080000 		.4byte	.LASF47
 657 0183 36       		.byte	0x36
 658 0184 07       		.uleb128 0x7
 659 0185 41090000 		.4byte	.LASF48
 660 0189 37       		.byte	0x37
 661 018a 07       		.uleb128 0x7
 662 018b 23050000 		.4byte	.LASF49
 663 018f 40       		.byte	0x40
 664 0190 07       		.uleb128 0x7
 665 0191 BE080000 		.4byte	.LASF50
 666 0195 41       		.byte	0x41
 667 0196 07       		.uleb128 0x7
 668 0197 C7100000 		.4byte	.LASF51
 669 019b 42       		.byte	0x42
 670 019c 07       		.uleb128 0x7
 671 019d 000F0000 		.4byte	.LASF52
 672 01a1 43       		.byte	0x43
 673 01a2 07       		.uleb128 0x7
 674 01a3 83060000 		.4byte	.LASF53
 675 01a7 44       		.byte	0x44
 676 01a8 07       		.uleb128 0x7
 677 01a9 AE0B0000 		.4byte	.LASF54
 678 01ad 45       		.byte	0x45
 679 01ae 07       		.uleb128 0x7
 680 01af 9E090000 		.4byte	.LASF55
 681 01b3 46       		.byte	0x46
 682 01b4 07       		.uleb128 0x7
 683 01b5 89070000 		.4byte	.LASF56
 684 01b9 47       		.byte	0x47
 685 01ba 07       		.uleb128 0x7
 686 01bb F80F0000 		.4byte	.LASF57
 687 01bf 48       		.byte	0x48
 688 01c0 07       		.uleb128 0x7
ARM GAS  C:\Users\Daniela\AppData\Local\Temp\cc7Em3IO.s 			page 16


 689 01c1 C3030000 		.4byte	.LASF58
 690 01c5 49       		.byte	0x49
 691 01c6 07       		.uleb128 0x7
 692 01c7 4F0F0000 		.4byte	.LASF59
 693 01cb 4A       		.byte	0x4a
 694 01cc 07       		.uleb128 0x7
 695 01cd 81010000 		.4byte	.LASF60
 696 01d1 4B       		.byte	0x4b
 697 01d2 07       		.uleb128 0x7
 698 01d3 69060000 		.4byte	.LASF61
 699 01d7 4C       		.byte	0x4c
 700 01d8 07       		.uleb128 0x7
 701 01d9 6B0A0000 		.4byte	.LASF62
 702 01dd 4D       		.byte	0x4d
 703 01de 07       		.uleb128 0x7
 704 01df F6030000 		.4byte	.LASF63
 705 01e3 4E       		.byte	0x4e
 706 01e4 07       		.uleb128 0x7
 707 01e5 BE0C0000 		.4byte	.LASF64
 708 01e9 4F       		.byte	0x4f
 709 01ea 07       		.uleb128 0x7
 710 01eb A0010000 		.4byte	.LASF65
 711 01ef 50       		.byte	0x50
 712 01f0 07       		.uleb128 0x7
 713 01f1 92040000 		.4byte	.LASF66
 714 01f5 51       		.byte	0x51
 715 01f6 07       		.uleb128 0x7
 716 01f7 130B0000 		.4byte	.LASF67
 717 01fb 52       		.byte	0x52
 718 01fc 07       		.uleb128 0x7
 719 01fd 630C0000 		.4byte	.LASF68
 720 0201 53       		.byte	0x53
 721 0202 07       		.uleb128 0x7
 722 0203 240D0000 		.4byte	.LASF69
 723 0207 54       		.byte	0x54
 724 0208 07       		.uleb128 0x7
 725 0209 A1060000 		.4byte	.LASF70
 726 020d 55       		.byte	0x55
 727 020e 07       		.uleb128 0x7
 728 020f BA050000 		.4byte	.LASF71
 729 0213 56       		.byte	0x56
 730 0214 07       		.uleb128 0x7
 731 0215 EB0D0000 		.4byte	.LASF72
 732 0219 57       		.byte	0x57
 733 021a 07       		.uleb128 0x7
 734 021b C5060000 		.4byte	.LASF73
 735 021f 58       		.byte	0x58
 736 0220 07       		.uleb128 0x7
 737 0221 3D050000 		.4byte	.LASF74
 738 0225 70       		.byte	0x70
 739 0226 07       		.uleb128 0x7
 740 0227 61100000 		.4byte	.LASF75
 741 022b 71       		.byte	0x71
 742 022c 07       		.uleb128 0x7
 743 022d DF080000 		.4byte	.LASF76
 744 0231 72       		.byte	0x72
 745 0232 07       		.uleb128 0x7
ARM GAS  C:\Users\Daniela\AppData\Local\Temp\cc7Em3IO.s 			page 17


 746 0233 BF010000 		.4byte	.LASF77
 747 0237 73       		.byte	0x73
 748 0238 07       		.uleb128 0x7
 749 0239 900B0000 		.4byte	.LASF78
 750 023d 74       		.byte	0x74
 751 023e 07       		.uleb128 0x7
 752 023f B8040000 		.4byte	.LASF79
 753 0243 75       		.byte	0x75
 754 0244 07       		.uleb128 0x7
 755 0245 C9000000 		.4byte	.LASF80
 756 0249 76       		.byte	0x76
 757 024a 07       		.uleb128 0x7
 758 024b 3D000000 		.4byte	.LASF81
 759 024f 77       		.byte	0x77
 760 0250 07       		.uleb128 0x7
 761 0251 00000000 		.4byte	.LASF82
 762 0255 78       		.byte	0x78
 763 0256 07       		.uleb128 0x7
 764 0257 1A0E0000 		.4byte	.LASF83
 765 025b 79       		.byte	0x79
 766 025c 07       		.uleb128 0x7
 767 025d 63050000 		.4byte	.LASF84
 768 0261 7A       		.byte	0x7a
 769 0262 07       		.uleb128 0x7
 770 0263 62020000 		.4byte	.LASF85
 771 0267 FA       		.byte	0xfa
 772 0268 07       		.uleb128 0x7
 773 0269 F7050000 		.4byte	.LASF86
 774 026d FB       		.byte	0xfb
 775 026e 07       		.uleb128 0x7
 776 026f 840C0000 		.4byte	.LASF87
 777 0273 FC       		.byte	0xfc
 778 0274 07       		.uleb128 0x7
 779 0275 0D110000 		.4byte	.LASF88
 780 0279 FD       		.byte	0xfd
 781 027a 07       		.uleb128 0x7
 782 027b 320A0000 		.4byte	.LASF89
 783 027f FF       		.byte	0xff
 784 0280 00       		.byte	0
 785 0281 06       		.uleb128 0x6
 786 0282 02       		.byte	0x2
 787 0283 3A000000 		.4byte	0x3a
 788 0287 03       		.byte	0x3
 789 0288 EA03     		.2byte	0x3ea
 790 028a 60030000 		.4byte	0x360
 791 028e 07       		.uleb128 0x7
 792 028f 14050000 		.4byte	.LASF90
 793 0293 00       		.byte	0
 794 0294 07       		.uleb128 0x7
 795 0295 D9040000 		.4byte	.LASF91
 796 0299 01       		.byte	0x1
 797 029a 07       		.uleb128 0x7
 798 029b E20E0000 		.4byte	.LASF92
 799 029f 02       		.byte	0x2
 800 02a0 07       		.uleb128 0x7
 801 02a1 7B000000 		.4byte	.LASF93
 802 02a5 03       		.byte	0x3
ARM GAS  C:\Users\Daniela\AppData\Local\Temp\cc7Em3IO.s 			page 18


 803 02a6 07       		.uleb128 0x7
 804 02a7 1E0F0000 		.4byte	.LASF94
 805 02ab 04       		.byte	0x4
 806 02ac 07       		.uleb128 0x7
 807 02ad 720B0000 		.4byte	.LASF95
 808 02b1 05       		.byte	0x5
 809 02b2 07       		.uleb128 0x7
 810 02b3 960C0000 		.4byte	.LASF96
 811 02b7 06       		.byte	0x6
 812 02b8 07       		.uleb128 0x7
 813 02b9 85030000 		.4byte	.LASF97
 814 02bd 07       		.byte	0x7
 815 02be 07       		.uleb128 0x7
 816 02bf 450D0000 		.4byte	.LASF98
 817 02c3 08       		.byte	0x8
 818 02c4 07       		.uleb128 0x7
 819 02c5 1F100000 		.4byte	.LASF99
 820 02c9 09       		.byte	0x9
 821 02ca 07       		.uleb128 0x7
 822 02cb E30B0000 		.4byte	.LASF100
 823 02cf 0A       		.byte	0xa
 824 02d0 07       		.uleb128 0x7
 825 02d1 B20D0000 		.4byte	.LASF101
 826 02d5 0B       		.byte	0xb
 827 02d6 07       		.uleb128 0x7
 828 02d7 9F020000 		.4byte	.LASF102
 829 02db 0C       		.byte	0xc
 830 02dc 07       		.uleb128 0x7
 831 02dd 15020000 		.4byte	.LASF103
 832 02e1 0D       		.byte	0xd
 833 02e2 07       		.uleb128 0x7
 834 02e3 16060000 		.4byte	.LASF104
 835 02e7 0E       		.byte	0xe
 836 02e8 07       		.uleb128 0x7
 837 02e9 BD0F0000 		.4byte	.LASF105
 838 02ed 0F       		.byte	0xf
 839 02ee 07       		.uleb128 0x7
 840 02ef 620E0000 		.4byte	.LASF106
 841 02f3 10       		.byte	0x10
 842 02f4 07       		.uleb128 0x7
 843 02f5 35070000 		.4byte	.LASF107
 844 02f9 11       		.byte	0x11
 845 02fa 07       		.uleb128 0x7
 846 02fb 69040000 		.4byte	.LASF108
 847 02ff 12       		.byte	0x12
 848 0300 07       		.uleb128 0x7
 849 0301 E5100000 		.4byte	.LASF109
 850 0305 13       		.byte	0x13
 851 0306 07       		.uleb128 0x7
 852 0307 63030000 		.4byte	.LASF110
 853 030b 27       		.byte	0x27
 854 030c 07       		.uleb128 0x7
 855 030d 3D0E0000 		.4byte	.LASF111
 856 0311 28       		.byte	0x28
 857 0312 07       		.uleb128 0x7
 858 0313 960F0000 		.4byte	.LASF112
 859 0317 29       		.byte	0x29
ARM GAS  C:\Users\Daniela\AppData\Local\Temp\cc7Em3IO.s 			page 19


 860 0318 07       		.uleb128 0x7
 861 0319 F8010000 		.4byte	.LASF113
 862 031d 2A       		.byte	0x2a
 863 031e 07       		.uleb128 0x7
 864 031f EA000000 		.4byte	.LASF114
 865 0323 2B       		.byte	0x2b
 866 0324 07       		.uleb128 0x7
 867 0325 86090000 		.4byte	.LASF115
 868 0329 2C       		.byte	0x2c
 869 032a 07       		.uleb128 0x7
 870 032b FA0C0000 		.4byte	.LASF116
 871 032f 2D       		.byte	0x2d
 872 0330 07       		.uleb128 0x7
 873 0331 6D0F0000 		.4byte	.LASF117
 874 0335 FE       		.byte	0xfe
 875 0336 07       		.uleb128 0x7
 876 0337 76090000 		.4byte	.LASF118
 877 033b FF       		.byte	0xff
 878 033c 08       		.uleb128 0x8
 879 033d 59070000 		.4byte	.LASF119
 880 0341 0001     		.2byte	0x100
 881 0343 08       		.uleb128 0x8
 882 0344 340B0000 		.4byte	.LASF120
 883 0348 0101     		.2byte	0x101
 884 034a 08       		.uleb128 0x8
 885 034b FD0B0000 		.4byte	.LASF121
 886 034f 0201     		.2byte	0x102
 887 0351 08       		.uleb128 0x8
 888 0352 DC030000 		.4byte	.LASF122
 889 0356 0301     		.2byte	0x103
 890 0358 08       		.uleb128 0x8
 891 0359 8A0D0000 		.4byte	.LASF123
 892 035d 0401     		.2byte	0x104
 893 035f 00       		.byte	0
 894 0360 04       		.uleb128 0x4
 895 0361 000B0000 		.4byte	.LASF124
 896 0365 03       		.byte	0x3
 897 0366 5C04     		.2byte	0x45c
 898 0368 81020000 		.4byte	0x281
 899 036c 09       		.uleb128 0x9
 900 036d 04       		.byte	0x4
 901 036e 6B000000 		.4byte	0x6b
 902 0372 04       		.uleb128 0x4
 903 0373 AB100000 		.4byte	.LASF125
 904 0377 04       		.byte	0x4
 905 0378 8901     		.2byte	0x189
 906 037a 77000000 		.4byte	0x77
 907 037e 0A       		.uleb128 0xa
 908 037f 02       		.byte	0x2
 909 0380 04       		.byte	0x4
 910 0381 9301     		.2byte	0x193
 911 0383 A2030000 		.4byte	0x3a2
 912 0387 0B       		.uleb128 0xb
 913 0388 58100000 		.4byte	.LASF126
 914 038c 04       		.byte	0x4
 915 038d 9A01     		.2byte	0x19a
 916 038f 6B000000 		.4byte	0x6b
ARM GAS  C:\Users\Daniela\AppData\Local\Temp\cc7Em3IO.s 			page 20


 917 0393 00       		.byte	0
 918 0394 0B       		.uleb128 0xb
 919 0395 D9080000 		.4byte	.LASF127
 920 0399 04       		.byte	0x4
 921 039a A001     		.2byte	0x1a0
 922 039c 6B000000 		.4byte	0x6b
 923 03a0 01       		.byte	0x1
 924 03a1 00       		.byte	0
 925 03a2 04       		.uleb128 0x4
 926 03a3 5C000000 		.4byte	.LASF128
 927 03a7 04       		.byte	0x4
 928 03a8 A201     		.2byte	0x1a2
 929 03aa 7E030000 		.4byte	0x37e
 930 03ae 0A       		.uleb128 0xa
 931 03af 08       		.byte	0x8
 932 03b0 04       		.byte	0x4
 933 03b1 BE01     		.2byte	0x1be
 934 03b3 DF030000 		.4byte	0x3df
 935 03b7 0C       		.uleb128 0xc
 936 03b8 76616C00 		.ascii	"val\000"
 937 03bc 04       		.byte	0x4
 938 03bd C101     		.2byte	0x1c1
 939 03bf 6C030000 		.4byte	0x36c
 940 03c3 00       		.byte	0
 941 03c4 0C       		.uleb128 0xc
 942 03c5 6C656E00 		.ascii	"len\000"
 943 03c9 04       		.byte	0x4
 944 03ca C401     		.2byte	0x1c4
 945 03cc 77000000 		.4byte	0x77
 946 03d0 04       		.byte	0x4
 947 03d1 0B       		.uleb128 0xb
 948 03d2 A2030000 		.4byte	.LASF129
 949 03d6 04       		.byte	0x4
 950 03d7 CB01     		.2byte	0x1cb
 951 03d9 77000000 		.4byte	0x77
 952 03dd 06       		.byte	0x6
 953 03de 00       		.byte	0
 954 03df 04       		.uleb128 0x4
 955 03e0 3A020000 		.4byte	.LASF130
 956 03e4 04       		.byte	0x4
 957 03e5 CD01     		.2byte	0x1cd
 958 03e7 AE030000 		.4byte	0x3ae
 959 03eb 0A       		.uleb128 0xa
 960 03ec 0C       		.byte	0xc
 961 03ed 04       		.byte	0x4
 962 03ee D001     		.2byte	0x1d0
 963 03f0 0F040000 		.4byte	0x40f
 964 03f4 0B       		.uleb128 0xb
 965 03f5 F40C0000 		.4byte	.LASF131
 966 03f9 04       		.byte	0x4
 967 03fa D301     		.2byte	0x1d3
 968 03fc DF030000 		.4byte	0x3df
 969 0400 00       		.byte	0
 970 0401 0B       		.uleb128 0xb
 971 0402 98050000 		.4byte	.LASF132
 972 0406 04       		.byte	0x4
 973 0407 D601     		.2byte	0x1d6
ARM GAS  C:\Users\Daniela\AppData\Local\Temp\cc7Em3IO.s 			page 21


 974 0409 72030000 		.4byte	0x372
 975 040d 08       		.byte	0x8
 976 040e 00       		.byte	0
 977 040f 04       		.uleb128 0x4
 978 0410 530B0000 		.4byte	.LASF133
 979 0414 04       		.byte	0x4
 980 0415 D801     		.2byte	0x1d8
 981 0417 EB030000 		.4byte	0x3eb
 982 041b 0D       		.uleb128 0xd
 983 041c FA090000 		.4byte	.LASF134
 984 0420 05       		.byte	0x5
 985 0421 34       		.byte	0x34
 986 0422 0F040000 		.4byte	0x40f
 987 0426 0E       		.uleb128 0xe
 988 0427 10       		.byte	0x10
 989 0428 05       		.byte	0x5
 990 0429 8A       		.byte	0x8a
 991 042a 47040000 		.4byte	0x447
 992 042e 0F       		.uleb128 0xf
 993 042f 70000000 		.4byte	.LASF135
 994 0433 05       		.byte	0x5
 995 0434 8D       		.byte	0x8d
 996 0435 A2030000 		.4byte	0x3a2
 997 0439 00       		.byte	0
 998 043a 0F       		.uleb128 0xf
 999 043b 25090000 		.4byte	.LASF136
 1000 043f 05       		.byte	0x5
 1001 0440 90       		.byte	0x90
 1002 0441 0F040000 		.4byte	0x40f
 1003 0445 04       		.byte	0x4
 1004 0446 00       		.byte	0
 1005 0447 0D       		.uleb128 0xd
 1006 0448 DC090000 		.4byte	.LASF137
 1007 044c 05       		.byte	0x5
 1008 044d 92       		.byte	0x92
 1009 044e 26040000 		.4byte	0x426
 1010 0452 06       		.uleb128 0x6
 1011 0453 01       		.byte	0x1
 1012 0454 2C000000 		.4byte	0x2c
 1013 0458 06       		.byte	0x6
 1014 0459 5A08     		.2byte	0x85a
 1015 045b 7E040000 		.4byte	0x47e
 1016 045f 07       		.uleb128 0x7
 1017 0460 29000000 		.4byte	.LASF138
 1018 0464 00       		.byte	0
 1019 0465 07       		.uleb128 0x7
 1020 0466 190A0000 		.4byte	.LASF139
 1021 046a 01       		.byte	0x1
 1022 046b 07       		.uleb128 0x7
 1023 046c E20F0000 		.4byte	.LASF140
 1024 0470 02       		.byte	0x2
 1025 0471 07       		.uleb128 0x7
 1026 0472 1E030000 		.4byte	.LASF141
 1027 0476 03       		.byte	0x3
 1028 0477 07       		.uleb128 0x7
 1029 0478 28040000 		.4byte	.LASF142
 1030 047c 04       		.byte	0x4
ARM GAS  C:\Users\Daniela\AppData\Local\Temp\cc7Em3IO.s 			page 22


 1031 047d 00       		.byte	0
 1032 047e 04       		.uleb128 0x4
 1033 047f 410F0000 		.4byte	.LASF143
 1034 0483 06       		.byte	0x6
 1035 0484 6808     		.2byte	0x868
 1036 0486 52040000 		.4byte	0x452
 1037 048a 10       		.uleb128 0x10
 1038 048b E40D0000 		.4byte	.LASF167
 1039 048f 01       		.byte	0x1
 1040 0490 2C000000 		.4byte	0x2c
 1041 0494 08       		.byte	0x8
 1042 0495 36       		.byte	0x36
 1043 0496 B7040000 		.4byte	0x4b7
 1044 049a 07       		.uleb128 0x7
 1045 049b 4D0B0000 		.4byte	.LASF144
 1046 049f 00       		.byte	0
 1047 04a0 07       		.uleb128 0x7
 1048 04a1 B00C0000 		.4byte	.LASF145
 1049 04a5 01       		.byte	0x1
 1050 04a6 11       		.uleb128 0x11
 1051 04a7 545800   		.ascii	"TX\000"
 1052 04aa 02       		.byte	0x2
 1053 04ab 11       		.uleb128 0x11
 1054 04ac 525800   		.ascii	"RX\000"
 1055 04af 03       		.byte	0x3
 1056 04b0 07       		.uleb128 0x7
 1057 04b1 23000000 		.4byte	.LASF146
 1058 04b5 04       		.byte	0x4
 1059 04b6 00       		.byte	0
 1060 04b7 12       		.uleb128 0x12
 1061 04b8 BF090000 		.4byte	.LASF153
 1062 04bc 01       		.byte	0x1
 1063 04bd 21       		.byte	0x21
 1064 04be 00000000 		.4byte	.LFB35
 1065 04c2 04020000 		.4byte	.LFE35-.LFB35
 1066 04c6 01       		.uleb128 0x1
 1067 04c7 9C       		.byte	0x9c
 1068 04c8 33050000 		.4byte	0x533
 1069 04cc 13       		.uleb128 0x13
 1070 04cd DD0C0000 		.4byte	.LASF155
 1071 04d1 01       		.byte	0x1
 1072 04d2 21       		.byte	0x21
 1073 04d3 77000000 		.4byte	0x77
 1074 04d7 02       		.uleb128 0x2
 1075 04d8 91       		.byte	0x91
 1076 04d9 46       		.sleb128 -58
 1077 04da 14       		.uleb128 0x14
 1078 04db 140E0000 		.4byte	.LASF147
 1079 04df 01       		.byte	0x1
 1080 04e0 23       		.byte	0x23
 1081 04e1 6B000000 		.4byte	0x6b
 1082 04e5 02       		.uleb128 0x2
 1083 04e6 91       		.byte	0x91
 1084 04e7 67       		.sleb128 -25
 1085 04e8 14       		.uleb128 0x14
 1086 04e9 B20F0000 		.4byte	.LASF148
 1087 04ed 01       		.byte	0x1
ARM GAS  C:\Users\Daniela\AppData\Local\Temp\cc7Em3IO.s 			page 23


 1088 04ee 24       		.byte	0x24
 1089 04ef 33050000 		.4byte	0x533
 1090 04f3 03       		.uleb128 0x3
 1091 04f4 91       		.byte	0x91
 1092 04f5 5C       		.sleb128 -36
 1093 04f6 06       		.byte	0x6
 1094 04f7 14       		.uleb128 0x14
 1095 04f8 87050000 		.4byte	.LASF149
 1096 04fc 01       		.byte	0x1
 1097 04fd 25       		.byte	0x25
 1098 04fe 77000000 		.4byte	0x77
 1099 0502 02       		.uleb128 0x2
 1100 0503 91       		.byte	0x91
 1101 0504 64       		.sleb128 -28
 1102 0505 14       		.uleb128 0x14
 1103 0506 80020000 		.4byte	.LASF150
 1104 050a 01       		.byte	0x1
 1105 050b 27       		.byte	0x27
 1106 050c 77000000 		.4byte	0x77
 1107 0510 05       		.uleb128 0x5
 1108 0511 03       		.byte	0x3
 1109 0512 00000000 		.4byte	uartIdleCount.7225
 1110 0516 14       		.uleb128 0x14
 1111 0517 890F0000 		.4byte	.LASF151
 1112 051b 01       		.byte	0x1
 1113 051c 29       		.byte	0x29
 1114 051d 60030000 		.4byte	0x360
 1115 0521 02       		.uleb128 0x2
 1116 0522 91       		.byte	0x91
 1117 0523 5A       		.sleb128 -38
 1118 0524 14       		.uleb128 0x14
 1119 0525 33090000 		.4byte	.LASF152
 1120 0529 01       		.byte	0x1
 1121 052a 2A       		.byte	0x2a
 1122 052b 1B040000 		.4byte	0x41b
 1123 052f 02       		.uleb128 0x2
 1124 0530 91       		.byte	0x91
 1125 0531 4C       		.sleb128 -52
 1126 0532 00       		.byte	0
 1127 0533 15       		.uleb128 0x15
 1128 0534 6B000000 		.4byte	0x6b
 1129 0538 46050000 		.4byte	0x546
 1130 053c 16       		.uleb128 0x16
 1131 053d BC000000 		.4byte	0xbc
 1132 0541 03       		.uleb128 0x3
 1133 0542 91       		.byte	0x91
 1134 0543 60       		.sleb128 -32
 1135 0544 06       		.byte	0x6
 1136 0545 00       		.byte	0
 1137 0546 12       		.uleb128 0x12
 1138 0547 14040000 		.4byte	.LASF154
 1139 054b 01       		.byte	0x1
 1140 054c 77       		.byte	0x77
 1141 054d 00000000 		.4byte	.LFB36
 1142 0551 28000000 		.4byte	.LFE36-.LFB36
 1143 0555 01       		.uleb128 0x1
 1144 0556 9C       		.byte	0x9c
ARM GAS  C:\Users\Daniela\AppData\Local\Temp\cc7Em3IO.s 			page 24


 1145 0557 6A050000 		.4byte	0x56a
 1146 055b 13       		.uleb128 0x13
 1147 055c 04050000 		.4byte	.LASF156
 1148 0560 01       		.byte	0x1
 1149 0561 77       		.byte	0x77
 1150 0562 6A050000 		.4byte	0x56a
 1151 0566 02       		.uleb128 0x2
 1152 0567 91       		.byte	0x91
 1153 0568 74       		.sleb128 -12
 1154 0569 00       		.byte	0
 1155 056a 09       		.uleb128 0x9
 1156 056b 04       		.byte	0x4
 1157 056c 47040000 		.4byte	0x447
 1158 0570 17       		.uleb128 0x17
 1159 0571 8E020000 		.4byte	.LASF157
 1160 0575 01       		.byte	0x1
 1161 0576 8E       		.byte	0x8e
 1162 0577 00000000 		.4byte	.LFB37
 1163 057b 1C000000 		.4byte	.LFE37-.LFB37
 1164 057f 01       		.uleb128 0x1
 1165 0580 9C       		.byte	0x9c
 1166 0581 17       		.uleb128 0x17
 1167 0582 E7050000 		.4byte	.LASF158
 1168 0586 01       		.byte	0x1
 1169 0587 A1       		.byte	0xa1
 1170 0588 00000000 		.4byte	.LFB38
 1171 058c 1C000000 		.4byte	.LFE38-.LFB38
 1172 0590 01       		.uleb128 0x1
 1173 0591 9C       		.byte	0x9c
 1174 0592 18       		.uleb128 0x18
 1175 0593 24080000 		.4byte	.LASF159
 1176 0597 06       		.byte	0x6
 1177 0598 B30A     		.2byte	0xab3
 1178 059a 7E040000 		.4byte	0x47e
 1179 059e 18       		.uleb128 0x18
 1180 059f 5A0A0000 		.4byte	.LASF160
 1181 05a3 06       		.byte	0x6
 1182 05a4 B40A     		.2byte	0xab4
 1183 05a6 A2030000 		.4byte	0x3a2
 1184 05aa 19       		.uleb128 0x19
 1185 05ab DB0B0000 		.4byte	.LASF161
 1186 05af 07       		.byte	0x7
 1187 05b0 1F       		.byte	0x1f
 1188 05b1 77000000 		.4byte	0x77
 1189 05b5 1A       		.uleb128 0x1a
 1190 05b6 890F0000 		.4byte	.LASF151
 1191 05ba 08       		.byte	0x8
 1192 05bb 2E       		.byte	0x2e
 1193 05bc 60030000 		.4byte	0x360
 1194 05c0 05       		.uleb128 0x5
 1195 05c1 03       		.byte	0x3
 1196 05c2 00000000 		.4byte	bleApiResult
 1197 05c6 1A       		.uleb128 0x1a
 1198 05c7 FE040000 		.4byte	.LASF162
 1199 05cb 08       		.byte	0x8
 1200 05cc 2F       		.byte	0x2f
 1201 05cd 5D000000 		.4byte	0x5d
ARM GAS  C:\Users\Daniela\AppData\Local\Temp\cc7Em3IO.s 			page 25


 1202 05d1 05       		.uleb128 0x5
 1203 05d2 03       		.byte	0x3
 1204 05d3 00000000 		.4byte	count
 1205 05d7 1A       		.uleb128 0x1a
 1206 05d8 D20D0000 		.4byte	.LASF163
 1207 05dc 08       		.byte	0x8
 1208 05dd 3C       		.byte	0x3c
 1209 05de 8A040000 		.4byte	0x48a
 1210 05e2 05       		.uleb128 0x5
 1211 05e3 03       		.byte	0x3
 1212 05e4 00000000 		.4byte	mode
 1213 05e8 00       		.byte	0
 1214              		.section	.debug_abbrev,"",%progbits
 1215              	.Ldebug_abbrev0:
 1216 0000 01       		.uleb128 0x1
 1217 0001 11       		.uleb128 0x11
 1218 0002 01       		.byte	0x1
 1219 0003 25       		.uleb128 0x25
 1220 0004 0E       		.uleb128 0xe
 1221 0005 13       		.uleb128 0x13
 1222 0006 0B       		.uleb128 0xb
 1223 0007 03       		.uleb128 0x3
 1224 0008 0E       		.uleb128 0xe
 1225 0009 1B       		.uleb128 0x1b
 1226 000a 0E       		.uleb128 0xe
 1227 000b 55       		.uleb128 0x55
 1228 000c 17       		.uleb128 0x17
 1229 000d 11       		.uleb128 0x11
 1230 000e 01       		.uleb128 0x1
 1231 000f 10       		.uleb128 0x10
 1232 0010 17       		.uleb128 0x17
 1233 0011 00       		.byte	0
 1234 0012 00       		.byte	0
 1235 0013 02       		.uleb128 0x2
 1236 0014 24       		.uleb128 0x24
 1237 0015 00       		.byte	0
 1238 0016 0B       		.uleb128 0xb
 1239 0017 0B       		.uleb128 0xb
 1240 0018 3E       		.uleb128 0x3e
 1241 0019 0B       		.uleb128 0xb
 1242 001a 03       		.uleb128 0x3
 1243 001b 0E       		.uleb128 0xe
 1244 001c 00       		.byte	0
 1245 001d 00       		.byte	0
 1246 001e 03       		.uleb128 0x3
 1247 001f 24       		.uleb128 0x24
 1248 0020 00       		.byte	0
 1249 0021 0B       		.uleb128 0xb
 1250 0022 0B       		.uleb128 0xb
 1251 0023 3E       		.uleb128 0x3e
 1252 0024 0B       		.uleb128 0xb
 1253 0025 03       		.uleb128 0x3
 1254 0026 08       		.uleb128 0x8
 1255 0027 00       		.byte	0
 1256 0028 00       		.byte	0
 1257 0029 04       		.uleb128 0x4
 1258 002a 16       		.uleb128 0x16
ARM GAS  C:\Users\Daniela\AppData\Local\Temp\cc7Em3IO.s 			page 26


 1259 002b 00       		.byte	0
 1260 002c 03       		.uleb128 0x3
 1261 002d 0E       		.uleb128 0xe
 1262 002e 3A       		.uleb128 0x3a
 1263 002f 0B       		.uleb128 0xb
 1264 0030 3B       		.uleb128 0x3b
 1265 0031 05       		.uleb128 0x5
 1266 0032 49       		.uleb128 0x49
 1267 0033 13       		.uleb128 0x13
 1268 0034 00       		.byte	0
 1269 0035 00       		.byte	0
 1270 0036 05       		.uleb128 0x5
 1271 0037 35       		.uleb128 0x35
 1272 0038 00       		.byte	0
 1273 0039 49       		.uleb128 0x49
 1274 003a 13       		.uleb128 0x13
 1275 003b 00       		.byte	0
 1276 003c 00       		.byte	0
 1277 003d 06       		.uleb128 0x6
 1278 003e 04       		.uleb128 0x4
 1279 003f 01       		.byte	0x1
 1280 0040 0B       		.uleb128 0xb
 1281 0041 0B       		.uleb128 0xb
 1282 0042 49       		.uleb128 0x49
 1283 0043 13       		.uleb128 0x13
 1284 0044 3A       		.uleb128 0x3a
 1285 0045 0B       		.uleb128 0xb
 1286 0046 3B       		.uleb128 0x3b
 1287 0047 05       		.uleb128 0x5
 1288 0048 01       		.uleb128 0x1
 1289 0049 13       		.uleb128 0x13
 1290 004a 00       		.byte	0
 1291 004b 00       		.byte	0
 1292 004c 07       		.uleb128 0x7
 1293 004d 28       		.uleb128 0x28
 1294 004e 00       		.byte	0
 1295 004f 03       		.uleb128 0x3
 1296 0050 0E       		.uleb128 0xe
 1297 0051 1C       		.uleb128 0x1c
 1298 0052 0B       		.uleb128 0xb
 1299 0053 00       		.byte	0
 1300 0054 00       		.byte	0
 1301 0055 08       		.uleb128 0x8
 1302 0056 28       		.uleb128 0x28
 1303 0057 00       		.byte	0
 1304 0058 03       		.uleb128 0x3
 1305 0059 0E       		.uleb128 0xe
 1306 005a 1C       		.uleb128 0x1c
 1307 005b 05       		.uleb128 0x5
 1308 005c 00       		.byte	0
 1309 005d 00       		.byte	0
 1310 005e 09       		.uleb128 0x9
 1311 005f 0F       		.uleb128 0xf
 1312 0060 00       		.byte	0
 1313 0061 0B       		.uleb128 0xb
 1314 0062 0B       		.uleb128 0xb
 1315 0063 49       		.uleb128 0x49
ARM GAS  C:\Users\Daniela\AppData\Local\Temp\cc7Em3IO.s 			page 27


 1316 0064 13       		.uleb128 0x13
 1317 0065 00       		.byte	0
 1318 0066 00       		.byte	0
 1319 0067 0A       		.uleb128 0xa
 1320 0068 13       		.uleb128 0x13
 1321 0069 01       		.byte	0x1
 1322 006a 0B       		.uleb128 0xb
 1323 006b 0B       		.uleb128 0xb
 1324 006c 3A       		.uleb128 0x3a
 1325 006d 0B       		.uleb128 0xb
 1326 006e 3B       		.uleb128 0x3b
 1327 006f 05       		.uleb128 0x5
 1328 0070 01       		.uleb128 0x1
 1329 0071 13       		.uleb128 0x13
 1330 0072 00       		.byte	0
 1331 0073 00       		.byte	0
 1332 0074 0B       		.uleb128 0xb
 1333 0075 0D       		.uleb128 0xd
 1334 0076 00       		.byte	0
 1335 0077 03       		.uleb128 0x3
 1336 0078 0E       		.uleb128 0xe
 1337 0079 3A       		.uleb128 0x3a
 1338 007a 0B       		.uleb128 0xb
 1339 007b 3B       		.uleb128 0x3b
 1340 007c 05       		.uleb128 0x5
 1341 007d 49       		.uleb128 0x49
 1342 007e 13       		.uleb128 0x13
 1343 007f 38       		.uleb128 0x38
 1344 0080 0B       		.uleb128 0xb
 1345 0081 00       		.byte	0
 1346 0082 00       		.byte	0
 1347 0083 0C       		.uleb128 0xc
 1348 0084 0D       		.uleb128 0xd
 1349 0085 00       		.byte	0
 1350 0086 03       		.uleb128 0x3
 1351 0087 08       		.uleb128 0x8
 1352 0088 3A       		.uleb128 0x3a
 1353 0089 0B       		.uleb128 0xb
 1354 008a 3B       		.uleb128 0x3b
 1355 008b 05       		.uleb128 0x5
 1356 008c 49       		.uleb128 0x49
 1357 008d 13       		.uleb128 0x13
 1358 008e 38       		.uleb128 0x38
 1359 008f 0B       		.uleb128 0xb
 1360 0090 00       		.byte	0
 1361 0091 00       		.byte	0
 1362 0092 0D       		.uleb128 0xd
 1363 0093 16       		.uleb128 0x16
 1364 0094 00       		.byte	0
 1365 0095 03       		.uleb128 0x3
 1366 0096 0E       		.uleb128 0xe
 1367 0097 3A       		.uleb128 0x3a
 1368 0098 0B       		.uleb128 0xb
 1369 0099 3B       		.uleb128 0x3b
 1370 009a 0B       		.uleb128 0xb
 1371 009b 49       		.uleb128 0x49
 1372 009c 13       		.uleb128 0x13
ARM GAS  C:\Users\Daniela\AppData\Local\Temp\cc7Em3IO.s 			page 28


 1373 009d 00       		.byte	0
 1374 009e 00       		.byte	0
 1375 009f 0E       		.uleb128 0xe
 1376 00a0 13       		.uleb128 0x13
 1377 00a1 01       		.byte	0x1
 1378 00a2 0B       		.uleb128 0xb
 1379 00a3 0B       		.uleb128 0xb
 1380 00a4 3A       		.uleb128 0x3a
 1381 00a5 0B       		.uleb128 0xb
 1382 00a6 3B       		.uleb128 0x3b
 1383 00a7 0B       		.uleb128 0xb
 1384 00a8 01       		.uleb128 0x1
 1385 00a9 13       		.uleb128 0x13
 1386 00aa 00       		.byte	0
 1387 00ab 00       		.byte	0
 1388 00ac 0F       		.uleb128 0xf
 1389 00ad 0D       		.uleb128 0xd
 1390 00ae 00       		.byte	0
 1391 00af 03       		.uleb128 0x3
 1392 00b0 0E       		.uleb128 0xe
 1393 00b1 3A       		.uleb128 0x3a
 1394 00b2 0B       		.uleb128 0xb
 1395 00b3 3B       		.uleb128 0x3b
 1396 00b4 0B       		.uleb128 0xb
 1397 00b5 49       		.uleb128 0x49
 1398 00b6 13       		.uleb128 0x13
 1399 00b7 38       		.uleb128 0x38
 1400 00b8 0B       		.uleb128 0xb
 1401 00b9 00       		.byte	0
 1402 00ba 00       		.byte	0
 1403 00bb 10       		.uleb128 0x10
 1404 00bc 04       		.uleb128 0x4
 1405 00bd 01       		.byte	0x1
 1406 00be 03       		.uleb128 0x3
 1407 00bf 0E       		.uleb128 0xe
 1408 00c0 0B       		.uleb128 0xb
 1409 00c1 0B       		.uleb128 0xb
 1410 00c2 49       		.uleb128 0x49
 1411 00c3 13       		.uleb128 0x13
 1412 00c4 3A       		.uleb128 0x3a
 1413 00c5 0B       		.uleb128 0xb
 1414 00c6 3B       		.uleb128 0x3b
 1415 00c7 0B       		.uleb128 0xb
 1416 00c8 01       		.uleb128 0x1
 1417 00c9 13       		.uleb128 0x13
 1418 00ca 00       		.byte	0
 1419 00cb 00       		.byte	0
 1420 00cc 11       		.uleb128 0x11
 1421 00cd 28       		.uleb128 0x28
 1422 00ce 00       		.byte	0
 1423 00cf 03       		.uleb128 0x3
 1424 00d0 08       		.uleb128 0x8
 1425 00d1 1C       		.uleb128 0x1c
 1426 00d2 0B       		.uleb128 0xb
 1427 00d3 00       		.byte	0
 1428 00d4 00       		.byte	0
 1429 00d5 12       		.uleb128 0x12
ARM GAS  C:\Users\Daniela\AppData\Local\Temp\cc7Em3IO.s 			page 29


 1430 00d6 2E       		.uleb128 0x2e
 1431 00d7 01       		.byte	0x1
 1432 00d8 3F       		.uleb128 0x3f
 1433 00d9 19       		.uleb128 0x19
 1434 00da 03       		.uleb128 0x3
 1435 00db 0E       		.uleb128 0xe
 1436 00dc 3A       		.uleb128 0x3a
 1437 00dd 0B       		.uleb128 0xb
 1438 00de 3B       		.uleb128 0x3b
 1439 00df 0B       		.uleb128 0xb
 1440 00e0 27       		.uleb128 0x27
 1441 00e1 19       		.uleb128 0x19
 1442 00e2 11       		.uleb128 0x11
 1443 00e3 01       		.uleb128 0x1
 1444 00e4 12       		.uleb128 0x12
 1445 00e5 06       		.uleb128 0x6
 1446 00e6 40       		.uleb128 0x40
 1447 00e7 18       		.uleb128 0x18
 1448 00e8 9642     		.uleb128 0x2116
 1449 00ea 19       		.uleb128 0x19
 1450 00eb 01       		.uleb128 0x1
 1451 00ec 13       		.uleb128 0x13
 1452 00ed 00       		.byte	0
 1453 00ee 00       		.byte	0
 1454 00ef 13       		.uleb128 0x13
 1455 00f0 05       		.uleb128 0x5
 1456 00f1 00       		.byte	0
 1457 00f2 03       		.uleb128 0x3
 1458 00f3 0E       		.uleb128 0xe
 1459 00f4 3A       		.uleb128 0x3a
 1460 00f5 0B       		.uleb128 0xb
 1461 00f6 3B       		.uleb128 0x3b
 1462 00f7 0B       		.uleb128 0xb
 1463 00f8 49       		.uleb128 0x49
 1464 00f9 13       		.uleb128 0x13
 1465 00fa 02       		.uleb128 0x2
 1466 00fb 18       		.uleb128 0x18
 1467 00fc 00       		.byte	0
 1468 00fd 00       		.byte	0
 1469 00fe 14       		.uleb128 0x14
 1470 00ff 34       		.uleb128 0x34
 1471 0100 00       		.byte	0
 1472 0101 03       		.uleb128 0x3
 1473 0102 0E       		.uleb128 0xe
 1474 0103 3A       		.uleb128 0x3a
 1475 0104 0B       		.uleb128 0xb
 1476 0105 3B       		.uleb128 0x3b
 1477 0106 0B       		.uleb128 0xb
 1478 0107 49       		.uleb128 0x49
 1479 0108 13       		.uleb128 0x13
 1480 0109 02       		.uleb128 0x2
 1481 010a 18       		.uleb128 0x18
 1482 010b 00       		.byte	0
 1483 010c 00       		.byte	0
 1484 010d 15       		.uleb128 0x15
 1485 010e 01       		.uleb128 0x1
 1486 010f 01       		.byte	0x1
ARM GAS  C:\Users\Daniela\AppData\Local\Temp\cc7Em3IO.s 			page 30


 1487 0110 49       		.uleb128 0x49
 1488 0111 13       		.uleb128 0x13
 1489 0112 01       		.uleb128 0x1
 1490 0113 13       		.uleb128 0x13
 1491 0114 00       		.byte	0
 1492 0115 00       		.byte	0
 1493 0116 16       		.uleb128 0x16
 1494 0117 21       		.uleb128 0x21
 1495 0118 00       		.byte	0
 1496 0119 49       		.uleb128 0x49
 1497 011a 13       		.uleb128 0x13
 1498 011b 2F       		.uleb128 0x2f
 1499 011c 18       		.uleb128 0x18
 1500 011d 00       		.byte	0
 1501 011e 00       		.byte	0
 1502 011f 17       		.uleb128 0x17
 1503 0120 2E       		.uleb128 0x2e
 1504 0121 00       		.byte	0
 1505 0122 3F       		.uleb128 0x3f
 1506 0123 19       		.uleb128 0x19
 1507 0124 03       		.uleb128 0x3
 1508 0125 0E       		.uleb128 0xe
 1509 0126 3A       		.uleb128 0x3a
 1510 0127 0B       		.uleb128 0xb
 1511 0128 3B       		.uleb128 0x3b
 1512 0129 0B       		.uleb128 0xb
 1513 012a 27       		.uleb128 0x27
 1514 012b 19       		.uleb128 0x19
 1515 012c 11       		.uleb128 0x11
 1516 012d 01       		.uleb128 0x1
 1517 012e 12       		.uleb128 0x12
 1518 012f 06       		.uleb128 0x6
 1519 0130 40       		.uleb128 0x40
 1520 0131 18       		.uleb128 0x18
 1521 0132 9742     		.uleb128 0x2117
 1522 0134 19       		.uleb128 0x19
 1523 0135 00       		.byte	0
 1524 0136 00       		.byte	0
 1525 0137 18       		.uleb128 0x18
 1526 0138 34       		.uleb128 0x34
 1527 0139 00       		.byte	0
 1528 013a 03       		.uleb128 0x3
 1529 013b 0E       		.uleb128 0xe
 1530 013c 3A       		.uleb128 0x3a
 1531 013d 0B       		.uleb128 0xb
 1532 013e 3B       		.uleb128 0x3b
 1533 013f 05       		.uleb128 0x5
 1534 0140 49       		.uleb128 0x49
 1535 0141 13       		.uleb128 0x13
 1536 0142 3F       		.uleb128 0x3f
 1537 0143 19       		.uleb128 0x19
 1538 0144 3C       		.uleb128 0x3c
 1539 0145 19       		.uleb128 0x19
 1540 0146 00       		.byte	0
 1541 0147 00       		.byte	0
 1542 0148 19       		.uleb128 0x19
 1543 0149 34       		.uleb128 0x34
ARM GAS  C:\Users\Daniela\AppData\Local\Temp\cc7Em3IO.s 			page 31


 1544 014a 00       		.byte	0
 1545 014b 03       		.uleb128 0x3
 1546 014c 0E       		.uleb128 0xe
 1547 014d 3A       		.uleb128 0x3a
 1548 014e 0B       		.uleb128 0xb
 1549 014f 3B       		.uleb128 0x3b
 1550 0150 0B       		.uleb128 0xb
 1551 0151 49       		.uleb128 0x49
 1552 0152 13       		.uleb128 0x13
 1553 0153 3F       		.uleb128 0x3f
 1554 0154 19       		.uleb128 0x19
 1555 0155 3C       		.uleb128 0x3c
 1556 0156 19       		.uleb128 0x19
 1557 0157 00       		.byte	0
 1558 0158 00       		.byte	0
 1559 0159 1A       		.uleb128 0x1a
 1560 015a 34       		.uleb128 0x34
 1561 015b 00       		.byte	0
 1562 015c 03       		.uleb128 0x3
 1563 015d 0E       		.uleb128 0xe
 1564 015e 3A       		.uleb128 0x3a
 1565 015f 0B       		.uleb128 0xb
 1566 0160 3B       		.uleb128 0x3b
 1567 0161 0B       		.uleb128 0xb
 1568 0162 49       		.uleb128 0x49
 1569 0163 13       		.uleb128 0x13
 1570 0164 3F       		.uleb128 0x3f
 1571 0165 19       		.uleb128 0x19
 1572 0166 02       		.uleb128 0x2
 1573 0167 18       		.uleb128 0x18
 1574 0168 00       		.byte	0
 1575 0169 00       		.byte	0
 1576 016a 00       		.byte	0
 1577              		.section	.debug_aranges,"",%progbits
 1578 0000 34000000 		.4byte	0x34
 1579 0004 0200     		.2byte	0x2
 1580 0006 00000000 		.4byte	.Ldebug_info0
 1581 000a 04       		.byte	0x4
 1582 000b 00       		.byte	0
 1583 000c 0000     		.2byte	0
 1584 000e 0000     		.2byte	0
 1585 0010 00000000 		.4byte	.LFB35
 1586 0014 04020000 		.4byte	.LFE35-.LFB35
 1587 0018 00000000 		.4byte	.LFB36
 1588 001c 28000000 		.4byte	.LFE36-.LFB36
 1589 0020 00000000 		.4byte	.LFB37
 1590 0024 1C000000 		.4byte	.LFE37-.LFB37
 1591 0028 00000000 		.4byte	.LFB38
 1592 002c 1C000000 		.4byte	.LFE38-.LFB38
 1593 0030 00000000 		.4byte	0
 1594 0034 00000000 		.4byte	0
 1595              		.section	.debug_ranges,"",%progbits
 1596              	.Ldebug_ranges0:
 1597 0000 00000000 		.4byte	.LFB35
 1598 0004 04020000 		.4byte	.LFE35
 1599 0008 00000000 		.4byte	.LFB36
 1600 000c 28000000 		.4byte	.LFE36
ARM GAS  C:\Users\Daniela\AppData\Local\Temp\cc7Em3IO.s 			page 32


 1601 0010 00000000 		.4byte	.LFB37
 1602 0014 1C000000 		.4byte	.LFE37
 1603 0018 00000000 		.4byte	.LFB38
 1604 001c 1C000000 		.4byte	.LFE38
 1605 0020 00000000 		.4byte	0
 1606 0024 00000000 		.4byte	0
 1607              		.section	.debug_line,"",%progbits
 1608              	.Ldebug_line0:
 1609 0000 3F010000 		.section	.debug_str,"MS",%progbits,1
 1609      0200AE00 
 1609      00000201 
 1609      FB0E0D00 
 1609      01010101 
 1610              	.LASF82:
 1611 0000 4359424C 		.ascii	"CYBLE_EVT_L2CAP_CBFC_RX_CREDIT_IND\000"
 1611      455F4556 
 1611      545F4C32 
 1611      4341505F 
 1611      43424643 
 1612              	.LASF146:
 1613 0023 534C4545 		.ascii	"SLEEP\000"
 1613      5000
 1614              	.LASF138:
 1615 0029 4359424C 		.ascii	"CYBLE_STATE_STOPPED\000"
 1615      455F5354 
 1615      4154455F 
 1615      53544F50 
 1615      50454400 
 1616              	.LASF81:
 1617 003d 4359424C 		.ascii	"CYBLE_EVT_L2CAP_CBFC_DATA_READ\000"
 1617      455F4556 
 1617      545F4C32 
 1617      4341505F 
 1617      43424643 
 1618              	.LASF128:
 1619 005c 4359424C 		.ascii	"CYBLE_CONN_HANDLE_T\000"
 1619      455F434F 
 1619      4E4E5F48 
 1619      414E444C 
 1619      455F5400 
 1620              	.LASF135:
 1621 0070 636F6E6E 		.ascii	"connHandle\000"
 1621      48616E64 
 1621      6C6500
 1622              	.LASF93:
 1623 007b 4359424C 		.ascii	"CYBLE_ERROR_MEMORY_ALLOCATION_FAILED\000"
 1623      455F4552 
 1623      524F525F 
 1623      4D454D4F 
 1623      52595F41 
 1624              	.LASF35:
 1625 00a0 4359424C 		.ascii	"CYBLE_EVT_GAP_CONNECTION_UPDATE_COMPLETE\000"
 1625      455F4556 
 1625      545F4741 
 1625      505F434F 
 1625      4E4E4543 
 1626              	.LASF80:
ARM GAS  C:\Users\Daniela\AppData\Local\Temp\cc7Em3IO.s 			page 33


 1627 00c9 4359424C 		.ascii	"CYBLE_EVT_L2CAP_CBFC_DISCONN_CNF\000"
 1627      455F4556 
 1627      545F4C32 
 1627      4341505F 
 1627      43424643 
 1628              	.LASF114:
 1629 00ea 4359424C 		.ascii	"CYBLE_ERROR_UNSUPPORTED_FEATURE_OR_PARAMETER_VALUE\000"
 1629      455F4552 
 1629      524F525F 
 1629      554E5355 
 1629      50504F52 
 1630              	.LASF36:
 1631 011d 4359424C 		.ascii	"CYBLE_EVT_GAPC_SCAN_START_STOP\000"
 1631      455F4556 
 1631      545F4741 
 1631      50435F53 
 1631      43414E5F 
 1632              	.LASF40:
 1633 013c 4359424C 		.ascii	"CYBLE_EVT_GAP_OOB_GENERATED_NOTIFICATION\000"
 1633      455F4556 
 1633      545F4741 
 1633      505F4F4F 
 1633      425F4745 
 1634              	.LASF23:
 1635 0165 4359424C 		.ascii	"CYBLE_EVT_STACK_BUSY_STATUS\000"
 1635      455F4556 
 1635      545F5354 
 1635      41434B5F 
 1635      42555359 
 1636              	.LASF60:
 1637 0181 4359424C 		.ascii	"CYBLE_EVT_GATTC_READ_MULTI_RSP\000"
 1637      455F4556 
 1637      545F4741 
 1637      5454435F 
 1637      52454144 
 1638              	.LASF65:
 1639 01a0 4359424C 		.ascii	"CYBLE_EVT_GATTS_EXEC_WRITE_REQ\000"
 1639      455F4556 
 1639      545F4741 
 1639      5454535F 
 1639      45584543 
 1640              	.LASF77:
 1641 01bf 4359424C 		.ascii	"CYBLE_EVT_L2CAP_CBFC_CONN_IND\000"
 1641      455F4556 
 1641      545F4C32 
 1641      4341505F 
 1641      43424643 
 1642              	.LASF20:
 1643 01dd 4359424C 		.ascii	"CYBLE_EVT_TIMEOUT\000"
 1643      455F4556 
 1643      545F5449 
 1643      4D454F55 
 1643      5400
 1644              	.LASF4:
 1645 01ef 6C6F6E67 		.ascii	"long int\000"
 1645      20696E74 
 1645      00
ARM GAS  C:\Users\Daniela\AppData\Local\Temp\cc7Em3IO.s 			page 34


 1646              	.LASF113:
 1647 01f8 4359424C 		.ascii	"CYBLE_ERROR_HARDWARE_FAILURE\000"
 1647      455F4552 
 1647      524F525F 
 1647      48415244 
 1647      57415245 
 1648              	.LASF103:
 1649 0215 4359424C 		.ascii	"CYBLE_ERROR_L2CAP_PSM_WRONG_ENCODING\000"
 1649      455F4552 
 1649      524F525F 
 1649      4C324341 
 1649      505F5053 
 1650              	.LASF130:
 1651 023a 4359424C 		.ascii	"CYBLE_GATT_VALUE_T\000"
 1651      455F4741 
 1651      54545F56 
 1651      414C5545 
 1651      5F5400
 1652              	.LASF22:
 1653 024d 4359424C 		.ascii	"CYBLE_EVT_HCI_STATUS\000"
 1653      455F4556 
 1653      545F4843 
 1653      495F5354 
 1653      41545553 
 1654              	.LASF85:
 1655 0262 4359424C 		.ascii	"CYBLE_EVT_PENDING_FLASH_WRITE\000"
 1655      455F4556 
 1655      545F5045 
 1655      4E44494E 
 1655      475F464C 
 1656              	.LASF150:
 1657 0280 75617274 		.ascii	"uartIdleCount\000"
 1657      49646C65 
 1657      436F756E 
 1657      7400
 1658              	.LASF157:
 1659 028e 44697361 		.ascii	"DisableUartRxInt\000"
 1659      626C6555 
 1659      61727452 
 1659      78496E74 
 1659      00
 1660              	.LASF102:
 1661 029f 4359424C 		.ascii	"CYBLE_ERROR_SEC_FAILED\000"
 1661      455F4552 
 1661      524F525F 
 1661      5345435F 
 1661      4641494C 
 1662              	.LASF33:
 1663 02b6 4359424C 		.ascii	"CYBLE_EVT_GAP_DEVICE_DISCONNECTED\000"
 1663      455F4556 
 1663      545F4741 
 1663      505F4445 
 1663      56494345 
 1664              	.LASF34:
 1665 02d8 4359424C 		.ascii	"CYBLE_EVT_GAP_ENCRYPT_CHANGE\000"
 1665      455F4556 
 1665      545F4741 
ARM GAS  C:\Users\Daniela\AppData\Local\Temp\cc7Em3IO.s 			page 35


 1665      505F454E 
 1665      43525950 
 1666              	.LASF38:
 1667 02f5 4359424C 		.ascii	"CYBLE_EVT_GAP_NUMERIC_COMPARISON_REQUEST\000"
 1667      455F4556 
 1667      545F4741 
 1667      505F4E55 
 1667      4D455249 
 1668              	.LASF141:
 1669 031e 4359424C 		.ascii	"CYBLE_STATE_ADVERTISING\000"
 1669      455F5354 
 1669      4154455F 
 1669      41445645 
 1669      52544953 
 1670              	.LASF6:
 1671 0336 6C6F6E67 		.ascii	"long long int\000"
 1671      206C6F6E 
 1671      6720696E 
 1671      7400
 1672              	.LASF0:
 1673 0344 7369676E 		.ascii	"signed char\000"
 1673      65642063 
 1673      68617200 
 1674              	.LASF19:
 1675 0350 4359424C 		.ascii	"CYBLE_EVT_STACK_ON\000"
 1675      455F4556 
 1675      545F5354 
 1675      41434B5F 
 1675      4F4E00
 1676              	.LASF110:
 1677 0363 4359424C 		.ascii	"CYBLE_ERROR_DEVICE_ALREADY_EXISTS\000"
 1677      455F4552 
 1677      524F525F 
 1677      44455649 
 1677      43455F41 
 1678              	.LASF97:
 1679 0385 4359424C 		.ascii	"CYBLE_ERROR_NO_DEVICE_ENTITY\000"
 1679      455F4552 
 1679      524F525F 
 1679      4E4F5F44 
 1679      45564943 
 1680              	.LASF129:
 1681 03a2 61637475 		.ascii	"actualLen\000"
 1681      616C4C65 
 1681      6E00
 1682              	.LASF26:
 1683 03ac 4359424C 		.ascii	"CYBLE_EVT_GAP_AUTH_REQ\000"
 1683      455F4556 
 1683      545F4741 
 1683      505F4155 
 1683      54485F52 
 1684              	.LASF58:
 1685 03c3 4359424C 		.ascii	"CYBLE_EVT_GATTC_READ_RSP\000"
 1685      455F4556 
 1685      545F4741 
 1685      5454435F 
 1685      52454144 
ARM GAS  C:\Users\Daniela\AppData\Local\Temp\cc7Em3IO.s 			page 36


 1686              	.LASF122:
 1687 03dc 4359424C 		.ascii	"CYBLE_ERROR_INVALID_STATE\000"
 1687      455F4552 
 1687      524F525F 
 1687      494E5641 
 1687      4C49445F 
 1688              	.LASF63:
 1689 03f6 4359424C 		.ascii	"CYBLE_EVT_GATTS_WRITE_CMD_REQ\000"
 1689      455F4556 
 1689      545F4741 
 1689      5454535F 
 1689      57524954 
 1690              	.LASF154:
 1691 0414 48616E64 		.ascii	"HandleUartRxTraffic\000"
 1691      6C655561 
 1691      72745278 
 1691      54726166 
 1691      66696300 
 1692              	.LASF142:
 1693 0428 4359424C 		.ascii	"CYBLE_STATE_DISCONNECTED\000"
 1693      455F5354 
 1693      4154455F 
 1693      44495343 
 1693      4F4E4E45 
 1694              	.LASF31:
 1695 0441 4359424C 		.ascii	"CYBLE_EVT_GAPP_ADVERTISEMENT_START_STOP\000"
 1695      455F4556 
 1695      545F4741 
 1695      50505F41 
 1695      44564552 
 1696              	.LASF108:
 1697 0469 4359424C 		.ascii	"CYBLE_ERROR_L2CAP_PSM_NOT_IN_RANGE\000"
 1697      455F4552 
 1697      524F525F 
 1697      4C324341 
 1697      505F5053 
 1698              	.LASF9:
 1699 048c 75696E74 		.ascii	"uint8\000"
 1699      3800
 1700              	.LASF66:
 1701 0492 4359424C 		.ascii	"CYBLE_EVT_GATTC_EXEC_WRITE_RSP\000"
 1701      455F4556 
 1701      545F4741 
 1701      5454435F 
 1701      45584543 
 1702              	.LASF13:
 1703 04b1 646F7562 		.ascii	"double\000"
 1703      6C6500
 1704              	.LASF79:
 1705 04b8 4359424C 		.ascii	"CYBLE_EVT_L2CAP_CBFC_DISCONN_IND\000"
 1705      455F4556 
 1705      545F4C32 
 1705      4341505F 
 1705      43424643 
 1706              	.LASF91:
 1707 04d9 4359424C 		.ascii	"CYBLE_ERROR_INVALID_PARAMETER\000"
 1707      455F4552 
ARM GAS  C:\Users\Daniela\AppData\Local\Temp\cc7Em3IO.s 			page 37


 1707      524F525F 
 1707      494E5641 
 1707      4C49445F 
 1708              	.LASF11:
 1709 04f7 75696E74 		.ascii	"uint32\000"
 1709      333200
 1710              	.LASF162:
 1711 04fe 636F756E 		.ascii	"count\000"
 1711      7400
 1712              	.LASF156:
 1713 0504 75617274 		.ascii	"uartRxDataWrReq\000"
 1713      52784461 
 1713      74615772 
 1713      52657100 
 1714              	.LASF90:
 1715 0514 4359424C 		.ascii	"CYBLE_ERROR_OK\000"
 1715      455F4552 
 1715      524F525F 
 1715      4F4B00
 1716              	.LASF49:
 1717 0523 4359424C 		.ascii	"CYBLE_EVT_GATTC_ERROR_RSP\000"
 1717      455F4556 
 1717      545F4741 
 1717      5454435F 
 1717      4552524F 
 1718              	.LASF74:
 1719 053d 4359424C 		.ascii	"CYBLE_EVT_L2CAP_CONN_PARAM_UPDATE_REQ\000"
 1719      455F4556 
 1719      545F4C32 
 1719      4341505F 
 1719      434F4E4E 
 1720              	.LASF84:
 1721 0563 4359424C 		.ascii	"CYBLE_EVT_L2CAP_CBFC_DATA_WRITE_IND\000"
 1721      455F4556 
 1721      545F4C32 
 1721      4341505F 
 1721      43424643 
 1722              	.LASF149:
 1723 0587 75617274 		.ascii	"uartTxDataLength\000"
 1723      54784461 
 1723      74614C65 
 1723      6E677468 
 1723      00
 1724              	.LASF132:
 1725 0598 61747472 		.ascii	"attrHandle\000"
 1725      48616E64 
 1725      6C6500
 1726              	.LASF7:
 1727 05a3 6C6F6E67 		.ascii	"long long unsigned int\000"
 1727      206C6F6E 
 1727      6720756E 
 1727      7369676E 
 1727      65642069 
 1728              	.LASF71:
 1729 05ba 4359424C 		.ascii	"CYBLE_EVT_GATTC_STOP_CMD_COMPLETE\000"
 1729      455F4556 
 1729      545F4741 
ARM GAS  C:\Users\Daniela\AppData\Local\Temp\cc7Em3IO.s 			page 38


 1729      5454435F 
 1729      53544F50 
 1730              	.LASF165:
 1731 05dc 6170705F 		.ascii	"app_UART.c\000"
 1731      55415254 
 1731      2E6300
 1732              	.LASF158:
 1733 05e7 456E6162 		.ascii	"EnableUartRxInt\000"
 1733      6C655561 
 1733      72745278 
 1733      496E7400 
 1734              	.LASF86:
 1735 05f7 4359424C 		.ascii	"CYBLE_EVT_LE_PING_AUTH_TIMEOUT\000"
 1735      455F4556 
 1735      545F4C45 
 1735      5F50494E 
 1735      475F4155 
 1736              	.LASF104:
 1737 0616 4359424C 		.ascii	"CYBLE_ERROR_L2CAP_PSM_ALREADY_REGISTERED\000"
 1737      455F4552 
 1737      524F525F 
 1737      4C324341 
 1737      505F5053 
 1738              	.LASF5:
 1739 063f 6C6F6E67 		.ascii	"long unsigned int\000"
 1739      20756E73 
 1739      69676E65 
 1739      6420696E 
 1739      7400
 1740              	.LASF45:
 1741 0651 4359424C 		.ascii	"CYBLE_EVT_GAP_CONN_ESTB\000"
 1741      455F4556 
 1741      545F4741 
 1741      505F434F 
 1741      4E4E5F45 
 1742              	.LASF61:
 1743 0669 4359424C 		.ascii	"CYBLE_EVT_GATTS_WRITE_REQ\000"
 1743      455F4556 
 1743      545F4741 
 1743      5454535F 
 1743      57524954 
 1744              	.LASF53:
 1745 0683 4359424C 		.ascii	"CYBLE_EVT_GATTC_XCHNG_MTU_RSP\000"
 1745      455F4556 
 1745      545F4741 
 1745      5454435F 
 1745      5843484E 
 1746              	.LASF70:
 1747 06a1 4359424C 		.ascii	"CYBLE_EVT_GATTS_DATA_SIGNED_CMD_REQ\000"
 1747      455F4556 
 1747      545F4741 
 1747      5454535F 
 1747      44415441 
 1748              	.LASF73:
 1749 06c5 4359424C 		.ascii	"CYBLE_EVT_GATTC_LONG_PROCEDURE_END\000"
 1749      455F4556 
 1749      545F4741 
ARM GAS  C:\Users\Daniela\AppData\Local\Temp\cc7Em3IO.s 			page 39


 1749      5454435F 
 1749      4C4F4E47 
 1750              	.LASF166:
 1751 06e8 433A5C55 		.ascii	"C:\\Users\\Daniela\\Desktop\\Bluetooth_Project\\UAR"
 1751      73657273 
 1751      5C44616E 
 1751      69656C61 
 1751      5C446573 
 1752 0716 545F746F 		.ascii	"T_to_BLE_peripheral_test.cydsn\000"
 1752      5F424C45 
 1752      5F706572 
 1752      69706865 
 1752      72616C5F 
 1753              	.LASF107:
 1754 0735 4359424C 		.ascii	"CYBLE_ERROR_L2CAP_CHANNEL_NOT_FOUND\000"
 1754      455F4552 
 1754      524F525F 
 1754      4C324341 
 1754      505F4348 
 1755              	.LASF119:
 1756 0759 4359424C 		.ascii	"CYBLE_ERROR_NTF_DISABLED\000"
 1756      455F4552 
 1756      524F525F 
 1756      4E54465F 
 1756      44495341 
 1757              	.LASF18:
 1758 0772 4359424C 		.ascii	"CYBLE_EVT_HOST_INVALID\000"
 1758      455F4556 
 1758      545F484F 
 1758      53545F49 
 1758      4E56414C 
 1759              	.LASF56:
 1760 0789 4359424C 		.ascii	"CYBLE_EVT_GATTC_FIND_INFO_RSP\000"
 1760      455F4556 
 1760      545F4741 
 1760      5454435F 
 1760      46494E44 
 1761              	.LASF24:
 1762 07a7 4359424C 		.ascii	"CYBLE_EVT_MEMORY_REQUEST\000"
 1762      455F4556 
 1762      545F4D45 
 1762      4D4F5259 
 1762      5F524551 
 1763              	.LASF27:
 1764 07c0 4359424C 		.ascii	"CYBLE_EVT_GAP_PASSKEY_ENTRY_REQUEST\000"
 1764      455F4556 
 1764      545F4741 
 1764      505F5041 
 1764      53534B45 
 1765              	.LASF32:
 1766 07e4 4359424C 		.ascii	"CYBLE_EVT_GAP_DEVICE_CONNECTED\000"
 1766      455F4556 
 1766      545F4741 
 1766      505F4445 
 1766      56494345 
 1767              	.LASF47:
 1768 0803 4359424C 		.ascii	"CYBLE_EVT_GAP_AUTH_REQ_REPLY_ERR\000"
ARM GAS  C:\Users\Daniela\AppData\Local\Temp\cc7Em3IO.s 			page 40


 1768      455F4556 
 1768      545F4741 
 1768      505F4155 
 1768      54485F52 
 1769              	.LASF159:
 1770 0824 6379426C 		.ascii	"cyBle_state\000"
 1770      655F7374 
 1770      61746500 
 1771              	.LASF164:
 1772 0830 474E5520 		.ascii	"GNU C11 5.4.1 20160609 (release) [ARM/embedded-5-br"
 1772      43313120 
 1772      352E342E 
 1772      31203230 
 1772      31363036 
 1773 0863 616E6368 		.ascii	"anch revision 237715] -mcpu=cortex-m0 -mthumb -g -O"
 1773      20726576 
 1773      6973696F 
 1773      6E203233 
 1773      37373135 
 1774 0896 30202D66 		.ascii	"0 -ffunction-sections -ffat-lto-objects\000"
 1774      66756E63 
 1774      74696F6E 
 1774      2D736563 
 1774      74696F6E 
 1775              	.LASF50:
 1776 08be 4359424C 		.ascii	"CYBLE_EVT_GATT_CONNECT_IND\000"
 1776      455F4556 
 1776      545F4741 
 1776      54545F43 
 1776      4F4E4E45 
 1777              	.LASF127:
 1778 08d9 61747449 		.ascii	"attId\000"
 1778      6400
 1779              	.LASF76:
 1780 08df 4359424C 		.ascii	"CYBLE_EVT_L2CAP_COMMAND_REJ\000"
 1780      455F4556 
 1780      545F4C32 
 1780      4341505F 
 1780      434F4D4D 
 1781              	.LASF15:
 1782 08fb 72656733 		.ascii	"reg32\000"
 1782      3200
 1783              	.LASF25:
 1784 0901 4359424C 		.ascii	"CYBLE_EVT_GAPC_SCAN_PROGRESS_RESULT\000"
 1784      455F4556 
 1784      545F4741 
 1784      50435F53 
 1784      43414E5F 
 1785              	.LASF136:
 1786 0925 68616E64 		.ascii	"handleValPair\000"
 1786      6C655661 
 1786      6C506169 
 1786      7200
 1787              	.LASF152:
 1788 0933 75617274 		.ascii	"uartTxDataNtf\000"
 1788      54784461 
 1788      74614E74 
ARM GAS  C:\Users\Daniela\AppData\Local\Temp\cc7Em3IO.s 			page 41


 1788      6600
 1789              	.LASF48:
 1790 0941 4359424C 		.ascii	"CYBLE_EVT_GAP_SMP_LOC_P256_KEYS_GEN_AND_SET_COMPLET"
 1790      455F4556 
 1790      545F4741 
 1790      505F534D 
 1790      505F4C4F 
 1791 0974 4500     		.ascii	"E\000"
 1792              	.LASF118:
 1793 0976 4359424C 		.ascii	"CYBLE_ERROR_MAX\000"
 1793      455F4552 
 1793      524F525F 
 1793      4D415800 
 1794              	.LASF115:
 1795 0986 4359424C 		.ascii	"CYBLE_ERROR_FLASH_WRITE\000"
 1795      455F4552 
 1795      524F525F 
 1795      464C4153 
 1795      485F5752 
 1796              	.LASF55:
 1797 099e 4359424C 		.ascii	"CYBLE_EVT_GATTC_READ_BY_TYPE_RSP\000"
 1797      455F4556 
 1797      545F4741 
 1797      5454435F 
 1797      52454144 
 1798              	.LASF153:
 1799 09bf 48616E64 		.ascii	"HandleUartTxTraffic\000"
 1799      6C655561 
 1799      72745478 
 1799      54726166 
 1799      66696300 
 1800              	.LASF17:
 1801 09d3 73697A65 		.ascii	"sizetype\000"
 1801      74797065 
 1801      00
 1802              	.LASF137:
 1803 09dc 4359424C 		.ascii	"CYBLE_GATTS_WRITE_REQ_PARAM_T\000"
 1803      455F4741 
 1803      5454535F 
 1803      57524954 
 1803      455F5245 
 1804              	.LASF134:
 1805 09fa 4359424C 		.ascii	"CYBLE_GATTS_HANDLE_VALUE_NTF_T\000"
 1805      455F4741 
 1805      5454535F 
 1805      48414E44 
 1805      4C455F56 
 1806              	.LASF139:
 1807 0a19 4359424C 		.ascii	"CYBLE_STATE_INITIALIZING\000"
 1807      455F5354 
 1807      4154455F 
 1807      494E4954 
 1807      49414C49 
 1808              	.LASF89:
 1809 0a32 4359424C 		.ascii	"CYBLE_EVT_MAX\000"
 1809      455F4556 
 1809      545F4D41 
ARM GAS  C:\Users\Daniela\AppData\Local\Temp\cc7Em3IO.s 			page 42


 1809      5800
 1810              	.LASF30:
 1811 0a40 4359424C 		.ascii	"CYBLE_EVT_GAP_AUTH_FAILED\000"
 1811      455F4556 
 1811      545F4741 
 1811      505F4155 
 1811      54485F46 
 1812              	.LASF160:
 1813 0a5a 6379426C 		.ascii	"cyBle_connHandle\000"
 1813      655F636F 
 1813      6E6E4861 
 1813      6E646C65 
 1813      00
 1814              	.LASF62:
 1815 0a6b 4359424C 		.ascii	"CYBLE_EVT_GATTC_WRITE_RSP\000"
 1815      455F4556 
 1815      545F4741 
 1815      5454435F 
 1815      57524954 
 1816              	.LASF43:
 1817 0a85 4359424C 		.ascii	"CYBLE_EVT_GAPC_DIRECT_ADV_REPORT\000"
 1817      455F4556 
 1817      545F4741 
 1817      50435F44 
 1817      49524543 
 1818              	.LASF41:
 1819 0aa6 4359424C 		.ascii	"CYBLE_EVT_GAP_DATA_LENGTH_CHANGE\000"
 1819      455F4556 
 1819      545F4741 
 1819      505F4441 
 1819      54415F4C 
 1820              	.LASF46:
 1821 0ac7 4359424C 		.ascii	"CYBLE_EVT_GAP_SCAN_REQ_RECVD\000"
 1821      455F4556 
 1821      545F4741 
 1821      505F5343 
 1821      414E5F52 
 1822              	.LASF29:
 1823 0ae4 4359424C 		.ascii	"CYBLE_EVT_GAP_AUTH_COMPLETE\000"
 1823      455F4556 
 1823      545F4741 
 1823      505F4155 
 1823      54485F43 
 1824              	.LASF124:
 1825 0b00 4359424C 		.ascii	"CYBLE_API_RESULT_T\000"
 1825      455F4150 
 1825      495F5245 
 1825      53554C54 
 1825      5F5400
 1826              	.LASF67:
 1827 0b13 4359424C 		.ascii	"CYBLE_EVT_GATTC_HANDLE_VALUE_NTF\000"
 1827      455F4556 
 1827      545F4741 
 1827      5454435F 
 1827      48414E44 
 1828              	.LASF120:
 1829 0b34 4359424C 		.ascii	"CYBLE_ERROR_IND_DISABLED\000"
ARM GAS  C:\Users\Daniela\AppData\Local\Temp\cc7Em3IO.s 			page 43


 1829      455F4552 
 1829      524F525F 
 1829      494E445F 
 1829      44495341 
 1830              	.LASF144:
 1831 0b4d 53544152 		.ascii	"START\000"
 1831      5400
 1832              	.LASF133:
 1833 0b53 4359424C 		.ascii	"CYBLE_GATT_HANDLE_VALUE_PAIR_T\000"
 1833      455F4741 
 1833      54545F48 
 1833      414E444C 
 1833      455F5641 
 1834              	.LASF95:
 1835 0b72 4359424C 		.ascii	"CYBLE_ERROR_OOB_NOT_AVAILABLE\000"
 1835      455F4552 
 1835      524F525F 
 1835      4F4F425F 
 1835      4E4F545F 
 1836              	.LASF78:
 1837 0b90 4359424C 		.ascii	"CYBLE_EVT_L2CAP_CBFC_CONN_CNF\000"
 1837      455F4556 
 1837      545F4C32 
 1837      4341505F 
 1837      43424643 
 1838              	.LASF54:
 1839 0bae 4359424C 		.ascii	"CYBLE_EVT_GATTC_READ_BY_GROUP_TYPE_RSP\000"
 1839      455F4556 
 1839      545F4741 
 1839      5454435F 
 1839      52454144 
 1840              	.LASF12:
 1841 0bd5 666C6F61 		.ascii	"float\000"
 1841      7400
 1842              	.LASF161:
 1843 0bdb 6D747553 		.ascii	"mtuSize\000"
 1843      697A6500 
 1844              	.LASF100:
 1845 0be3 4359424C 		.ascii	"CYBLE_ERROR_TX_POWER_READ\000"
 1845      455F4552 
 1845      524F525F 
 1845      54585F50 
 1845      4F574552 
 1846              	.LASF121:
 1847 0bfd 4359424C 		.ascii	"CYBLE_ERROR_CHAR_IS_NOT_DISCOVERED\000"
 1847      455F4552 
 1847      524F525F 
 1847      43484152 
 1847      5F49535F 
 1848              	.LASF1:
 1849 0c20 756E7369 		.ascii	"unsigned char\000"
 1849      676E6564 
 1849      20636861 
 1849      7200
 1850              	.LASF10:
 1851 0c2e 75696E74 		.ascii	"uint16\000"
 1851      313600
ARM GAS  C:\Users\Daniela\AppData\Local\Temp\cc7Em3IO.s 			page 44


 1852              	.LASF39:
 1853 0c35 4359424C 		.ascii	"CYBLE_EVT_GAP_KEYPRESS_NOTIFICATION\000"
 1853      455F4556 
 1853      545F4741 
 1853      505F4B45 
 1853      59505245 
 1854              	.LASF2:
 1855 0c59 73686F72 		.ascii	"short int\000"
 1855      7420696E 
 1855      7400
 1856              	.LASF68:
 1857 0c63 4359424C 		.ascii	"CYBLE_EVT_GATTC_HANDLE_VALUE_IND\000"
 1857      455F4556 
 1857      545F4741 
 1857      5454435F 
 1857      48414E44 
 1858              	.LASF87:
 1859 0c84 4359424C 		.ascii	"CYBLE_EVT_HCI_PKT\000"
 1859      455F4556 
 1859      545F4843 
 1859      495F504B 
 1859      5400
 1860              	.LASF96:
 1861 0c96 4359424C 		.ascii	"CYBLE_ERROR_NO_CONNECTION\000"
 1861      455F4552 
 1861      524F525F 
 1861      4E4F5F43 
 1861      4F4E4E45 
 1862              	.LASF145:
 1863 0cb0 53454E53 		.ascii	"SENSOR_PACKET\000"
 1863      4F525F50 
 1863      41434B45 
 1863      5400
 1864              	.LASF64:
 1865 0cbe 4359424C 		.ascii	"CYBLE_EVT_GATTS_PREP_WRITE_REQ\000"
 1865      455F4556 
 1865      545F4741 
 1865      5454535F 
 1865      50524550 
 1866              	.LASF155:
 1867 0cdd 74784461 		.ascii	"txDataClientConfigDesc\000"
 1867      7461436C 
 1867      69656E74 
 1867      436F6E66 
 1867      69674465 
 1868              	.LASF131:
 1869 0cf4 76616C75 		.ascii	"value\000"
 1869      6500
 1870              	.LASF116:
 1871 0cfa 4359424C 		.ascii	"CYBLE_ERROR_LL_SAME_TRANSACTION_COLLISION\000"
 1871      455F4552 
 1871      524F525F 
 1871      4C4C5F53 
 1871      414D455F 
 1872              	.LASF69:
 1873 0d24 4359424C 		.ascii	"CYBLE_EVT_GATTS_HANDLE_VALUE_CNF\000"
 1873      455F4556 
ARM GAS  C:\Users\Daniela\AppData\Local\Temp\cc7Em3IO.s 			page 45


 1873      545F4741 
 1873      5454535F 
 1873      48414E44 
 1874              	.LASF98:
 1875 0d45 4359424C 		.ascii	"CYBLE_ERROR_REPEATED_ATTEMPTS\000"
 1875      455F4552 
 1875      524F525F 
 1875      52455045 
 1875      41544544 
 1876              	.LASF44:
 1877 0d63 4359424C 		.ascii	"CYBLE_EVT_GAP_SMP_NEGOTIATED_AUTH_INFO\000"
 1877      455F4556 
 1877      545F4741 
 1877      505F534D 
 1877      505F4E45 
 1878              	.LASF123:
 1879 0d8a 4359424C 		.ascii	"CYBLE_ERROR_STACK_BUSY\000"
 1879      455F4552 
 1879      524F525F 
 1879      53544143 
 1879      4B5F4255 
 1880              	.LASF16:
 1881 0da1 6C6F6E67 		.ascii	"long double\000"
 1881      20646F75 
 1881      626C6500 
 1882              	.LASF14:
 1883 0dad 63686172 		.ascii	"char\000"
 1883      00
 1884              	.LASF101:
 1885 0db2 4359424C 		.ascii	"CYBLE_ERROR_BT_ON_NOT_COMPLETED\000"
 1885      455F4552 
 1885      524F525F 
 1885      42545F4F 
 1885      4E5F4E4F 
 1886              	.LASF163:
 1887 0dd2 6D6F6465 		.ascii	"mode\000"
 1887      00
 1888              	.LASF8:
 1889 0dd7 756E7369 		.ascii	"unsigned int\000"
 1889      676E6564 
 1889      20696E74 
 1889      00
 1890              	.LASF167:
 1891 0de4 73746174 		.ascii	"states\000"
 1891      657300
 1892              	.LASF72:
 1893 0deb 4359424C 		.ascii	"CYBLE_EVT_GATTS_READ_CHAR_VAL_ACCESS_REQ\000"
 1893      455F4556 
 1893      545F4741 
 1893      5454535F 
 1893      52454144 
 1894              	.LASF147:
 1895 0e14 696E6465 		.ascii	"index\000"
 1895      7800
 1896              	.LASF83:
 1897 0e1a 4359424C 		.ascii	"CYBLE_EVT_L2CAP_CBFC_TX_CREDIT_IND\000"
 1897      455F4556 
ARM GAS  C:\Users\Daniela\AppData\Local\Temp\cc7Em3IO.s 			page 46


 1897      545F4C32 
 1897      4341505F 
 1897      43424643 
 1898              	.LASF111:
 1899 0e3d 4359424C 		.ascii	"CYBLE_ERROR_FLASH_WRITE_NOT_PERMITED\000"
 1899      455F4552 
 1899      524F525F 
 1899      464C4153 
 1899      485F5752 
 1900              	.LASF106:
 1901 0e62 4359424C 		.ascii	"CYBLE_ERROR_L2CAP_CONNECTION_ENTITY_NOT_FOUND\000"
 1901      455F4552 
 1901      524F525F 
 1901      4C324341 
 1901      505F434F 
 1902              	.LASF28:
 1903 0e90 4359424C 		.ascii	"CYBLE_EVT_GAP_PASSKEY_DISPLAY_REQUEST\000"
 1903      455F4556 
 1903      545F4741 
 1903      505F5041 
 1903      53534B45 
 1904              	.LASF21:
 1905 0eb6 4359424C 		.ascii	"CYBLE_EVT_HARDWARE_ERROR\000"
 1905      455F4556 
 1905      545F4841 
 1905      52445741 
 1905      52455F45 
 1906              	.LASF3:
 1907 0ecf 73686F72 		.ascii	"short unsigned int\000"
 1907      7420756E 
 1907      7369676E 
 1907      65642069 
 1907      6E7400
 1908              	.LASF92:
 1909 0ee2 4359424C 		.ascii	"CYBLE_ERROR_INVALID_OPERATION\000"
 1909      455F4552 
 1909      524F525F 
 1909      494E5641 
 1909      4C49445F 
 1910              	.LASF52:
 1911 0f00 4359424C 		.ascii	"CYBLE_EVT_GATTS_XCNHG_MTU_REQ\000"
 1911      455F4556 
 1911      545F4741 
 1911      5454535F 
 1911      58434E48 
 1912              	.LASF94:
 1913 0f1e 4359424C 		.ascii	"CYBLE_ERROR_INSUFFICIENT_RESOURCES\000"
 1913      455F4552 
 1913      524F525F 
 1913      494E5355 
 1913      46464943 
 1914              	.LASF143:
 1915 0f41 4359424C 		.ascii	"CYBLE_STATE_T\000"
 1915      455F5354 
 1915      4154455F 
 1915      5400
 1916              	.LASF59:
ARM GAS  C:\Users\Daniela\AppData\Local\Temp\cc7Em3IO.s 			page 47


 1917 0f4f 4359424C 		.ascii	"CYBLE_EVT_GATTC_READ_BLOB_RSP\000"
 1917      455F4556 
 1917      545F4741 
 1917      5454435F 
 1917      52454144 
 1918              	.LASF117:
 1919 0f6d 4359424C 		.ascii	"CYBLE_ERROR_CONTROLLER_BUSY\000"
 1919      455F4552 
 1919      524F525F 
 1919      434F4E54 
 1919      524F4C4C 
 1920              	.LASF151:
 1921 0f89 626C6541 		.ascii	"bleApiResult\000"
 1921      70695265 
 1921      73756C74 
 1921      00
 1922              	.LASF112:
 1923 0f96 4359424C 		.ascii	"CYBLE_ERROR_MIC_AUTH_FAILED\000"
 1923      455F4552 
 1923      524F525F 
 1923      4D49435F 
 1923      41555448 
 1924              	.LASF148:
 1925 0fb2 75617274 		.ascii	"uartTxData\000"
 1925      54784461 
 1925      746100
 1926              	.LASF105:
 1927 0fbd 4359424C 		.ascii	"CYBLE_ERROR_L2CAP_PSM_NOT_REGISTERED\000"
 1927      455F4552 
 1927      524F525F 
 1927      4C324341 
 1927      505F5053 
 1928              	.LASF140:
 1929 0fe2 4359424C 		.ascii	"CYBLE_STATE_CONNECTED\000"
 1929      455F5354 
 1929      4154455F 
 1929      434F4E4E 
 1929      45435445 
 1930              	.LASF57:
 1931 0ff8 4359424C 		.ascii	"CYBLE_EVT_GATTC_FIND_BY_TYPE_VALUE_RSP\000"
 1931      455F4556 
 1931      545F4741 
 1931      5454435F 
 1931      46494E44 
 1932              	.LASF99:
 1933 101f 4359424C 		.ascii	"CYBLE_ERROR_GAP_ROLE\000"
 1933      455F4552 
 1933      524F525F 
 1933      4741505F 
 1933      524F4C45 
 1934              	.LASF37:
 1935 1034 4359424C 		.ascii	"CYBLE_EVT_GAP_KEYINFO_EXCHNGE_CMPLT\000"
 1935      455F4556 
 1935      545F4741 
 1935      505F4B45 
 1935      59494E46 
 1936              	.LASF126:
ARM GAS  C:\Users\Daniela\AppData\Local\Temp\cc7Em3IO.s 			page 48


 1937 1058 62644861 		.ascii	"bdHandle\000"
 1937      6E646C65 
 1937      00
 1938              	.LASF75:
 1939 1061 4359424C 		.ascii	"CYBLE_EVT_L2CAP_CONN_PARAM_UPDATE_RSP\000"
 1939      455F4556 
 1939      545F4C32 
 1939      4341505F 
 1939      434F4E4E 
 1940              	.LASF42:
 1941 1087 4359424C 		.ascii	"CYBLE_EVT_GAP_ENHANCE_CONN_COMPLETE\000"
 1941      455F4556 
 1941      545F4741 
 1941      505F454E 
 1941      48414E43 
 1942              	.LASF125:
 1943 10ab 4359424C 		.ascii	"CYBLE_GATT_DB_ATTR_HANDLE_T\000"
 1943      455F4741 
 1943      54545F44 
 1943      425F4154 
 1943      54525F48 
 1944              	.LASF51:
 1945 10c7 4359424C 		.ascii	"CYBLE_EVT_GATT_DISCONNECT_IND\000"
 1945      455F4556 
 1945      545F4741 
 1945      54545F44 
 1945      4953434F 
 1946              	.LASF109:
 1947 10e5 4359424C 		.ascii	"CYBLE_ERROR_GATT_DB_INVALID_ATTR_HANDLE\000"
 1947      455F4552 
 1947      524F525F 
 1947      47415454 
 1947      5F44425F 
 1948              	.LASF88:
 1949 110d 4359424C 		.ascii	"CYBLE_EVT_FLASH_CORRUPT\000"
 1949      455F4556 
 1949      545F464C 
 1949      4153485F 
 1949      434F5252 
 1950              		.ident	"GCC: (GNU Tools for ARM Embedded Processors) 5.4.1 20160609 (release) [ARM/embedded-5-bran
