ARM GAS  C:\Users\Daniela\AppData\Local\Temp\cc1WozXa.s 			page 1


   1              		.syntax unified
   2              		.cpu cortex-m0
   3              		.fpu softvfp
   4              		.eabi_attribute 20, 1
   5              		.eabi_attribute 21, 1
   6              		.eabi_attribute 23, 3
   7              		.eabi_attribute 24, 1
   8              		.eabi_attribute 25, 1
   9              		.eabi_attribute 26, 1
  10              		.eabi_attribute 30, 6
  11              		.eabi_attribute 34, 0
  12              		.eabi_attribute 18, 4
  13              		.thumb
  14              		.syntax unified
  15              		.file	"app_LED.c"
  16              		.text
  17              	.Ltext0:
  18              		.cfi_sections	.debug_frame
  19              		.comm	bleApiResult,2,2
  20              		.comm	count,4,4
  21              		.comm	mode,1,1
  22              		.section	.text.HandleLeds,"ax",%progbits
  23              		.align	2
  24              		.global	HandleLeds
  25              		.code	16
  26              		.thumb_func
  27              		.type	HandleLeds, %function
  28              	HandleLeds:
  29              	.LFB35:
  30              		.file 1 "app_LED.c"
   1:app_LED.c     **** /*******************************************************************************
   2:app_LED.c     **** * File Name: app_LED.c
   3:app_LED.c     **** *
   4:app_LED.c     **** * Description:
   5:app_LED.c     **** *  Common BLE application code for client devices.
   6:app_LED.c     **** *
   7:app_LED.c     **** *******************************************************************************
   8:app_LED.c     **** * Copyright 2015, Cypress Semiconductor Corporation.  All rights reserved.
   9:app_LED.c     **** * You may use this file only in accordance with the license, terms, conditions,
  10:app_LED.c     **** * disclaimers, and limitations in the end user license agreement accompanying
  11:app_LED.c     **** * the software package with which this file was provided.
  12:app_LED.c     **** *******************************************************************************/
  13:app_LED.c     **** 
  14:app_LED.c     **** #include "app_LED.h"
  15:app_LED.c     **** 
  16:app_LED.c     **** 
  17:app_LED.c     **** /*******************************************************************************
  18:app_LED.c     **** * Function Name: HandleLeds
  19:app_LED.c     **** ********************************************************************************
  20:app_LED.c     **** *
  21:app_LED.c     **** * Summary:
  22:app_LED.c     **** *  This function handles the toggling of Scan and Connection LED. 
  23:app_LED.c     **** *
  24:app_LED.c     **** * Parameters:
  25:app_LED.c     **** *  None.
  26:app_LED.c     **** *
  27:app_LED.c     **** * Return:
ARM GAS  C:\Users\Daniela\AppData\Local\Temp\cc1WozXa.s 			page 2


  28:app_LED.c     **** *   None.
  29:app_LED.c     **** *
  30:app_LED.c     **** *******************************************************************************/
  31:app_LED.c     **** void HandleLeds(void)
  32:app_LED.c     **** {
  31              		.loc 1 32 0
  32              		.cfi_startproc
  33              		@ args = 0, pretend = 0, frame = 0
  34              		@ frame_needed = 1, uses_anonymous_args = 0
  35 0000 80B5     		push	{r7, lr}
  36              		.cfi_def_cfa_offset 8
  37              		.cfi_offset 7, -8
  38              		.cfi_offset 14, -4
  39 0002 00AF     		add	r7, sp, #0
  40              		.cfi_def_cfa_register 7
  33:app_LED.c     ****     static uint8        ledState        = LED_OFF;
  34:app_LED.c     ****     static uint32       advLedTimer     = ADV_LED_TIMEOUT;   
  35:app_LED.c     ****     static uint32       connLedTimer    = CONN_LED_TIMEOUT;   
  36:app_LED.c     ****     
  37:app_LED.c     ****     switch (cyBle_state)
  41              		.loc 1 37 0
  42 0004 134B     		ldr	r3, .L7
  43 0006 1B78     		ldrb	r3, [r3]
  44 0008 022B     		cmp	r3, #2
  45 000a 06D0     		beq	.L3
  46 000c 032B     		cmp	r3, #3
  47 000e 00D0     		beq	.L4
  38:app_LED.c     ****     {
  39:app_LED.c     ****         case CYBLE_STATE_ADVERTISING:
  40:app_LED.c     ****             
  41:app_LED.c     ****             Conn_LED_Write(LED_OFF);
  42:app_LED.c     ****             #if DONGLE
  43:app_LED.c     ****             if(--advLedTimer == 0u) 
  44:app_LED.c     ****             {
  45:app_LED.c     ****                 advLedTimer = ADV_LED_TIMEOUT;
  46:app_LED.c     ****                 ledState ^= LED_OFF;
  47:app_LED.c     ****                 
  48:app_LED.c     ****                 Adv_LED_Write(ledState);
  49:app_LED.c     ****             }
  50:app_LED.c     ****             #endif 
  51:app_LED.c     ****             
  52:app_LED.c     ****             break;
  53:app_LED.c     ****             
  54:app_LED.c     ****         case CYBLE_STATE_CONNECTED: 
  55:app_LED.c     ****             
  56:app_LED.c     ****             #if DONGLE
  57:app_LED.c     ****             Adv_LED_Write(LED_OFF);
  58:app_LED.c     ****             #endif 
  59:app_LED.c     ****             
  60:app_LED.c     ****             if(--connLedTimer == 0u) 
  61:app_LED.c     ****             {
  62:app_LED.c     ****                 connLedTimer = CONN_LED_TIMEOUT;
  63:app_LED.c     ****                 ledState    ^= LED_OFF;
  64:app_LED.c     ****                 
  65:app_LED.c     ****                 Conn_LED_Write(ledState);
  66:app_LED.c     ****             }
  67:app_LED.c     ****             
ARM GAS  C:\Users\Daniela\AppData\Local\Temp\cc1WozXa.s 			page 3


  68:app_LED.c     ****         default:
  69:app_LED.c     ****             break;
  48              		.loc 1 69 0
  49 0010 1BE0     		b	.L6
  50              	.L4:
  41:app_LED.c     ****             #if DONGLE
  51              		.loc 1 41 0
  52 0012 0120     		movs	r0, #1
  53 0014 FFF7FEFF 		bl	Conn_LED_Write
  52:app_LED.c     ****             
  54              		.loc 1 52 0
  55 0018 18E0     		b	.L5
  56              	.L3:
  60:app_LED.c     ****             {
  57              		.loc 1 60 0
  58 001a 0F4B     		ldr	r3, .L7+4
  59 001c 1B68     		ldr	r3, [r3]
  60 001e 5A1E     		subs	r2, r3, #1
  61 0020 0D4B     		ldr	r3, .L7+4
  62 0022 1A60     		str	r2, [r3]
  63 0024 0C4B     		ldr	r3, .L7+4
  64 0026 1B68     		ldr	r3, [r3]
  65 0028 002B     		cmp	r3, #0
  66 002a 0ED1     		bne	.L6
  62:app_LED.c     ****                 ledState    ^= LED_OFF;
  67              		.loc 1 62 0
  68 002c 0A4B     		ldr	r3, .L7+4
  69 002e 0B4A     		ldr	r2, .L7+8
  70 0030 1A60     		str	r2, [r3]
  63:app_LED.c     ****                 
  71              		.loc 1 63 0
  72 0032 0B4B     		ldr	r3, .L7+12
  73 0034 1B78     		ldrb	r3, [r3]
  74 0036 0122     		movs	r2, #1
  75 0038 5340     		eors	r3, r2
  76 003a DAB2     		uxtb	r2, r3
  77 003c 084B     		ldr	r3, .L7+12
  78 003e 1A70     		strb	r2, [r3]
  65:app_LED.c     ****             }
  79              		.loc 1 65 0
  80 0040 074B     		ldr	r3, .L7+12
  81 0042 1B78     		ldrb	r3, [r3]
  82 0044 1800     		movs	r0, r3
  83 0046 FFF7FEFF 		bl	Conn_LED_Write
  84              	.L6:
  85              		.loc 1 69 0
  86 004a C046     		nop
  87              	.L5:
  70:app_LED.c     ****     }
  71:app_LED.c     **** }
  88              		.loc 1 71 0
  89 004c C046     		nop
  90 004e BD46     		mov	sp, r7
  91              		@ sp needed
  92 0050 80BD     		pop	{r7, pc}
  93              	.L8:
  94 0052 C046     		.align	2
ARM GAS  C:\Users\Daniela\AppData\Local\Temp\cc1WozXa.s 			page 4


  95              	.L7:
  96 0054 00000000 		.word	cyBle_state
  97 0058 00000000 		.word	connLedTimer.7224
  98 005c 50C30000 		.word	50000
  99 0060 04000000 		.word	ledState.7222
 100              		.cfi_endproc
 101              	.LFE35:
 102              		.size	HandleLeds, .-HandleLeds
 103              		.data
 104              		.align	2
 105              		.type	connLedTimer.7224, %object
 106              		.size	connLedTimer.7224, 4
 107              	connLedTimer.7224:
 108 0000 50C30000 		.word	50000
 109              		.type	ledState.7222, %object
 110              		.size	ledState.7222, 1
 111              	ledState.7222:
 112 0004 01       		.byte	1
 113 0005 000000   		.align	2
 114              		.type	advLedTimer.7223, %object
 115              		.size	advLedTimer.7223, 4
 116              	advLedTimer.7223:
 117 0008 30750000 		.word	30000
 118              		.text
 119              	.Letext0:
 120              		.file 2 "Generated_Source\\PSoC4/cytypes.h"
 121              		.file 3 "Generated_Source\\PSoC4/BLE_Stack.h"
 122              		.file 4 "Generated_Source\\PSoC4/BLE_eventHandler.h"
 123              		.file 5 "main.h"
 124              		.section	.debug_info,"",%progbits
 125              	.Ldebug_info0:
 126 0000 39040000 		.4byte	0x439
 127 0004 0400     		.2byte	0x4
 128 0006 00000000 		.4byte	.Ldebug_abbrev0
 129 000a 04       		.byte	0x4
 130 000b 01       		.uleb128 0x1
 131 000c BB070000 		.4byte	.LASF139
 132 0010 0C       		.byte	0xc
 133 0011 71040000 		.4byte	.LASF140
 134 0015 73060000 		.4byte	.LASF141
 135 0019 00000000 		.4byte	.Ldebug_ranges0+0
 136 001d 00000000 		.4byte	0
 137 0021 00000000 		.4byte	.Ldebug_line0
 138 0025 02       		.uleb128 0x2
 139 0026 01       		.byte	0x1
 140 0027 06       		.byte	0x6
 141 0028 FD020000 		.4byte	.LASF0
 142 002c 02       		.uleb128 0x2
 143 002d 01       		.byte	0x1
 144 002e 08       		.byte	0x8
 145 002f C80A0000 		.4byte	.LASF1
 146 0033 02       		.uleb128 0x2
 147 0034 02       		.byte	0x2
 148 0035 05       		.byte	0x5
 149 0036 FA0A0000 		.4byte	.LASF2
 150 003a 02       		.uleb128 0x2
 151 003b 02       		.byte	0x2
ARM GAS  C:\Users\Daniela\AppData\Local\Temp\cc1WozXa.s 			page 5


 152 003c 07       		.byte	0x7
 153 003d 6A0D0000 		.4byte	.LASF3
 154 0041 02       		.uleb128 0x2
 155 0042 04       		.byte	0x4
 156 0043 05       		.byte	0x5
 157 0044 BA010000 		.4byte	.LASF4
 158 0048 02       		.uleb128 0x2
 159 0049 04       		.byte	0x4
 160 004a 07       		.byte	0x7
 161 004b CA050000 		.4byte	.LASF5
 162 004f 02       		.uleb128 0x2
 163 0050 08       		.byte	0x8
 164 0051 05       		.byte	0x5
 165 0052 EF020000 		.4byte	.LASF6
 166 0056 02       		.uleb128 0x2
 167 0057 08       		.byte	0x8
 168 0058 07       		.byte	0x7
 169 0059 26050000 		.4byte	.LASF7
 170 005d 03       		.uleb128 0x3
 171 005e 04       		.byte	0x4
 172 005f 05       		.byte	0x5
 173 0060 696E7400 		.ascii	"int\000"
 174 0064 02       		.uleb128 0x2
 175 0065 04       		.byte	0x4
 176 0066 07       		.byte	0x7
 177 0067 780C0000 		.4byte	.LASF8
 178 006b 04       		.uleb128 0x4
 179 006c 27040000 		.4byte	.LASF9
 180 0070 02       		.byte	0x2
 181 0071 D201     		.2byte	0x1d2
 182 0073 2C000000 		.4byte	0x2c
 183 0077 04       		.uleb128 0x4
 184 0078 7B040000 		.4byte	.LASF10
 185 007c 02       		.byte	0x2
 186 007d D401     		.2byte	0x1d4
 187 007f 48000000 		.4byte	0x48
 188 0083 02       		.uleb128 0x2
 189 0084 04       		.byte	0x4
 190 0085 04       		.byte	0x4
 191 0086 7A0A0000 		.4byte	.LASF11
 192 008a 02       		.uleb128 0x2
 193 008b 08       		.byte	0x8
 194 008c 04       		.byte	0x4
 195 008d 4C040000 		.4byte	.LASF12
 196 0091 02       		.uleb128 0x2
 197 0092 01       		.byte	0x1
 198 0093 08       		.byte	0x8
 199 0094 310C0000 		.4byte	.LASF13
 200 0098 02       		.uleb128 0x2
 201 0099 08       		.byte	0x8
 202 009a 04       		.byte	0x4
 203 009b 250C0000 		.4byte	.LASF14
 204 009f 02       		.uleb128 0x2
 205 00a0 04       		.byte	0x4
 206 00a1 07       		.byte	0x7
 207 00a2 22090000 		.4byte	.LASF15
 208 00a6 05       		.uleb128 0x5
ARM GAS  C:\Users\Daniela\AppData\Local\Temp\cc1WozXa.s 			page 6


 209 00a7 01       		.byte	0x1
 210 00a8 2C000000 		.4byte	0x2c
 211 00ac 03       		.byte	0x3
 212 00ad 3501     		.2byte	0x135
 213 00af 64020000 		.4byte	0x264
 214 00b3 06       		.uleb128 0x6
 215 00b4 FD060000 		.4byte	.LASF16
 216 00b8 00       		.byte	0
 217 00b9 06       		.uleb128 0x6
 218 00ba 09030000 		.4byte	.LASF17
 219 00be 01       		.byte	0x1
 220 00bf 06       		.uleb128 0x6
 221 00c0 A8010000 		.4byte	.LASF18
 222 00c4 02       		.byte	0x2
 223 00c5 06       		.uleb128 0x6
 224 00c6 510D0000 		.4byte	.LASF19
 225 00ca 03       		.byte	0x3
 226 00cb 06       		.uleb128 0x6
 227 00cc 28020000 		.4byte	.LASF20
 228 00d0 04       		.byte	0x4
 229 00d1 06       		.uleb128 0x6
 230 00d2 30010000 		.4byte	.LASF21
 231 00d6 05       		.byte	0x5
 232 00d7 06       		.uleb128 0x6
 233 00d8 32070000 		.4byte	.LASF22
 234 00dc 06       		.byte	0x6
 235 00dd 06       		.uleb128 0x6
 236 00de 80080000 		.4byte	.LASF23
 237 00e2 20       		.byte	0x20
 238 00e3 06       		.uleb128 0x6
 239 00e4 5B030000 		.4byte	.LASF24
 240 00e8 21       		.byte	0x21
 241 00e9 06       		.uleb128 0x6
 242 00ea 4B070000 		.4byte	.LASF25
 243 00ee 22       		.byte	0x22
 244 00ef 06       		.uleb128 0x6
 245 00f0 2B0D0000 		.4byte	.LASF26
 246 00f4 23       		.byte	0x23
 247 00f5 06       		.uleb128 0x6
 248 00f6 C6090000 		.4byte	.LASF27
 249 00fa 24       		.byte	0x24
 250 00fb 06       		.uleb128 0x6
 251 00fc 44090000 		.4byte	.LASF28
 252 0100 25       		.byte	0x25
 253 0101 06       		.uleb128 0x6
 254 0102 DC030000 		.4byte	.LASF29
 255 0106 26       		.byte	0x26
 256 0107 06       		.uleb128 0x6
 257 0108 6F070000 		.4byte	.LASF30
 258 010c 27       		.byte	0x27
 259 010d 06       		.uleb128 0x6
 260 010e 560C0000 		.4byte	.LASF31
 261 0112 28       		.byte	0x28
 262 0113 06       		.uleb128 0x6
 263 0114 91020000 		.4byte	.LASF32
 264 0118 29       		.byte	0x29
 265 0119 06       		.uleb128 0x6
ARM GAS  C:\Users\Daniela\AppData\Local\Temp\cc1WozXa.s 			page 7


 266 011a 8A000000 		.4byte	.LASF33
 267 011e 2A       		.byte	0x2a
 268 011f 06       		.uleb128 0x6
 269 0120 3D020000 		.4byte	.LASF34
 270 0124 2B       		.byte	0x2b
 271 0125 06       		.uleb128 0x6
 272 0126 AE0E0000 		.4byte	.LASF35
 273 012a 2C       		.byte	0x2c
 274 012b 06       		.uleb128 0x6
 275 012c AE020000 		.4byte	.LASF36
 276 0130 2D       		.byte	0x2d
 277 0131 06       		.uleb128 0x6
 278 0132 D60A0000 		.4byte	.LASF37
 279 0136 2E       		.byte	0x2e
 280 0137 06       		.uleb128 0x6
 281 0138 07010000 		.4byte	.LASF38
 282 013c 2F       		.byte	0x2f
 283 013d 06       		.uleb128 0x6
 284 013e A5090000 		.4byte	.LASF39
 285 0142 30       		.byte	0x30
 286 0143 06       		.uleb128 0x6
 287 0144 190F0000 		.4byte	.LASF40
 288 0148 31       		.byte	0x31
 289 0149 06       		.uleb128 0x6
 290 014a 84090000 		.4byte	.LASF41
 291 014e 32       		.byte	0x32
 292 014f 06       		.uleb128 0x6
 293 0150 E70B0000 		.4byte	.LASF42
 294 0154 33       		.byte	0x33
 295 0155 06       		.uleb128 0x6
 296 0156 DC050000 		.4byte	.LASF43
 297 015a 34       		.byte	0x34
 298 015b 06       		.uleb128 0x6
 299 015c 09050000 		.4byte	.LASF44
 300 0160 35       		.byte	0x35
 301 0161 06       		.uleb128 0x6
 302 0162 8E070000 		.4byte	.LASF45
 303 0166 36       		.byte	0x36
 304 0167 06       		.uleb128 0x6
 305 0168 A4080000 		.4byte	.LASF46
 306 016c 37       		.byte	0x37
 307 016d 06       		.uleb128 0x6
 308 016e A5040000 		.4byte	.LASF47
 309 0172 40       		.byte	0x40
 310 0173 06       		.uleb128 0x6
 311 0174 49080000 		.4byte	.LASF48
 312 0178 41       		.byte	0x41
 313 0179 06       		.uleb128 0x6
 314 017a 3D0F0000 		.4byte	.LASF49
 315 017e 42       		.byte	0x42
 316 017f 06       		.uleb128 0x6
 317 0180 9B0D0000 		.4byte	.LASF50
 318 0184 43       		.byte	0x43
 319 0185 06       		.uleb128 0x6
 320 0186 0E060000 		.4byte	.LASF51
 321 018a 44       		.byte	0x44
 322 018b 06       		.uleb128 0x6
ARM GAS  C:\Users\Daniela\AppData\Local\Temp\cc1WozXa.s 			page 8


 323 018c 530A0000 		.4byte	.LASF52
 324 0190 45       		.byte	0x45
 325 0191 06       		.uleb128 0x6
 326 0192 01090000 		.4byte	.LASF53
 327 0196 46       		.byte	0x46
 328 0197 06       		.uleb128 0x6
 329 0198 14070000 		.4byte	.LASF54
 330 019c 47       		.byte	0x47
 331 019d 06       		.uleb128 0x6
 332 019e 720E0000 		.4byte	.LASF55
 333 01a2 48       		.byte	0x48
 334 01a3 06       		.uleb128 0x6
 335 01a4 72030000 		.4byte	.LASF56
 336 01a8 49       		.byte	0x49
 337 01a9 06       		.uleb128 0x6
 338 01aa C70D0000 		.4byte	.LASF57
 339 01ae 4A       		.byte	0x4a
 340 01af 06       		.uleb128 0x6
 341 01b0 4C010000 		.4byte	.LASF58
 342 01b4 4B       		.byte	0x4b
 343 01b5 06       		.uleb128 0x6
 344 01b6 F4050000 		.4byte	.LASF59
 345 01ba 4C       		.byte	0x4c
 346 01bb 06       		.uleb128 0x6
 347 01bc 6A090000 		.4byte	.LASF60
 348 01c0 4D       		.byte	0x4d
 349 01c1 06       		.uleb128 0x6
 350 01c2 A5030000 		.4byte	.LASF61
 351 01c6 4E       		.byte	0x4e
 352 01c7 06       		.uleb128 0x6
 353 01c8 5F0B0000 		.4byte	.LASF62
 354 01cc 4F       		.byte	0x4f
 355 01cd 06       		.uleb128 0x6
 356 01ce 6B010000 		.4byte	.LASF63
 357 01d2 50       		.byte	0x50
 358 01d3 06       		.uleb128 0x6
 359 01d4 2D040000 		.4byte	.LASF64
 360 01d8 51       		.byte	0x51
 361 01d9 06       		.uleb128 0x6
 362 01da F5090000 		.4byte	.LASF65
 363 01de 52       		.byte	0x52
 364 01df 06       		.uleb128 0x6
 365 01e0 040B0000 		.4byte	.LASF66
 366 01e4 53       		.byte	0x53
 367 01e5 06       		.uleb128 0x6
 368 01e6 A80B0000 		.4byte	.LASF67
 369 01ea 54       		.byte	0x54
 370 01eb 06       		.uleb128 0x6
 371 01ec 2C060000 		.4byte	.LASF68
 372 01f0 55       		.byte	0x55
 373 01f1 06       		.uleb128 0x6
 374 01f2 3D050000 		.4byte	.LASF69
 375 01f6 56       		.byte	0x56
 376 01f7 06       		.uleb128 0x6
 377 01f8 8C0C0000 		.4byte	.LASF70
 378 01fc 57       		.byte	0x57
 379 01fd 06       		.uleb128 0x6
ARM GAS  C:\Users\Daniela\AppData\Local\Temp\cc1WozXa.s 			page 9


 380 01fe 50060000 		.4byte	.LASF71
 381 0202 58       		.byte	0x58
 382 0203 06       		.uleb128 0x6
 383 0204 BF040000 		.4byte	.LASF72
 384 0208 70       		.byte	0x70
 385 0209 06       		.uleb128 0x6
 386 020a F30E0000 		.4byte	.LASF73
 387 020e 71       		.byte	0x71
 388 020f 06       		.uleb128 0x6
 389 0210 64080000 		.4byte	.LASF74
 390 0214 72       		.byte	0x72
 391 0215 06       		.uleb128 0x6
 392 0216 8A010000 		.4byte	.LASF75
 393 021a 73       		.byte	0x73
 394 021b 06       		.uleb128 0x6
 395 021c 350A0000 		.4byte	.LASF76
 396 0220 74       		.byte	0x74
 397 0221 06       		.uleb128 0x6
 398 0222 D20E0000 		.4byte	.LASF77
 399 0226 75       		.byte	0x75
 400 0227 06       		.uleb128 0x6
 401 0228 B3000000 		.4byte	.LASF78
 402 022c 76       		.byte	0x76
 403 022d 06       		.uleb128 0x6
 404 022e 46000000 		.4byte	.LASF79
 405 0232 77       		.byte	0x77
 406 0233 06       		.uleb128 0x6
 407 0234 00000000 		.4byte	.LASF80
 408 0238 78       		.byte	0x78
 409 0239 06       		.uleb128 0x6
 410 023a B50C0000 		.4byte	.LASF81
 411 023e 79       		.byte	0x79
 412 023f 06       		.uleb128 0x6
 413 0240 E5040000 		.4byte	.LASF82
 414 0244 7A       		.byte	0x7a
 415 0245 06       		.uleb128 0x6
 416 0246 5C020000 		.4byte	.LASF83
 417 024a FA       		.byte	0xfa
 418 024b 06       		.uleb128 0x6
 419 024c 82050000 		.4byte	.LASF84
 420 0250 FB       		.byte	0xfb
 421 0251 06       		.uleb128 0x6
 422 0252 250B0000 		.4byte	.LASF85
 423 0256 FC       		.byte	0xfc
 424 0257 06       		.uleb128 0x6
 425 0258 830F0000 		.4byte	.LASF86
 426 025c FD       		.byte	0xfd
 427 025d 06       		.uleb128 0x6
 428 025e 88040000 		.4byte	.LASF87
 429 0262 FF       		.byte	0xff
 430 0263 00       		.byte	0
 431 0264 05       		.uleb128 0x5
 432 0265 02       		.byte	0x2
 433 0266 3A000000 		.4byte	0x3a
 434 026a 03       		.byte	0x3
 435 026b EA03     		.2byte	0x3ea
 436 026d 43030000 		.4byte	0x343
ARM GAS  C:\Users\Daniela\AppData\Local\Temp\cc1WozXa.s 			page 10


 437 0271 06       		.uleb128 0x6
 438 0272 96040000 		.4byte	.LASF88
 439 0276 00       		.byte	0
 440 0277 06       		.uleb128 0x6
 441 0278 53040000 		.4byte	.LASF89
 442 027c 01       		.byte	0x1
 443 027d 06       		.uleb128 0x6
 444 027e 7D0D0000 		.4byte	.LASF90
 445 0282 02       		.byte	0x2
 446 0283 06       		.uleb128 0x6
 447 0284 65000000 		.4byte	.LASF91
 448 0288 03       		.byte	0x3
 449 0289 06       		.uleb128 0x6
 450 028a 05020000 		.4byte	.LASF92
 451 028e 04       		.byte	0x4
 452 028f 06       		.uleb128 0x6
 453 0290 64050000 		.4byte	.LASF93
 454 0294 05       		.byte	0x5
 455 0295 06       		.uleb128 0x6
 456 0296 370B0000 		.4byte	.LASF94
 457 029a 06       		.byte	0x6
 458 029b 06       		.uleb128 0x6
 459 029c 3E030000 		.4byte	.LASF95
 460 02a0 07       		.byte	0x7
 461 02a1 06       		.uleb128 0x6
 462 02a2 C90B0000 		.4byte	.LASF96
 463 02a6 08       		.byte	0x8
 464 02a7 06       		.uleb128 0x6
 465 02a8 990E0000 		.4byte	.LASF97
 466 02ac 09       		.byte	0x9
 467 02ad 06       		.uleb128 0x6
 468 02ae 8B0A0000 		.4byte	.LASF98
 469 02b2 0A       		.byte	0xa
 470 02b3 06       		.uleb128 0x6
 471 02b4 360C0000 		.4byte	.LASF99
 472 02b8 0B       		.byte	0xb
 473 02b9 06       		.uleb128 0x6
 474 02ba 7A020000 		.4byte	.LASF100
 475 02be 0C       		.byte	0xc
 476 02bf 06       		.uleb128 0x6
 477 02c0 E0010000 		.4byte	.LASF101
 478 02c4 0D       		.byte	0xd
 479 02c5 06       		.uleb128 0x6
 480 02c6 A1050000 		.4byte	.LASF102
 481 02ca 0E       		.byte	0xe
 482 02cb 06       		.uleb128 0x6
 483 02cc 370E0000 		.4byte	.LASF103
 484 02d0 0F       		.byte	0xf
 485 02d1 06       		.uleb128 0x6
 486 02d2 FD0C0000 		.4byte	.LASF104
 487 02d6 10       		.byte	0x10
 488 02d7 06       		.uleb128 0x6
 489 02d8 C0060000 		.4byte	.LASF105
 490 02dc 11       		.byte	0x11
 491 02dd 06       		.uleb128 0x6
 492 02de 04040000 		.4byte	.LASF106
 493 02e2 12       		.byte	0x12
ARM GAS  C:\Users\Daniela\AppData\Local\Temp\cc1WozXa.s 			page 11


 494 02e3 06       		.uleb128 0x6
 495 02e4 5B0F0000 		.4byte	.LASF107
 496 02e8 13       		.byte	0x13
 497 02e9 06       		.uleb128 0x6
 498 02ea 1C030000 		.4byte	.LASF108
 499 02ee 27       		.byte	0x27
 500 02ef 06       		.uleb128 0x6
 501 02f0 D80C0000 		.4byte	.LASF109
 502 02f4 28       		.byte	0x28
 503 02f5 06       		.uleb128 0x6
 504 02f6 0E0E0000 		.4byte	.LASF110
 505 02fa 29       		.byte	0x29
 506 02fb 06       		.uleb128 0x6
 507 02fc C3010000 		.4byte	.LASF111
 508 0300 2A       		.byte	0x2a
 509 0301 06       		.uleb128 0x6
 510 0302 D4000000 		.4byte	.LASF112
 511 0306 2B       		.byte	0x2b
 512 0307 06       		.uleb128 0x6
 513 0308 E9080000 		.4byte	.LASF113
 514 030c 2C       		.byte	0x2c
 515 030d 06       		.uleb128 0x6
 516 030e 7E0B0000 		.4byte	.LASF114
 517 0312 2D       		.byte	0x2d
 518 0313 06       		.uleb128 0x6
 519 0314 E50D0000 		.4byte	.LASF115
 520 0318 FE       		.byte	0xfe
 521 0319 06       		.uleb128 0x6
 522 031a D9080000 		.4byte	.LASF116
 523 031e FF       		.byte	0xff
 524 031f 07       		.uleb128 0x7
 525 0320 E4060000 		.4byte	.LASF117
 526 0324 0001     		.2byte	0x100
 527 0326 07       		.uleb128 0x7
 528 0327 160A0000 		.4byte	.LASF118
 529 032b 0101     		.2byte	0x101
 530 032d 07       		.uleb128 0x7
 531 032e A50A0000 		.4byte	.LASF119
 532 0332 0201     		.2byte	0x102
 533 0334 07       		.uleb128 0x7
 534 0335 8B030000 		.4byte	.LASF120
 535 0339 0301     		.2byte	0x103
 536 033b 07       		.uleb128 0x7
 537 033c 0E0C0000 		.4byte	.LASF121
 538 0340 0401     		.2byte	0x104
 539 0342 00       		.byte	0
 540 0343 04       		.uleb128 0x4
 541 0344 E2090000 		.4byte	.LASF122
 542 0348 03       		.byte	0x3
 543 0349 5C04     		.2byte	0x45c
 544 034b 64020000 		.4byte	0x264
 545 034f 05       		.uleb128 0x5
 546 0350 01       		.byte	0x1
 547 0351 2C000000 		.4byte	0x2c
 548 0355 04       		.byte	0x4
 549 0356 5A08     		.2byte	0x85a
 550 0358 7B030000 		.4byte	0x37b
ARM GAS  C:\Users\Daniela\AppData\Local\Temp\cc1WozXa.s 			page 12


 551 035c 06       		.uleb128 0x6
 552 035d 29000000 		.4byte	.LASF123
 553 0361 00       		.byte	0
 554 0362 06       		.uleb128 0x6
 555 0363 2B090000 		.4byte	.LASF124
 556 0367 01       		.byte	0x1
 557 0368 06       		.uleb128 0x6
 558 0369 5C0E0000 		.4byte	.LASF125
 559 036d 02       		.byte	0x2
 560 036e 06       		.uleb128 0x6
 561 036f D7020000 		.4byte	.LASF126
 562 0373 03       		.byte	0x3
 563 0374 06       		.uleb128 0x6
 564 0375 C3030000 		.4byte	.LASF127
 565 0379 04       		.byte	0x4
 566 037a 00       		.byte	0
 567 037b 04       		.uleb128 0x4
 568 037c B90D0000 		.4byte	.LASF128
 569 0380 04       		.byte	0x4
 570 0381 6808     		.2byte	0x868
 571 0383 4F030000 		.4byte	0x34f
 572 0387 08       		.uleb128 0x8
 573 0388 850C0000 		.4byte	.LASF142
 574 038c 01       		.byte	0x1
 575 038d 2C000000 		.4byte	0x2c
 576 0391 05       		.byte	0x5
 577 0392 36       		.byte	0x36
 578 0393 B4030000 		.4byte	0x3b4
 579 0397 06       		.uleb128 0x6
 580 0398 2F0A0000 		.4byte	.LASF129
 581 039c 00       		.byte	0
 582 039d 06       		.uleb128 0x6
 583 039e 510B0000 		.4byte	.LASF130
 584 03a2 01       		.byte	0x1
 585 03a3 09       		.uleb128 0x9
 586 03a4 545800   		.ascii	"TX\000"
 587 03a7 02       		.byte	0x2
 588 03a8 09       		.uleb128 0x9
 589 03a9 525800   		.ascii	"RX\000"
 590 03ac 03       		.byte	0x3
 591 03ad 06       		.uleb128 0x6
 592 03ae 23000000 		.4byte	.LASF131
 593 03b2 04       		.byte	0x4
 594 03b3 00       		.byte	0
 595 03b4 0A       		.uleb128 0xa
 596 03b5 800A0000 		.4byte	.LASF143
 597 03b9 01       		.byte	0x1
 598 03ba 1F       		.byte	0x1f
 599 03bb 00000000 		.4byte	.LFB35
 600 03bf 64000000 		.4byte	.LFE35-.LFB35
 601 03c3 01       		.uleb128 0x1
 602 03c4 9C       		.byte	0x9c
 603 03c5 FD030000 		.4byte	0x3fd
 604 03c9 0B       		.uleb128 0xb
 605 03ca 3D000000 		.4byte	.LASF132
 606 03ce 01       		.byte	0x1
 607 03cf 21       		.byte	0x21
ARM GAS  C:\Users\Daniela\AppData\Local\Temp\cc1WozXa.s 			page 13


 608 03d0 6B000000 		.4byte	0x6b
 609 03d4 05       		.uleb128 0x5
 610 03d5 03       		.byte	0x3
 611 03d6 04000000 		.4byte	ledState.7222
 612 03da 0B       		.uleb128 0xb
 613 03db 5E090000 		.4byte	.LASF133
 614 03df 01       		.byte	0x1
 615 03e0 22       		.byte	0x22
 616 03e1 77000000 		.4byte	0x77
 617 03e5 05       		.uleb128 0x5
 618 03e6 03       		.byte	0x3
 619 03e7 08000000 		.4byte	advLedTimer.7223
 620 03eb 0B       		.uleb128 0xb
 621 03ec 2A0E0000 		.4byte	.LASF134
 622 03f0 01       		.byte	0x1
 623 03f1 23       		.byte	0x23
 624 03f2 77000000 		.4byte	0x77
 625 03f6 05       		.uleb128 0x5
 626 03f7 03       		.byte	0x3
 627 03f8 00000000 		.4byte	connLedTimer.7224
 628 03fc 00       		.byte	0
 629 03fd 0C       		.uleb128 0xc
 630 03fe AF070000 		.4byte	.LASF135
 631 0402 04       		.byte	0x4
 632 0403 B30A     		.2byte	0xab3
 633 0405 7B030000 		.4byte	0x37b
 634 0409 0D       		.uleb128 0xd
 635 040a 010E0000 		.4byte	.LASF136
 636 040e 05       		.byte	0x5
 637 040f 2E       		.byte	0x2e
 638 0410 43030000 		.4byte	0x343
 639 0414 05       		.uleb128 0x5
 640 0415 03       		.byte	0x3
 641 0416 00000000 		.4byte	bleApiResult
 642 041a 0D       		.uleb128 0xd
 643 041b 82040000 		.4byte	.LASF137
 644 041f 05       		.byte	0x5
 645 0420 2F       		.byte	0x2f
 646 0421 5D000000 		.4byte	0x5d
 647 0425 05       		.uleb128 0x5
 648 0426 03       		.byte	0x3
 649 0427 00000000 		.4byte	count
 650 042b 0D       		.uleb128 0xd
 651 042c 5F050000 		.4byte	.LASF138
 652 0430 05       		.byte	0x5
 653 0431 3C       		.byte	0x3c
 654 0432 87030000 		.4byte	0x387
 655 0436 05       		.uleb128 0x5
 656 0437 03       		.byte	0x3
 657 0438 00000000 		.4byte	mode
 658 043c 00       		.byte	0
 659              		.section	.debug_abbrev,"",%progbits
 660              	.Ldebug_abbrev0:
 661 0000 01       		.uleb128 0x1
 662 0001 11       		.uleb128 0x11
 663 0002 01       		.byte	0x1
 664 0003 25       		.uleb128 0x25
ARM GAS  C:\Users\Daniela\AppData\Local\Temp\cc1WozXa.s 			page 14


 665 0004 0E       		.uleb128 0xe
 666 0005 13       		.uleb128 0x13
 667 0006 0B       		.uleb128 0xb
 668 0007 03       		.uleb128 0x3
 669 0008 0E       		.uleb128 0xe
 670 0009 1B       		.uleb128 0x1b
 671 000a 0E       		.uleb128 0xe
 672 000b 55       		.uleb128 0x55
 673 000c 17       		.uleb128 0x17
 674 000d 11       		.uleb128 0x11
 675 000e 01       		.uleb128 0x1
 676 000f 10       		.uleb128 0x10
 677 0010 17       		.uleb128 0x17
 678 0011 00       		.byte	0
 679 0012 00       		.byte	0
 680 0013 02       		.uleb128 0x2
 681 0014 24       		.uleb128 0x24
 682 0015 00       		.byte	0
 683 0016 0B       		.uleb128 0xb
 684 0017 0B       		.uleb128 0xb
 685 0018 3E       		.uleb128 0x3e
 686 0019 0B       		.uleb128 0xb
 687 001a 03       		.uleb128 0x3
 688 001b 0E       		.uleb128 0xe
 689 001c 00       		.byte	0
 690 001d 00       		.byte	0
 691 001e 03       		.uleb128 0x3
 692 001f 24       		.uleb128 0x24
 693 0020 00       		.byte	0
 694 0021 0B       		.uleb128 0xb
 695 0022 0B       		.uleb128 0xb
 696 0023 3E       		.uleb128 0x3e
 697 0024 0B       		.uleb128 0xb
 698 0025 03       		.uleb128 0x3
 699 0026 08       		.uleb128 0x8
 700 0027 00       		.byte	0
 701 0028 00       		.byte	0
 702 0029 04       		.uleb128 0x4
 703 002a 16       		.uleb128 0x16
 704 002b 00       		.byte	0
 705 002c 03       		.uleb128 0x3
 706 002d 0E       		.uleb128 0xe
 707 002e 3A       		.uleb128 0x3a
 708 002f 0B       		.uleb128 0xb
 709 0030 3B       		.uleb128 0x3b
 710 0031 05       		.uleb128 0x5
 711 0032 49       		.uleb128 0x49
 712 0033 13       		.uleb128 0x13
 713 0034 00       		.byte	0
 714 0035 00       		.byte	0
 715 0036 05       		.uleb128 0x5
 716 0037 04       		.uleb128 0x4
 717 0038 01       		.byte	0x1
 718 0039 0B       		.uleb128 0xb
 719 003a 0B       		.uleb128 0xb
 720 003b 49       		.uleb128 0x49
 721 003c 13       		.uleb128 0x13
ARM GAS  C:\Users\Daniela\AppData\Local\Temp\cc1WozXa.s 			page 15


 722 003d 3A       		.uleb128 0x3a
 723 003e 0B       		.uleb128 0xb
 724 003f 3B       		.uleb128 0x3b
 725 0040 05       		.uleb128 0x5
 726 0041 01       		.uleb128 0x1
 727 0042 13       		.uleb128 0x13
 728 0043 00       		.byte	0
 729 0044 00       		.byte	0
 730 0045 06       		.uleb128 0x6
 731 0046 28       		.uleb128 0x28
 732 0047 00       		.byte	0
 733 0048 03       		.uleb128 0x3
 734 0049 0E       		.uleb128 0xe
 735 004a 1C       		.uleb128 0x1c
 736 004b 0B       		.uleb128 0xb
 737 004c 00       		.byte	0
 738 004d 00       		.byte	0
 739 004e 07       		.uleb128 0x7
 740 004f 28       		.uleb128 0x28
 741 0050 00       		.byte	0
 742 0051 03       		.uleb128 0x3
 743 0052 0E       		.uleb128 0xe
 744 0053 1C       		.uleb128 0x1c
 745 0054 05       		.uleb128 0x5
 746 0055 00       		.byte	0
 747 0056 00       		.byte	0
 748 0057 08       		.uleb128 0x8
 749 0058 04       		.uleb128 0x4
 750 0059 01       		.byte	0x1
 751 005a 03       		.uleb128 0x3
 752 005b 0E       		.uleb128 0xe
 753 005c 0B       		.uleb128 0xb
 754 005d 0B       		.uleb128 0xb
 755 005e 49       		.uleb128 0x49
 756 005f 13       		.uleb128 0x13
 757 0060 3A       		.uleb128 0x3a
 758 0061 0B       		.uleb128 0xb
 759 0062 3B       		.uleb128 0x3b
 760 0063 0B       		.uleb128 0xb
 761 0064 01       		.uleb128 0x1
 762 0065 13       		.uleb128 0x13
 763 0066 00       		.byte	0
 764 0067 00       		.byte	0
 765 0068 09       		.uleb128 0x9
 766 0069 28       		.uleb128 0x28
 767 006a 00       		.byte	0
 768 006b 03       		.uleb128 0x3
 769 006c 08       		.uleb128 0x8
 770 006d 1C       		.uleb128 0x1c
 771 006e 0B       		.uleb128 0xb
 772 006f 00       		.byte	0
 773 0070 00       		.byte	0
 774 0071 0A       		.uleb128 0xa
 775 0072 2E       		.uleb128 0x2e
 776 0073 01       		.byte	0x1
 777 0074 3F       		.uleb128 0x3f
 778 0075 19       		.uleb128 0x19
ARM GAS  C:\Users\Daniela\AppData\Local\Temp\cc1WozXa.s 			page 16


 779 0076 03       		.uleb128 0x3
 780 0077 0E       		.uleb128 0xe
 781 0078 3A       		.uleb128 0x3a
 782 0079 0B       		.uleb128 0xb
 783 007a 3B       		.uleb128 0x3b
 784 007b 0B       		.uleb128 0xb
 785 007c 27       		.uleb128 0x27
 786 007d 19       		.uleb128 0x19
 787 007e 11       		.uleb128 0x11
 788 007f 01       		.uleb128 0x1
 789 0080 12       		.uleb128 0x12
 790 0081 06       		.uleb128 0x6
 791 0082 40       		.uleb128 0x40
 792 0083 18       		.uleb128 0x18
 793 0084 9642     		.uleb128 0x2116
 794 0086 19       		.uleb128 0x19
 795 0087 01       		.uleb128 0x1
 796 0088 13       		.uleb128 0x13
 797 0089 00       		.byte	0
 798 008a 00       		.byte	0
 799 008b 0B       		.uleb128 0xb
 800 008c 34       		.uleb128 0x34
 801 008d 00       		.byte	0
 802 008e 03       		.uleb128 0x3
 803 008f 0E       		.uleb128 0xe
 804 0090 3A       		.uleb128 0x3a
 805 0091 0B       		.uleb128 0xb
 806 0092 3B       		.uleb128 0x3b
 807 0093 0B       		.uleb128 0xb
 808 0094 49       		.uleb128 0x49
 809 0095 13       		.uleb128 0x13
 810 0096 02       		.uleb128 0x2
 811 0097 18       		.uleb128 0x18
 812 0098 00       		.byte	0
 813 0099 00       		.byte	0
 814 009a 0C       		.uleb128 0xc
 815 009b 34       		.uleb128 0x34
 816 009c 00       		.byte	0
 817 009d 03       		.uleb128 0x3
 818 009e 0E       		.uleb128 0xe
 819 009f 3A       		.uleb128 0x3a
 820 00a0 0B       		.uleb128 0xb
 821 00a1 3B       		.uleb128 0x3b
 822 00a2 05       		.uleb128 0x5
 823 00a3 49       		.uleb128 0x49
 824 00a4 13       		.uleb128 0x13
 825 00a5 3F       		.uleb128 0x3f
 826 00a6 19       		.uleb128 0x19
 827 00a7 3C       		.uleb128 0x3c
 828 00a8 19       		.uleb128 0x19
 829 00a9 00       		.byte	0
 830 00aa 00       		.byte	0
 831 00ab 0D       		.uleb128 0xd
 832 00ac 34       		.uleb128 0x34
 833 00ad 00       		.byte	0
 834 00ae 03       		.uleb128 0x3
 835 00af 0E       		.uleb128 0xe
ARM GAS  C:\Users\Daniela\AppData\Local\Temp\cc1WozXa.s 			page 17


 836 00b0 3A       		.uleb128 0x3a
 837 00b1 0B       		.uleb128 0xb
 838 00b2 3B       		.uleb128 0x3b
 839 00b3 0B       		.uleb128 0xb
 840 00b4 49       		.uleb128 0x49
 841 00b5 13       		.uleb128 0x13
 842 00b6 3F       		.uleb128 0x3f
 843 00b7 19       		.uleb128 0x19
 844 00b8 02       		.uleb128 0x2
 845 00b9 18       		.uleb128 0x18
 846 00ba 00       		.byte	0
 847 00bb 00       		.byte	0
 848 00bc 00       		.byte	0
 849              		.section	.debug_aranges,"",%progbits
 850 0000 1C000000 		.4byte	0x1c
 851 0004 0200     		.2byte	0x2
 852 0006 00000000 		.4byte	.Ldebug_info0
 853 000a 04       		.byte	0x4
 854 000b 00       		.byte	0
 855 000c 0000     		.2byte	0
 856 000e 0000     		.2byte	0
 857 0010 00000000 		.4byte	.LFB35
 858 0014 64000000 		.4byte	.LFE35-.LFB35
 859 0018 00000000 		.4byte	0
 860 001c 00000000 		.4byte	0
 861              		.section	.debug_ranges,"",%progbits
 862              	.Ldebug_ranges0:
 863 0000 00000000 		.4byte	.LFB35
 864 0004 64000000 		.4byte	.LFE35
 865 0008 00000000 		.4byte	0
 866 000c 00000000 		.4byte	0
 867              		.section	.debug_line,"",%progbits
 868              	.Ldebug_line0:
 869 0000 98000000 		.section	.debug_str,"MS",%progbits,1
 869      02007300 
 869      00000201 
 869      FB0E0D00 
 869      01010101 
 870              	.LASF80:
 871 0000 4359424C 		.ascii	"CYBLE_EVT_L2CAP_CBFC_RX_CREDIT_IND\000"
 871      455F4556 
 871      545F4C32 
 871      4341505F 
 871      43424643 
 872              	.LASF131:
 873 0023 534C4545 		.ascii	"SLEEP\000"
 873      5000
 874              	.LASF123:
 875 0029 4359424C 		.ascii	"CYBLE_STATE_STOPPED\000"
 875      455F5354 
 875      4154455F 
 875      53544F50 
 875      50454400 
 876              	.LASF132:
 877 003d 6C656453 		.ascii	"ledState\000"
 877      74617465 
 877      00
ARM GAS  C:\Users\Daniela\AppData\Local\Temp\cc1WozXa.s 			page 18


 878              	.LASF79:
 879 0046 4359424C 		.ascii	"CYBLE_EVT_L2CAP_CBFC_DATA_READ\000"
 879      455F4556 
 879      545F4C32 
 879      4341505F 
 879      43424643 
 880              	.LASF91:
 881 0065 4359424C 		.ascii	"CYBLE_ERROR_MEMORY_ALLOCATION_FAILED\000"
 881      455F4552 
 881      524F525F 
 881      4D454D4F 
 881      52595F41 
 882              	.LASF33:
 883 008a 4359424C 		.ascii	"CYBLE_EVT_GAP_CONNECTION_UPDATE_COMPLETE\000"
 883      455F4556 
 883      545F4741 
 883      505F434F 
 883      4E4E4543 
 884              	.LASF78:
 885 00b3 4359424C 		.ascii	"CYBLE_EVT_L2CAP_CBFC_DISCONN_CNF\000"
 885      455F4556 
 885      545F4C32 
 885      4341505F 
 885      43424643 
 886              	.LASF112:
 887 00d4 4359424C 		.ascii	"CYBLE_ERROR_UNSUPPORTED_FEATURE_OR_PARAMETER_VALUE\000"
 887      455F4552 
 887      524F525F 
 887      554E5355 
 887      50504F52 
 888              	.LASF38:
 889 0107 4359424C 		.ascii	"CYBLE_EVT_GAP_OOB_GENERATED_NOTIFICATION\000"
 889      455F4556 
 889      545F4741 
 889      505F4F4F 
 889      425F4745 
 890              	.LASF21:
 891 0130 4359424C 		.ascii	"CYBLE_EVT_STACK_BUSY_STATUS\000"
 891      455F4556 
 891      545F5354 
 891      41434B5F 
 891      42555359 
 892              	.LASF58:
 893 014c 4359424C 		.ascii	"CYBLE_EVT_GATTC_READ_MULTI_RSP\000"
 893      455F4556 
 893      545F4741 
 893      5454435F 
 893      52454144 
 894              	.LASF63:
 895 016b 4359424C 		.ascii	"CYBLE_EVT_GATTS_EXEC_WRITE_REQ\000"
 895      455F4556 
 895      545F4741 
 895      5454535F 
 895      45584543 
 896              	.LASF75:
 897 018a 4359424C 		.ascii	"CYBLE_EVT_L2CAP_CBFC_CONN_IND\000"
 897      455F4556 
ARM GAS  C:\Users\Daniela\AppData\Local\Temp\cc1WozXa.s 			page 19


 897      545F4C32 
 897      4341505F 
 897      43424643 
 898              	.LASF18:
 899 01a8 4359424C 		.ascii	"CYBLE_EVT_TIMEOUT\000"
 899      455F4556 
 899      545F5449 
 899      4D454F55 
 899      5400
 900              	.LASF4:
 901 01ba 6C6F6E67 		.ascii	"long int\000"
 901      20696E74 
 901      00
 902              	.LASF111:
 903 01c3 4359424C 		.ascii	"CYBLE_ERROR_HARDWARE_FAILURE\000"
 903      455F4552 
 903      524F525F 
 903      48415244 
 903      57415245 
 904              	.LASF101:
 905 01e0 4359424C 		.ascii	"CYBLE_ERROR_L2CAP_PSM_WRONG_ENCODING\000"
 905      455F4552 
 905      524F525F 
 905      4C324341 
 905      505F5053 
 906              	.LASF92:
 907 0205 4359424C 		.ascii	"CYBLE_ERROR_INSUFFICIENT_RESOURCES\000"
 907      455F4552 
 907      524F525F 
 907      494E5355 
 907      46464943 
 908              	.LASF20:
 909 0228 4359424C 		.ascii	"CYBLE_EVT_HCI_STATUS\000"
 909      455F4556 
 909      545F4843 
 909      495F5354 
 909      41545553 
 910              	.LASF34:
 911 023d 4359424C 		.ascii	"CYBLE_EVT_GAPC_SCAN_START_STOP\000"
 911      455F4556 
 911      545F4741 
 911      50435F53 
 911      43414E5F 
 912              	.LASF83:
 913 025c 4359424C 		.ascii	"CYBLE_EVT_PENDING_FLASH_WRITE\000"
 913      455F4556 
 913      545F5045 
 913      4E44494E 
 913      475F464C 
 914              	.LASF100:
 915 027a 4359424C 		.ascii	"CYBLE_ERROR_SEC_FAILED\000"
 915      455F4552 
 915      524F525F 
 915      5345435F 
 915      4641494C 
 916              	.LASF32:
 917 0291 4359424C 		.ascii	"CYBLE_EVT_GAP_ENCRYPT_CHANGE\000"
ARM GAS  C:\Users\Daniela\AppData\Local\Temp\cc1WozXa.s 			page 20


 917      455F4556 
 917      545F4741 
 917      505F454E 
 917      43525950 
 918              	.LASF36:
 919 02ae 4359424C 		.ascii	"CYBLE_EVT_GAP_NUMERIC_COMPARISON_REQUEST\000"
 919      455F4556 
 919      545F4741 
 919      505F4E55 
 919      4D455249 
 920              	.LASF126:
 921 02d7 4359424C 		.ascii	"CYBLE_STATE_ADVERTISING\000"
 921      455F5354 
 921      4154455F 
 921      41445645 
 921      52544953 
 922              	.LASF6:
 923 02ef 6C6F6E67 		.ascii	"long long int\000"
 923      206C6F6E 
 923      6720696E 
 923      7400
 924              	.LASF0:
 925 02fd 7369676E 		.ascii	"signed char\000"
 925      65642063 
 925      68617200 
 926              	.LASF17:
 927 0309 4359424C 		.ascii	"CYBLE_EVT_STACK_ON\000"
 927      455F4556 
 927      545F5354 
 927      41434B5F 
 927      4F4E00
 928              	.LASF108:
 929 031c 4359424C 		.ascii	"CYBLE_ERROR_DEVICE_ALREADY_EXISTS\000"
 929      455F4552 
 929      524F525F 
 929      44455649 
 929      43455F41 
 930              	.LASF95:
 931 033e 4359424C 		.ascii	"CYBLE_ERROR_NO_DEVICE_ENTITY\000"
 931      455F4552 
 931      524F525F 
 931      4E4F5F44 
 931      45564943 
 932              	.LASF24:
 933 035b 4359424C 		.ascii	"CYBLE_EVT_GAP_AUTH_REQ\000"
 933      455F4556 
 933      545F4741 
 933      505F4155 
 933      54485F52 
 934              	.LASF56:
 935 0372 4359424C 		.ascii	"CYBLE_EVT_GATTC_READ_RSP\000"
 935      455F4556 
 935      545F4741 
 935      5454435F 
 935      52454144 
 936              	.LASF120:
 937 038b 4359424C 		.ascii	"CYBLE_ERROR_INVALID_STATE\000"
ARM GAS  C:\Users\Daniela\AppData\Local\Temp\cc1WozXa.s 			page 21


 937      455F4552 
 937      524F525F 
 937      494E5641 
 937      4C49445F 
 938              	.LASF61:
 939 03a5 4359424C 		.ascii	"CYBLE_EVT_GATTS_WRITE_CMD_REQ\000"
 939      455F4556 
 939      545F4741 
 939      5454535F 
 939      57524954 
 940              	.LASF127:
 941 03c3 4359424C 		.ascii	"CYBLE_STATE_DISCONNECTED\000"
 941      455F5354 
 941      4154455F 
 941      44495343 
 941      4F4E4E45 
 942              	.LASF29:
 943 03dc 4359424C 		.ascii	"CYBLE_EVT_GAPP_ADVERTISEMENT_START_STOP\000"
 943      455F4556 
 943      545F4741 
 943      50505F41 
 943      44564552 
 944              	.LASF106:
 945 0404 4359424C 		.ascii	"CYBLE_ERROR_L2CAP_PSM_NOT_IN_RANGE\000"
 945      455F4552 
 945      524F525F 
 945      4C324341 
 945      505F5053 
 946              	.LASF9:
 947 0427 75696E74 		.ascii	"uint8\000"
 947      3800
 948              	.LASF64:
 949 042d 4359424C 		.ascii	"CYBLE_EVT_GATTC_EXEC_WRITE_RSP\000"
 949      455F4556 
 949      545F4741 
 949      5454435F 
 949      45584543 
 950              	.LASF12:
 951 044c 646F7562 		.ascii	"double\000"
 951      6C6500
 952              	.LASF89:
 953 0453 4359424C 		.ascii	"CYBLE_ERROR_INVALID_PARAMETER\000"
 953      455F4552 
 953      524F525F 
 953      494E5641 
 953      4C49445F 
 954              	.LASF140:
 955 0471 6170705F 		.ascii	"app_LED.c\000"
 955      4C45442E 
 955      6300
 956              	.LASF10:
 957 047b 75696E74 		.ascii	"uint32\000"
 957      333200
 958              	.LASF137:
 959 0482 636F756E 		.ascii	"count\000"
 959      7400
 960              	.LASF87:
ARM GAS  C:\Users\Daniela\AppData\Local\Temp\cc1WozXa.s 			page 22


 961 0488 4359424C 		.ascii	"CYBLE_EVT_MAX\000"
 961      455F4556 
 961      545F4D41 
 961      5800
 962              	.LASF88:
 963 0496 4359424C 		.ascii	"CYBLE_ERROR_OK\000"
 963      455F4552 
 963      524F525F 
 963      4F4B00
 964              	.LASF47:
 965 04a5 4359424C 		.ascii	"CYBLE_EVT_GATTC_ERROR_RSP\000"
 965      455F4556 
 965      545F4741 
 965      5454435F 
 965      4552524F 
 966              	.LASF72:
 967 04bf 4359424C 		.ascii	"CYBLE_EVT_L2CAP_CONN_PARAM_UPDATE_REQ\000"
 967      455F4556 
 967      545F4C32 
 967      4341505F 
 967      434F4E4E 
 968              	.LASF82:
 969 04e5 4359424C 		.ascii	"CYBLE_EVT_L2CAP_CBFC_DATA_WRITE_IND\000"
 969      455F4556 
 969      545F4C32 
 969      4341505F 
 969      43424643 
 970              	.LASF44:
 971 0509 4359424C 		.ascii	"CYBLE_EVT_GAP_SCAN_REQ_RECVD\000"
 971      455F4556 
 971      545F4741 
 971      505F5343 
 971      414E5F52 
 972              	.LASF7:
 973 0526 6C6F6E67 		.ascii	"long long unsigned int\000"
 973      206C6F6E 
 973      6720756E 
 973      7369676E 
 973      65642069 
 974              	.LASF69:
 975 053d 4359424C 		.ascii	"CYBLE_EVT_GATTC_STOP_CMD_COMPLETE\000"
 975      455F4556 
 975      545F4741 
 975      5454435F 
 975      53544F50 
 976              	.LASF138:
 977 055f 6D6F6465 		.ascii	"mode\000"
 977      00
 978              	.LASF93:
 979 0564 4359424C 		.ascii	"CYBLE_ERROR_OOB_NOT_AVAILABLE\000"
 979      455F4552 
 979      524F525F 
 979      4F4F425F 
 979      4E4F545F 
 980              	.LASF84:
 981 0582 4359424C 		.ascii	"CYBLE_EVT_LE_PING_AUTH_TIMEOUT\000"
 981      455F4556 
ARM GAS  C:\Users\Daniela\AppData\Local\Temp\cc1WozXa.s 			page 23


 981      545F4C45 
 981      5F50494E 
 981      475F4155 
 982              	.LASF102:
 983 05a1 4359424C 		.ascii	"CYBLE_ERROR_L2CAP_PSM_ALREADY_REGISTERED\000"
 983      455F4552 
 983      524F525F 
 983      4C324341 
 983      505F5053 
 984              	.LASF5:
 985 05ca 6C6F6E67 		.ascii	"long unsigned int\000"
 985      20756E73 
 985      69676E65 
 985      6420696E 
 985      7400
 986              	.LASF43:
 987 05dc 4359424C 		.ascii	"CYBLE_EVT_GAP_CONN_ESTB\000"
 987      455F4556 
 987      545F4741 
 987      505F434F 
 987      4E4E5F45 
 988              	.LASF59:
 989 05f4 4359424C 		.ascii	"CYBLE_EVT_GATTS_WRITE_REQ\000"
 989      455F4556 
 989      545F4741 
 989      5454535F 
 989      57524954 
 990              	.LASF51:
 991 060e 4359424C 		.ascii	"CYBLE_EVT_GATTC_XCHNG_MTU_RSP\000"
 991      455F4556 
 991      545F4741 
 991      5454435F 
 991      5843484E 
 992              	.LASF68:
 993 062c 4359424C 		.ascii	"CYBLE_EVT_GATTS_DATA_SIGNED_CMD_REQ\000"
 993      455F4556 
 993      545F4741 
 993      5454535F 
 993      44415441 
 994              	.LASF71:
 995 0650 4359424C 		.ascii	"CYBLE_EVT_GATTC_LONG_PROCEDURE_END\000"
 995      455F4556 
 995      545F4741 
 995      5454435F 
 995      4C4F4E47 
 996              	.LASF141:
 997 0673 433A5C55 		.ascii	"C:\\Users\\Daniela\\Desktop\\Bluetooth_Project\\UAR"
 997      73657273 
 997      5C44616E 
 997      69656C61 
 997      5C446573 
 998 06a1 545F746F 		.ascii	"T_to_BLE_peripheral_test.cydsn\000"
 998      5F424C45 
 998      5F706572 
 998      69706865 
 998      72616C5F 
 999              	.LASF105:
ARM GAS  C:\Users\Daniela\AppData\Local\Temp\cc1WozXa.s 			page 24


 1000 06c0 4359424C 		.ascii	"CYBLE_ERROR_L2CAP_CHANNEL_NOT_FOUND\000"
 1000      455F4552 
 1000      524F525F 
 1000      4C324341 
 1000      505F4348 
 1001              	.LASF117:
 1002 06e4 4359424C 		.ascii	"CYBLE_ERROR_NTF_DISABLED\000"
 1002      455F4552 
 1002      524F525F 
 1002      4E54465F 
 1002      44495341 
 1003              	.LASF16:
 1004 06fd 4359424C 		.ascii	"CYBLE_EVT_HOST_INVALID\000"
 1004      455F4556 
 1004      545F484F 
 1004      53545F49 
 1004      4E56414C 
 1005              	.LASF54:
 1006 0714 4359424C 		.ascii	"CYBLE_EVT_GATTC_FIND_INFO_RSP\000"
 1006      455F4556 
 1006      545F4741 
 1006      5454435F 
 1006      46494E44 
 1007              	.LASF22:
 1008 0732 4359424C 		.ascii	"CYBLE_EVT_MEMORY_REQUEST\000"
 1008      455F4556 
 1008      545F4D45 
 1008      4D4F5259 
 1008      5F524551 
 1009              	.LASF25:
 1010 074b 4359424C 		.ascii	"CYBLE_EVT_GAP_PASSKEY_ENTRY_REQUEST\000"
 1010      455F4556 
 1010      545F4741 
 1010      505F5041 
 1010      53534B45 
 1011              	.LASF30:
 1012 076f 4359424C 		.ascii	"CYBLE_EVT_GAP_DEVICE_CONNECTED\000"
 1012      455F4556 
 1012      545F4741 
 1012      505F4445 
 1012      56494345 
 1013              	.LASF45:
 1014 078e 4359424C 		.ascii	"CYBLE_EVT_GAP_AUTH_REQ_REPLY_ERR\000"
 1014      455F4556 
 1014      545F4741 
 1014      505F4155 
 1014      54485F52 
 1015              	.LASF135:
 1016 07af 6379426C 		.ascii	"cyBle_state\000"
 1016      655F7374 
 1016      61746500 
 1017              	.LASF139:
 1018 07bb 474E5520 		.ascii	"GNU C11 5.4.1 20160609 (release) [ARM/embedded-5-br"
 1018      43313120 
 1018      352E342E 
 1018      31203230 
 1018      31363036 
ARM GAS  C:\Users\Daniela\AppData\Local\Temp\cc1WozXa.s 			page 25


 1019 07ee 616E6368 		.ascii	"anch revision 237715] -mcpu=cortex-m0 -mthumb -g -O"
 1019      20726576 
 1019      6973696F 
 1019      6E203233 
 1019      37373135 
 1020 0821 30202D66 		.ascii	"0 -ffunction-sections -ffat-lto-objects\000"
 1020      66756E63 
 1020      74696F6E 
 1020      2D736563 
 1020      74696F6E 
 1021              	.LASF48:
 1022 0849 4359424C 		.ascii	"CYBLE_EVT_GATT_CONNECT_IND\000"
 1022      455F4556 
 1022      545F4741 
 1022      54545F43 
 1022      4F4E4E45 
 1023              	.LASF74:
 1024 0864 4359424C 		.ascii	"CYBLE_EVT_L2CAP_COMMAND_REJ\000"
 1024      455F4556 
 1024      545F4C32 
 1024      4341505F 
 1024      434F4D4D 
 1025              	.LASF23:
 1026 0880 4359424C 		.ascii	"CYBLE_EVT_GAPC_SCAN_PROGRESS_RESULT\000"
 1026      455F4556 
 1026      545F4741 
 1026      50435F53 
 1026      43414E5F 
 1027              	.LASF46:
 1028 08a4 4359424C 		.ascii	"CYBLE_EVT_GAP_SMP_LOC_P256_KEYS_GEN_AND_SET_COMPLET"
 1028      455F4556 
 1028      545F4741 
 1028      505F534D 
 1028      505F4C4F 
 1029 08d7 4500     		.ascii	"E\000"
 1030              	.LASF116:
 1031 08d9 4359424C 		.ascii	"CYBLE_ERROR_MAX\000"
 1031      455F4552 
 1031      524F525F 
 1031      4D415800 
 1032              	.LASF113:
 1033 08e9 4359424C 		.ascii	"CYBLE_ERROR_FLASH_WRITE\000"
 1033      455F4552 
 1033      524F525F 
 1033      464C4153 
 1033      485F5752 
 1034              	.LASF53:
 1035 0901 4359424C 		.ascii	"CYBLE_EVT_GATTC_READ_BY_TYPE_RSP\000"
 1035      455F4556 
 1035      545F4741 
 1035      5454435F 
 1035      52454144 
 1036              	.LASF15:
 1037 0922 73697A65 		.ascii	"sizetype\000"
 1037      74797065 
 1037      00
 1038              	.LASF124:
ARM GAS  C:\Users\Daniela\AppData\Local\Temp\cc1WozXa.s 			page 26


 1039 092b 4359424C 		.ascii	"CYBLE_STATE_INITIALIZING\000"
 1039      455F5354 
 1039      4154455F 
 1039      494E4954 
 1039      49414C49 
 1040              	.LASF28:
 1041 0944 4359424C 		.ascii	"CYBLE_EVT_GAP_AUTH_FAILED\000"
 1041      455F4556 
 1041      545F4741 
 1041      505F4155 
 1041      54485F46 
 1042              	.LASF133:
 1043 095e 6164764C 		.ascii	"advLedTimer\000"
 1043      65645469 
 1043      6D657200 
 1044              	.LASF60:
 1045 096a 4359424C 		.ascii	"CYBLE_EVT_GATTC_WRITE_RSP\000"
 1045      455F4556 
 1045      545F4741 
 1045      5454435F 
 1045      57524954 
 1046              	.LASF41:
 1047 0984 4359424C 		.ascii	"CYBLE_EVT_GAPC_DIRECT_ADV_REPORT\000"
 1047      455F4556 
 1047      545F4741 
 1047      50435F44 
 1047      49524543 
 1048              	.LASF39:
 1049 09a5 4359424C 		.ascii	"CYBLE_EVT_GAP_DATA_LENGTH_CHANGE\000"
 1049      455F4556 
 1049      545F4741 
 1049      505F4441 
 1049      54415F4C 
 1050              	.LASF27:
 1051 09c6 4359424C 		.ascii	"CYBLE_EVT_GAP_AUTH_COMPLETE\000"
 1051      455F4556 
 1051      545F4741 
 1051      505F4155 
 1051      54485F43 
 1052              	.LASF122:
 1053 09e2 4359424C 		.ascii	"CYBLE_API_RESULT_T\000"
 1053      455F4150 
 1053      495F5245 
 1053      53554C54 
 1053      5F5400
 1054              	.LASF65:
 1055 09f5 4359424C 		.ascii	"CYBLE_EVT_GATTC_HANDLE_VALUE_NTF\000"
 1055      455F4556 
 1055      545F4741 
 1055      5454435F 
 1055      48414E44 
 1056              	.LASF118:
 1057 0a16 4359424C 		.ascii	"CYBLE_ERROR_IND_DISABLED\000"
 1057      455F4552 
 1057      524F525F 
 1057      494E445F 
 1057      44495341 
ARM GAS  C:\Users\Daniela\AppData\Local\Temp\cc1WozXa.s 			page 27


 1058              	.LASF129:
 1059 0a2f 53544152 		.ascii	"START\000"
 1059      5400
 1060              	.LASF76:
 1061 0a35 4359424C 		.ascii	"CYBLE_EVT_L2CAP_CBFC_CONN_CNF\000"
 1061      455F4556 
 1061      545F4C32 
 1061      4341505F 
 1061      43424643 
 1062              	.LASF52:
 1063 0a53 4359424C 		.ascii	"CYBLE_EVT_GATTC_READ_BY_GROUP_TYPE_RSP\000"
 1063      455F4556 
 1063      545F4741 
 1063      5454435F 
 1063      52454144 
 1064              	.LASF11:
 1065 0a7a 666C6F61 		.ascii	"float\000"
 1065      7400
 1066              	.LASF143:
 1067 0a80 48616E64 		.ascii	"HandleLeds\000"
 1067      6C654C65 
 1067      647300
 1068              	.LASF98:
 1069 0a8b 4359424C 		.ascii	"CYBLE_ERROR_TX_POWER_READ\000"
 1069      455F4552 
 1069      524F525F 
 1069      54585F50 
 1069      4F574552 
 1070              	.LASF119:
 1071 0aa5 4359424C 		.ascii	"CYBLE_ERROR_CHAR_IS_NOT_DISCOVERED\000"
 1071      455F4552 
 1071      524F525F 
 1071      43484152 
 1071      5F49535F 
 1072              	.LASF1:
 1073 0ac8 756E7369 		.ascii	"unsigned char\000"
 1073      676E6564 
 1073      20636861 
 1073      7200
 1074              	.LASF37:
 1075 0ad6 4359424C 		.ascii	"CYBLE_EVT_GAP_KEYPRESS_NOTIFICATION\000"
 1075      455F4556 
 1075      545F4741 
 1075      505F4B45 
 1075      59505245 
 1076              	.LASF2:
 1077 0afa 73686F72 		.ascii	"short int\000"
 1077      7420696E 
 1077      7400
 1078              	.LASF66:
 1079 0b04 4359424C 		.ascii	"CYBLE_EVT_GATTC_HANDLE_VALUE_IND\000"
 1079      455F4556 
 1079      545F4741 
 1079      5454435F 
 1079      48414E44 
 1080              	.LASF85:
 1081 0b25 4359424C 		.ascii	"CYBLE_EVT_HCI_PKT\000"
ARM GAS  C:\Users\Daniela\AppData\Local\Temp\cc1WozXa.s 			page 28


 1081      455F4556 
 1081      545F4843 
 1081      495F504B 
 1081      5400
 1082              	.LASF94:
 1083 0b37 4359424C 		.ascii	"CYBLE_ERROR_NO_CONNECTION\000"
 1083      455F4552 
 1083      524F525F 
 1083      4E4F5F43 
 1083      4F4E4E45 
 1084              	.LASF130:
 1085 0b51 53454E53 		.ascii	"SENSOR_PACKET\000"
 1085      4F525F50 
 1085      41434B45 
 1085      5400
 1086              	.LASF62:
 1087 0b5f 4359424C 		.ascii	"CYBLE_EVT_GATTS_PREP_WRITE_REQ\000"
 1087      455F4556 
 1087      545F4741 
 1087      5454535F 
 1087      50524550 
 1088              	.LASF114:
 1089 0b7e 4359424C 		.ascii	"CYBLE_ERROR_LL_SAME_TRANSACTION_COLLISION\000"
 1089      455F4552 
 1089      524F525F 
 1089      4C4C5F53 
 1089      414D455F 
 1090              	.LASF67:
 1091 0ba8 4359424C 		.ascii	"CYBLE_EVT_GATTS_HANDLE_VALUE_CNF\000"
 1091      455F4556 
 1091      545F4741 
 1091      5454535F 
 1091      48414E44 
 1092              	.LASF96:
 1093 0bc9 4359424C 		.ascii	"CYBLE_ERROR_REPEATED_ATTEMPTS\000"
 1093      455F4552 
 1093      524F525F 
 1093      52455045 
 1093      41544544 
 1094              	.LASF42:
 1095 0be7 4359424C 		.ascii	"CYBLE_EVT_GAP_SMP_NEGOTIATED_AUTH_INFO\000"
 1095      455F4556 
 1095      545F4741 
 1095      505F534D 
 1095      505F4E45 
 1096              	.LASF121:
 1097 0c0e 4359424C 		.ascii	"CYBLE_ERROR_STACK_BUSY\000"
 1097      455F4552 
 1097      524F525F 
 1097      53544143 
 1097      4B5F4255 
 1098              	.LASF14:
 1099 0c25 6C6F6E67 		.ascii	"long double\000"
 1099      20646F75 
 1099      626C6500 
 1100              	.LASF13:
 1101 0c31 63686172 		.ascii	"char\000"
ARM GAS  C:\Users\Daniela\AppData\Local\Temp\cc1WozXa.s 			page 29


 1101      00
 1102              	.LASF99:
 1103 0c36 4359424C 		.ascii	"CYBLE_ERROR_BT_ON_NOT_COMPLETED\000"
 1103      455F4552 
 1103      524F525F 
 1103      42545F4F 
 1103      4E5F4E4F 
 1104              	.LASF31:
 1105 0c56 4359424C 		.ascii	"CYBLE_EVT_GAP_DEVICE_DISCONNECTED\000"
 1105      455F4556 
 1105      545F4741 
 1105      505F4445 
 1105      56494345 
 1106              	.LASF8:
 1107 0c78 756E7369 		.ascii	"unsigned int\000"
 1107      676E6564 
 1107      20696E74 
 1107      00
 1108              	.LASF142:
 1109 0c85 73746174 		.ascii	"states\000"
 1109      657300
 1110              	.LASF70:
 1111 0c8c 4359424C 		.ascii	"CYBLE_EVT_GATTS_READ_CHAR_VAL_ACCESS_REQ\000"
 1111      455F4556 
 1111      545F4741 
 1111      5454535F 
 1111      52454144 
 1112              	.LASF81:
 1113 0cb5 4359424C 		.ascii	"CYBLE_EVT_L2CAP_CBFC_TX_CREDIT_IND\000"
 1113      455F4556 
 1113      545F4C32 
 1113      4341505F 
 1113      43424643 
 1114              	.LASF109:
 1115 0cd8 4359424C 		.ascii	"CYBLE_ERROR_FLASH_WRITE_NOT_PERMITED\000"
 1115      455F4552 
 1115      524F525F 
 1115      464C4153 
 1115      485F5752 
 1116              	.LASF104:
 1117 0cfd 4359424C 		.ascii	"CYBLE_ERROR_L2CAP_CONNECTION_ENTITY_NOT_FOUND\000"
 1117      455F4552 
 1117      524F525F 
 1117      4C324341 
 1117      505F434F 
 1118              	.LASF26:
 1119 0d2b 4359424C 		.ascii	"CYBLE_EVT_GAP_PASSKEY_DISPLAY_REQUEST\000"
 1119      455F4556 
 1119      545F4741 
 1119      505F5041 
 1119      53534B45 
 1120              	.LASF19:
 1121 0d51 4359424C 		.ascii	"CYBLE_EVT_HARDWARE_ERROR\000"
 1121      455F4556 
 1121      545F4841 
 1121      52445741 
 1121      52455F45 
ARM GAS  C:\Users\Daniela\AppData\Local\Temp\cc1WozXa.s 			page 30


 1122              	.LASF3:
 1123 0d6a 73686F72 		.ascii	"short unsigned int\000"
 1123      7420756E 
 1123      7369676E 
 1123      65642069 
 1123      6E7400
 1124              	.LASF90:
 1125 0d7d 4359424C 		.ascii	"CYBLE_ERROR_INVALID_OPERATION\000"
 1125      455F4552 
 1125      524F525F 
 1125      494E5641 
 1125      4C49445F 
 1126              	.LASF50:
 1127 0d9b 4359424C 		.ascii	"CYBLE_EVT_GATTS_XCNHG_MTU_REQ\000"
 1127      455F4556 
 1127      545F4741 
 1127      5454535F 
 1127      58434E48 
 1128              	.LASF128:
 1129 0db9 4359424C 		.ascii	"CYBLE_STATE_T\000"
 1129      455F5354 
 1129      4154455F 
 1129      5400
 1130              	.LASF57:
 1131 0dc7 4359424C 		.ascii	"CYBLE_EVT_GATTC_READ_BLOB_RSP\000"
 1131      455F4556 
 1131      545F4741 
 1131      5454435F 
 1131      52454144 
 1132              	.LASF115:
 1133 0de5 4359424C 		.ascii	"CYBLE_ERROR_CONTROLLER_BUSY\000"
 1133      455F4552 
 1133      524F525F 
 1133      434F4E54 
 1133      524F4C4C 
 1134              	.LASF136:
 1135 0e01 626C6541 		.ascii	"bleApiResult\000"
 1135      70695265 
 1135      73756C74 
 1135      00
 1136              	.LASF110:
 1137 0e0e 4359424C 		.ascii	"CYBLE_ERROR_MIC_AUTH_FAILED\000"
 1137      455F4552 
 1137      524F525F 
 1137      4D49435F 
 1137      41555448 
 1138              	.LASF134:
 1139 0e2a 636F6E6E 		.ascii	"connLedTimer\000"
 1139      4C656454 
 1139      696D6572 
 1139      00
 1140              	.LASF103:
 1141 0e37 4359424C 		.ascii	"CYBLE_ERROR_L2CAP_PSM_NOT_REGISTERED\000"
 1141      455F4552 
 1141      524F525F 
 1141      4C324341 
 1141      505F5053 
ARM GAS  C:\Users\Daniela\AppData\Local\Temp\cc1WozXa.s 			page 31


 1142              	.LASF125:
 1143 0e5c 4359424C 		.ascii	"CYBLE_STATE_CONNECTED\000"
 1143      455F5354 
 1143      4154455F 
 1143      434F4E4E 
 1143      45435445 
 1144              	.LASF55:
 1145 0e72 4359424C 		.ascii	"CYBLE_EVT_GATTC_FIND_BY_TYPE_VALUE_RSP\000"
 1145      455F4556 
 1145      545F4741 
 1145      5454435F 
 1145      46494E44 
 1146              	.LASF97:
 1147 0e99 4359424C 		.ascii	"CYBLE_ERROR_GAP_ROLE\000"
 1147      455F4552 
 1147      524F525F 
 1147      4741505F 
 1147      524F4C45 
 1148              	.LASF35:
 1149 0eae 4359424C 		.ascii	"CYBLE_EVT_GAP_KEYINFO_EXCHNGE_CMPLT\000"
 1149      455F4556 
 1149      545F4741 
 1149      505F4B45 
 1149      59494E46 
 1150              	.LASF77:
 1151 0ed2 4359424C 		.ascii	"CYBLE_EVT_L2CAP_CBFC_DISCONN_IND\000"
 1151      455F4556 
 1151      545F4C32 
 1151      4341505F 
 1151      43424643 
 1152              	.LASF73:
 1153 0ef3 4359424C 		.ascii	"CYBLE_EVT_L2CAP_CONN_PARAM_UPDATE_RSP\000"
 1153      455F4556 
 1153      545F4C32 
 1153      4341505F 
 1153      434F4E4E 
 1154              	.LASF40:
 1155 0f19 4359424C 		.ascii	"CYBLE_EVT_GAP_ENHANCE_CONN_COMPLETE\000"
 1155      455F4556 
 1155      545F4741 
 1155      505F454E 
 1155      48414E43 
 1156              	.LASF49:
 1157 0f3d 4359424C 		.ascii	"CYBLE_EVT_GATT_DISCONNECT_IND\000"
 1157      455F4556 
 1157      545F4741 
 1157      54545F44 
 1157      4953434F 
 1158              	.LASF107:
 1159 0f5b 4359424C 		.ascii	"CYBLE_ERROR_GATT_DB_INVALID_ATTR_HANDLE\000"
 1159      455F4552 
 1159      524F525F 
 1159      47415454 
 1159      5F44425F 
 1160              	.LASF86:
 1161 0f83 4359424C 		.ascii	"CYBLE_EVT_FLASH_CORRUPT\000"
 1161      455F4556 
ARM GAS  C:\Users\Daniela\AppData\Local\Temp\cc1WozXa.s 			page 32


 1161      545F464C 
 1161      4153485F 
 1161      434F5252 
 1162              		.ident	"GCC: (GNU Tools for ARM Embedded Processors) 5.4.1 20160609 (release) [ARM/embedded-5-bran
